Vai executar sleep(2016-7-16 21:38:56) 
Vai executar sleep(2016-7-16 21:39:49) 
Vai executar sleep(2016-7-16 21:41:15) 
Vai executar sleep(2016-7-16 21:43:51) 
Vai executar sleep(2016-7-16 21:44:20) 
(2016-7-16 21:50:12) - java.lang.NullPointerException
	at java.io.Reader.<init>(Unknown Source)
	at java.io.InputStreamReader.<init>(Unknown Source)
	at br.com.digicom.parse.ParserHtmlTh.run(ParserHtmlTh.java:38)
(2016-7-16 21:50:12) - java.lang.NullPointerException
	at java.io.Reader.<init>(Unknown Source)
	at java.io.InputStreamReader.<init>(Unknown Source)
	at br.com.digicom.parse.ParserHtmlTh.run(ParserHtmlTh.java:38)
(2016-7-16 21:59:25) - java.lang.NullPointerException
	at java.io.Reader.<init>(Unknown Source)
	at java.io.InputStreamReader.<init>(Unknown Source)
	at br.com.digicom.parse.ParserHtmlTh.run(ParserHtmlTh.java:38)
(2016-7-16 21:59:25) - java.lang.NullPointerException
	at java.io.Reader.<init>(Unknown Source)
	at java.io.InputStreamReader.<init>(Unknown Source)
	at br.com.digicom.parse.ParserHtmlTh.run(ParserHtmlTh.java:38)
(2016-7-16 21:59:35) - java.lang.NullPointerException
	at java.io.Reader.<init>(Unknown Source)
	at java.io.InputStreamReader.<init>(Unknown Source)
	at br.com.digicom.parse.ParserHtmlTh.run(ParserHtmlTh.java:38)
(2016-7-16 21:59:35) - java.lang.NullPointerException
	at java.io.Reader.<init>(Unknown Source)
	at java.io.InputStreamReader.<init>(Unknown Source)
	at br.com.digicom.parse.ParserHtmlTh.run(ParserHtmlTh.java:38)
(2016-7-16 22:04:14) - java.lang.NullPointerException
	at java.io.Reader.<init>(Unknown Source)
	at java.io.InputStreamReader.<init>(Unknown Source)
	at br.com.digicom.parse.ParserHtmlTh.run(ParserHtmlTh.java:38)
(2016-7-16 22:04:14) - java.lang.NullPointerException
	at java.io.Reader.<init>(Unknown Source)
	at java.io.InputStreamReader.<init>(Unknown Source)
	at br.com.digicom.parse.ParserHtmlTh.run(ParserHtmlTh.java:38)
(2016-8-4 10:27:37) - java.io.UnsupportedEncodingException: 8859-1
	at sun.nio.cs.StreamDecoder.forInputStreamReader(Unknown Source)
	at java.io.InputStreamReader.<init>(Unknown Source)
	at br.com.digicom.parse.ParserHtmlTh.run(ParserHtmlTh.java:38)
(2016-8-4 11:23:50) - java.lang.NullPointerException: charsetName
	at java.io.InputStreamReader.<init>(Unknown Source)
	at br.com.digicom.parse.ParserHtmlTh.run(ParserHtmlTh.java:47)
(2016-8-4 15:46:16) - java.lang.NumberFormatException: For input string: "cl"
	at sun.misc.FloatingDecimal.readJavaFormatString(Unknown Source)
	at sun.misc.FloatingDecimal.parseFloat(Unknown Source)
	at java.lang.Float.parseFloat(Unknown Source)
	at java.lang.Float.valueOf(Unknown Source)
	at coletorboadica.parse.callback.basico.CategoriaDetalheCallbackHtmlBase.extraiValorPreco(CategoriaDetalheCallbackHtmlBase.java:114)
	at coletorboadica.parse.callback.CategoriaDetalheCallbackHtml.finalizaObjeto(CategoriaDetalheCallbackHtml.java:110)
	at coletorboadica.parse.callback.basico.CategoriaDetalheCallbackHtmlBase.finalizacaoOk(CategoriaDetalheCallbackHtmlBase.java:68)
	at br.com.digicom.parse.ParserHtmlTh.run(ParserHtmlTh.java:59)
(2016-8-4 15:46:19) - java.lang.NumberFormatException: For input string: "cl"
	at sun.misc.FloatingDecimal.readJavaFormatString(Unknown Source)
	at sun.misc.FloatingDecimal.parseFloat(Unknown Source)
	at java.lang.Float.parseFloat(Unknown Source)
	at java.lang.Float.valueOf(Unknown Source)
	at coletorboadica.parse.callback.basico.CategoriaDetalheCallbackHtmlBase.extraiValorPreco(CategoriaDetalheCallbackHtmlBase.java:114)
	at coletorboadica.parse.callback.CategoriaDetalheCallbackHtml.finalizaObjeto(CategoriaDetalheCallbackHtml.java:110)
	at coletorboadica.parse.callback.basico.CategoriaDetalheCallbackHtmlBase.finalizacaoOk(CategoriaDetalheCallbackHtmlBase.java:68)
	at br.com.digicom.parse.ParserHtmlTh.run(ParserHtmlTh.java:59)
(2016-8-4 15:46:24) - java.lang.NumberFormatException: For input string: "cl"
	at sun.misc.FloatingDecimal.readJavaFormatString(Unknown Source)
	at sun.misc.FloatingDecimal.parseFloat(Unknown Source)
	at java.lang.Float.parseFloat(Unknown Source)
	at java.lang.Float.valueOf(Unknown Source)
	at coletorboadica.parse.callback.basico.CategoriaDetalheCallbackHtmlBase.extraiValorPreco(CategoriaDetalheCallbackHtmlBase.java:114)
	at coletorboadica.parse.callback.CategoriaDetalheCallbackHtml.finalizaObjeto(CategoriaDetalheCallbackHtml.java:110)
	at coletorboadica.parse.callback.basico.CategoriaDetalheCallbackHtmlBase.finalizacaoOk(CategoriaDetalheCallbackHtmlBase.java:68)
	at br.com.digicom.parse.ParserHtmlTh.run(ParserHtmlTh.java:59)
(2016-8-4 15:46:29) - java.lang.NumberFormatException: For input string: "cl"
	at sun.misc.FloatingDecimal.readJavaFormatString(Unknown Source)
	at sun.misc.FloatingDecimal.parseFloat(Unknown Source)
	at java.lang.Float.parseFloat(Unknown Source)
	at java.lang.Float.valueOf(Unknown Source)
	at coletorboadica.parse.callback.basico.CategoriaDetalheCallbackHtmlBase.extraiValorPreco(CategoriaDetalheCallbackHtmlBase.java:114)
	at coletorboadica.parse.callback.CategoriaDetalheCallbackHtml.finalizaObjeto(CategoriaDetalheCallbackHtml.java:110)
	at coletorboadica.parse.callback.basico.CategoriaDetalheCallbackHtmlBase.finalizacaoOk(CategoriaDetalheCallbackHtmlBase.java:68)
	at br.com.digicom.parse.ParserHtmlTh.run(ParserHtmlTh.java:59)
(2016-8-4 15:46:34) - java.lang.NumberFormatException: For input string: "cl"
	at sun.misc.FloatingDecimal.readJavaFormatString(Unknown Source)
	at sun.misc.FloatingDecimal.parseFloat(Unknown Source)
	at java.lang.Float.parseFloat(Unknown Source)
	at java.lang.Float.valueOf(Unknown Source)
	at coletorboadica.parse.callback.basico.CategoriaDetalheCallbackHtmlBase.extraiValorPreco(CategoriaDetalheCallbackHtmlBase.java:114)
	at coletorboadica.parse.callback.CategoriaDetalheCallbackHtml.finalizaObjeto(CategoriaDetalheCallbackHtml.java:110)
	at coletorboadica.parse.callback.basico.CategoriaDetalheCallbackHtmlBase.finalizacaoOk(CategoriaDetalheCallbackHtmlBase.java:68)
	at br.com.digicom.parse.ParserHtmlTh.run(ParserHtmlTh.java:59)
(2016-8-4 15:46:37) - java.lang.NumberFormatException: For input string: "cl"
	at sun.misc.FloatingDecimal.readJavaFormatString(Unknown Source)
	at sun.misc.FloatingDecimal.parseFloat(Unknown Source)
	at java.lang.Float.parseFloat(Unknown Source)
	at java.lang.Float.valueOf(Unknown Source)
	at coletorboadica.parse.callback.basico.CategoriaDetalheCallbackHtmlBase.extraiValorPreco(CategoriaDetalheCallbackHtmlBase.java:114)
	at coletorboadica.parse.callback.CategoriaDetalheCallbackHtml.finalizaObjeto(CategoriaDetalheCallbackHtml.java:110)
	at coletorboadica.parse.callback.basico.CategoriaDetalheCallbackHtmlBase.finalizacaoOk(CategoriaDetalheCallbackHtmlBase.java:68)
	at br.com.digicom.parse.ParserHtmlTh.run(ParserHtmlTh.java:59)
(2016-8-4 15:46:41) - java.lang.NumberFormatException: For input string: "cl"
	at sun.misc.FloatingDecimal.readJavaFormatString(Unknown Source)
	at sun.misc.FloatingDecimal.parseFloat(Unknown Source)
	at java.lang.Float.parseFloat(Unknown Source)
	at java.lang.Float.valueOf(Unknown Source)
	at coletorboadica.parse.callback.basico.CategoriaDetalheCallbackHtmlBase.extraiValorPreco(CategoriaDetalheCallbackHtmlBase.java:114)
	at coletorboadica.parse.callback.CategoriaDetalheCallbackHtml.finalizaObjeto(CategoriaDetalheCallbackHtml.java:110)
	at coletorboadica.parse.callback.basico.CategoriaDetalheCallbackHtmlBase.finalizacaoOk(CategoriaDetalheCallbackHtmlBase.java:68)
	at br.com.digicom.parse.ParserHtmlTh.run(ParserHtmlTh.java:59)
(2016-8-4 15:46:45) - java.lang.NumberFormatException: For input string: "cl"
	at sun.misc.FloatingDecimal.readJavaFormatString(Unknown Source)
	at sun.misc.FloatingDecimal.parseFloat(Unknown Source)
	at java.lang.Float.parseFloat(Unknown Source)
	at java.lang.Float.valueOf(Unknown Source)
	at coletorboadica.parse.callback.basico.CategoriaDetalheCallbackHtmlBase.extraiValorPreco(CategoriaDetalheCallbackHtmlBase.java:114)
	at coletorboadica.parse.callback.CategoriaDetalheCallbackHtml.finalizaObjeto(CategoriaDetalheCallbackHtml.java:110)
	at coletorboadica.parse.callback.basico.CategoriaDetalheCallbackHtmlBase.finalizacaoOk(CategoriaDetalheCallbackHtmlBase.java:68)
	at br.com.digicom.parse.ParserHtmlTh.run(ParserHtmlTh.java:59)
(2016-8-4 15:46:49) - java.lang.NumberFormatException: For input string: "cl"
	at sun.misc.FloatingDecimal.readJavaFormatString(Unknown Source)
	at sun.misc.FloatingDecimal.parseFloat(Unknown Source)
	at java.lang.Float.parseFloat(Unknown Source)
	at java.lang.Float.valueOf(Unknown Source)
	at coletorboadica.parse.callback.basico.CategoriaDetalheCallbackHtmlBase.extraiValorPreco(CategoriaDetalheCallbackHtmlBase.java:114)
	at coletorboadica.parse.callback.CategoriaDetalheCallbackHtml.finalizaObjeto(CategoriaDetalheCallbackHtml.java:110)
	at coletorboadica.parse.callback.basico.CategoriaDetalheCallbackHtmlBase.finalizacaoOk(CategoriaDetalheCallbackHtmlBase.java:68)
	at br.com.digicom.parse.ParserHtmlTh.run(ParserHtmlTh.java:59)
(2016-8-4 15:46:53) - java.lang.NumberFormatException: For input string: "cl"
	at sun.misc.FloatingDecimal.readJavaFormatString(Unknown Source)
	at sun.misc.FloatingDecimal.parseFloat(Unknown Source)
	at java.lang.Float.parseFloat(Unknown Source)
	at java.lang.Float.valueOf(Unknown Source)
	at coletorboadica.parse.callback.basico.CategoriaDetalheCallbackHtmlBase.extraiValorPreco(CategoriaDetalheCallbackHtmlBase.java:114)
	at coletorboadica.parse.callback.CategoriaDetalheCallbackHtml.finalizaObjeto(CategoriaDetalheCallbackHtml.java:110)
	at coletorboadica.parse.callback.basico.CategoriaDetalheCallbackHtmlBase.finalizacaoOk(CategoriaDetalheCallbackHtmlBase.java:68)
	at br.com.digicom.parse.ParserHtmlTh.run(ParserHtmlTh.java:59)
(2016-8-4 15:46:57) - java.lang.NumberFormatException: For input string: "cl"
	at sun.misc.FloatingDecimal.readJavaFormatString(Unknown Source)
	at sun.misc.FloatingDecimal.parseFloat(Unknown Source)
	at java.lang.Float.parseFloat(Unknown Source)
	at java.lang.Float.valueOf(Unknown Source)
	at coletorboadica.parse.callback.basico.CategoriaDetalheCallbackHtmlBase.extraiValorPreco(CategoriaDetalheCallbackHtmlBase.java:114)
	at coletorboadica.parse.callback.CategoriaDetalheCallbackHtml.finalizaObjeto(CategoriaDetalheCallbackHtml.java:110)
	at coletorboadica.parse.callback.basico.CategoriaDetalheCallbackHtmlBase.finalizacaoOk(CategoriaDetalheCallbackHtmlBase.java:68)
	at br.com.digicom.parse.ParserHtmlTh.run(ParserHtmlTh.java:59)
(2016-8-4 15:47:00) - java.lang.NumberFormatException: For input string: "cl"
	at sun.misc.FloatingDecimal.readJavaFormatString(Unknown Source)
	at sun.misc.FloatingDecimal.parseFloat(Unknown Source)
	at java.lang.Float.parseFloat(Unknown Source)
	at java.lang.Float.valueOf(Unknown Source)
	at coletorboadica.parse.callback.basico.CategoriaDetalheCallbackHtmlBase.extraiValorPreco(CategoriaDetalheCallbackHtmlBase.java:114)
	at coletorboadica.parse.callback.CategoriaDetalheCallbackHtml.finalizaObjeto(CategoriaDetalheCallbackHtml.java:110)
	at coletorboadica.parse.callback.basico.CategoriaDetalheCallbackHtmlBase.finalizacaoOk(CategoriaDetalheCallbackHtmlBase.java:68)
	at br.com.digicom.parse.ParserHtmlTh.run(ParserHtmlTh.java:59)
(2016-8-4 15:47:04) - java.lang.NumberFormatException: For input string: "cl"
	at sun.misc.FloatingDecimal.readJavaFormatString(Unknown Source)
	at sun.misc.FloatingDecimal.parseFloat(Unknown Source)
	at java.lang.Float.parseFloat(Unknown Source)
	at java.lang.Float.valueOf(Unknown Source)
	at coletorboadica.parse.callback.basico.CategoriaDetalheCallbackHtmlBase.extraiValorPreco(CategoriaDetalheCallbackHtmlBase.java:114)
	at coletorboadica.parse.callback.CategoriaDetalheCallbackHtml.finalizaObjeto(CategoriaDetalheCallbackHtml.java:110)
	at coletorboadica.parse.callback.basico.CategoriaDetalheCallbackHtmlBase.finalizacaoOk(CategoriaDetalheCallbackHtmlBase.java:68)
	at br.com.digicom.parse.ParserHtmlTh.run(ParserHtmlTh.java:59)
inicio do loop(2017-4-16 09:32:32) 
Antes openConnection(2017-4-16 09:32:33) 
Depois openConnection(2017-4-16 09:32:33) 
conector.start();(2017-4-16 09:32:33) 
conector.join(180000L);(2017-4-16 09:32:33) 
if (conector.conectou())(2017-4-16 09:32:33) 
parserThread.start();(2017-4-16 09:32:33) 
parserThread.join(180000L)(2017-4-16 09:32:33) 
(2017-4-16 09:32:34) - java.lang.NullPointerException
	at coletorboadica.regracolecao.impl.ProdutoComumRegraColecaoImpl.ProcessaProdutoPreco(ProdutoComumRegraColecaoImpl.java:35)
	at coletorboadica.parse.dados.CategoriaDadosParse.finalizacaoOkDetalhe(CategoriaDadosParse.java:28)
	at coletorboadica.parse.callback.basico.CategoriaDetalheCallbackHtmlBase.finalizacaoOk(CategoriaDetalheCallbackHtmlBase.java:72)
	at br.com.digicom.parse.ParserHtmlTh.run(ParserHtmlTh.java:59)
}(2017-4-16 09:32:34) 
urlJson: null(2017-4-16 09:32:34) 
Final executador(2017-4-16 09:32:34) 
inicio do loop(2017-4-16 09:32:34) 
Antes openConnection(2017-4-16 09:32:34) 
Depois openConnection(2017-4-16 09:32:34) 
conector.start();(2017-4-16 09:32:34) 
conector.join(180000L);(2017-4-16 09:32:34) 
if (conector.conectou())(2017-4-16 09:32:34) 
parserThread.start();(2017-4-16 09:32:34) 
parserThread.join(180000L)(2017-4-16 09:32:34) 
(2017-4-16 09:32:34) - java.lang.NullPointerException
	at coletorboadica.regracolecao.impl.ProdutoComumRegraColecaoImpl.ProcessaProdutoPreco(ProdutoComumRegraColecaoImpl.java:35)
	at coletorboadica.parse.dados.CategoriaDadosParse.finalizacaoOkDetalhe(CategoriaDadosParse.java:28)
	at coletorboadica.parse.callback.basico.CategoriaDetalheCallbackHtmlBase.finalizacaoOk(CategoriaDetalheCallbackHtmlBase.java:72)
	at br.com.digicom.parse.ParserHtmlTh.run(ParserHtmlTh.java:59)
}(2017-4-16 09:32:34) 
urlJson: null(2017-4-16 09:32:34) 
Final executador(2017-4-16 09:32:34) 
inicio do loop(2017-4-16 09:32:34) 
Antes openConnection(2017-4-16 09:32:34) 
Depois openConnection(2017-4-16 09:32:34) 
conector.start();(2017-4-16 09:32:34) 
conector.join(180000L);(2017-4-16 09:32:34) 
if (conector.conectou())(2017-4-16 09:32:34) 
parserThread.start();(2017-4-16 09:32:34) 
parserThread.join(180000L)(2017-4-16 09:32:34) 
(2017-4-16 09:32:34) - java.lang.NullPointerException
	at coletorboadica.regracolecao.impl.ProdutoComumRegraColecaoImpl.ProcessaProdutoPreco(ProdutoComumRegraColecaoImpl.java:35)
	at coletorboadica.parse.dados.CategoriaDadosParse.finalizacaoOkDetalhe(CategoriaDadosParse.java:28)
	at coletorboadica.parse.callback.basico.CategoriaDetalheCallbackHtmlBase.finalizacaoOk(CategoriaDetalheCallbackHtmlBase.java:72)
	at br.com.digicom.parse.ParserHtmlTh.run(ParserHtmlTh.java:59)
}(2017-4-16 09:32:34) 
urlJson: null(2017-4-16 09:32:34) 
Final executador(2017-4-16 09:32:34) 
inicio do loop(2017-4-16 09:32:34) 
Antes openConnection(2017-4-16 09:32:34) 
Depois openConnection(2017-4-16 09:32:34) 
conector.start();(2017-4-16 09:32:34) 
conector.join(180000L);(2017-4-16 09:32:34) 
if (conector.conectou())(2017-4-16 09:32:34) 
parserThread.start();(2017-4-16 09:32:34) 
parserThread.join(180000L)(2017-4-16 09:32:34) 
(2017-4-16 09:32:34) - java.lang.NullPointerException
	at coletorboadica.regracolecao.impl.ProdutoComumRegraColecaoImpl.ProcessaProdutoPreco(ProdutoComumRegraColecaoImpl.java:35)
	at coletorboadica.parse.dados.CategoriaDadosParse.finalizacaoOkDetalhe(CategoriaDadosParse.java:28)
	at coletorboadica.parse.callback.basico.CategoriaDetalheCallbackHtmlBase.finalizacaoOk(CategoriaDetalheCallbackHtmlBase.java:72)
	at br.com.digicom.parse.ParserHtmlTh.run(ParserHtmlTh.java:59)
}(2017-4-16 09:32:34) 
urlJson: null(2017-4-16 09:32:34) 
Final executador(2017-4-16 09:32:34) 
inicio do loop(2017-4-16 09:32:34) 
Antes openConnection(2017-4-16 09:32:34) 
Depois openConnection(2017-4-16 09:32:34) 
conector.start();(2017-4-16 09:32:34) 
conector.join(180000L);(2017-4-16 09:32:34) 
if (conector.conectou())(2017-4-16 09:32:34) 
parserThread.start();(2017-4-16 09:32:34) 
parserThread.join(180000L)(2017-4-16 09:32:34) 
(2017-4-16 09:32:35) - java.lang.NullPointerException
	at coletorboadica.regracolecao.impl.ProdutoComumRegraColecaoImpl.ProcessaProdutoPreco(ProdutoComumRegraColecaoImpl.java:35)
	at coletorboadica.parse.dados.CategoriaDadosParse.finalizacaoOkDetalhe(CategoriaDadosParse.java:28)
	at coletorboadica.parse.callback.basico.CategoriaDetalheCallbackHtmlBase.finalizacaoOk(CategoriaDetalheCallbackHtmlBase.java:72)
	at br.com.digicom.parse.ParserHtmlTh.run(ParserHtmlTh.java:59)
}(2017-4-16 09:32:35) 
urlJson: null(2017-4-16 09:32:35) 
Final executador(2017-4-16 09:32:35) 
inicio do loop(2017-4-16 09:32:35) 
Antes openConnection(2017-4-16 09:32:35) 
Depois openConnection(2017-4-16 09:32:35) 
conector.start();(2017-4-16 09:32:35) 
conector.join(180000L);(2017-4-16 09:32:35) 
if (conector.conectou())(2017-4-16 09:32:35) 
parserThread.start();(2017-4-16 09:32:35) 
parserThread.join(180000L)(2017-4-16 09:32:35) 
(2017-4-16 09:32:35) - java.lang.NullPointerException
	at coletorboadica.regracolecao.impl.ProdutoComumRegraColecaoImpl.ProcessaProdutoPreco(ProdutoComumRegraColecaoImpl.java:35)
	at coletorboadica.parse.dados.CategoriaDadosParse.finalizacaoOkDetalhe(CategoriaDadosParse.java:28)
	at coletorboadica.parse.callback.basico.CategoriaDetalheCallbackHtmlBase.finalizacaoOk(CategoriaDetalheCallbackHtmlBase.java:72)
	at br.com.digicom.parse.ParserHtmlTh.run(ParserHtmlTh.java:59)
}(2017-4-16 09:32:35) 
urlJson: null(2017-4-16 09:32:35) 
Final executador(2017-4-16 09:32:35) 
inicio do loop(2017-4-16 09:32:35) 
Antes openConnection(2017-4-16 09:32:35) 
Depois openConnection(2017-4-16 09:32:35) 
conector.start();(2017-4-16 09:32:35) 
conector.join(180000L);(2017-4-16 09:32:35) 
if (conector.conectou())(2017-4-16 09:32:35) 
parserThread.start();(2017-4-16 09:32:35) 
parserThread.join(180000L)(2017-4-16 09:32:35) 
(2017-4-16 09:32:35) - java.lang.NullPointerException
	at coletorboadica.regracolecao.impl.ProdutoComumRegraColecaoImpl.ProcessaProdutoPreco(ProdutoComumRegraColecaoImpl.java:35)
	at coletorboadica.parse.dados.CategoriaDadosParse.finalizacaoOkDetalhe(CategoriaDadosParse.java:28)
	at coletorboadica.parse.callback.basico.CategoriaDetalheCallbackHtmlBase.finalizacaoOk(CategoriaDetalheCallbackHtmlBase.java:72)
	at br.com.digicom.parse.ParserHtmlTh.run(ParserHtmlTh.java:59)
}(2017-4-16 09:32:35) 
urlJson: null(2017-4-16 09:32:35) 
Final executador(2017-4-16 09:32:35) 
inicio do loop(2017-4-16 09:32:35) 
Antes openConnection(2017-4-16 09:32:35) 
Depois openConnection(2017-4-16 09:32:35) 
conector.start();(2017-4-16 09:32:35) 
conector.join(180000L);(2017-4-16 09:32:35) 
if (conector.conectou())(2017-4-16 09:32:35) 
parserThread.start();(2017-4-16 09:32:35) 
parserThread.join(180000L)(2017-4-16 09:32:35) 
(2017-4-16 09:32:35) - java.lang.NullPointerException
	at coletorboadica.regracolecao.impl.ProdutoComumRegraColecaoImpl.ProcessaProdutoPreco(ProdutoComumRegraColecaoImpl.java:35)
	at coletorboadica.parse.dados.CategoriaDadosParse.finalizacaoOkDetalhe(CategoriaDadosParse.java:28)
	at coletorboadica.parse.callback.basico.CategoriaDetalheCallbackHtmlBase.finalizacaoOk(CategoriaDetalheCallbackHtmlBase.java:72)
	at br.com.digicom.parse.ParserHtmlTh.run(ParserHtmlTh.java:59)
}(2017-4-16 09:32:35) 
urlJson: null(2017-4-16 09:32:35) 
Final executador(2017-4-16 09:32:35) 
inicio do loop(2017-4-16 09:32:35) 
Antes openConnection(2017-4-16 09:32:35) 
Depois openConnection(2017-4-16 09:32:35) 
conector.start();(2017-4-16 09:32:35) 
conector.join(180000L);(2017-4-16 09:32:35) 
if (conector.conectou())(2017-4-16 09:32:35) 
parserThread.start();(2017-4-16 09:32:35) 
parserThread.join(180000L)(2017-4-16 09:32:35) 
(2017-4-16 09:32:36) - java.lang.NullPointerException
	at coletorboadica.regracolecao.impl.ProdutoComumRegraColecaoImpl.ProcessaProdutoPreco(ProdutoComumRegraColecaoImpl.java:35)
	at coletorboadica.parse.dados.CategoriaDadosParse.finalizacaoOkDetalhe(CategoriaDadosParse.java:28)
	at coletorboadica.parse.callback.basico.CategoriaDetalheCallbackHtmlBase.finalizacaoOk(CategoriaDetalheCallbackHtmlBase.java:72)
	at br.com.digicom.parse.ParserHtmlTh.run(ParserHtmlTh.java:59)
}(2017-4-16 09:32:36) 
urlJson: null(2017-4-16 09:32:36) 
Final executador(2017-4-16 09:32:36) 
inicio do loop(2017-4-16 09:32:36) 
Antes openConnection(2017-4-16 09:32:36) 
Depois openConnection(2017-4-16 09:32:36) 
conector.start();(2017-4-16 09:32:36) 
conector.join(180000L);(2017-4-16 09:32:36) 
if (conector.conectou())(2017-4-16 09:32:36) 
parserThread.start();(2017-4-16 09:32:36) 
parserThread.join(180000L)(2017-4-16 09:32:36) 
(2017-4-16 09:32:36) - java.lang.NullPointerException
	at coletorboadica.regracolecao.impl.ProdutoComumRegraColecaoImpl.ProcessaProdutoPreco(ProdutoComumRegraColecaoImpl.java:35)
	at coletorboadica.parse.dados.CategoriaDadosParse.finalizacaoOkDetalhe(CategoriaDadosParse.java:28)
	at coletorboadica.parse.callback.basico.CategoriaDetalheCallbackHtmlBase.finalizacaoOk(CategoriaDetalheCallbackHtmlBase.java:72)
	at br.com.digicom.parse.ParserHtmlTh.run(ParserHtmlTh.java:59)
}(2017-4-16 09:32:36) 
urlJson: null(2017-4-16 09:32:36) 
Final executador(2017-4-16 09:32:36) 
inicio do loop(2017-4-16 09:32:36) 
Antes openConnection(2017-4-16 09:32:36) 
Depois openConnection(2017-4-16 09:32:36) 
conector.start();(2017-4-16 09:32:36) 
conector.join(180000L);(2017-4-16 09:32:36) 
if (conector.conectou())(2017-4-16 09:32:36) 
parserThread.start();(2017-4-16 09:32:36) 
parserThread.join(180000L)(2017-4-16 09:32:36) 
(2017-4-16 09:32:36) - java.lang.NullPointerException
	at coletorboadica.regracolecao.impl.ProdutoComumRegraColecaoImpl.ProcessaProdutoPreco(ProdutoComumRegraColecaoImpl.java:35)
	at coletorboadica.parse.dados.CategoriaDadosParse.finalizacaoOkDetalhe(CategoriaDadosParse.java:28)
	at coletorboadica.parse.callback.basico.CategoriaDetalheCallbackHtmlBase.finalizacaoOk(CategoriaDetalheCallbackHtmlBase.java:72)
	at br.com.digicom.parse.ParserHtmlTh.run(ParserHtmlTh.java:59)
}(2017-4-16 09:32:36) 
urlJson: null(2017-4-16 09:32:36) 
Final executador(2017-4-16 09:32:36) 
inicio do loop(2017-4-16 09:32:36) 
Antes openConnection(2017-4-16 09:32:36) 
Depois openConnection(2017-4-16 09:32:36) 
conector.start();(2017-4-16 09:32:36) 
conector.join(180000L);(2017-4-16 09:32:36) 
if (conector.conectou())(2017-4-16 09:32:36) 
parserThread.start();(2017-4-16 09:32:36) 
parserThread.join(180000L)(2017-4-16 09:32:36) 
(2017-4-16 09:32:36) - java.lang.NullPointerException
	at coletorboadica.regracolecao.impl.ProdutoComumRegraColecaoImpl.ProcessaProdutoPreco(ProdutoComumRegraColecaoImpl.java:35)
	at coletorboadica.parse.dados.CategoriaDadosParse.finalizacaoOkDetalhe(CategoriaDadosParse.java:28)
	at coletorboadica.parse.callback.basico.CategoriaDetalheCallbackHtmlBase.finalizacaoOk(CategoriaDetalheCallbackHtmlBase.java:72)
	at br.com.digicom.parse.ParserHtmlTh.run(ParserHtmlTh.java:59)
}(2017-4-16 09:32:36) 
urlJson: null(2017-4-16 09:32:36) 
Final executador(2017-4-16 09:32:36) 
inicio do loop(2017-4-16 09:32:36) 
Antes openConnection(2017-4-16 09:32:36) 
Depois openConnection(2017-4-16 09:32:36) 
conector.start();(2017-4-16 09:32:36) 
conector.join(180000L);(2017-4-16 09:32:37) 
if (conector.conectou())(2017-4-16 09:32:37) 
parserThread.start();(2017-4-16 09:32:37) 
parserThread.join(180000L)(2017-4-16 09:32:37) 
(2017-4-16 09:32:37) - java.lang.NullPointerException
	at coletorboadica.regracolecao.impl.ProdutoComumRegraColecaoImpl.ProcessaProdutoPreco(ProdutoComumRegraColecaoImpl.java:35)
	at coletorboadica.parse.dados.CategoriaDadosParse.finalizacaoOkDetalhe(CategoriaDadosParse.java:28)
	at coletorboadica.parse.callback.basico.CategoriaDetalheCallbackHtmlBase.finalizacaoOk(CategoriaDetalheCallbackHtmlBase.java:72)
	at br.com.digicom.parse.ParserHtmlTh.run(ParserHtmlTh.java:59)
}(2017-4-16 09:32:37) 
urlJson: null(2017-4-16 09:32:37) 
Final executador(2017-4-16 09:32:37) 
inicio do loop(2017-4-16 09:32:37) 
Antes openConnection(2017-4-16 09:32:37) 
Depois openConnection(2017-4-16 09:32:37) 
conector.start();(2017-4-16 09:32:37) 
conector.join(180000L);(2017-4-16 09:32:37) 
if (conector.conectou())(2017-4-16 09:32:37) 
parserThread.start();(2017-4-16 09:32:37) 
parserThread.join(180000L)(2017-4-16 09:32:37) 
(2017-4-16 09:32:37) - java.lang.NullPointerException
	at coletorboadica.regracolecao.impl.ProdutoComumRegraColecaoImpl.ProcessaProdutoPreco(ProdutoComumRegraColecaoImpl.java:35)
	at coletorboadica.parse.dados.CategoriaDadosParse.finalizacaoOkDetalhe(CategoriaDadosParse.java:28)
	at coletorboadica.parse.callback.basico.CategoriaDetalheCallbackHtmlBase.finalizacaoOk(CategoriaDetalheCallbackHtmlBase.java:72)
	at br.com.digicom.parse.ParserHtmlTh.run(ParserHtmlTh.java:59)
}(2017-4-16 09:32:37) 
urlJson: null(2017-4-16 09:32:37) 
Final executador(2017-4-16 09:32:37) 
inicio do loop(2017-4-16 09:32:37) 
Antes openConnection(2017-4-16 09:32:37) 
Depois openConnection(2017-4-16 09:32:37) 
conector.start();(2017-4-16 09:32:37) 
conector.join(180000L);(2017-4-16 09:32:37) 
if (conector.conectou())(2017-4-16 09:32:37) 
parserThread.start();(2017-4-16 09:32:37) 
parserThread.join(180000L)(2017-4-16 09:32:37) 
(2017-4-16 09:32:37) - java.lang.NullPointerException
	at coletorboadica.regracolecao.impl.ProdutoComumRegraColecaoImpl.ProcessaProdutoPreco(ProdutoComumRegraColecaoImpl.java:35)
	at coletorboadica.parse.dados.CategoriaDadosParse.finalizacaoOkDetalhe(CategoriaDadosParse.java:28)
	at coletorboadica.parse.callback.basico.CategoriaDetalheCallbackHtmlBase.finalizacaoOk(CategoriaDetalheCallbackHtmlBase.java:72)
	at br.com.digicom.parse.ParserHtmlTh.run(ParserHtmlTh.java:59)
}(2017-4-16 09:32:37) 
urlJson: null(2017-4-16 09:32:37) 
Final executador(2017-4-16 09:32:37) 
inicio do loop(2017-4-16 09:32:37) 
Antes openConnection(2017-4-16 09:32:37) 
Depois openConnection(2017-4-16 09:32:37) 
conector.start();(2017-4-16 09:32:37) 
conector.join(180000L);(2017-4-16 09:32:37) 
if (conector.conectou())(2017-4-16 09:32:37) 
parserThread.start();(2017-4-16 09:32:37) 
parserThread.join(180000L)(2017-4-16 09:32:37) 
(2017-4-16 09:32:38) - java.lang.NullPointerException
	at coletorboadica.regracolecao.impl.ProdutoComumRegraColecaoImpl.ProcessaProdutoPreco(ProdutoComumRegraColecaoImpl.java:35)
	at coletorboadica.parse.dados.CategoriaDadosParse.finalizacaoOkDetalhe(CategoriaDadosParse.java:28)
	at coletorboadica.parse.callback.basico.CategoriaDetalheCallbackHtmlBase.finalizacaoOk(CategoriaDetalheCallbackHtmlBase.java:72)
	at br.com.digicom.parse.ParserHtmlTh.run(ParserHtmlTh.java:59)
}(2017-4-16 09:32:38) 
urlJson: null(2017-4-16 09:32:38) 
Final executador(2017-4-16 09:32:38) 
inicio do loop(2017-4-16 09:34:08) 
Antes openConnection(2017-4-16 09:34:09) 
Depois openConnection(2017-4-16 09:34:09) 
conector.start();(2017-4-16 09:34:09) 
conector.join(180000L);(2017-4-16 09:34:09) 
if (conector.conectou())(2017-4-16 09:34:09) 
parserThread.start();(2017-4-16 09:34:09) 
parserThread.join(180000L)(2017-4-16 09:34:09) 
inicio do loop(2017-4-16 09:41:18) 
Antes openConnection(2017-4-16 09:41:19) 
Depois openConnection(2017-4-16 09:41:19) 
conector.start();(2017-4-16 09:41:19) 
conector.join(180000L);(2017-4-16 09:41:20) 
if (conector.conectou())(2017-4-16 09:41:20) 
parserThread.start();(2017-4-16 09:41:20) 
parserThread.join(180000L)(2017-4-16 09:41:20) 
inicio do loop(2017-4-16 09:43:33) 
Antes openConnection(2017-4-16 09:43:33) 
Depois openConnection(2017-4-16 09:43:33) 
conector.start();(2017-4-16 09:43:33) 
conector.join(180000L);(2017-4-16 09:43:33) 
if (conector.conectou())(2017-4-16 09:43:33) 
parserThread.start();(2017-4-16 09:43:33) 
parserThread.join(180000L)(2017-4-16 09:43:33) 
inicio do loop(2017-4-16 09:45:32) 
Antes openConnection(2017-4-16 09:45:32) 
Depois openConnection(2017-4-16 09:45:32) 
conector.start();(2017-4-16 09:45:32) 
conector.join(180000L);(2017-4-16 09:45:33) 
if (conector.conectou())(2017-4-16 09:45:33) 
parserThread.start();(2017-4-16 09:45:33) 
parserThread.join(180000L)(2017-4-16 09:45:33) 
inicio do loop(2017-4-16 09:48:04) 
Antes openConnection(2017-4-16 09:48:04) 
Depois openConnection(2017-4-16 09:48:04) 
conector.start();(2017-4-16 09:48:04) 
conector.join(180000L);(2017-4-16 09:48:05) 
if (conector.conectou())(2017-4-16 09:48:05) 
parserThread.start();(2017-4-16 09:48:05) 
parserThread.join(180000L)(2017-4-16 09:48:05) 
inicio do loop(2017-4-16 09:49:42) 
Antes openConnection(2017-4-16 09:49:42) 
Depois openConnection(2017-4-16 09:49:42) 
conector.start();(2017-4-16 09:49:42) 
conector.join(180000L);(2017-4-16 09:49:43) 
if (conector.conectou())(2017-4-16 09:49:43) 
parserThread.start();(2017-4-16 09:49:43) 
parserThread.join(180000L)(2017-4-16 09:49:43) 
inicio do loop(2017-4-16 09:50:32) 
Antes openConnection(2017-4-16 09:50:32) 
Depois openConnection(2017-4-16 09:50:32) 
conector.start();(2017-4-16 09:50:32) 
conector.join(180000L);(2017-4-16 09:50:32) 
if (conector.conectou())(2017-4-16 09:50:32) 
parserThread.start();(2017-4-16 09:50:32) 
parserThread.join(180000L)(2017-4-16 09:50:32) 
inicio do loop(2017-4-16 09:51:37) 
Antes openConnection(2017-4-16 09:51:37) 
Depois openConnection(2017-4-16 09:51:37) 
conector.start();(2017-4-16 09:51:37) 
conector.join(180000L);(2017-4-16 09:51:38) 
if (conector.conectou())(2017-4-16 09:51:38) 
parserThread.start();(2017-4-16 09:51:38) 
parserThread.join(180000L)(2017-4-16 09:51:38) 
