(11:41:03) Loja:Extra
(11:41:53) Categoria:Notebooks
(11:42:06) CategoriaLoja(detalhe):CategoriaLoja {IdCategoriaLoja:818;Nome:Notebooks;Url:https://www.extra.com.br/Informatica/Notebook/?Filtro=C56_C57;DataInclusao:20-03-2015;IdCategoriaLojaF:0;IdNaturezaProdutoRa:10;IdLojaVirtualPa:3;}
(11:42:09) URL: https://www.extra.com.br/Informatica/Notebook/?Filtro=C56_C57
(13:49:45) Loja:Extra
(13:50:07) Categoria:Notebooks
(13:50:07) CategoriaLoja(detalhe):CategoriaLoja {IdCategoriaLoja:818;Nome:Notebooks;Url:https://www.extra.com.br/Informatica/Notebook/?Filtro=C56_C57;DataInclusao:20-03-2015;IdCategoriaLojaF:0;IdNaturezaProdutoRa:10;IdLojaVirtualPa:3;}
(13:50:07) URL: https://www.extra.com.br/Informatica/Notebook/?Filtro=C56_C57
(13:51:45) Loja:Extra
(13:52:13) Categoria:Notebooks
(13:52:22) CategoriaLoja(detalhe):CategoriaLoja {IdCategoriaLoja:818;Nome:Notebooks;Url:https://www.extra.com.br/Informatica/Notebook/?Filtro=C56_C57;DataInclusao:20-03-2015;IdCategoriaLojaF:0;IdNaturezaProdutoRa:10;IdLojaVirtualPa:3;}
(13:52:25) URL: https://www.extra.com.br/Informatica/Notebook/?Filtro=C56_C57
(13:56:20) Loja:Extra
(13:56:41) Categoria:Notebooks
(13:56:46) CategoriaLoja(detalhe):CategoriaLoja {IdCategoriaLoja:818;Nome:Notebooks;Url:https://www.extra.com.br/Informatica/Notebook/?Filtro=C56_C57;DataInclusao:20-03-2015;IdCategoriaLojaF:0;IdNaturezaProdutoRa:10;IdLojaVirtualPa:3;}
(13:56:46) URL: https://www.extra.com.br/Informatica/Notebook/?Filtro=C56_C57
(14:20:17) Loja:Extra
(14:20:39) Categoria:Notebooks
(14:20:39) CategoriaLoja(detalhe):CategoriaLoja {IdCategoriaLoja:818;Nome:Notebooks;Url:https://www.extra.com.br/Informatica/Notebook/?Filtro=C56_C57;DataInclusao:20-03-2015;IdCategoriaLojaF:0;IdNaturezaProdutoRa:10;IdLojaVirtualPa:3;}
(14:20:39) URL: https://www.extra.com.br/Informatica/Notebook/?Filtro=C56_C57
(14:21:39) Loja:Americanas
(15:18:10) Loja:Extra
(15:18:30) Categoria:Notebooks
(15:18:36) CategoriaLoja(detalhe):CategoriaLoja {IdCategoriaLoja:818;Nome:Notebooks;Url:https://www.extra.com.br/Informatica/Notebook/?Filtro=C56_C57;DataInclusao:20-03-2015;IdCategoriaLojaF:0;IdNaturezaProdutoRa:10;IdLojaVirtualPa:3;}
(15:18:36) URL: https://www.extra.com.br/Informatica/Notebook/?Filtro=C56_C57
(15:20:47) Loja:Extra
(15:21:09) Categoria:Notebooks
(15:21:11) CategoriaLoja(detalhe):CategoriaLoja {IdCategoriaLoja:818;Nome:Notebooks;Url:https://www.extra.com.br/Informatica/Notebook/?Filtro=C56_C57;DataInclusao:20-03-2015;IdCategoriaLojaF:0;IdNaturezaProdutoRa:10;IdLojaVirtualPa:3;}
(15:21:11) URL: https://www.extra.com.br/Informatica/Notebook/?Filtro=C56_C57
