(14:34:22) CategoriaLoja(detalhe):CategoriaLoja {IdCategoriaLoja:999;Nome:Teste;Url:https://www.revendadecosmeticos.com.br/marcas/macrilan.html;DataInclusao:2019-07-19;IdCategoriaLojaF:0;IdNaturezaProdutoRa:0;IdLojaVirtualPa:0;}
(14:34:22) URL: https://www.revendadecosmeticos.com.br/marcas/macrilan.html
(14:35:02) CategoriaLoja(detalhe):CategoriaLoja {IdCategoriaLoja:999;Nome:Teste;Url:https://www.revendadecosmeticos.com.br/marcas/macrilan.html;DataInclusao:2019-07-19;IdCategoriaLojaF:0;IdNaturezaProdutoRa:0;IdLojaVirtualPa:0;}
(14:35:02) URL: https://www.revendadecosmeticos.com.br/marcas/macrilan.html
(14:44:33) CategoriaLoja(detalhe):CategoriaLoja {IdCategoriaLoja:999;Nome:Teste;Url:https://www.revendadecosmeticos.com.br/marcas/macrilan.html;DataInclusao:2019-07-19;IdCategoriaLojaF:0;IdNaturezaProdutoRa:0;IdLojaVirtualPa:0;}
(14:44:33) URL: https://www.revendadecosmeticos.com.br/marcas/macrilan.html
(14:45:22) CategoriaLoja(detalhe):CategoriaLoja {IdCategoriaLoja:999;Nome:Teste;Url:https://www.revendadecosmeticos.com.br/marcas/macrilan.html;DataInclusao:2019-07-19;IdCategoriaLojaF:0;IdNaturezaProdutoRa:0;IdLojaVirtualPa:0;}
(14:45:32) URL: https://www.revendadecosmeticos.com.br/marcas/macrilan.html
(14:46:29) CategoriaLoja(detalhe):CategoriaLoja {IdCategoriaLoja:999;Nome:Teste;Url:https://www.revendadecosmeticos.com.br/marcas/macrilan.html;DataInclusao:2019-07-19;IdCategoriaLojaF:0;IdNaturezaProdutoRa:0;IdLojaVirtualPa:0;}
(14:46:29) URL: https://www.revendadecosmeticos.com.br/marcas/macrilan.html
(14:53:45) CategoriaLoja(detalhe):CategoriaLoja {IdCategoriaLoja:999;Nome:Teste;Url:https://www.revendadecosmeticos.com.br/marcas/macrilan.html;DataInclusao:2019-07-19;IdCategoriaLojaF:0;IdNaturezaProdutoRa:0;IdLojaVirtualPa:0;}
(14:53:45) URL: https://www.revendadecosmeticos.com.br/marcas/macrilan.html
(15:10:47) CategoriaLoja(detalhe):CategoriaLoja {IdCategoriaLoja:999;Nome:Teste;Url:https://www.revendadecosmeticos.com.br/marcas/macrilan.html;DataInclusao:2019-07-19;IdCategoriaLojaF:0;IdNaturezaProdutoRa:0;IdLojaVirtualPa:0;}
(15:10:48) URL: https://www.revendadecosmeticos.com.br/marcas/macrilan.html
(16:37:09) CategoriaLoja(detalhe):CategoriaLoja {IdCategoriaLoja:999;Nome:Teste;Url:https://www.revendadecosmeticos.com.br/marcas/macrilan.html;DataInclusao:2019-07-19;IdCategoriaLojaF:0;IdNaturezaProdutoRa:0;IdLojaVirtualPa:0;}
(16:37:09) URL: https://www.revendadecosmeticos.com.br/marcas/macrilan.html
(16:38:41) CategoriaLoja(detalhe):CategoriaLoja {IdCategoriaLoja:999;Nome:Teste;Url:https://www.revendadecosmeticos.com.br/marcas/macrilan.html;DataInclusao:2019-07-19;IdCategoriaLojaF:0;IdNaturezaProdutoRa:0;IdLojaVirtualPa:0;}
(16:38:41) URL: https://www.revendadecosmeticos.com.br/marcas/macrilan.html
(16:39:58) CategoriaLoja(detalhe):CategoriaLoja {IdCategoriaLoja:999;Nome:Teste;Url:https://www.revendadecosmeticos.com.br/marcas/macrilan.html;DataInclusao:2019-07-19;IdCategoriaLojaF:0;IdNaturezaProdutoRa:0;IdLojaVirtualPa:0;}
(16:39:58) URL: https://www.revendadecosmeticos.com.br/marcas/macrilan.html
(16:50:58) CategoriaLoja(detalhe):CategoriaLoja {IdCategoriaLoja:999;Nome:Teste;Url:https://www.revendadecosmeticos.com.br/marcas/macrilan.html?limit=48;DataInclusao:2019-07-19;IdCategoriaLojaF:0;IdNaturezaProdutoRa:0;IdLojaVirtualPa:0;}
(16:50:58) URL: https://www.revendadecosmeticos.com.br/marcas/macrilan.html?limit=48
(16:54:32) CategoriaLoja(detalhe):CategoriaLoja {IdCategoriaLoja:999;Nome:Teste;Url:https://www.revendadecosmeticos.com.br/marcas/macrilan.html?limit=48;DataInclusao:2019-07-19;IdCategoriaLojaF:0;IdNaturezaProdutoRa:0;IdLojaVirtualPa:0;}
(16:54:32) URL: https://www.revendadecosmeticos.com.br/marcas/macrilan.html?limit=48
(16:58:07) CategoriaLoja(detalhe):CategoriaLoja {IdCategoriaLoja:999;Nome:Teste;Url:https://www.revendadecosmeticos.com.br/marcas/macrilan.html?limit=48;DataInclusao:2019-07-19;IdCategoriaLojaF:0;IdNaturezaProdutoRa:0;IdLojaVirtualPa:0;}
(16:58:07) URL: https://www.revendadecosmeticos.com.br/marcas/macrilan.html?limit=48
(16:59:08) CategoriaLoja(detalhe):CategoriaLoja {IdCategoriaLoja:999;Nome:Teste;Url:https://www.revendadecosmeticos.com.br/marcas/macrilan.html?limit=48;DataInclusao:2019-07-19;IdCategoriaLojaF:0;IdNaturezaProdutoRa:0;IdLojaVirtualPa:0;}
(16:59:09) URL: https://www.revendadecosmeticos.com.br/marcas/macrilan.html?limit=48
(17:02:14) CategoriaLoja(detalhe):CategoriaLoja {IdCategoriaLoja:999;Nome:Teste;Url:https://www.revendadecosmeticos.com.br/marcas/macrilan.html?limit=48;DataInclusao:2019-07-19;IdCategoriaLojaF:0;IdNaturezaProdutoRa:0;IdLojaVirtualPa:0;}
(17:02:14) URL: https://www.revendadecosmeticos.com.br/marcas/macrilan.html?limit=48
(17:04:46) CategoriaLoja(detalhe):CategoriaLoja {IdCategoriaLoja:999;Nome:Teste;Url:https://www.revendadecosmeticos.com.br/marcas/macrilan.html?limit=48;DataInclusao:2019-07-19;IdCategoriaLojaF:0;IdNaturezaProdutoRa:0;IdLojaVirtualPa:0;}
(17:04:47) URL: https://www.revendadecosmeticos.com.br/marcas/macrilan.html?limit=48
(17:07:05) CategoriaLoja(detalhe):CategoriaLoja {IdCategoriaLoja:999;Nome:Teste;Url:https://www.revendadecosmeticos.com.br/marcas/macrilan.html?limit=48;DataInclusao:2019-07-19;IdCategoriaLojaF:0;IdNaturezaProdutoRa:0;IdLojaVirtualPa:0;}
(17:07:05) URL: https://www.revendadecosmeticos.com.br/marcas/macrilan.html?limit=48
(17:08:04) CategoriaLoja(detalhe):CategoriaLoja {IdCategoriaLoja:999;Nome:Teste;Url:https://www.revendadecosmeticos.com.br/marcas/macrilan.html?limit=48;DataInclusao:2019-07-19;IdCategoriaLojaF:0;IdNaturezaProdutoRa:0;IdLojaVirtualPa:0;}
(17:08:05) URL: https://www.revendadecosmeticos.com.br/marcas/macrilan.html?limit=48
(17:10:32) CategoriaLoja(detalhe):CategoriaLoja {IdCategoriaLoja:999;Nome:Teste;Url:https://www.revendadecosmeticos.com.br/marcas/macrilan.html?limit=48;DataInclusao:2019-07-19;IdCategoriaLojaF:0;IdNaturezaProdutoRa:0;IdLojaVirtualPa:0;}
(17:10:33) URL: https://www.revendadecosmeticos.com.br/marcas/macrilan.html?limit=48
(17:11:15) CategoriaLoja(detalhe):CategoriaLoja {IdCategoriaLoja:999;Nome:Teste;Url:https://www.revendadecosmeticos.com.br/marcas/macrilan.html?limit=48;DataInclusao:2019-07-19;IdCategoriaLojaF:0;IdNaturezaProdutoRa:0;IdLojaVirtualPa:0;}
(17:11:15) URL: https://www.revendadecosmeticos.com.br/marcas/macrilan.html?limit=48
(17:14:57) CategoriaLoja(detalhe):CategoriaLoja {IdCategoriaLoja:999;Nome:Teste;Url:https://www.revendadecosmeticos.com.br/marcas/macrilan.html?limit=48;DataInclusao:2019-07-19;IdCategoriaLojaF:0;IdNaturezaProdutoRa:0;IdLojaVirtualPa:0;}
(17:14:57) URL: https://www.revendadecosmeticos.com.br/marcas/macrilan.html?limit=48
(17:17:15) CategoriaLoja(detalhe):CategoriaLoja {IdCategoriaLoja:999;Nome:Teste;Url:https://www.revendadecosmeticos.com.br/marcas/macrilan.html?limit=48;DataInclusao:2019-07-19;IdCategoriaLojaF:0;IdNaturezaProdutoRa:0;IdLojaVirtualPa:0;}
(17:17:16) URL: https://www.revendadecosmeticos.com.br/marcas/macrilan.html?limit=48
(17:19:00) CategoriaLoja(detalhe):CategoriaLoja {IdCategoriaLoja:999;Nome:Teste;Url:https://www.revendadecosmeticos.com.br/marcas/macrilan.html?limit=48;DataInclusao:2019-07-19;IdCategoriaLojaF:0;IdNaturezaProdutoRa:0;IdLojaVirtualPa:0;}
(17:19:00) URL: https://www.revendadecosmeticos.com.br/marcas/macrilan.html?limit=48
(17:21:09) CategoriaLoja(detalhe):CategoriaLoja {IdCategoriaLoja:999;Nome:Teste;Url:https://www.revendadecosmeticos.com.br/marcas/macrilan.html?limit=48;DataInclusao:2019-07-19;IdCategoriaLojaF:0;IdNaturezaProdutoRa:0;IdLojaVirtualPa:0;}
(17:21:10) URL: https://www.revendadecosmeticos.com.br/marcas/macrilan.html?limit=48
(20:19:27) CategoriaLoja(detalhe):CategoriaLoja {IdCategoriaLoja:999;Nome:Teste;Url:https://www.revendadecosmeticos.com.br/marcas/macrilan.html?limit=48;DataInclusao:2019-07-19;IdCategoriaLojaF:0;IdNaturezaProdutoRa:0;IdLojaVirtualPa:0;}
(20:19:28) URL: https://www.revendadecosmeticos.com.br/marcas/macrilan.html?limit=48
(20:19:54) CategoriaLoja(detalhe):CategoriaLoja {IdCategoriaLoja:999;Nome:Teste;Url:https://www.revendadecosmeticos.com.br/marcas/macrilan.html?limit=48;DataInclusao:2019-07-19;IdCategoriaLojaF:0;IdNaturezaProdutoRa:0;IdLojaVirtualPa:0;}
(20:19:54) URL: https://www.revendadecosmeticos.com.br/marcas/macrilan.html?limit=48
(20:20:06) CategoriaLoja(detalhe):CategoriaLoja {IdCategoriaLoja:999;Nome:Teste;Url:https://www.revendadecosmeticos.com.br/marcas/macrilan.html?limit=48;DataInclusao:2019-07-19;IdCategoriaLojaF:0;IdNaturezaProdutoRa:0;IdLojaVirtualPa:0;}
(20:20:06) URL: https://www.revendadecosmeticos.com.br/marcas/macrilan.html?limit=48
(20:26:23) CategoriaLoja(detalhe):CategoriaLoja {IdCategoriaLoja:999;Nome:Teste;Url:https://www.revendadecosmeticos.com.br/marcas/macrilan.html?limit=48;DataInclusao:2019-07-19;IdCategoriaLojaF:0;IdNaturezaProdutoRa:0;IdLojaVirtualPa:0;}
(20:26:23) CategoriaLoja(detalhe):CategoriaLoja {IdCategoriaLoja:999;Nome:Teste;Url:https://www.revendadecosmeticos.com.br/marcas/macrilan.html?limit=48;DataInclusao:2019-07-19;IdCategoriaLojaF:0;IdNaturezaProdutoRa:0;IdLojaVirtualPa:0;}
(20:26:23) URL: https://www.revendadecosmeticos.com.br/marcas/macrilan.html?limit=48
(20:26:26) CategoriaLoja(detalhe):CategoriaLoja {IdCategoriaLoja:999;Nome:Teste;Url:https://www.revendadecosmeticos.com.br/marcas/macrilan.html?limit=48;DataInclusao:2019-07-19;IdCategoriaLojaF:0;IdNaturezaProdutoRa:0;IdLojaVirtualPa:0;}
(20:26:28) CategoriaLoja(detalhe):CategoriaLoja {IdCategoriaLoja:999;Nome:Teste;Url:https://www.revendadecosmeticos.com.br/marcas/macrilan.html?limit=48;DataInclusao:2019-07-19;IdCategoriaLojaF:0;IdNaturezaProdutoRa:0;IdLojaVirtualPa:0;}
(20:26:31) CategoriaLoja(detalhe):CategoriaLoja {IdCategoriaLoja:999;Nome:Teste;Url:https://www.revendadecosmeticos.com.br/marcas/macrilan.html?limit=48;DataInclusao:2019-07-19;IdCategoriaLojaF:0;IdNaturezaProdutoRa:0;IdLojaVirtualPa:0;}
(20:26:33) CategoriaLoja(detalhe):CategoriaLoja {IdCategoriaLoja:999;Nome:Teste;Url:https://www.revendadecosmeticos.com.br/marcas/macrilan.html?limit=48;DataInclusao:2019-07-19;IdCategoriaLojaF:0;IdNaturezaProdutoRa:0;IdLojaVirtualPa:0;}
(20:26:35) CategoriaLoja(detalhe):CategoriaLoja {IdCategoriaLoja:999;Nome:Teste;Url:https://www.revendadecosmeticos.com.br/marcas/macrilan.html?limit=48;DataInclusao:2019-07-19;IdCategoriaLojaF:0;IdNaturezaProdutoRa:0;IdLojaVirtualPa:0;}
(20:26:38) CategoriaLoja(detalhe):CategoriaLoja {IdCategoriaLoja:999;Nome:Teste;Url:https://www.revendadecosmeticos.com.br/marcas/macrilan.html?limit=48;DataInclusao:2019-07-19;IdCategoriaLojaF:0;IdNaturezaProdutoRa:0;IdLojaVirtualPa:0;}
(20:26:40) CategoriaLoja(detalhe):CategoriaLoja {IdCategoriaLoja:999;Nome:Teste;Url:https://www.revendadecosmeticos.com.br/marcas/macrilan.html?limit=48;DataInclusao:2019-07-19;IdCategoriaLojaF:0;IdNaturezaProdutoRa:0;IdLojaVirtualPa:0;}
(20:26:42) CategoriaLoja(detalhe):CategoriaLoja {IdCategoriaLoja:999;Nome:Teste;Url:https://www.revendadecosmeticos.com.br/marcas/macrilan.html?limit=48;DataInclusao:2019-07-19;IdCategoriaLojaF:0;IdNaturezaProdutoRa:0;IdLojaVirtualPa:0;}
(20:26:44) CategoriaLoja(detalhe):CategoriaLoja {IdCategoriaLoja:999;Nome:Teste;Url:https://www.revendadecosmeticos.com.br/marcas/macrilan.html?limit=48;DataInclusao:2019-07-19;IdCategoriaLojaF:0;IdNaturezaProdutoRa:0;IdLojaVirtualPa:0;}
(20:26:46) CategoriaLoja(detalhe):CategoriaLoja {IdCategoriaLoja:999;Nome:Teste;Url:https://www.revendadecosmeticos.com.br/marcas/macrilan.html?limit=48;DataInclusao:2019-07-19;IdCategoriaLojaF:0;IdNaturezaProdutoRa:0;IdLojaVirtualPa:0;}
(20:26:48) CategoriaLoja(detalhe):CategoriaLoja {IdCategoriaLoja:999;Nome:Teste;Url:https://www.revendadecosmeticos.com.br/marcas/macrilan.html?limit=48;DataInclusao:2019-07-19;IdCategoriaLojaF:0;IdNaturezaProdutoRa:0;IdLojaVirtualPa:0;}
(20:26:50) CategoriaLoja(detalhe):CategoriaLoja {IdCategoriaLoja:999;Nome:Teste;Url:https://www.revendadecosmeticos.com.br/marcas/macrilan.html?limit=48;DataInclusao:2019-07-19;IdCategoriaLojaF:0;IdNaturezaProdutoRa:0;IdLojaVirtualPa:0;}
(20:26:52) CategoriaLoja(detalhe):CategoriaLoja {IdCategoriaLoja:999;Nome:Teste;Url:https://www.revendadecosmeticos.com.br/marcas/macrilan.html?limit=48;DataInclusao:2019-07-19;IdCategoriaLojaF:0;IdNaturezaProdutoRa:0;IdLojaVirtualPa:0;}
(20:26:54) CategoriaLoja(detalhe):CategoriaLoja {IdCategoriaLoja:999;Nome:Teste;Url:https://www.revendadecosmeticos.com.br/marcas/macrilan.html?limit=48;DataInclusao:2019-07-19;IdCategoriaLojaF:0;IdNaturezaProdutoRa:0;IdLojaVirtualPa:0;}
(20:26:56) CategoriaLoja(detalhe):CategoriaLoja {IdCategoriaLoja:999;Nome:Teste;Url:https://www.revendadecosmeticos.com.br/marcas/macrilan.html?limit=48;DataInclusao:2019-07-19;IdCategoriaLojaF:0;IdNaturezaProdutoRa:0;IdLojaVirtualPa:0;}
(20:26:58) CategoriaLoja(detalhe):CategoriaLoja {IdCategoriaLoja:999;Nome:Teste;Url:https://www.revendadecosmeticos.com.br/marcas/macrilan.html?limit=48;DataInclusao:2019-07-19;IdCategoriaLojaF:0;IdNaturezaProdutoRa:0;IdLojaVirtualPa:0;}
(20:26:59) CategoriaLoja(detalhe):CategoriaLoja {IdCategoriaLoja:999;Nome:Teste;Url:https://www.revendadecosmeticos.com.br/marcas/macrilan.html?limit=48;DataInclusao:2019-07-19;IdCategoriaLojaF:0;IdNaturezaProdutoRa:0;IdLojaVirtualPa:0;}
(20:28:40) CategoriaLoja(detalhe):CategoriaLoja {IdCategoriaLoja:999;Nome:Teste;Url:https://www.revendadecosmeticos.com.br/marcas/macrilan.html?limit=48;DataInclusao:2019-07-19;IdCategoriaLojaF:0;IdNaturezaProdutoRa:0;IdLojaVirtualPa:0;}
(20:28:40) CategoriaLoja(detalhe):CategoriaLoja {IdCategoriaLoja:999;Nome:Teste;Url:https://www.revendadecosmeticos.com.br/marcas/macrilan.html?limit=48;DataInclusao:2019-07-19;IdCategoriaLojaF:0;IdNaturezaProdutoRa:0;IdLojaVirtualPa:0;}
(20:28:40) URL: https://www.revendadecosmeticos.com.br/marcas/macrilan.html?limit=48
(20:28:44) CategoriaLoja(detalhe):CategoriaLoja {IdCategoriaLoja:999;Nome:Teste;Url:https://www.revendadecosmeticos.com.br/marcas/macrilan.html?limit=48;DataInclusao:2019-07-19;IdCategoriaLojaF:0;IdNaturezaProdutoRa:0;IdLojaVirtualPa:0;}
(20:30:26) CategoriaLoja(detalhe):CategoriaLoja {IdCategoriaLoja:999;Nome:Teste;Url:https://www.revendadecosmeticos.com.br/marcas/macrilan.html?limit=48&p=11;DataInclusao:2019-07-19;IdCategoriaLojaF:0;IdNaturezaProdutoRa:0;IdLojaVirtualPa:0;}
(20:30:27) CategoriaLoja(detalhe):CategoriaLoja {IdCategoriaLoja:999;Nome:Teste;Url:https://www.revendadecosmeticos.com.br/marcas/macrilan.html?limit=48&p=11;DataInclusao:2019-07-19;IdCategoriaLojaF:0;IdNaturezaProdutoRa:0;IdLojaVirtualPa:0;}
(20:30:27) URL: https://www.revendadecosmeticos.com.br/marcas/macrilan.html?limit=48&p=11
(20:33:14) CategoriaLoja(detalhe):CategoriaLoja {IdCategoriaLoja:999;Nome:Teste;Url:https://www.revendadecosmeticos.com.br/marcas/macrilan.html?limit=48&p=10;DataInclusao:2019-07-19;IdCategoriaLojaF:0;IdNaturezaProdutoRa:0;IdLojaVirtualPa:0;}
(20:33:14) CategoriaLoja(detalhe):CategoriaLoja {IdCategoriaLoja:999;Nome:Teste;Url:https://www.revendadecosmeticos.com.br/marcas/macrilan.html?limit=48&p=10;DataInclusao:2019-07-19;IdCategoriaLojaF:0;IdNaturezaProdutoRa:0;IdLojaVirtualPa:0;}
(20:33:14) URL: https://www.revendadecosmeticos.com.br/marcas/macrilan.html?limit=48&p=10
(20:33:17) CategoriaLoja(detalhe):CategoriaLoja {IdCategoriaLoja:999;Nome:Teste;Url:https://www.revendadecosmeticos.com.br/marcas/macrilan.html?limit=48&p=10;DataInclusao:2019-07-19;IdCategoriaLojaF:0;IdNaturezaProdutoRa:0;IdLojaVirtualPa:0;}
(20:33:19) CategoriaLoja(detalhe):CategoriaLoja {IdCategoriaLoja:999;Nome:Teste;Url:https://www.revendadecosmeticos.com.br/marcas/macrilan.html?limit=48&p=10;DataInclusao:2019-07-19;IdCategoriaLojaF:0;IdNaturezaProdutoRa:0;IdLojaVirtualPa:0;}
(20:33:21) CategoriaLoja(detalhe):CategoriaLoja {IdCategoriaLoja:999;Nome:Teste;Url:https://www.revendadecosmeticos.com.br/marcas/macrilan.html?limit=48&p=10;DataInclusao:2019-07-19;IdCategoriaLojaF:0;IdNaturezaProdutoRa:0;IdLojaVirtualPa:0;}
(20:33:23) CategoriaLoja(detalhe):CategoriaLoja {IdCategoriaLoja:999;Nome:Teste;Url:https://www.revendadecosmeticos.com.br/marcas/macrilan.html?limit=48&p=10;DataInclusao:2019-07-19;IdCategoriaLojaF:0;IdNaturezaProdutoRa:0;IdLojaVirtualPa:0;}
(20:36:34) CategoriaLoja(detalhe):CategoriaLoja {IdCategoriaLoja:999;Nome:Teste;Url:https://www.revendadecosmeticos.com.br/marcas/macrilan.html?limit=48&p=10;DataInclusao:2019-07-19;IdCategoriaLojaF:0;IdNaturezaProdutoRa:0;IdLojaVirtualPa:0;}
(20:36:34) CategoriaLoja(detalhe):CategoriaLoja {IdCategoriaLoja:999;Nome:Teste;Url:https://www.revendadecosmeticos.com.br/marcas/macrilan.html?limit=48&p=10;DataInclusao:2019-07-19;IdCategoriaLojaF:0;IdNaturezaProdutoRa:0;IdLojaVirtualPa:0;}
(20:36:34) URL: https://www.revendadecosmeticos.com.br/marcas/macrilan.html?limit=48&p=10
(20:36:37) CategoriaLoja(detalhe):CategoriaLoja {IdCategoriaLoja:999;Nome:Teste;Url:https://www.revendadecosmeticos.com.br/marcas/macrilan.html?limit=48&p=10;DataInclusao:2019-07-19;IdCategoriaLojaF:0;IdNaturezaProdutoRa:0;IdLojaVirtualPa:0;}
(20:36:37) URL: https://www.revendadecosmeticos.com.br/marcas/macrilan.html?limit=48&p=10
(20:36:39) CategoriaLoja(detalhe):CategoriaLoja {IdCategoriaLoja:999;Nome:Teste;Url:https://www.revendadecosmeticos.com.br/marcas/macrilan.html?limit=48&p=10;DataInclusao:2019-07-19;IdCategoriaLojaF:0;IdNaturezaProdutoRa:0;IdLojaVirtualPa:0;}
(20:36:39) URL: https://www.revendadecosmeticos.com.br/marcas/macrilan.html?limit=48&p=10
(20:36:41) CategoriaLoja(detalhe):CategoriaLoja {IdCategoriaLoja:999;Nome:Teste;Url:https://www.revendadecosmeticos.com.br/marcas/macrilan.html?limit=48&p=10;DataInclusao:2019-07-19;IdCategoriaLojaF:0;IdNaturezaProdutoRa:0;IdLojaVirtualPa:0;}
(20:36:41) URL: https://www.revendadecosmeticos.com.br/marcas/macrilan.html?limit=48&p=10
(20:36:44) CategoriaLoja(detalhe):CategoriaLoja {IdCategoriaLoja:999;Nome:Teste;Url:https://www.revendadecosmeticos.com.br/marcas/macrilan.html?limit=48&p=10;DataInclusao:2019-07-19;IdCategoriaLojaF:0;IdNaturezaProdutoRa:0;IdLojaVirtualPa:0;}
(20:36:44) URL: https://www.revendadecosmeticos.com.br/marcas/macrilan.html?limit=48&p=10
(20:36:46) CategoriaLoja(detalhe):CategoriaLoja {IdCategoriaLoja:999;Nome:Teste;Url:https://www.revendadecosmeticos.com.br/marcas/macrilan.html?limit=48&p=10;DataInclusao:2019-07-19;IdCategoriaLojaF:0;IdNaturezaProdutoRa:0;IdLojaVirtualPa:0;}
(20:36:46) URL: https://www.revendadecosmeticos.com.br/marcas/macrilan.html?limit=48&p=10
(20:36:48) CategoriaLoja(detalhe):CategoriaLoja {IdCategoriaLoja:999;Nome:Teste;Url:https://www.revendadecosmeticos.com.br/marcas/macrilan.html?limit=48&p=10;DataInclusao:2019-07-19;IdCategoriaLojaF:0;IdNaturezaProdutoRa:0;IdLojaVirtualPa:0;}
(20:36:48) URL: https://www.revendadecosmeticos.com.br/marcas/macrilan.html?limit=48&p=10
(20:36:50) CategoriaLoja(detalhe):CategoriaLoja {IdCategoriaLoja:999;Nome:Teste;Url:https://www.revendadecosmeticos.com.br/marcas/macrilan.html?limit=48&p=10;DataInclusao:2019-07-19;IdCategoriaLojaF:0;IdNaturezaProdutoRa:0;IdLojaVirtualPa:0;}
(20:36:50) URL: https://www.revendadecosmeticos.com.br/marcas/macrilan.html?limit=48&p=10
(20:36:52) CategoriaLoja(detalhe):CategoriaLoja {IdCategoriaLoja:999;Nome:Teste;Url:https://www.revendadecosmeticos.com.br/marcas/macrilan.html?limit=48&p=10;DataInclusao:2019-07-19;IdCategoriaLojaF:0;IdNaturezaProdutoRa:0;IdLojaVirtualPa:0;}
(20:36:52) URL: https://www.revendadecosmeticos.com.br/marcas/macrilan.html?limit=48&p=10
(20:36:54) CategoriaLoja(detalhe):CategoriaLoja {IdCategoriaLoja:999;Nome:Teste;Url:https://www.revendadecosmeticos.com.br/marcas/macrilan.html?limit=48&p=10;DataInclusao:2019-07-19;IdCategoriaLojaF:0;IdNaturezaProdutoRa:0;IdLojaVirtualPa:0;}
(20:36:54) URL: https://www.revendadecosmeticos.com.br/marcas/macrilan.html?limit=48&p=10
(20:36:56) CategoriaLoja(detalhe):CategoriaLoja {IdCategoriaLoja:999;Nome:Teste;Url:https://www.revendadecosmeticos.com.br/marcas/macrilan.html?limit=48&p=10;DataInclusao:2019-07-19;IdCategoriaLojaF:0;IdNaturezaProdutoRa:0;IdLojaVirtualPa:0;}
(20:36:56) URL: https://www.revendadecosmeticos.com.br/marcas/macrilan.html?limit=48&p=10
(20:36:58) CategoriaLoja(detalhe):CategoriaLoja {IdCategoriaLoja:999;Nome:Teste;Url:https://www.revendadecosmeticos.com.br/marcas/macrilan.html?limit=48&p=10;DataInclusao:2019-07-19;IdCategoriaLojaF:0;IdNaturezaProdutoRa:0;IdLojaVirtualPa:0;}
(20:36:58) URL: https://www.revendadecosmeticos.com.br/marcas/macrilan.html?limit=48&p=10
(20:37:04) CategoriaLoja(detalhe):CategoriaLoja {IdCategoriaLoja:999;Nome:Teste;Url:https://www.revendadecosmeticos.com.br/marcas/macrilan.html?limit=48&p=10;DataInclusao:2019-07-19;IdCategoriaLojaF:0;IdNaturezaProdutoRa:0;IdLojaVirtualPa:0;}
(20:37:04) CategoriaLoja(detalhe):CategoriaLoja {IdCategoriaLoja:999;Nome:Teste;Url:https://www.revendadecosmeticos.com.br/marcas/macrilan.html?limit=48&p=10;DataInclusao:2019-07-19;IdCategoriaLojaF:0;IdNaturezaProdutoRa:0;IdLojaVirtualPa:0;}
(20:37:04) URL: https://www.revendadecosmeticos.com.br/marcas/macrilan.html?limit=48&p=10
(20:37:07) CategoriaLoja(detalhe):CategoriaLoja {IdCategoriaLoja:999;Nome:Teste;Url:https://www.revendadecosmeticos.com.br/marcas/macrilan.html?limit=48&p=10;DataInclusao:2019-07-19;IdCategoriaLojaF:0;IdNaturezaProdutoRa:0;IdLojaVirtualPa:0;}
(20:37:09) CategoriaLoja(detalhe):CategoriaLoja {IdCategoriaLoja:999;Nome:Teste;Url:https://www.revendadecosmeticos.com.br/marcas/macrilan.html?limit=48&p=10;DataInclusao:2019-07-19;IdCategoriaLojaF:0;IdNaturezaProdutoRa:0;IdLojaVirtualPa:0;}
(20:37:11) CategoriaLoja(detalhe):CategoriaLoja {IdCategoriaLoja:999;Nome:Teste;Url:https://www.revendadecosmeticos.com.br/marcas/macrilan.html?limit=48&p=10;DataInclusao:2019-07-19;IdCategoriaLojaF:0;IdNaturezaProdutoRa:0;IdLojaVirtualPa:0;}
(20:37:13) CategoriaLoja(detalhe):CategoriaLoja {IdCategoriaLoja:999;Nome:Teste;Url:https://www.revendadecosmeticos.com.br/marcas/macrilan.html?limit=48&p=10;DataInclusao:2019-07-19;IdCategoriaLojaF:0;IdNaturezaProdutoRa:0;IdLojaVirtualPa:0;}
(20:39:28) CategoriaLoja(detalhe):CategoriaLoja {IdCategoriaLoja:999;Nome:Teste;Url:https://www.revendadecosmeticos.com.br/marcas/macrilan.html?limit=48&p=10;DataInclusao:2019-07-19;IdCategoriaLojaF:0;IdNaturezaProdutoRa:0;IdLojaVirtualPa:0;}
(20:39:29) CategoriaLoja(detalhe):CategoriaLoja {IdCategoriaLoja:999;Nome:Teste;Url:https://www.revendadecosmeticos.com.br/marcas/macrilan.html?limit=48&p=10;DataInclusao:2019-07-19;IdCategoriaLojaF:0;IdNaturezaProdutoRa:0;IdLojaVirtualPa:0;}
(20:39:29) URL: https://www.revendadecosmeticos.com.br/marcas/macrilan.html?limit=48&p=10
(20:39:31) CategoriaLoja(detalhe):CategoriaLoja {IdCategoriaLoja:999;Nome:Teste;Url:https://www.revendadecosmeticos.com.br/marcas/macrilan.html?limit=48&p=10;DataInclusao:2019-07-19;IdCategoriaLojaF:0;IdNaturezaProdutoRa:0;IdLojaVirtualPa:0;}
(20:39:31) URL: https://www.revendadecosmeticos.com.br/marcas/macrilan.html?limit=48&p=10
(20:39:33) CategoriaLoja(detalhe):CategoriaLoja {IdCategoriaLoja:999;Nome:Teste;Url:https://www.revendadecosmeticos.com.br/marcas/macrilan.html?limit=48&p=10;DataInclusao:2019-07-19;IdCategoriaLojaF:0;IdNaturezaProdutoRa:0;IdLojaVirtualPa:0;}
(20:39:33) URL: https://www.revendadecosmeticos.com.br/marcas/macrilan.html?limit=48&p=10
(20:39:35) CategoriaLoja(detalhe):CategoriaLoja {IdCategoriaLoja:999;Nome:Teste;Url:https://www.revendadecosmeticos.com.br/marcas/macrilan.html?limit=48&p=10;DataInclusao:2019-07-19;IdCategoriaLojaF:0;IdNaturezaProdutoRa:0;IdLojaVirtualPa:0;}
(20:39:35) URL: https://www.revendadecosmeticos.com.br/marcas/macrilan.html?limit=48&p=10
(20:41:46) CategoriaLoja(detalhe):CategoriaLoja {IdCategoriaLoja:999;Nome:Teste;Url:https://www.revendadecosmeticos.com.br/marcas/macrilan.html?limit=48&p=10;DataInclusao:2019-07-19;IdCategoriaLojaF:0;IdNaturezaProdutoRa:0;IdLojaVirtualPa:0;}
(20:41:47) CategoriaLoja(detalhe):CategoriaLoja {IdCategoriaLoja:999;Nome:Teste;Url:https://www.revendadecosmeticos.com.br/marcas/macrilan.html?limit=48&p=10;DataInclusao:2019-07-19;IdCategoriaLojaF:0;IdNaturezaProdutoRa:0;IdLojaVirtualPa:0;}
(20:41:47) URL: https://www.revendadecosmeticos.com.br/marcas/macrilan.html?limit=48&p=10
(20:41:49) CategoriaLoja(detalhe):CategoriaLoja {IdCategoriaLoja:999;Nome:Teste;Url:https://www.revendadecosmeticos.com.br/marcas/macrilan.html?limit=48&p=10;DataInclusao:2019-07-19;IdCategoriaLojaF:0;IdNaturezaProdutoRa:0;IdLojaVirtualPa:0;}
