(02:52:45) Loja:Extra
(02:53:03) Categoria:Notebooks
(02:53:03) CategoriaLoja(detalhe):CategoriaLoja {IdCategoriaLoja:818;Nome:Notebooks;Url:https://www.extra.com.br/Informatica/Notebook/?Filtro=C56_C57;DataInclusao:20-03-2015;IdCategoriaLojaF:0;IdNaturezaProdutoRa:10;IdLojaVirtualPa:3;}
(02:53:03) URL: https://www.extra.com.br/Informatica/Notebook/?Filtro=C56_C57
(02:54:04) Loja:Americanas
(03:02:47) Loja:Extra
(03:03:07) Categoria:Notebooks
(03:28:20) CategoriaLoja(detalhe):CategoriaLoja {IdCategoriaLoja:999;Nome:Teste;Url:https://www.extra.com.br/Informatica/Notebook/?Filtro=C56_C57;DataInclusao:2019-07-19;IdCategoriaLojaF:0;IdNaturezaProdutoRa:0;IdLojaVirtualPa:0;}
(03:28:23) URL: https://www.extra.com.br/Informatica/Notebook/?Filtro=C56_C57
(03:34:54) CategoriaLoja(detalhe):CategoriaLoja {IdCategoriaLoja:999;Nome:Teste;Url:https://www.extra.com.br/Informatica/Notebook/?Filtro=C56_C57;DataInclusao:2019-07-19;IdCategoriaLojaF:0;IdNaturezaProdutoRa:0;IdLojaVirtualPa:0;}
(03:36:53) CategoriaLoja(detalhe):CategoriaLoja {IdCategoriaLoja:999;Nome:Teste;Url:https://www.extra.com.br/Informatica/Notebook/?Filtro=C56_C57;DataInclusao:2019-07-19;IdCategoriaLojaF:0;IdNaturezaProdutoRa:0;IdLojaVirtualPa:0;}
(03:36:55) URL: https://www.extra.com.br/Informatica/Notebook/?Filtro=C56_C57
(03:38:20) CategoriaLoja(detalhe):CategoriaLoja {IdCategoriaLoja:999;Nome:Teste;Url:https://www.extra.com.br/Informatica/Notebook/?Filtro=C56_C57;DataInclusao:2019-07-19;IdCategoriaLojaF:0;IdNaturezaProdutoRa:0;IdLojaVirtualPa:0;}
(03:38:20) URL: https://www.extra.com.br/Informatica/Notebook/?Filtro=C56_C57
(03:43:54) CategoriaLoja(detalhe):CategoriaLoja {IdCategoriaLoja:999;Nome:Teste;Url:https://www.extra.com.br/Informatica/Notebook/?Filtro=C56_C57;DataInclusao:2019-07-19;IdCategoriaLojaF:0;IdNaturezaProdutoRa:0;IdLojaVirtualPa:0;}
(03:43:54) URL: https://www.extra.com.br/Informatica/Notebook/?Filtro=C56_C57
(03:45:18) CategoriaLoja(detalhe):CategoriaLoja {IdCategoriaLoja:999;Nome:Teste;Url:http://www.uol.com.br;DataInclusao:2019-07-19;IdCategoriaLojaF:0;IdNaturezaProdutoRa:0;IdLojaVirtualPa:0;}
(03:45:18) URL: http://www.uol.com.br
(03:46:10) CategoriaLoja(detalhe):CategoriaLoja {IdCategoriaLoja:999;Nome:Teste;Url:https://www.revendadecosmeticos.com.br/marcas/macrilan.html;DataInclusao:2019-07-19;IdCategoriaLojaF:0;IdNaturezaProdutoRa:0;IdLojaVirtualPa:0;}
(03:46:10) URL: https://www.revendadecosmeticos.com.br/marcas/macrilan.html
