(21:06:27) Loja:Extra
(21:07:06) Categoria:Notebooks
(21:07:06) CategoriaLoja(detalhe):CategoriaLoja {IdCategoriaLoja:818;Nome:Notebooks;Url:https://www.extra.com.br/Informatica/Notebook/?Filtro=C56_C57;DataInclusao:20-03-2015;IdCategoriaLojaF:0;IdNaturezaProdutoRa:10;IdLojaVirtualPa:3;}
(21:07:06) URL: https://www.extra.com.br/Informatica/Notebook/?Filtro=C56_C57
(21:08:07) Loja:Americanas
(21:08:42) Categoria:Notebooks
(21:08:42) CategoriaLoja(detalhe):CategoriaLoja {IdCategoriaLoja:817;Nome:Notebooks;Url:http://www.americanas.com.br/linha/267868/informatica/notebook;DataInclusao:20-03-2015;IdCategoriaLojaF:0;IdNaturezaProdutoRa:10;IdLojaVirtualPa:1;}
(21:08:42) URL: http://www.americanas.com.br/linha/267868/informatica/notebook
(21:09:42) Loja:Magazine Luiza
(21:10:14) Categoria:Notebooks
(21:10:14) CategoriaLoja(detalhe):CategoriaLoja {IdCategoriaLoja:820;Nome:Notebooks;Url:http://www.magazineluiza.com.br/notebook/informatica/s/in/note/;DataInclusao:27-03-2015;IdCategoriaLojaF:0;IdNaturezaProdutoRa:10;IdLojaVirtualPa:2;}
(21:10:14) URL: http://www.magazineluiza.com.br/notebook/informatica/s/in/note/
(21:10:14) Loja:Walmart
(21:10:46) Categoria:Notebooks
(21:10:46) CategoriaLoja(detalhe):CategoriaLoja {IdCategoriaLoja:821;Nome:Notebooks;Url:https://www.walmart.com.br/categoria/informatica/notebooks-e-ultrabooks/?fq=C:4699/4701/;DataInclusao:27-03-2015;IdCategoriaLojaF:0;IdNaturezaProdutoRa:10;IdLojaVirtualPa:4;}
(21:10:46) URL: https://www.walmart.com.br/categoria/informatica/notebooks-e-ultrabooks/?fq=C:4699/4701/
(21:10:47) Loja:Submarino
(21:11:19) Categoria:Notebooks
(21:11:19) CategoriaLoja(detalhe):CategoriaLoja {IdCategoriaLoja:819;Nome:Notebooks;Url:http://www.submarino.com.br/linha/271288/informatica/notebook;DataInclusao:20-03-2015;IdCategoriaLojaF:0;IdNaturezaProdutoRa:10;IdLojaVirtualPa:5;}
(21:11:19) URL: http://www.submarino.com.br/linha/271288/informatica/notebook
(21:12:19) Loja:Ricardo Eletro
(21:12:53) Categoria:Notebooks
(21:12:53) CategoriaLoja(detalhe):CategoriaLoja {IdCategoriaLoja:822;Nome:Notebooks;Url:http://www.ricardoeletro.com.br/Loja/Informatica/Notebooks-Ultrabooks/49-82;DataInclusao:27-03-2015;IdCategoriaLojaF:0;IdNaturezaProdutoRa:10;IdLojaVirtualPa:6;}
(21:12:53) URL: http://www.ricardoeletro.com.br/Loja/Informatica/Notebooks-Ultrabooks/49-82
(21:12:54) Loja:Ponto Frio
