(12:32:07) CategoriaLoja(detalhe):CategoriaLoja {IdCategoriaLoja:999;Nome:Teste;Url:https://www.americanas.com.br/categoria/beleza-e-perfumaria/maquiagem/labios?ordenacao=topSelling;DataInclusao:2019-07-19;IdCategoriaLojaF:0;IdNaturezaProdutoRa:0;IdLojaVirtualPa:0;}
(12:32:09) URL: https://www.americanas.com.br/categoria/beleza-e-perfumaria/maquiagem/labios?ordenacao=topSelling
(12:42:19) CategoriaLoja(detalhe):CategoriaLoja {IdCategoriaLoja:999;Nome:Teste;Url:https://www.americanas.com.br/categoria/beleza-e-perfumaria/maquiagem/labios?ordenacao=topSelling;DataInclusao:2019-07-19;IdCategoriaLojaF:0;IdNaturezaProdutoRa:0;IdLojaVirtualPa:0;}
(12:42:20) URL: https://www.americanas.com.br/categoria/beleza-e-perfumaria/maquiagem/labios?ordenacao=topSelling
(12:42:25) URL: https://www.americanas.com.br/categoria/beleza-e-perfumaria/maquiagem/labios?ordenacao=topSelling
(20:57:02) CategoriaLoja(detalhe):CategoriaLoja {IdCategoriaLoja:999;Nome:Teste;Url:https://www.americanas.com.br/categoria/beleza-e-perfumaria/maquiagem/labios?ordenacao=topSelling;DataInclusao:2019-07-19;IdCategoriaLojaF:0;IdNaturezaProdutoRa:0;IdLojaVirtualPa:0;}
(20:57:03) URL: https://www.americanas.com.br/categoria/beleza-e-perfumaria/maquiagem/labios?ordenacao=topSelling
(21:06:40) CategoriaLoja(detalhe):CategoriaLoja {IdCategoriaLoja:999;Nome:Teste;Url:https://www.americanas.com.br/categoria/beleza-e-perfumaria/maquiagem/labios?ordenacao=topSelling;DataInclusao:2019-07-19;IdCategoriaLojaF:0;IdNaturezaProdutoRa:0;IdLojaVirtualPa:0;}
(21:06:43) URL: https://www.americanas.com.br/categoria/beleza-e-perfumaria/maquiagem/labios?ordenacao=topSelling
(21:11:09) CategoriaLoja(detalhe):CategoriaLoja {IdCategoriaLoja:999;Nome:Teste;Url:https://www.americanas.com.br/categoria/beleza-e-perfumaria/maquiagem/labios?ordenacao=topSelling;DataInclusao:2019-07-19;IdCategoriaLojaF:0;IdNaturezaProdutoRa:0;IdLojaVirtualPa:0;}
(21:11:10) URL: https://www.americanas.com.br/categoria/beleza-e-perfumaria/maquiagem/labios?ordenacao=topSelling
(21:13:58) CategoriaLoja(detalhe):CategoriaLoja {IdCategoriaLoja:999;Nome:Teste;Url:https://www.americanas.com.br/categoria/beleza-e-perfumaria/maquiagem/labios?ordenacao=topSelling;DataInclusao:2019-07-19;IdCategoriaLojaF:0;IdNaturezaProdutoRa:0;IdLojaVirtualPa:0;}
(21:14:01) URL: https://www.americanas.com.br/categoria/beleza-e-perfumaria/maquiagem/labios?ordenacao=topSelling
(21:14:14) URL: https://www.americanas.com.br/categoria/beleza-e-perfumaria/maquiagem/labios?ordenacao=topSelling
(21:14:50) CategoriaLoja(detalhe):CategoriaLoja {IdCategoriaLoja:999;Nome:Teste;Url:https://www.americanas.com.br/categoria/beleza-e-perfumaria/maquiagem/labios?ordenacao=topSelling;DataInclusao:2019-07-19;IdCategoriaLojaF:0;IdNaturezaProdutoRa:0;IdLojaVirtualPa:0;}
(21:14:52) URL: https://www.americanas.com.br/categoria/beleza-e-perfumaria/maquiagem/labios?ordenacao=topSelling
(21:14:55) CategoriaLoja(detalhe):CategoriaLoja {IdCategoriaLoja:999;Nome:Teste;Url:https://www.americanas.com.br/categoria/beleza-e-perfumaria/maquiagem/labios?ordenacao=topSelling;DataInclusao:2019-07-19;IdCategoriaLojaF:0;IdNaturezaProdutoRa:0;IdLojaVirtualPa:0;}
(21:14:56) URL: https://www.americanas.com.br/categoria/beleza-e-perfumaria/maquiagem/labios?ordenacao=topSelling
(21:14:58) URL: https://www.americanas.com.br/categoria/beleza-e-perfumaria/maquiagem/labios?ordenacao=topSelling
(21:18:28) CategoriaLoja(detalhe):CategoriaLoja {IdCategoriaLoja:999;Nome:Teste;Url:https://www.americanas.com.br/categoria/beleza-e-perfumaria/maquiagem/labios?ordenacao=topSelling;DataInclusao:2019-07-19;IdCategoriaLojaF:0;IdNaturezaProdutoRa:0;IdLojaVirtualPa:0;}
(21:18:29) URL: https://www.americanas.com.br/categoria/beleza-e-perfumaria/maquiagem/labios?ordenacao=topSelling
(21:18:31) URL: https://www.americanas.com.br/categoria/beleza-e-perfumaria/maquiagem/labios?ordenacao=topSelling
(21:18:31) Produto: Batom Tinta Dna Italy Love Lip Color 10ml Cor Love Red 1und ( https://www.americanas.com.br/produto/49934433?pfm_carac=L%C3%A1bios&pfm_index=0&pfm_page=category&pfm_pos=grid&pfm_type=vit_product_grid&sellerId )  cont: 1
(21:18:32) Produto nao existe
(21:18:32) Codigo Produto:1038809
(21:18:32) Preço Produto: Venda: 0,00 ( 0 x 0,00 ) Id PrecoProduto: 0
(21:18:32) Não existe preço
(21:18:32) Produto: Festa De Moda De Nova Rainha Velvet Matte Lip Glaze Lip Gloss Longa Duração Mordida Lip Controle Nenhum Líquido Pressão Lipstick ( https://www.americanas.com.br/produto/104800390?pfm_carac=L%C3%A1bios&pfm_index=1&pfm_page=category&pfm_pos=grid&pfm_type=vit_product_grid&sellerId )  cont: 2
(21:18:33) Produto nao existe
(21:18:33) Codigo Produto:1038810
(21:18:33) Preço Produto: Venda: 0,00 ( 0 x 0,00 ) Id PrecoProduto: 0
(21:18:33) Não existe preço
(21:18:33) Produto: Huamianli Portable Size Mulheres Brilhante Cor Do Batom Maquiagem Natural Batom ( https://www.americanas.com.br/produto/104737795?pfm_carac=L%C3%A1bios&pfm_index=2&pfm_page=category&pfm_pos=grid&pfm_type=vit_product_grid&sellerId )  cont: 3
(21:18:34) Produto nao existe
(21:18:34) Codigo Produto:1038811
(21:18:34) Preço Produto: Venda: 0,00 ( 0 x 0,00 ) Id PrecoProduto: 0
(21:18:34) Não existe preço
(21:18:34) Produto: Composição Da Forma Da Sereia Caso Cosmetic Sombra Definir Blush Em Pó Lip Gloss Sombra Mascara ( https://www.americanas.com.br/produto/104747675?pfm_carac=L%C3%A1bios&pfm_index=3&pfm_page=category&pfm_pos=grid&pfm_type=vit_product_grid&sellerId )  cont: 4
(21:18:34) Produto nao existe
(21:18:34) Codigo Produto:1038812
(21:18:34) Preço Produto: Venda: 0,00 ( 0 x 0,00 ) Id PrecoProduto: 0
(21:18:34) Não existe preço
(21:18:34) Produto: 1 Pc Encanto Do Beijo De Batom Lasting Moist Batom Hidratante Lip Mel Não É Fácil Para Esfregar Fora Maquiagem Lip Color ( https://www.americanas.com.br/produto/104751557?pfm_carac=L%C3%A1bios&pfm_index=4&pfm_page=category&pfm_pos=grid&pfm_type=vit_product_grid&sellerId )  cont: 5
(21:18:35) Produto nao existe
(21:18:35) Codigo Produto:1038813
(21:18:35) Preço Produto: Venda: 0,00 ( 0 x 0,00 ) Id PrecoProduto: 0
(21:18:35) Não existe preço
(21:18:35) Produto: Kiss Lips Bear Lip Balm Moist Hidratante Hidratação Profunda Cuidados Batom ( https://www.americanas.com.br/produto/104760219?pfm_carac=L%C3%A1bios&pfm_index=5&pfm_page=category&pfm_pos=grid&pfm_type=vit_product_grid&sellerId )  cont: 6
(21:18:36) Produto nao existe
(21:18:36) Codigo Produto:1038814
(21:18:36) Preço Produto: Venda: 0,00 ( 0 x 0,00 ) Id PrecoProduto: 0
(21:18:36) Não existe preço
(21:18:36) Produto: Cor Ensolarado Matte Lip Gloss Batom Velvet Lip Gloss Waterproof Longa Duração Lip Tint Para Mulheres Meninas ( https://www.americanas.com.br/produto/104752847?pfm_carac=L%C3%A1bios&pfm_index=6&pfm_page=category&pfm_pos=grid&pfm_type=vit_product_grid&sellerId )  cont: 7
(21:18:36) Produto nao existe
(21:18:36) Codigo Produto:1038815
(21:18:36) Preço Produto: Venda: 0,00 ( 0 x 0,00 ) Id PrecoProduto: 0
(21:18:36) Não existe preço
(21:18:36) Produto: 1 Pc 5 Color Lip Gloss Longa Duração Matte Líquido Mulher Batom ( https://www.americanas.com.br/produto/104722950?pfm_carac=L%C3%A1bios&pfm_index=7&pfm_page=category&pfm_pos=grid&pfm_type=vit_product_grid&sellerId )  cont: 8
(21:18:37) Produto nao existe
(21:18:37) Codigo Produto:1038816
(21:18:37) Preço Produto: Venda: 0,00 ( 0 x 0,00 ) Id PrecoProduto: 0
(21:18:37) Não existe preço
(21:18:37) Produto: New Waterproof Longa Duração Lip Balm Cor Dobro Batom Moisture Lip Gloss Hidratante Mordida Lábios Make-up ( https://www.americanas.com.br/produto/104743925?pfm_carac=L%C3%A1bios&pfm_index=8&pfm_page=category&pfm_pos=grid&pfm_type=vit_product_grid&sellerId )  cont: 9
(21:18:38) Produto nao existe
(21:18:38) Codigo Produto:1038817
(21:18:38) Preço Produto: Venda: 0,00 ( 0 x 0,00 ) Id PrecoProduto: 0
(21:18:38) Não existe preço
(21:18:38) Produto: Batom Hidratante Lip Suave Vara Longa Duração Charming Lip Batom ( https://www.americanas.com.br/produto/104734171?pfm_carac=L%C3%A1bios&pfm_index=9&pfm_page=category&pfm_pos=grid&pfm_type=vit_product_grid&sellerId )  cont: 10
(21:18:39) Produto nao existe
(21:18:39) Codigo Produto:1038818
(21:18:39) Preço Produto: Venda: 0,00 ( 0 x 0,00 ) Id PrecoProduto: 0
(21:18:39) Não existe preço
(21:18:39) Produto: 2017 New Arrival Branco Tailandês On The 12g Padrão Pomada Bones Entorse Shujin Ativo Pomada Itch Tonturas ( https://www.americanas.com.br/produto/104718868?pfm_carac=L%C3%A1bios&pfm_index=10&pfm_page=category&pfm_pos=grid&pfm_type=vit_product_grid&sellerId )  cont: 11
(21:18:40) Produto nao existe
(21:18:40) Codigo Produto:1038819
(21:18:40) Preço Produto: Venda: 0,00 ( 0 x 0,00 ) Id PrecoProduto: 0
(21:18:40) Não existe preço
(21:18:40) Produto: 2017 De Moda De Nova Clarinete Tia Uva Vermelha Violeta Batom Preto Batom 16 Cores ( https://www.americanas.com.br/produto/104728455?pfm_carac=L%C3%A1bios&pfm_index=11&pfm_page=category&pfm_pos=grid&pfm_type=vit_product_grid&sellerId )  cont: 12
(21:18:40) Produto nao existe
(21:18:40) Codigo Produto:1038820
(21:18:40) Preço Produto: Venda: 0,00 ( 0 x 0,00 ) Id PrecoProduto: 0
(21:18:40) Não existe preço
(21:18:40) Produto: 2016 Hot Sale Multifuntion Col Beautiful Girl Cabeça De Impressão Sobrancelha Maquiagem Tool Clipe Beleza ( https://www.americanas.com.br/produto/104707151?pfm_carac=L%C3%A1bios&pfm_index=12&pfm_page=category&pfm_pos=grid&pfm_type=vit_product_grid&sellerId )  cont: 13
(21:18:41) Produto nao existe
(21:18:41) Codigo Produto:1038821
(21:18:41) Preço Produto: Venda: 0,00 ( 0 x 0,00 ) Id PrecoProduto: 0
(21:18:41) Não existe preço
(21:18:41) Produto: Cílios Clipe Pestana Cartão Helper Cílio Falso Desenhe Eyeliner Helper Mini Cílios Clipe Set Pestana Onda ( https://www.americanas.com.br/produto/104736513?pfm_carac=L%C3%A1bios&pfm_index=13&pfm_page=category&pfm_pos=grid&pfm_type=vit_product_grid&sellerId )  cont: 14
(21:18:42) Produto nao existe
(21:18:42) Codigo Produto:1038822
(21:18:42) Preço Produto: Venda: 0,00 ( 0 x 0,00 ) Id PrecoProduto: 0
(21:18:42) Não existe preço
(21:18:42) Produto: 2017 Melhor Maquiagem Base De 3 Cores Capa Primer Concealer Profissionais Make Up Foundation Contour Concealer ( https://www.americanas.com.br/produto/104654005?pfm_carac=L%C3%A1bios&pfm_index=14&pfm_page=category&pfm_pos=grid&pfm_type=vit_product_grid&sellerId )  cont: 15
(21:18:43) Produto nao existe
(21:18:43) Codigo Produto:1038823
(21:18:43) Preço Produto: Venda: 0,00 ( 0 x 0,00 ) Id PrecoProduto: 0
(21:18:43) Não existe preço
(21:18:43) Produto: Lady Seda Umidade Batom Nutrir Longa Duração Batom Beleza Para O Presente ( https://www.americanas.com.br/produto/104733869?pfm_carac=L%C3%A1bios&pfm_index=15&pfm_page=category&pfm_pos=grid&pfm_type=vit_product_grid&sellerId )  cont: 16
(21:18:43) Produto nao existe
(21:18:43) Codigo Produto:1038824
(21:18:43) Preço Produto: Venda: 0,00 ( 0 x 0,00 ) Id PrecoProduto: 0
(21:18:43) Não existe preço
(21:18:43) Produto: Símbolo Do Coração Latex Puff Pó Foundation Puff Espelho De Maquiagem E Puff Set Melhores Presentes Vender ( https://www.americanas.com.br/produto/104709574?pfm_carac=L%C3%A1bios&pfm_index=16&pfm_page=category&pfm_pos=grid&pfm_type=vit_product_grid&sellerId )  cont: 17
(21:18:44) Produto nao existe
(21:18:44) Codigo Produto:1038825
(21:18:44) Preço Produto: Venda: 0,00 ( 0 x 0,00 ) Id PrecoProduto: 0
(21:18:44) Não existe preço
(21:18:44) Produto: Batom 6 Cores De Veludo De Alta Qualidade À Prova D água De Longa Duração Umidade Beleza Batons Cosmetic Lips Matte Maquiagem ( https://www.americanas.com.br/produto/104717263?pfm_carac=L%C3%A1bios&pfm_index=17&pfm_page=category&pfm_pos=grid&pfm_type=vit_product_grid&sellerId )  cont: 18
(21:18:45) Produto nao existe
(21:18:45) Codigo Produto:1038826
(21:18:45) Preço Produto: Venda: 0,00 ( 0 x 0,00 ) Id PrecoProduto: 0
(21:18:45) Não existe preço
(21:18:45) Produto: Maquiagem Blush Longa Duração Shimmer 6 Cor Do Pigmento Minerals Face Contour Baked Bronzer Blush Makeup Palette ( https://www.americanas.com.br/produto/104642472?pfm_carac=L%C3%A1bios&pfm_index=18&pfm_page=category&pfm_pos=grid&pfm_type=vit_product_grid&sellerId )  cont: 19
(21:18:45) Produto nao existe
(21:18:45) Codigo Produto:1038827
(21:18:45) Preço Produto: Venda: 0,00 ( 0 x 0,00 ) Id PrecoProduto: 0
(21:18:45) Não existe preço
(21:18:45) Produto: Injeção Miss Rose Brilhante Preto Top Concealer Pen Repair Capacidade Bar 4 Cores ( https://www.americanas.com.br/produto/104677802?pfm_carac=L%C3%A1bios&pfm_index=19&pfm_page=category&pfm_pos=grid&pfm_type=vit_product_grid&sellerId )  cont: 20
(21:18:46) Produto nao existe
(21:18:46) Codigo Produto:1038828
(21:18:46) Preço Produto: Venda: 0,00 ( 0 x 0,00 ) Id PrecoProduto: 0
(21:18:46) Não existe preço
(21:18:46) Produto: 1 Pcs Moda Lippie Stix Pop Matte Lipstick Lápis Da Cor Matte Longa Duração Batom Lip Pencil Maquiagem Brink Cor Aleatória ( https://www.americanas.com.br/produto/104810988?pfm_carac=L%C3%A1bios&pfm_index=20&pfm_page=category&pfm_pos=grid&pfm_type=vit_product_grid&sellerId )  cont: 21
(21:18:47) Produto nao existe
(21:18:47) Codigo Produto:1038829
(21:18:47) Preço Produto: Venda: 0,00 ( 0 x 0,00 ) Id PrecoProduto: 0
(21:18:47) Não existe preço
(21:18:47) Produto: Cc Creme Foundation Líquido Maquiagem Nude Concealer Whitening Hidratante Maquiagem Cor Creme Bb Isolamento Brightening Cc Geada Whitening Creme Bb Maquiagem ( https://www.americanas.com.br/produto/104784182?pfm_carac=L%C3%A1bios&pfm_index=21&pfm_page=category&pfm_pos=grid&pfm_type=vit_product_grid&sellerId )  cont: 22
(21:18:48) Produto nao existe
(21:18:48) Codigo Produto:1038830
(21:18:48) Preço Produto: Venda: 0,00 ( 0 x 0,00 ) Id PrecoProduto: 0
(21:18:48) Não existe preço
(21:18:48) Produto: Grátis Por Atacado Hot Rouge Batom Líquido Veludo Matte Lip Gloss Shimmer Metal À Prova D  água De Longo-desgaste Alto Pigmento Nu Rose Red Lip Matiz ( https://www.americanas.com.br/produto/104796064?pfm_carac=L%C3%A1bios&pfm_index=22&pfm_page=category&pfm_pos=grid&pfm_type=vit_product_grid&sellerId )  cont: 23
(21:18:49) Produto nao existe
(21:18:49) Codigo Produto:1038831
(21:18:49) Preço Produto: Venda: 0,00 ( 0 x 0,00 ) Id PrecoProduto: 0
(21:18:49) Não existe preço
(21:18:49) Produto: Livremente Escolhido Pop Ultra Matte Aveludado Líquido Batom Matte Líquido Lipgloss   / Waterproof Lip Gloss Crpm ( https://www.americanas.com.br/produto/104786478?pfm_carac=L%C3%A1bios&pfm_index=23&pfm_page=category&pfm_pos=grid&pfm_type=vit_product_grid&sellerId )  cont: 24
(21:18:49) Produto nao existe
(21:18:49) Codigo Produto:1038832
(21:18:49) Preço Produto: Venda: 0,00 ( 0 x 0,00 ) Id PrecoProduto: 0
(21:18:49) Não existe preço
(21:22:46) CategoriaLoja(detalhe):CategoriaLoja {IdCategoriaLoja:999;Nome:Teste;Url:https://www.americanas.com.br/categoria/beleza-e-perfumaria/maquiagem/labios?ordenacao=topSelling;DataInclusao:2019-07-19;IdCategoriaLojaF:0;IdNaturezaProdutoRa:0;IdLojaVirtualPa:0;}
(21:22:48) URL: https://www.americanas.com.br/categoria/beleza-e-perfumaria/maquiagem/labios?ordenacao=topSelling
(22:17:37) CategoriaLoja(detalhe):CategoriaLoja {IdCategoriaLoja:999;Nome:Teste;Url:https://www.americanas.com.br/categoria/beleza-e-perfumaria/maquiagem/labios?ordenacao=topSelling;DataInclusao:2019-07-19;IdCategoriaLojaF:0;IdNaturezaProdutoRa:0;IdLojaVirtualPa:0;}
(22:17:38) URL: https://www.americanas.com.br/categoria/beleza-e-perfumaria/maquiagem/labios?ordenacao=topSelling
(22:19:46) CategoriaLoja(detalhe):CategoriaLoja {IdCategoriaLoja:999;Nome:Teste;Url:https://www.americanas.com.br/categoria/beleza-e-perfumaria/maquiagem/labios?ordenacao=topSelling;DataInclusao:2019-07-19;IdCategoriaLojaF:0;IdNaturezaProdutoRa:0;IdLojaVirtualPa:0;}
(22:19:47) URL: https://www.americanas.com.br/categoria/beleza-e-perfumaria/maquiagem/labios?ordenacao=topSelling
(22:20:11) CategoriaLoja(detalhe):CategoriaLoja {IdCategoriaLoja:999;Nome:Teste;Url:https://www.americanas.com.br/categoria/beleza-e-perfumaria/maquiagem/labios?ordenacao=topSelling;DataInclusao:2019-07-19;IdCategoriaLojaF:0;IdNaturezaProdutoRa:0;IdLojaVirtualPa:0;}
(22:20:12) URL: https://www.americanas.com.br/categoria/beleza-e-perfumaria/maquiagem/labios?ordenacao=topSelling
(22:20:13) Produto: Batom Tinta Dna Italy Love Lip Color 10ml Cor Love Red 1und ( https://www.americanas.com.br/produto/49934433?pfm_carac=L%C3%A1bios&pfm_index=0&pfm_page=category&pfm_pos=grid&pfm_type=vit_product_grid&sellerId )  cont: 1
(22:20:14) Produto existe (id:1038809)
(22:20:14) Preço Produto: Venda: 0,00 ( 0 x 0,00 ) Id PrecoProduto: 0
(22:20:14) Não existe preço
(22:20:14) Produto: Festa De Moda De Nova Rainha Velvet Matte Lip Glaze Lip Gloss Longa Duração Mordida Lip Controle Nenhum Líquido Pressão Lipstick ( https://www.americanas.com.br/produto/104800390?pfm_carac=L%C3%A1bios&pfm_index=1&pfm_page=category&pfm_pos=grid&pfm_type=vit_product_grid&sellerId )  cont: 2
(22:20:15) Produto existe (id:1038810)
(22:20:15) Preço Produto: Venda: 0,00 ( 0 x 0,00 ) Id PrecoProduto: 0
(22:20:15) Não existe preço
(22:20:15) Produto: Huamianli Portable Size Mulheres Brilhante Cor Do Batom Maquiagem Natural Batom ( https://www.americanas.com.br/produto/104737795?pfm_carac=L%C3%A1bios&pfm_index=2&pfm_page=category&pfm_pos=grid&pfm_type=vit_product_grid&sellerId )  cont: 3
(22:20:15) Produto existe (id:1038811)
(22:20:15) Preço Produto: Venda: 0,00 ( 0 x 0,00 ) Id PrecoProduto: 0
(22:20:15) Não existe preço
(22:20:15) Produto: Composição Da Forma Da Sereia Caso Cosmetic Sombra Definir Blush Em Pó Lip Gloss Sombra Mascara ( https://www.americanas.com.br/produto/104747675?pfm_carac=L%C3%A1bios&pfm_index=3&pfm_page=category&pfm_pos=grid&pfm_type=vit_product_grid&sellerId )  cont: 4
(22:20:16) Produto existe (id:1038812)
(22:20:16) Preço Produto: Venda: 0,00 ( 0 x 0,00 ) Id PrecoProduto: 0
(22:20:16) Não existe preço
(22:20:16) Produto: 1 Pc Encanto Do Beijo De Batom Lasting Moist Batom Hidratante Lip Mel Não É Fácil Para Esfregar Fora Maquiagem Lip Color ( https://www.americanas.com.br/produto/104751557?pfm_carac=L%C3%A1bios&pfm_index=4&pfm_page=category&pfm_pos=grid&pfm_type=vit_product_grid&sellerId )  cont: 5
(22:20:17) Produto existe (id:1038813)
(22:20:17) Preço Produto: Venda: 0,00 ( 0 x 0,00 ) Id PrecoProduto: 0
(22:20:17) Não existe preço
(22:20:17) Produto: Kiss Lips Bear Lip Balm Moist Hidratante Hidratação Profunda Cuidados Batom ( https://www.americanas.com.br/produto/104760219?pfm_carac=L%C3%A1bios&pfm_index=5&pfm_page=category&pfm_pos=grid&pfm_type=vit_product_grid&sellerId )  cont: 6
(22:20:18) Produto existe (id:1038814)
(22:20:18) Preço Produto: Venda: 0,00 ( 0 x 0,00 ) Id PrecoProduto: 0
(22:20:18) Não existe preço
(22:20:18) Produto: Cor Ensolarado Matte Lip Gloss Batom Velvet Lip Gloss Waterproof Longa Duração Lip Tint Para Mulheres Meninas ( https://www.americanas.com.br/produto/104752847?pfm_carac=L%C3%A1bios&pfm_index=6&pfm_page=category&pfm_pos=grid&pfm_type=vit_product_grid&sellerId )  cont: 7
(22:20:18) Produto existe (id:1038815)
(22:20:18) Preço Produto: Venda: 0,00 ( 0 x 0,00 ) Id PrecoProduto: 0
(22:20:18) Não existe preço
(22:20:18) Produto: 1 Pc 5 Color Lip Gloss Longa Duração Matte Líquido Mulher Batom ( https://www.americanas.com.br/produto/104722950?pfm_carac=L%C3%A1bios&pfm_index=7&pfm_page=category&pfm_pos=grid&pfm_type=vit_product_grid&sellerId )  cont: 8
(22:20:19) Produto existe (id:1038816)
(22:20:19) Preço Produto: Venda: 0,00 ( 0 x 0,00 ) Id PrecoProduto: 0
(22:20:19) Não existe preço
(22:20:19) Produto: New Waterproof Longa Duração Lip Balm Cor Dobro Batom Moisture Lip Gloss Hidratante Mordida Lábios Make-up ( https://www.americanas.com.br/produto/104743925?pfm_carac=L%C3%A1bios&pfm_index=8&pfm_page=category&pfm_pos=grid&pfm_type=vit_product_grid&sellerId )  cont: 9
(22:20:20) Produto existe (id:1038817)
(22:20:20) Preço Produto: Venda: 0,00 ( 0 x 0,00 ) Id PrecoProduto: 0
(22:20:20) Não existe preço
(22:20:20) Produto: Batom Hidratante Lip Suave Vara Longa Duração Charming Lip Batom ( https://www.americanas.com.br/produto/104734171?pfm_carac=L%C3%A1bios&pfm_index=9&pfm_page=category&pfm_pos=grid&pfm_type=vit_product_grid&sellerId )  cont: 10
(22:20:21) Produto existe (id:1038818)
(22:20:21) Preço Produto: Venda: 0,00 ( 0 x 0,00 ) Id PrecoProduto: 0
(22:20:21) Não existe preço
(22:20:21) Produto: 2017 New Arrival Branco Tailandês On The 12g Padrão Pomada Bones Entorse Shujin Ativo Pomada Itch Tonturas ( https://www.americanas.com.br/produto/104718868?pfm_carac=L%C3%A1bios&pfm_index=10&pfm_page=category&pfm_pos=grid&pfm_type=vit_product_grid&sellerId )  cont: 11
(22:20:22) Produto existe (id:1038819)
(22:20:22) Preço Produto: Venda: 0,00 ( 0 x 0,00 ) Id PrecoProduto: 0
(22:20:22) Não existe preço
(22:20:22) Produto: 2017 De Moda De Nova Clarinete Tia Uva Vermelha Violeta Batom Preto Batom 16 Cores ( https://www.americanas.com.br/produto/104728455?pfm_carac=L%C3%A1bios&pfm_index=11&pfm_page=category&pfm_pos=grid&pfm_type=vit_product_grid&sellerId )  cont: 12
(22:20:22) Produto existe (id:1038820)
(22:20:22) Preço Produto: Venda: 0,00 ( 0 x 0,00 ) Id PrecoProduto: 0
(22:20:22) Não existe preço
(22:20:22) Produto: 2016 Hot Sale Multifuntion Col Beautiful Girl Cabeça De Impressão Sobrancelha Maquiagem Tool Clipe Beleza ( https://www.americanas.com.br/produto/104707151?pfm_carac=L%C3%A1bios&pfm_index=12&pfm_page=category&pfm_pos=grid&pfm_type=vit_product_grid&sellerId )  cont: 13
(22:20:23) Produto existe (id:1038821)
(22:20:23) Preço Produto: Venda: 0,00 ( 0 x 0,00 ) Id PrecoProduto: 0
(22:20:23) Não existe preço
(22:20:23) Produto: Cílios Clipe Pestana Cartão Helper Cílio Falso Desenhe Eyeliner Helper Mini Cílios Clipe Set Pestana Onda ( https://www.americanas.com.br/produto/104736513?pfm_carac=L%C3%A1bios&pfm_index=13&pfm_page=category&pfm_pos=grid&pfm_type=vit_product_grid&sellerId )  cont: 14
(22:20:24) Produto existe (id:1038822)
(22:20:24) Preço Produto: Venda: 0,00 ( 0 x 0,00 ) Id PrecoProduto: 0
(22:20:24) Não existe preço
(22:20:24) Produto: 2017 Melhor Maquiagem Base De 3 Cores Capa Primer Concealer Profissionais Make Up Foundation Contour Concealer ( https://www.americanas.com.br/produto/104654005?pfm_carac=L%C3%A1bios&pfm_index=14&pfm_page=category&pfm_pos=grid&pfm_type=vit_product_grid&sellerId )  cont: 15
(22:20:25) Produto existe (id:1038823)
(22:20:25) Preço Produto: Venda: 0,00 ( 0 x 0,00 ) Id PrecoProduto: 0
(22:20:25) Não existe preço
(22:20:25) Produto: Lady Seda Umidade Batom Nutrir Longa Duração Batom Beleza Para O Presente ( https://www.americanas.com.br/produto/104733869?pfm_carac=L%C3%A1bios&pfm_index=15&pfm_page=category&pfm_pos=grid&pfm_type=vit_product_grid&sellerId )  cont: 16
(22:20:26) Produto existe (id:1038824)
(22:20:26) Preço Produto: Venda: 0,00 ( 0 x 0,00 ) Id PrecoProduto: 0
(22:20:26) Não existe preço
(22:20:26) Produto: Símbolo Do Coração Latex Puff Pó Foundation Puff Espelho De Maquiagem E Puff Set Melhores Presentes Vender ( https://www.americanas.com.br/produto/104709574?pfm_carac=L%C3%A1bios&pfm_index=16&pfm_page=category&pfm_pos=grid&pfm_type=vit_product_grid&sellerId )  cont: 17
(22:20:26) Produto existe (id:1038825)
(22:20:26) Preço Produto: Venda: 0,00 ( 0 x 0,00 ) Id PrecoProduto: 0
(22:20:26) Não existe preço
(22:20:26) Produto: Batom 6 Cores De Veludo De Alta Qualidade À Prova D água De Longa Duração Umidade Beleza Batons Cosmetic Lips Matte Maquiagem ( https://www.americanas.com.br/produto/104717263?pfm_carac=L%C3%A1bios&pfm_index=17&pfm_page=category&pfm_pos=grid&pfm_type=vit_product_grid&sellerId )  cont: 18
(22:20:27) Produto existe (id:1038826)
(22:20:27) Preço Produto: Venda: 0,00 ( 0 x 0,00 ) Id PrecoProduto: 0
(22:20:27) Não existe preço
(22:20:27) Produto: Maquiagem Blush Longa Duração Shimmer 6 Cor Do Pigmento Minerals Face Contour Baked Bronzer Blush Makeup Palette ( https://www.americanas.com.br/produto/104642472?pfm_carac=L%C3%A1bios&pfm_index=18&pfm_page=category&pfm_pos=grid&pfm_type=vit_product_grid&sellerId )  cont: 19
(22:20:28) Produto existe (id:1038827)
(22:20:28) Preço Produto: Venda: 0,00 ( 0 x 0,00 ) Id PrecoProduto: 0
(22:20:28) Não existe preço
(22:20:28) Produto: Injeção Miss Rose Brilhante Preto Top Concealer Pen Repair Capacidade Bar 4 Cores ( https://www.americanas.com.br/produto/104677802?pfm_carac=L%C3%A1bios&pfm_index=19&pfm_page=category&pfm_pos=grid&pfm_type=vit_product_grid&sellerId )  cont: 20
(22:20:29) Produto existe (id:1038828)
(22:20:29) Preço Produto: Venda: 0,00 ( 0 x 0,00 ) Id PrecoProduto: 0
(22:20:29) Não existe preço
(22:20:29) Produto: 1 Pcs Moda Lippie Stix Pop Matte Lipstick Lápis Da Cor Matte Longa Duração Batom Lip Pencil Maquiagem Brink Cor Aleatória ( https://www.americanas.com.br/produto/104810988?pfm_carac=L%C3%A1bios&pfm_index=20&pfm_page=category&pfm_pos=grid&pfm_type=vit_product_grid&sellerId )  cont: 21
(22:20:30) Produto existe (id:1038829)
(22:20:30) Preço Produto: Venda: 0,00 ( 0 x 0,00 ) Id PrecoProduto: 0
(22:20:30) Não existe preço
(22:20:30) Produto: Cc Creme Foundation Líquido Maquiagem Nude Concealer Whitening Hidratante Maquiagem Cor Creme Bb Isolamento Brightening Cc Geada Whitening Creme Bb Maquiagem ( https://www.americanas.com.br/produto/104784182?pfm_carac=L%C3%A1bios&pfm_index=21&pfm_page=category&pfm_pos=grid&pfm_type=vit_product_grid&sellerId )  cont: 22
(22:20:30) Produto existe (id:1038830)
(22:20:30) Preço Produto: Venda: 0,00 ( 0 x 0,00 ) Id PrecoProduto: 0
(22:20:30) Não existe preço
(22:20:30) Produto: Grátis Por Atacado Hot Rouge Batom Líquido Veludo Matte Lip Gloss Shimmer Metal À Prova D  água De Longo-desgaste Alto Pigmento Nu Rose Red Lip Matiz ( https://www.americanas.com.br/produto/104796064?pfm_carac=L%C3%A1bios&pfm_index=22&pfm_page=category&pfm_pos=grid&pfm_type=vit_product_grid&sellerId )  cont: 23
(22:20:31) Produto existe (id:1038831)
(22:20:31) Preço Produto: Venda: 0,00 ( 0 x 0,00 ) Id PrecoProduto: 0
(22:20:31) Não existe preço
(22:20:31) Produto: Livremente Escolhido Pop Ultra Matte Aveludado Líquido Batom Matte Líquido Lipgloss   / Waterproof Lip Gloss Crpm ( https://www.americanas.com.br/produto/104786478?pfm_carac=L%C3%A1bios&pfm_index=23&pfm_page=category&pfm_pos=grid&pfm_type=vit_product_grid&sellerId )  cont: 24
(22:20:32) Produto existe (id:1038832)
(22:20:32) Preço Produto: Venda: 0,00 ( 0 x 0,00 ) Id PrecoProduto: 0
(22:20:32) Não existe preço
(22:21:10) CategoriaLoja(detalhe):CategoriaLoja {IdCategoriaLoja:999;Nome:Teste;Url:https://www.americanas.com.br/categoria/beleza-e-perfumaria/maquiagem/labios?ordenacao=topSelling;DataInclusao:2019-07-19;IdCategoriaLojaF:0;IdNaturezaProdutoRa:0;IdLojaVirtualPa:0;}
(22:21:12) URL: https://www.americanas.com.br/categoria/beleza-e-perfumaria/maquiagem/labios?ordenacao=topSelling
(22:21:38) CategoriaLoja(detalhe):CategoriaLoja {IdCategoriaLoja:999;Nome:Teste;Url:https://www.americanas.com.br/categoria/beleza-e-perfumaria/maquiagem/labios?ordenacao=topSelling;DataInclusao:2019-07-19;IdCategoriaLojaF:0;IdNaturezaProdutoRa:0;IdLojaVirtualPa:0;}
(22:21:39) URL: https://www.americanas.com.br/categoria/beleza-e-perfumaria/maquiagem/labios?ordenacao=topSelling
(22:21:40) Produto: Batom Tinta Dna Italy Love Lip Color 10ml Cor Love Red 1und ( https://www.americanas.com.br/produto/49934433?pfm_carac=L%C3%A1bios&pfm_index=0&pfm_page=category&pfm_pos=grid&pfm_type=vit_product_grid&sellerId )  cont: 1
(22:21:41) Produto existe (id:1038809)
(22:21:41) Preço Produto: Venda: 0,00 ( 0 x 0,00 ) Id PrecoProduto: 0
(22:21:41) Não existe preço
(22:21:41) Produto: Festa De Moda De Nova Rainha Velvet Matte Lip Glaze Lip Gloss Longa Duração Mordida Lip Controle Nenhum Líquido Pressão Lipstick ( https://www.americanas.com.br/produto/104800390?pfm_carac=L%C3%A1bios&pfm_index=1&pfm_page=category&pfm_pos=grid&pfm_type=vit_product_grid&sellerId )  cont: 2
(22:21:42) Produto existe (id:1038810)
(22:21:42) Preço Produto: Venda: 0,00 ( 0 x 0,00 ) Id PrecoProduto: 0
(22:21:42) Não existe preço
(22:21:42) Produto: Huamianli Portable Size Mulheres Brilhante Cor Do Batom Maquiagem Natural Batom ( https://www.americanas.com.br/produto/104737795?pfm_carac=L%C3%A1bios&pfm_index=2&pfm_page=category&pfm_pos=grid&pfm_type=vit_product_grid&sellerId )  cont: 3
(22:21:43) Produto existe (id:1038811)
(22:21:43) Preço Produto: Venda: 0,00 ( 0 x 0,00 ) Id PrecoProduto: 0
(22:21:43) Não existe preço
(22:21:43) Produto: Composição Da Forma Da Sereia Caso Cosmetic Sombra Definir Blush Em Pó Lip Gloss Sombra Mascara ( https://www.americanas.com.br/produto/104747675?pfm_carac=L%C3%A1bios&pfm_index=3&pfm_page=category&pfm_pos=grid&pfm_type=vit_product_grid&sellerId )  cont: 4
(22:21:43) Produto existe (id:1038812)
(22:21:43) Preço Produto: Venda: 0,00 ( 0 x 0,00 ) Id PrecoProduto: 0
(22:21:43) Não existe preço
(22:21:43) Produto: 1 Pc Encanto Do Beijo De Batom Lasting Moist Batom Hidratante Lip Mel Não É Fácil Para Esfregar Fora Maquiagem Lip Color ( https://www.americanas.com.br/produto/104751557?pfm_carac=L%C3%A1bios&pfm_index=4&pfm_page=category&pfm_pos=grid&pfm_type=vit_product_grid&sellerId )  cont: 5
(22:21:44) Produto existe (id:1038813)
(22:21:44) Preço Produto: Venda: 0,00 ( 0 x 0,00 ) Id PrecoProduto: 0
(22:21:44) Não existe preço
(22:21:44) Produto: Kiss Lips Bear Lip Balm Moist Hidratante Hidratação Profunda Cuidados Batom ( https://www.americanas.com.br/produto/104760219?pfm_carac=L%C3%A1bios&pfm_index=5&pfm_page=category&pfm_pos=grid&pfm_type=vit_product_grid&sellerId )  cont: 6
(22:21:45) Produto existe (id:1038814)
(22:21:45) Preço Produto: Venda: 0,00 ( 0 x 0,00 ) Id PrecoProduto: 0
(22:21:45) Não existe preço
(22:21:45) Produto: Cor Ensolarado Matte Lip Gloss Batom Velvet Lip Gloss Waterproof Longa Duração Lip Tint Para Mulheres Meninas ( https://www.americanas.com.br/produto/104752847?pfm_carac=L%C3%A1bios&pfm_index=6&pfm_page=category&pfm_pos=grid&pfm_type=vit_product_grid&sellerId )  cont: 7
(22:21:46) Produto existe (id:1038815)
(22:21:46) Preço Produto: Venda: 0,00 ( 0 x 0,00 ) Id PrecoProduto: 0
(22:21:46) Não existe preço
(22:21:46) Produto: 1 Pc 5 Color Lip Gloss Longa Duração Matte Líquido Mulher Batom ( https://www.americanas.com.br/produto/104722950?pfm_carac=L%C3%A1bios&pfm_index=7&pfm_page=category&pfm_pos=grid&pfm_type=vit_product_grid&sellerId )  cont: 8
(22:21:47) Produto existe (id:1038816)
(22:21:47) Preço Produto: Venda: 0,00 ( 0 x 0,00 ) Id PrecoProduto: 0
(22:21:47) Não existe preço
(22:21:47) Produto: New Waterproof Longa Duração Lip Balm Cor Dobro Batom Moisture Lip Gloss Hidratante Mordida Lábios Make-up ( https://www.americanas.com.br/produto/104743925?pfm_carac=L%C3%A1bios&pfm_index=8&pfm_page=category&pfm_pos=grid&pfm_type=vit_product_grid&sellerId )  cont: 9
(22:21:47) Produto existe (id:1038817)
(22:21:47) Preço Produto: Venda: 0,00 ( 0 x 0,00 ) Id PrecoProduto: 0
(22:21:47) Não existe preço
(22:21:47) Produto: Batom Hidratante Lip Suave Vara Longa Duração Charming Lip Batom ( https://www.americanas.com.br/produto/104734171?pfm_carac=L%C3%A1bios&pfm_index=9&pfm_page=category&pfm_pos=grid&pfm_type=vit_product_grid&sellerId )  cont: 10
(22:21:48) Produto existe (id:1038818)
(22:21:48) Preço Produto: Venda: 0,00 ( 0 x 0,00 ) Id PrecoProduto: 0
(22:21:48) Não existe preço
(22:21:48) Produto: 2017 New Arrival Branco Tailandês On The 12g Padrão Pomada Bones Entorse Shujin Ativo Pomada Itch Tonturas ( https://www.americanas.com.br/produto/104718868?pfm_carac=L%C3%A1bios&pfm_index=10&pfm_page=category&pfm_pos=grid&pfm_type=vit_product_grid&sellerId )  cont: 11
(22:21:49) Produto existe (id:1038819)
(22:21:49) Preço Produto: Venda: 0,00 ( 0 x 0,00 ) Id PrecoProduto: 0
(22:21:49) Não existe preço
(22:21:49) Produto: 2017 De Moda De Nova Clarinete Tia Uva Vermelha Violeta Batom Preto Batom 16 Cores ( https://www.americanas.com.br/produto/104728455?pfm_carac=L%C3%A1bios&pfm_index=11&pfm_page=category&pfm_pos=grid&pfm_type=vit_product_grid&sellerId )  cont: 12
(22:21:50) Produto existe (id:1038820)
(22:21:50) Preço Produto: Venda: 0,00 ( 0 x 0,00 ) Id PrecoProduto: 0
(22:21:50) Não existe preço
(22:21:50) Produto: 2016 Hot Sale Multifuntion Col Beautiful Girl Cabeça De Impressão Sobrancelha Maquiagem Tool Clipe Beleza ( https://www.americanas.com.br/produto/104707151?pfm_carac=L%C3%A1bios&pfm_index=12&pfm_page=category&pfm_pos=grid&pfm_type=vit_product_grid&sellerId )  cont: 13
(22:21:51) Produto existe (id:1038821)
(22:21:51) Preço Produto: Venda: 0,00 ( 0 x 0,00 ) Id PrecoProduto: 0
(22:21:51) Não existe preço
(22:21:51) Produto: Cílios Clipe Pestana Cartão Helper Cílio Falso Desenhe Eyeliner Helper Mini Cílios Clipe Set Pestana Onda ( https://www.americanas.com.br/produto/104736513?pfm_carac=L%C3%A1bios&pfm_index=13&pfm_page=category&pfm_pos=grid&pfm_type=vit_product_grid&sellerId )  cont: 14
(22:21:51) Produto existe (id:1038822)
(22:21:51) Preço Produto: Venda: 0,00 ( 0 x 0,00 ) Id PrecoProduto: 0
(22:21:51) Não existe preço
(22:21:51) Produto: 2017 Melhor Maquiagem Base De 3 Cores Capa Primer Concealer Profissionais Make Up Foundation Contour Concealer ( https://www.americanas.com.br/produto/104654005?pfm_carac=L%C3%A1bios&pfm_index=14&pfm_page=category&pfm_pos=grid&pfm_type=vit_product_grid&sellerId )  cont: 15
(22:21:52) Produto existe (id:1038823)
(22:21:52) Preço Produto: Venda: 0,00 ( 0 x 0,00 ) Id PrecoProduto: 0
(22:21:52) Não existe preço
(22:21:52) Produto: Lady Seda Umidade Batom Nutrir Longa Duração Batom Beleza Para O Presente ( https://www.americanas.com.br/produto/104733869?pfm_carac=L%C3%A1bios&pfm_index=15&pfm_page=category&pfm_pos=grid&pfm_type=vit_product_grid&sellerId )  cont: 16
(22:21:53) Produto existe (id:1038824)
(22:21:53) Preço Produto: Venda: 0,00 ( 0 x 0,00 ) Id PrecoProduto: 0
(22:21:53) Não existe preço
(22:21:53) Produto: Símbolo Do Coração Latex Puff Pó Foundation Puff Espelho De Maquiagem E Puff Set Melhores Presentes Vender ( https://www.americanas.com.br/produto/104709574?pfm_carac=L%C3%A1bios&pfm_index=16&pfm_page=category&pfm_pos=grid&pfm_type=vit_product_grid&sellerId )  cont: 17
(22:21:54) Produto existe (id:1038825)
(22:21:54) Preço Produto: Venda: 0,00 ( 0 x 0,00 ) Id PrecoProduto: 0
(22:21:54) Não existe preço
(22:21:54) Produto: Batom 6 Cores De Veludo De Alta Qualidade À Prova D água De Longa Duração Umidade Beleza Batons Cosmetic Lips Matte Maquiagem ( https://www.americanas.com.br/produto/104717263?pfm_carac=L%C3%A1bios&pfm_index=17&pfm_page=category&pfm_pos=grid&pfm_type=vit_product_grid&sellerId )  cont: 18
(22:21:55) Produto existe (id:1038826)
(22:21:55) Preço Produto: Venda: 0,00 ( 0 x 0,00 ) Id PrecoProduto: 0
(22:21:55) Não existe preço
(22:21:55) Produto: Maquiagem Blush Longa Duração Shimmer 6 Cor Do Pigmento Minerals Face Contour Baked Bronzer Blush Makeup Palette ( https://www.americanas.com.br/produto/104642472?pfm_carac=L%C3%A1bios&pfm_index=18&pfm_page=category&pfm_pos=grid&pfm_type=vit_product_grid&sellerId )  cont: 19
(22:21:55) Produto existe (id:1038827)
(22:21:55) Preço Produto: Venda: 0,00 ( 0 x 0,00 ) Id PrecoProduto: 0
(22:21:55) Não existe preço
(22:21:55) Produto: Injeção Miss Rose Brilhante Preto Top Concealer Pen Repair Capacidade Bar 4 Cores ( https://www.americanas.com.br/produto/104677802?pfm_carac=L%C3%A1bios&pfm_index=19&pfm_page=category&pfm_pos=grid&pfm_type=vit_product_grid&sellerId )  cont: 20
(22:21:56) Produto existe (id:1038828)
(22:21:56) Preço Produto: Venda: 0,00 ( 0 x 0,00 ) Id PrecoProduto: 0
(22:21:56) Não existe preço
(22:21:56) Produto: 1 Pcs Moda Lippie Stix Pop Matte Lipstick Lápis Da Cor Matte Longa Duração Batom Lip Pencil Maquiagem Brink Cor Aleatória ( https://www.americanas.com.br/produto/104810988?pfm_carac=L%C3%A1bios&pfm_index=20&pfm_page=category&pfm_pos=grid&pfm_type=vit_product_grid&sellerId )  cont: 21
(22:21:57) Produto existe (id:1038829)
(22:21:57) Preço Produto: Venda: 0,00 ( 0 x 0,00 ) Id PrecoProduto: 0
(22:21:57) Não existe preço
(22:21:57) Produto: Cc Creme Foundation Líquido Maquiagem Nude Concealer Whitening Hidratante Maquiagem Cor Creme Bb Isolamento Brightening Cc Geada Whitening Creme Bb Maquiagem ( https://www.americanas.com.br/produto/104784182?pfm_carac=L%C3%A1bios&pfm_index=21&pfm_page=category&pfm_pos=grid&pfm_type=vit_product_grid&sellerId )  cont: 22
(22:21:58) Produto existe (id:1038830)
(22:21:58) Preço Produto: Venda: 0,00 ( 0 x 0,00 ) Id PrecoProduto: 0
(22:21:58) Não existe preço
(22:21:58) Produto: Grátis Por Atacado Hot Rouge Batom Líquido Veludo Matte Lip Gloss Shimmer Metal À Prova D  água De Longo-desgaste Alto Pigmento Nu Rose Red Lip Matiz ( https://www.americanas.com.br/produto/104796064?pfm_carac=L%C3%A1bios&pfm_index=22&pfm_page=category&pfm_pos=grid&pfm_type=vit_product_grid&sellerId )  cont: 23
(22:21:59) Produto existe (id:1038831)
(22:21:59) Preço Produto: Venda: 0,00 ( 0 x 0,00 ) Id PrecoProduto: 0
(22:21:59) Não existe preço
(22:21:59) Produto: Livremente Escolhido Pop Ultra Matte Aveludado Líquido Batom Matte Líquido Lipgloss   / Waterproof Lip Gloss Crpm ( https://www.americanas.com.br/produto/104786478?pfm_carac=L%C3%A1bios&pfm_index=23&pfm_page=category&pfm_pos=grid&pfm_type=vit_product_grid&sellerId )  cont: 24
(22:21:59) Produto existe (id:1038832)
(22:21:59) Preço Produto: Venda: 0,00 ( 0 x 0,00 ) Id PrecoProduto: 0
(22:21:59) Não existe preço
(22:22:01) Produto: Fruit Lip Balm Bola Portátil Vaseline Lip Balm Liso Hidratante Anti-rugas Envelhecimento Atualizar Nutrir Lipstick ( https://www.americanas.com.br/produto/104765321?pfm_carac=L%C3%A1bios&pfm_index=0&pfm_page=category&pfm_pos=grid&pfm_type=vit_product_grid&sellerId )  cont: 25
(22:22:02) Produto nao existe
(22:22:02) Codigo Produto:1038959
(22:22:02) Preço Produto: Venda: 0,00 ( 0 x 0,00 ) Id PrecoProduto: 0
(22:22:02) Não existe preço
(22:22:02) Produto: 3 Cores Face Contour Palette Focallure Shimmer Marcador Cheek Blush Em Pó Pigmento Sombra Contorno Cosmestic ( https://www.americanas.com.br/produto/104782724?pfm_carac=L%C3%A1bios&pfm_index=1&pfm_page=category&pfm_pos=grid&pfm_type=vit_product_grid&sellerId )  cont: 26
(22:22:03) Produto nao existe
(22:22:03) Codigo Produto:1038960
(22:22:03) Preço Produto: Venda: 0,00 ( 0 x 0,00 ) Id PrecoProduto: 0
(22:22:03) Não existe preço
(22:22:03) Produto: 8 Almofada Pcs Special Air Bb Creme Soprador Foundation Sponge Beleza Maquiagem Ferramentas De Maquiagem Seco E Molhado Puff ( https://www.americanas.com.br/produto/104736929?pfm_carac=L%C3%A1bios&pfm_index=2&pfm_page=category&pfm_pos=grid&pfm_type=vit_product_grid&sellerId )  cont: 27
(22:22:04) Produto nao existe
(22:22:04) Codigo Produto:1038961
(22:22:04) Preço Produto: Venda: 0,00 ( 0 x 0,00 ) Id PrecoProduto: 0
(22:22:04) Não existe preço
(22:22:04) Produto: 1 Pcs 5 Cores Reabastecer Sticks Beleza Moda Maquiagem Esponja Puff Mulheres ( https://www.americanas.com.br/produto/104779189?pfm_carac=L%C3%A1bios&pfm_index=3&pfm_page=category&pfm_pos=grid&pfm_type=vit_product_grid&sellerId )  cont: 28
(22:22:04) Produto nao existe
(22:22:04) Codigo Produto:1038962
(22:22:04) Preço Produto: Venda: 0,00 ( 0 x 0,00 ) Id PrecoProduto: 0
(22:22:04) Não existe preço
(22:22:04) Produto: 1 Pc Moda 5 Cor Cosméticos Longa Duração Impermeável De Lip Pencil Líquido Matte Lipstick Lipgloss Da Composição ( https://www.americanas.com.br/produto/104763508?pfm_carac=L%C3%A1bios&pfm_index=4&pfm_page=category&pfm_pos=grid&pfm_type=vit_product_grid&sellerId )  cont: 29
(22:22:05) Produto nao existe
(22:22:05) Codigo Produto:1038963
(22:22:05) Preço Produto: Venda: 0,00 ( 0 x 0,00 ) Id PrecoProduto: 0
(22:22:05) Não existe preço
(22:22:05) Produto: Tomato Pie Lip Reparação Máscara Hidratante Lábios Cuidados Nutrir Lip Para Uso Diário ( https://www.americanas.com.br/produto/104753818?pfm_carac=L%C3%A1bios&pfm_index=5&pfm_page=category&pfm_pos=grid&pfm_type=vit_product_grid&sellerId )  cont: 30
(22:22:06) Produto nao existe
(22:22:06) Codigo Produto:1038964
(22:22:06) Preço Produto: Venda: 0,00 ( 0 x 0,00 ) Id PrecoProduto: 0
(22:22:06) Não existe preço
(22:22:06) Produto: Mulheres Moda Maquiagem Ubub Matte Pressione O Botão Batom Lip Mordida Duradoura Big Red Not Fade Lipstick ( https://www.americanas.com.br/produto/104781115?pfm_carac=L%C3%A1bios&pfm_index=6&pfm_page=category&pfm_pos=grid&pfm_type=vit_product_grid&sellerId )  cont: 31
(22:22:07) Produto nao existe
(22:22:07) Codigo Produto:1038965
(22:22:07) Preço Produto: Venda: 0,00 ( 0 x 0,00 ) Id PrecoProduto: 0
(22:22:07) Não existe preço
(22:22:07) Produto: New 15 Cores Contour Creme Makeup Concealer Palette ( https://www.americanas.com.br/produto/104757205?pfm_carac=L%C3%A1bios&pfm_index=7&pfm_page=category&pfm_pos=grid&pfm_type=vit_product_grid&sellerId )  cont: 32
(22:22:07) Produto nao existe
(22:22:07) Codigo Produto:1038966
(22:22:07) Preço Produto: Venda: 0,00 ( 0 x 0,00 ) Id PrecoProduto: 0
(22:22:07) Não existe preço
(22:22:07) Produto: 5 Em 1 Beleza Bochecha Face Maquiagem Das Mulheres Macio Natural Blush Blush Em Pó Cosmetic Com Esponja ( https://www.americanas.com.br/produto/104737628?pfm_carac=L%C3%A1bios&pfm_index=8&pfm_page=category&pfm_pos=grid&pfm_type=vit_product_grid&sellerId )  cont: 33
(22:22:08) Produto nao existe
(22:22:08) Codigo Produto:1038967
(22:22:08) Preço Produto: Venda: 0,00 ( 0 x 0,00 ) Id PrecoProduto: 0
(22:22:08) Não existe preço
(22:22:08) Produto: Mudando A Cor Jelly Batom Sem Descoloração Não Manchado Copa Batom Lasting Moisturizing Mordida Waterproof Lip Makeup ( https://www.americanas.com.br/produto/104705510?pfm_carac=L%C3%A1bios&pfm_index=9&pfm_page=category&pfm_pos=grid&pfm_type=vit_product_grid&sellerId )  cont: 34
(22:22:09) Produto nao existe
(22:22:09) Codigo Produto:1038968
(22:22:09) Preço Produto: Venda: 0,00 ( 0 x 0,00 ) Id PrecoProduto: 0
(22:22:09) Não existe preço
(22:22:09) Produto: Huamianli Portable Size Mulheres Lip Makeup Matt Líquido Cosmetic Beauty Lip Gloss ( https://www.americanas.com.br/produto/104712181?pfm_carac=L%C3%A1bios&pfm_index=10&pfm_page=category&pfm_pos=grid&pfm_type=vit_product_grid&sellerId )  cont: 35
(22:22:10) Produto nao existe
(22:22:10) Codigo Produto:1038969
(22:22:10) Preço Produto: Venda: 0,00 ( 0 x 0,00 ) Id PrecoProduto: 0
(22:22:10) Não existe preço
(22:22:10) Produto: 2017 Nova Matte Hot Velvet Líquido Lip Glaze Do Not Pegajosas Sticks Pegajosas Lasting Incolor Batom Não É Fácil A Desaparecer Lip Gloss ( https://www.americanas.com.br/produto/104717936?pfm_carac=L%C3%A1bios&pfm_index=11&pfm_page=category&pfm_pos=grid&pfm_type=vit_product_grid&sellerId )  cont: 36
(22:22:11) Produto nao existe
(22:22:11) Codigo Produto:1038970
(22:22:11) Preço Produto: Venda: 0,00 ( 0 x 0,00 ) Id PrecoProduto: 0
(22:22:11) Não existe preço
(22:22:11) Produto: 10 Cores Brilhantes Piscando Eye Liner Rápida Para Secar Waterproof Glitter Eyeshadow Líquido Eyeliner Maquiagem ( https://www.americanas.com.br/produto/104719589?pfm_carac=L%C3%A1bios&pfm_index=12&pfm_page=category&pfm_pos=grid&pfm_type=vit_product_grid&sellerId )  cont: 37
(22:22:11) Produto nao existe
(22:22:11) Codigo Produto:1038971
(22:22:11) Preço Produto: Venda: 0,00 ( 0 x 0,00 ) Id PrecoProduto: 0
(22:22:11) Não existe preço
(22:22:11) Produto: Ryukyu E Ouro Batom Hidratante Longa Duração Hidratante Batom Morder O Lábio Gilt Fluxo De Ouro Variety ( https://www.americanas.com.br/produto/104682660?pfm_carac=L%C3%A1bios&pfm_index=13&pfm_page=category&pfm_pos=grid&pfm_type=vit_product_grid&sellerId )  cont: 38
(22:22:12) Produto nao existe
(22:22:12) Codigo Produto:1038972
(22:22:12) Preço Produto: Venda: 0,00 ( 0 x 0,00 ) Id PrecoProduto: 0
(22:22:12) Não existe preço
(22:22:12) Produto: Aloe Vera Batom Temperatura Alterar Cores Hidratante Lasting Lip Balm ( https://www.americanas.com.br/produto/104715215?pfm_carac=L%C3%A1bios&pfm_index=14&pfm_page=category&pfm_pos=grid&pfm_type=vit_product_grid&sellerId )  cont: 39
(22:22:13) Produto nao existe
(22:22:13) Codigo Produto:1038973
(22:22:13) Preço Produto: Venda: 0,00 ( 0 x 0,00 ) Id PrecoProduto: 0
(22:22:13) Não existe preço
(22:22:13) Produto: 33 Combinação De Cor Da Paleta Da Sombra Carteira Forma Blush Batom Pó Sobrancelha Pó ( https://www.americanas.com.br/produto/104742465?pfm_carac=L%C3%A1bios&pfm_index=15&pfm_page=category&pfm_pos=grid&pfm_type=vit_product_grid&sellerId )  cont: 40
(22:22:14) Produto nao existe
(22:22:14) Codigo Produto:1038974
(22:22:14) Preço Produto: Venda: 0,00 ( 0 x 0,00 ) Id PrecoProduto: 0
(22:22:14) Não existe preço
(22:22:14) Produto: 2017 New Arrival Final Óleo Sobre Aloe Vera Gel Extrato Menow Batom Gel Removedor Rápida E Fácil Use Removedor De Maquiagem ( https://www.americanas.com.br/produto/104740731?pfm_carac=L%C3%A1bios&pfm_index=16&pfm_page=category&pfm_pos=grid&pfm_type=vit_product_grid&sellerId )  cont: 41
(22:22:15) Produto nao existe
(22:22:15) Codigo Produto:1038975
(22:22:15) Preço Produto: Venda: 0,00 ( 0 x 0,00 ) Id PrecoProduto: 0
(22:22:15) Não existe preço
(22:22:15) Produto: Mulheres Bonitas Cores Do Batom Lábios Maquiagem Longa Duração Cosméticos Ferramenta De Beleza ( https://www.americanas.com.br/produto/104717380?pfm_carac=L%C3%A1bios&pfm_index=17&pfm_page=category&pfm_pos=grid&pfm_type=vit_product_grid&sellerId )  cont: 42
(22:22:15) Produto nao existe
(22:22:15) Codigo Produto:1038976
(22:22:15) Preço Produto: Venda: 0,00 ( 0 x 0,00 ) Id PrecoProduto: 0
(22:22:15) Não existe preço
(22:22:15) Produto: Imagic Maquiagem Cheek Blush Em Pó 8 Cor Blush Diferente Pó Cor Pressionado Blush Foundation Maquiagem Rosto ( https://www.americanas.com.br/produto/104701847?pfm_carac=L%C3%A1bios&pfm_index=18&pfm_page=category&pfm_pos=grid&pfm_type=vit_product_grid&sellerId )  cont: 43
(22:22:16) Produto nao existe
(22:22:16) Codigo Produto:1038977
(22:22:16) Preço Produto: Venda: 0,00 ( 0 x 0,00 ) Id PrecoProduto: 0
(22:22:16) Não existe preço
(22:22:16) Produto: 4pcs   / 8 Pcs Maquiagem Blush Ferramentas Eyeshadow Blending Set Concealer Cosmetic Pincel Delineador Lip Brushes (cor: Preto, Rosa, Verga) ( https://www.americanas.com.br/produto/104700761?pfm_carac=L%C3%A1bios&pfm_index=19&pfm_page=category&pfm_pos=grid&pfm_type=vit_product_grid&sellerId )  cont: 44
(22:22:17) Produto nao existe
(22:22:17) Codigo Produto:1038978
(22:22:17) Preço Produto: Venda: 0,00 ( 0 x 0,00 ) Id PrecoProduto: 0
(22:22:17) Não existe preço
(22:22:17) Produto: Hidratante Professional Cabelo Danificado Manutenção Queratina Repair Máscara De Cabelo Tratamento ( https://www.americanas.com.br/produto/104715457?pfm_carac=L%C3%A1bios&pfm_index=20&pfm_page=category&pfm_pos=grid&pfm_type=vit_product_grid&sellerId )  cont: 45
(22:22:18) Produto nao existe
(22:22:18) Codigo Produto:1038979
(22:22:18) Preço Produto: Venda: 0,00 ( 0 x 0,00 ) Id PrecoProduto: 0
(22:22:18) Não existe preço
(22:22:18) Produto: Popfeel Lip Esfoliante Para A Seco Chapped Reparador Labial Lip Care Pele Limpa Morto ( https://www.americanas.com.br/produto/104750938?pfm_carac=L%C3%A1bios&pfm_index=21&pfm_page=category&pfm_pos=grid&pfm_type=vit_product_grid&sellerId )  cont: 46
(22:22:19) Produto nao existe
(22:22:19) Codigo Produto:1038980
(22:22:19) Preço Produto: Venda: 0,00 ( 0 x 0,00 ) Id PrecoProduto: 0
(22:22:19) Não existe preço
(22:22:19) Produto: 12 Cor Matte Impermeável Hidratante Longa Duração Lip Gloss ( https://www.americanas.com.br/produto/104762136?pfm_carac=L%C3%A1bios&pfm_index=22&pfm_page=category&pfm_pos=grid&pfm_type=vit_product_grid&sellerId )  cont: 47
(22:22:19) Produto nao existe
(22:22:19) Codigo Produto:1038981
(22:22:19) Preço Produto: Venda: 0,00 ( 0 x 0,00 ) Id PrecoProduto: 0
(22:22:19) Não existe preço
(22:22:19) Produto: Hot Venda Multifuncional Lip Liner Pen Red Dye Blush Maquiagem Waterproof Cosmetic Líquido Lip Gloss ( https://www.americanas.com.br/produto/104773939?pfm_carac=L%C3%A1bios&pfm_index=23&pfm_page=category&pfm_pos=grid&pfm_type=vit_product_grid&sellerId )  cont: 48
(22:22:20) Produto nao existe
(22:22:20) Codigo Produto:1038982
(22:22:20) Preço Produto: Venda: 0,00 ( 0 x 0,00 ) Id PrecoProduto: 0
(22:22:20) Não existe preço
(22:22:22) Produto: Moda Feminina Matte Fácil De Usar Lip Gloss Liquid Lipstick Maquiagem ( https://www.americanas.com.br/produto/65649710?pfm_carac=L%C3%A1bios&pfm_index=0&pfm_page=category&pfm_pos=grid&pfm_type=vit_product_grid&sellerId )  cont: 49
(22:22:22) Produto nao existe
(22:22:22) Codigo Produto:1038983
(22:22:22) Preço Produto: Venda: 0,00 ( 0 x 0,00 ) Id PrecoProduto: 0
(22:22:22) Não existe preço
(22:22:22) Produto: Nova Maquiagem Cosméticos Fosco Longa Duração Estilo Vintage Lábio Macio Batom Líquido Lip Gloss ( https://www.americanas.com.br/produto/65659775?pfm_carac=L%C3%A1bios&pfm_index=1&pfm_page=category&pfm_pos=grid&pfm_type=vit_product_grid&sellerId )  cont: 50
(22:22:23) Produto nao existe
(22:22:23) Codigo Produto:1038984
(22:22:23) Preço Produto: Venda: 0,00 ( 0 x 0,00 ) Id PrecoProduto: 0
(22:22:23) Não existe preço
(22:22:23) Produto: Batom De Creme Macia Impermeável Duradouro Cosmético Da Composição Com Sharpener De Lápis ( https://www.americanas.com.br/produto/65782086?pfm_carac=L%C3%A1bios&pfm_index=2&pfm_page=category&pfm_pos=grid&pfm_type=vit_product_grid&sellerId )  cont: 51
(22:22:24) Produto nao existe
(22:22:24) Codigo Produto:1038985
(22:22:24) Preço Produto: Venda: 0,00 ( 0 x 0,00 ) Id PrecoProduto: 0
(22:22:24) Não existe preço
(22:22:24) Produto: Pressione O Batom De Bordo Hidratando Impermeável Da Cor Do Feijão Do Batom Matte ( https://www.americanas.com.br/produto/65788073?pfm_carac=L%C3%A1bios&pfm_index=3&pfm_page=category&pfm_pos=grid&pfm_type=vit_product_grid&sellerId )  cont: 52
(22:22:25) Produto nao existe
(22:22:25) Codigo Produto:1038986
(22:22:25) Preço Produto: Venda: 0,00 ( 0 x 0,00 ) Id PrecoProduto: 0
(22:22:25) Não existe preço
(22:22:25) Produto: 12 Cores De Moda Feminina De Longa Duração Lipliner Matte Lip Pencil Makeup Tool ( https://www.americanas.com.br/produto/65718333?pfm_carac=L%C3%A1bios&pfm_index=4&pfm_page=category&pfm_pos=grid&pfm_type=vit_product_grid&sellerId )  cont: 53
(22:22:25) Produto nao existe
(22:22:25) Codigo Produto:1038987
(22:22:25) Preço Produto: Venda: 0,00 ( 0 x 0,00 ) Id PrecoProduto: 0
(22:22:25) Não existe preço
(22:22:25) Produto: Miele Matte Matte Velvet Super Cor Não Desbota Brilho Labial Líquido ( https://www.americanas.com.br/produto/65589526?pfm_carac=L%C3%A1bios&pfm_index=5&pfm_page=category&pfm_pos=grid&pfm_type=vit_product_grid&sellerId )  cont: 54
(22:22:26) Produto nao existe
(22:22:26) Codigo Produto:1038988
(22:22:26) Preço Produto: Venda: 0,00 ( 0 x 0,00 ) Id PrecoProduto: 0
(22:22:26) Não existe preço
(22:22:26) Produto: Gloss Boca Rosa Riri #DivaGlossyRiri ( https://www.americanas.com.br/produto/56671175?pfm_carac=L%C3%A1bios&pfm_index=6&pfm_page=category&pfm_pos=grid&pfm_type=vit_product_grid&sellerId )  cont: 55
(22:22:27) Produto nao existe
(22:22:27) Codigo Produto:1038989
(22:22:27) Preço Produto: Venda: 0,00 ( 0 x 0,00 ) Id PrecoProduto: 0
(22:22:27) Não existe preço
(22:22:27) Produto: Batom Liquido Matte Bt Sunflower Bruna Tavares - Cor Ceh 4ml ( https://www.americanas.com.br/produto/65541091?pfm_carac=L%C3%A1bios&pfm_index=7&pfm_page=category&pfm_pos=grid&pfm_type=vit_product_grid&sellerId )  cont: 56
(22:22:28) Produto nao existe
(22:22:28) Codigo Produto:1038990
(22:22:28) Preço Produto: Venda: 0,00 ( 0 x 0,00 ) Id PrecoProduto: 0
(22:22:28) Não existe preço
(22:22:28) Produto: Batom Líquido Lip Gloss Matiz De Longa Duração Fruit Batom Cosméticos Líquidos ( https://www.americanas.com.br/produto/65574073?pfm_carac=L%C3%A1bios&pfm_index=8&pfm_page=category&pfm_pos=grid&pfm_type=vit_product_grid&sellerId )  cont: 57
(22:22:29) Produto nao existe
(22:22:29) Codigo Produto:1038991
(22:22:29) Preço Produto: Venda: 0,00 ( 0 x 0,00 ) Id PrecoProduto: 0
(22:22:29) Não existe preço
(22:22:29) Produto: Bálsamo De Bordo De Creme Líquido Duradouro Matte Cosmético Novo Do Bordo Macio Duradouro Da Composição ( https://www.americanas.com.br/produto/65519025?pfm_carac=L%C3%A1bios&pfm_index=9&pfm_page=category&pfm_pos=grid&pfm_type=vit_product_grid&sellerId )  cont: 58
(22:22:29) Produto nao existe
(22:22:29) Codigo Produto:1038992
(22:22:29) Preço Produto: Venda: 0,00 ( 0 x 0,00 ) Id PrecoProduto: 0
(22:22:29) Não existe preço
(22:22:29) Produto: Cosmético Líquido Duradouro Impermeável Dos Bordos Do Batom Do Brilho De Creme Matte Do Bordo Do Bordo ( https://www.americanas.com.br/produto/65561413?pfm_carac=L%C3%A1bios&pfm_index=10&pfm_page=category&pfm_pos=grid&pfm_type=vit_product_grid&sellerId )  cont: 59
(22:22:30) Produto nao existe
(22:22:30) Codigo Produto:1038993
(22:22:30) Preço Produto: Venda: 0,00 ( 0 x 0,00 ) Id PrecoProduto: 0
(22:22:30) Não existe preço
(22:22:30) Produto: Batom Liquido Longa Duração Lip Matte Latika Nude Nº 44 ( https://www.americanas.com.br/produto/64932407?pfm_carac=L%C3%A1bios&pfm_index=11&pfm_page=category&pfm_pos=grid&pfm_type=vit_product_grid&sellerId )  cont: 60
(22:22:31) Produto nao existe
(22:22:31) Codigo Produto:1038994
(22:22:31) Preço Produto: Venda: 0,00 ( 0 x 0,00 ) Id PrecoProduto: 0
(22:22:31) Não existe preço
(22:22:31) Produto: 6 Batom Matte Nude Fosco Playboy Original Alta Fixação Luxo ( https://www.americanas.com.br/produto/63430951?pfm_carac=L%C3%A1bios&pfm_index=12&pfm_page=category&pfm_pos=grid&pfm_type=vit_product_grid&sellerId )  cont: 61
(22:22:32) Produto nao existe
(22:22:32) Codigo Produto:1038995
(22:22:32) Preço Produto: Venda: 0,00 ( 0 x 0,00 ) Id PrecoProduto: 0
(22:22:32) Não existe preço
(22:22:32) Produto: Batom Liquido Longa Duração Lip Matte Latika Nude Nº 36 ( https://www.americanas.com.br/produto/64929300?pfm_carac=L%C3%A1bios&pfm_index=13&pfm_page=category&pfm_pos=grid&pfm_type=vit_product_grid&sellerId )  cont: 62
(22:22:33) Produto nao existe
(22:22:33) Codigo Produto:1038996
(22:22:33) Preço Produto: Venda: 0,00 ( 0 x 0,00 ) Id PrecoProduto: 0
(22:22:33) Não existe preço
(22:22:33) Produto: Batom Matte 3,5g - Ivete Sangalo - Good Vibes ( https://www.americanas.com.br/produto/50449021?pfm_carac=L%C3%A1bios&pfm_index=14&pfm_page=category&pfm_pos=grid&pfm_type=vit_product_grid&sellerId )  cont: 63
(22:22:34) Produto nao existe
(22:22:34) Codigo Produto:1038997
(22:22:34) Preço Produto: Venda: 0,00 ( 0 x 0,00 ) Id PrecoProduto: 0
(22:22:34) Não existe preço
(22:22:34) Produto: Batom líquido Lime Crime Pink Velvet ( https://www.americanas.com.br/produto/64301747?pfm_carac=L%C3%A1bios&pfm_index=15&pfm_page=category&pfm_pos=grid&pfm_type=vit_product_grid&sellerId )  cont: 64
(22:22:34) Produto nao existe
(22:22:34) Codigo Produto:1038998
(22:22:34) Preço Produto: Venda: 0,00 ( 0 x 0,00 ) Id PrecoProduto: 0
(22:22:34) Não existe preço
(22:22:34) Produto: Batom Bala Bruna Tavares Matte ( https://www.americanas.com.br/produto/64093336?pfm_carac=L%C3%A1bios&pfm_index=16&pfm_page=category&pfm_pos=grid&pfm_type=vit_product_grid&sellerId )  cont: 65
(22:22:35) Produto nao existe
(22:22:35) Codigo Produto:1038999
(22:22:35) Preço Produto: Venda: 0,00 ( 0 x 0,00 ) Id PrecoProduto: 0
(22:22:35) Não existe preço
(22:22:35) Produto: Batom líquido Metálico Lime Crime Mercury ( https://www.americanas.com.br/produto/64303052?pfm_carac=L%C3%A1bios&pfm_index=17&pfm_page=category&pfm_pos=grid&pfm_type=vit_product_grid&sellerId )  cont: 66
(22:22:36) Produto nao existe
(22:22:36) Codigo Produto:1039000
(22:22:36) Preço Produto: Venda: 0,00 ( 0 x 0,00 ) Id PrecoProduto: 0
(22:22:36) Não existe preço
(22:22:36) Produto: Batom Líquido Ultra Fixação Zanphy ( https://www.americanas.com.br/produto/63525622?pfm_carac=L%C3%A1bios&pfm_index=18&pfm_page=category&pfm_pos=grid&pfm_type=vit_product_grid&sellerId )  cont: 67
(22:22:37) Produto nao existe
(22:22:37) Codigo Produto:1039001
(22:22:37) Preço Produto: Venda: 0,00 ( 0 x 0,00 ) Id PrecoProduto: 0
(22:22:37) Não existe preço
(22:22:37) Produto: Ultra Balm Be Mix 4g ( https://www.americanas.com.br/produto/64790065?pfm_carac=L%C3%A1bios&pfm_index=19&pfm_page=category&pfm_pos=grid&pfm_type=vit_product_grid&sellerId )  cont: 68
(22:22:38) Produto nao existe
(22:22:38) Codigo Produto:1039002
(22:22:38) Preço Produto: Venda: 0,00 ( 0 x 0,00 ) Id PrecoProduto: 0
(22:22:38) Não existe preço
(22:22:38) Produto: Batom Líquido It Girl Matte 4ml Anita ( https://www.americanas.com.br/produto/33973753?pfm_carac=L%C3%A1bios&pfm_index=20&pfm_page=category&pfm_pos=grid&pfm_type=vit_product_grid&sellerId )  cont: 69
(22:22:38) Produto nao existe
(22:22:38) Codigo Produto:1039003
(22:22:38) Preço Produto: Venda: 0,00 ( 0 x 0,00 ) Id PrecoProduto: 0
(22:22:38) Não existe preço
(22:22:38) Produto: Batom Vinil Dailus ( https://www.americanas.com.br/produto/45900942?pfm_carac=L%C3%A1bios&pfm_index=21&pfm_page=category&pfm_pos=grid&pfm_type=vit_product_grid&sellerId )  cont: 70
(22:22:39) Produto nao existe
(22:22:39) Codigo Produto:1039004
(22:22:39) Preço Produto: Venda: 0,00 ( 0 x 0,00 ) Id PrecoProduto: 0
(22:22:39) Não existe preço
(22:22:39) Produto: Batom Líquido Matte Satisfied Fand Makeup ( https://www.americanas.com.br/produto/48465837?pfm_carac=L%C3%A1bios&pfm_index=22&pfm_page=category&pfm_pos=grid&pfm_type=vit_product_grid&sellerId )  cont: 71
(22:22:40) Produto nao existe
(22:22:40) Codigo Produto:1039005
(22:22:40) Preço Produto: Venda: 0,00 ( 0 x 0,00 ) Id PrecoProduto: 0
(22:22:40) Não existe preço
(22:22:40) Produto: Batom Brigitte Nathalia Capelo ( https://www.americanas.com.br/produto/63879208?pfm_carac=L%C3%A1bios&pfm_index=23&pfm_page=category&pfm_pos=grid&pfm_type=vit_product_grid&sellerId )  cont: 72
(22:22:41) Produto nao existe
(22:22:41) Codigo Produto:1039006
(22:22:41) Preço Produto: Venda: 0,00 ( 0 x 0,00 ) Id PrecoProduto: 0
(22:22:41) Não existe preço
(22:22:42) Produto: O.two.o Mark Batom Creme Lipstick Bar Dos Bordos Ouro Durable Lábios Batom Maquiagem ( https://www.americanas.com.br/produto/104810998?pfm_carac=L%C3%A1bios&pfm_index=0&pfm_page=category&pfm_pos=grid&pfm_type=vit_product_grid&sellerId )  cont: 73
(22:22:43) Produto nao existe
(22:22:43) Codigo Produto:1039007
(22:22:43) Preço Produto: Venda: 0,00 ( 0 x 0,00 ) Id PrecoProduto: 0
(22:22:43) Não existe preço
(22:22:43) Produto: Fruit Lip Balm Bola Portátil Suave Hidratante Natural Planta Lip Batom Pomade Enfeite Lip Care ( https://www.americanas.com.br/produto/104824625?pfm_carac=L%C3%A1bios&pfm_index=1&pfm_page=category&pfm_pos=grid&pfm_type=vit_product_grid&sellerId )  cont: 74
(22:22:44) Produto nao existe
(22:22:44) Codigo Produto:1039008
(22:22:44) Preço Produto: Venda: 0,00 ( 0 x 0,00 ) Id PrecoProduto: 0
(22:22:44) Não existe preço
(22:22:44) Produto: 2017 Mulheres Charme Moda Lip Balm Batom Lábios Úmidos Lasting Moisturizing Hidratante Úmido Batom ( https://www.americanas.com.br/produto/104824283?pfm_carac=L%C3%A1bios&pfm_index=2&pfm_page=category&pfm_pos=grid&pfm_type=vit_product_grid&sellerId )  cont: 75
(22:22:45) Produto nao existe
(22:22:45) Codigo Produto:1039009
(22:22:45) Preço Produto: Venda: 0,00 ( 0 x 0,00 ) Id PrecoProduto: 0
(22:22:45) Não existe preço
(22:22:45) Produto: Kit com 5 Batom Líquido Matte Maquiagem atacado Kyrav ( https://www.americanas.com.br/produto/58386224?pfm_carac=L%C3%A1bios&pfm_index=3&pfm_page=category&pfm_pos=grid&pfm_type=vit_product_grid&sellerId )  cont: 76
(22:22:45) Produto nao existe
(22:22:45) Codigo Produto:1039010
(22:22:45) Preço Produto: Venda: 0,00 ( 0 x 0,00 ) Id PrecoProduto: 0
(22:22:45) Não existe preço
(22:22:45) Produto: Tracta Batom Líquido Bruna Tavares - Mariana ( https://www.americanas.com.br/produto/36301333?pfm_carac=L%C3%A1bios&pfm_index=4&pfm_page=category&pfm_pos=grid&pfm_type=vit_product_grid&sellerId )  cont: 77
(22:22:46) Produto nao existe
(22:22:46) Codigo Produto:1039011
(22:22:46) Preço Produto: Venda: 0,00 ( 0 x 0,00 ) Id PrecoProduto: 0
(22:22:46) Não existe preço
(22:22:46) Produto: Batom Payot Colors Up Mate Dominator ( https://www.americanas.com.br/produto/14947435?pfm_carac=L%C3%A1bios&pfm_index=5&pfm_page=category&pfm_pos=grid&pfm_type=vit_product_grid&sellerId )  cont: 78
(22:22:47) Produto nao existe
(22:22:47) Codigo Produto:1039012
(22:22:47) Preço Produto: Venda: 0,00 ( 0 x 0,00 ) Id PrecoProduto: 0
(22:22:47) Não existe preço
(22:22:47) Produto: Top Beauty Batom Trad 08 ( https://www.americanas.com.br/produto/37028533?pfm_carac=L%C3%A1bios&pfm_index=6&pfm_page=category&pfm_pos=grid&pfm_type=vit_product_grid&sellerId )  cont: 79
(22:22:48) Produto nao existe
(22:22:48) Codigo Produto:1039013
(22:22:48) Preço Produto: Venda: 0,00 ( 0 x 0,00 ) Id PrecoProduto: 0
(22:22:48) Não existe preço
(22:22:48) Produto: Batom Metalico Red Pearl ( https://www.americanas.com.br/produto/42360765?pfm_carac=L%C3%A1bios&pfm_index=7&pfm_page=category&pfm_pos=grid&pfm_type=vit_product_grid&sellerId )  cont: 80
(22:22:48) Produto nao existe
(22:22:48) Codigo Produto:1039014
(22:22:48) Preço Produto: Venda: 0,00 ( 0 x 0,00 ) Id PrecoProduto: 0
(22:22:48) Não existe preço
(22:22:48) Produto: Ultra Soft Cs Smart Cores Sortidas Curaprox - Escova Dental ( https://www.americanas.com.br/produto/37385310?pfm_carac=L%C3%A1bios&pfm_index=8&pfm_page=category&pfm_pos=grid&pfm_type=vit_product_grid&sellerId )  cont: 81
(22:22:49) Produto nao existe
(22:22:49) Codigo Produto:1039015
(22:22:49) Preço Produto: Venda: 0,00 ( 0 x 0,00 ) Id PrecoProduto: 0
(22:22:49) Não existe preço
(22:22:49) Produto: Batom Bourjois Rouge Edition - Cor 07 - Fuchisa Graffiti ( https://www.americanas.com.br/produto/9836459?pfm_carac=L%C3%A1bios&pfm_index=9&pfm_page=category&pfm_pos=grid&pfm_type=vit_product_grid&sellerId )  cont: 82
(22:22:50) Produto nao existe
(22:22:50) Codigo Produto:1039016
(22:22:50) Preço Produto: Venda: 0,00 ( 0 x 0,00 ) Id PrecoProduto: 0
(22:22:50) Não existe preço
(22:22:50) Produto: Verídica It Urbano 18 Chicago - Batom Matte 4g ( https://www.americanas.com.br/produto/48962174?pfm_carac=L%C3%A1bios&pfm_index=10&pfm_page=category&pfm_pos=grid&pfm_type=vit_product_grid&sellerId )  cont: 83
(22:22:51) Produto nao existe
(22:22:51) Codigo Produto:1039017
(22:22:51) Preço Produto: Venda: 0,00 ( 0 x 0,00 ) Id PrecoProduto: 0
(22:22:51) Não existe preço
(22:22:51) Produto: Gloss Labial Boca Rosa Beauty Cor Bey #divaglossy Payot 1und ( https://www.americanas.com.br/produto/52756250?pfm_carac=L%C3%A1bios&pfm_index=11&pfm_page=category&pfm_pos=grid&pfm_type=vit_product_grid&sellerId )  cont: 84
(22:22:52) Produto nao existe
(22:22:52) Codigo Produto:1039018
(22:22:52) Preço Produto: Venda: 0,00 ( 0 x 0,00 ) Id PrecoProduto: 0
(22:22:52) Não existe preço
(22:22:52) Produto: Batom Cetim Liquido Nude Matte Com Efeito Acetinado Abelha Rainha ( https://www.americanas.com.br/produto/50007399?pfm_carac=L%C3%A1bios&pfm_index=12&pfm_page=category&pfm_pos=grid&pfm_type=vit_product_grid&sellerId )  cont: 85
(22:22:52) Produto nao existe
(22:22:52) Codigo Produto:1039019
(22:22:52) Preço Produto: Venda: 0,00 ( 0 x 0,00 ) Id PrecoProduto: 0
(22:22:52) Não existe preço
(22:22:52) Produto: Batom Matte Maybelline Color Sensational 409 #selfie - 4,2g ( https://www.americanas.com.br/produto/61797732?pfm_carac=L%C3%A1bios&pfm_index=13&pfm_page=category&pfm_pos=grid&pfm_type=vit_product_grid&sellerId )  cont: 86
(22:22:53) Produto nao existe
(22:22:53) Codigo Produto:1039020
(22:22:53) Preço Produto: Venda: 0,00 ( 0 x 0,00 ) Id PrecoProduto: 0
(22:22:53) Não existe preço
(22:22:53) Produto: Ruby Rose Batom Matte HB-8518 - Cor 033 ( https://www.americanas.com.br/produto/28516661?pfm_carac=L%C3%A1bios&pfm_index=14&pfm_page=category&pfm_pos=grid&pfm_type=vit_product_grid&sellerId )  cont: 87
(22:22:54) Produto nao existe
(22:22:54) Codigo Produto:1039021
(22:22:54) Preço Produto: Venda: 0,00 ( 0 x 0,00 ) Id PrecoProduto: 0
(22:22:54) Não existe preço
(22:22:54) Produto: Vult Batom Matte Cor 14, Produto 100% Original!! ( https://www.americanas.com.br/produto/48661600?pfm_carac=L%C3%A1bios&pfm_index=15&pfm_page=category&pfm_pos=grid&pfm_type=vit_product_grid&sellerId )  cont: 88
(22:22:55) Produto nao existe
(22:22:55) Codigo Produto:1039022
(22:22:55) Preço Produto: Venda: 0,00 ( 0 x 0,00 ) Id PrecoProduto: 0
(22:22:55) Não existe preço
(22:22:55) Produto: Ruby Rose Batom Matte 2 In 1 Cor 296 ( https://www.americanas.com.br/produto/37028600?pfm_carac=L%C3%A1bios&pfm_index=16&pfm_page=category&pfm_pos=grid&pfm_type=vit_product_grid&sellerId )  cont: 89
(22:22:56) Produto nao existe
(22:22:56) Codigo Produto:1039023
(22:22:56) Preço Produto: Venda: 0,00 ( 0 x 0,00 ) Id PrecoProduto: 0
(22:22:56) Não existe preço
(22:22:56) Produto: MIA MAKE BATOM QUADRADO MATTE Cor 415 ( https://www.americanas.com.br/produto/51884689?pfm_carac=L%C3%A1bios&pfm_index=17&pfm_page=category&pfm_pos=grid&pfm_type=vit_product_grid&sellerId )  cont: 90
(22:22:56) Produto nao existe
(22:22:56) Codigo Produto:1039024
(22:22:56) Preço Produto: Venda: 0,00 ( 0 x 0,00 ) Id PrecoProduto: 0
(22:22:56) Não existe preço
(22:22:56) Produto: Ivete Sangalo - Batom Liquido Matte – My Love ( https://www.americanas.com.br/produto/50369609?pfm_carac=L%C3%A1bios&pfm_index=18&pfm_page=category&pfm_pos=grid&pfm_type=vit_product_grid&sellerId )  cont: 91
(22:22:57) Produto nao existe
(22:22:57) Codigo Produto:1039025
(22:22:57) Preço Produto: Venda: 0,00 ( 0 x 0,00 ) Id PrecoProduto: 0
(22:22:57) Não existe preço
(22:22:57) Produto: Batom Liquido SuperGloss ( https://www.americanas.com.br/produto/36716236?pfm_carac=L%C3%A1bios&pfm_index=19&pfm_page=category&pfm_pos=grid&pfm_type=vit_product_grid&sellerId )  cont: 92
(22:22:58) Produto nao existe
(22:22:58) Codigo Produto:1039026
(22:22:58) Preço Produto: Venda: 0,00 ( 0 x 0,00 ) Id PrecoProduto: 0
(22:22:58) Não existe preço
(22:22:58) Produto: Nxy Batom Liquido Cor 15 ( https://www.americanas.com.br/produto/36836866?pfm_carac=L%C3%A1bios&pfm_index=20&pfm_page=category&pfm_pos=grid&pfm_type=vit_product_grid&sellerId )  cont: 93
(22:22:59) Produto nao existe
(22:22:59) Codigo Produto:1039027
(22:22:59) Preço Produto: Venda: 0,00 ( 0 x 0,00 ) Id PrecoProduto: 0
(22:22:59) Não existe preço
(22:22:59) Produto: Lévres Contour Edition Bourjois - Contorno Labial 06 - Tout Rouge ( https://www.americanas.com.br/produto/11944254?pfm_carac=L%C3%A1bios&pfm_index=21&pfm_page=category&pfm_pos=grid&pfm_type=vit_product_grid&sellerId )  cont: 94
(22:23:00) Produto nao existe
(22:23:00) Codigo Produto:1039028
(22:23:00) Preço Produto: Venda: 0,00 ( 0 x 0,00 ) Id PrecoProduto: 0
(22:23:00) Não existe preço
(22:23:00) Produto: Po Iluminador Facial Dailus Pro 02 ( https://www.americanas.com.br/produto/9727295?pfm_carac=L%C3%A1bios&pfm_index=22&pfm_page=category&pfm_pos=grid&pfm_type=vit_product_grid&sellerId )  cont: 95
(22:23:00) Produto nao existe
(22:23:00) Codigo Produto:1039029
(22:23:00) Preço Produto: Venda: 0,00 ( 0 x 0,00 ) Id PrecoProduto: 0
(22:23:00) Não existe preço
(22:23:00) Produto: Latika Lip Matte N°04 Batom Liquido 4ml ( https://www.americanas.com.br/produto/33482479?pfm_carac=L%C3%A1bios&pfm_index=23&pfm_page=category&pfm_pos=grid&pfm_type=vit_product_grid&sellerId )  cont: 96
(22:23:01) Produto nao existe
(22:23:01) Codigo Produto:1039030
(22:23:01) Preço Produto: Venda: 0,00 ( 0 x 0,00 ) Id PrecoProduto: 0
(22:23:01) Não existe preço
(22:23:02) Produto: Pó Fixador Luisance Banana Power 32g - L9013 ( https://www.americanas.com.br/produto/42516980?pfm_carac=L%C3%A1bios&pfm_index=0&pfm_page=category&pfm_pos=grid&pfm_type=vit_product_grid&sellerId )  cont: 97
(22:23:03) Produto nao existe
(22:23:03) Codigo Produto:1039031
(22:23:03) Preço Produto: Venda: 0,00 ( 0 x 0,00 ) Id PrecoProduto: 0
(22:23:03) Não existe preço
(22:23:03) Produto: Cx Batom Queen Fosco Iii C/40 ( https://www.americanas.com.br/produto/42725430?pfm_carac=L%C3%A1bios&pfm_index=1&pfm_page=category&pfm_pos=grid&pfm_type=vit_product_grid&sellerId )  cont: 98
(22:23:04) Produto nao existe
(22:23:04) Codigo Produto:1039032
(22:23:04) Preço Produto: Venda: 0,00 ( 0 x 0,00 ) Id PrecoProduto: 0
(22:23:04) Não existe preço
(22:23:04) Produto: Batom Contém1g Make-up C1g Cor Framboesa Mate Tom Vinho ( https://www.americanas.com.br/produto/75319011?pfm_carac=L%C3%A1bios&pfm_index=2&pfm_page=category&pfm_pos=grid&pfm_type=vit_product_grid&sellerId )  cont: 99
(22:23:05) Produto nao existe
(22:23:05) Codigo Produto:1039033
(22:23:05) Preço Produto: Venda: 0,00 ( 0 x 0,00 ) Id PrecoProduto: 0
(22:23:05) Não existe preço
(22:23:05) Produto: Batom Hidratante Queen Cor 4 ( https://www.americanas.com.br/produto/73165334?pfm_carac=L%C3%A1bios&pfm_index=3&pfm_page=category&pfm_pos=grid&pfm_type=vit_product_grid&sellerId )  cont: 100
(22:23:05) Produto nao existe
(22:23:05) Codigo Produto:1039034
(22:23:05) Preço Produto: Venda: 0,00 ( 0 x 0,00 ) Id PrecoProduto: 0
(22:23:05) Não existe preço
(22:23:05) Produto: Batom L Oréal Color Riche 840 Nature s Blush ( https://www.americanas.com.br/produto/73164740?pfm_carac=L%C3%A1bios&pfm_index=4&pfm_page=category&pfm_pos=grid&pfm_type=vit_product_grid&sellerId )  cont: 101
(22:23:06) Produto nao existe
(22:23:06) Codigo Produto:1039035
(22:23:06) Preço Produto: Venda: 0,00 ( 0 x 0,00 ) Id PrecoProduto: 0
(22:23:06) Não existe preço
(22:23:06) Produto: Batom Color Riche Shine Addict 350 Insanesation L Oréal ( https://www.americanas.com.br/produto/73171412?pfm_carac=L%C3%A1bios&pfm_index=5&pfm_page=category&pfm_pos=grid&pfm_type=vit_product_grid&sellerId )  cont: 102
(22:23:07) Produto nao existe
(22:23:07) Codigo Produto:1039036
(22:23:07) Preço Produto: Venda: 0,00 ( 0 x 0,00 ) Id PrecoProduto: 0
(22:23:07) Não existe preço
(22:23:07) Produto: Brilho Labial Infaillible 111 Permanent Blush 6ml L Oréal ( https://www.americanas.com.br/produto/73148434?pfm_carac=L%C3%A1bios&pfm_index=6&pfm_page=category&pfm_pos=grid&pfm_type=vit_product_grid&sellerId )  cont: 103
(22:23:08) Produto nao existe
(22:23:08) Codigo Produto:1039037
(22:23:08) Preço Produto: Venda: 0,00 ( 0 x 0,00 ) Id PrecoProduto: 0
(22:23:08) Não existe preço
(22:23:08) Produto: Batom Matte Color Riche 463 Plum Tuxedo L Oréal ( https://www.americanas.com.br/produto/73160425?pfm_carac=L%C3%A1bios&pfm_index=7&pfm_page=category&pfm_pos=grid&pfm_type=vit_product_grid&sellerId )  cont: 104
(22:23:09) Produto nao existe
(22:23:09) Codigo Produto:1039038
(22:23:09) Preço Produto: Venda: 0,00 ( 0 x 0,00 ) Id PrecoProduto: 0
(22:23:09) Não existe preço
(22:23:09) Produto: Batom True Color Ouro FPS 15 - Nude Ouro- 3,6g ( https://www.americanas.com.br/produto/70996423?pfm_carac=L%C3%A1bios&pfm_index=8&pfm_page=category&pfm_pos=grid&pfm_type=vit_product_grid&sellerId )  cont: 105
(22:23:09) Produto nao existe
(22:23:09) Codigo Produto:1039039
(22:23:09) Preço Produto: Venda: 0,00 ( 0 x 0,00 ) Id PrecoProduto: 0
(22:23:09) Não existe preço
(22:23:09) Produto: Lip Tint Boca Rosa Beauty - Payot ( https://www.americanas.com.br/produto/72150761?pfm_carac=L%C3%A1bios&pfm_index=9&pfm_page=category&pfm_pos=grid&pfm_type=vit_product_grid&sellerId )  cont: 106
(22:23:10) Produto nao existe
(22:23:10) Codigo Produto:1039040
(22:23:10) Preço Produto: Venda: 0,00 ( 0 x 0,00 ) Id PrecoProduto: 0
(22:23:10) Não existe preço
(22:23:10) Produto: O Dobro Natural Terminado Gira O Lápis Impermeável Matte Do Batom Do Forro Do Bordo Durável ( https://www.americanas.com.br/produto/65735346?pfm_carac=L%C3%A1bios&pfm_index=10&pfm_page=category&pfm_pos=grid&pfm_type=vit_product_grid&sellerId )  cont: 107
(22:23:11) Produto nao existe
(22:23:11) Codigo Produto:1039041
(22:23:11) Preço Produto: Venda: 0,00 ( 0 x 0,00 ) Id PrecoProduto: 0
(22:23:11) Não existe preço
(22:23:11) Produto: Lip Beauty Hidratante Duradoura Batom Lip Glaze Lip Liner Set ( https://www.americanas.com.br/produto/65554204?pfm_carac=L%C3%A1bios&pfm_index=11&pfm_page=category&pfm_pos=grid&pfm_type=vit_product_grid&sellerId )  cont: 108
(22:23:12) Produto nao existe
(22:23:12) Codigo Produto:1039042
(22:23:12) Preço Produto: Venda: 0,00 ( 0 x 0,00 ) Id PrecoProduto: 0
(22:23:12) Não existe preço
(22:23:12) Produto: Batom De Tentação Irresistível Hidratante De Longa Duração Incrível ( https://www.americanas.com.br/produto/65741135?pfm_carac=L%C3%A1bios&pfm_index=12&pfm_page=category&pfm_pos=grid&pfm_type=vit_product_grid&sellerId )  cont: 109
(22:23:13) Produto nao existe
(22:23:13) Codigo Produto:1039043
(22:23:13) Preço Produto: Venda: 0,00 ( 0 x 0,00 ) Id PrecoProduto: 0
(22:23:13) Não existe preço
(22:23:13) Produto: Moda Batons De Longa Duração Hidratante Lip Gloss Lip Maquiagem Cosméticos ( https://www.americanas.com.br/produto/65721929?pfm_carac=L%C3%A1bios&pfm_index=13&pfm_page=category&pfm_pos=grid&pfm_type=vit_product_grid&sellerId )  cont: 110
(22:23:14) Produto nao existe
(22:23:14) Codigo Produto:1039044
(22:23:14) Preço Produto: Venda: 0,00 ( 0 x 0,00 ) Id PrecoProduto: 0
(22:23:14) Não existe preço
(22:23:14) Produto: O Bordo Impermeável Lipliner Das Mulheres Compo Os Lápis Cosméticos 15cm Das Ferramentas Da Beleza ( https://www.americanas.com.br/produto/65641117?pfm_carac=L%C3%A1bios&pfm_index=14&pfm_page=category&pfm_pos=grid&pfm_type=vit_product_grid&sellerId )  cont: 111
(22:23:14) Produto nao existe
(22:23:14) Codigo Produto:1039045
(22:23:14) Preço Produto: Venda: 0,00 ( 0 x 0,00 ) Id PrecoProduto: 0
(22:23:14) Não existe preço
(22:23:14) Produto: Cílios Coloridos Curler Pinça Curling Clipe Mulheres Big Eye Beleza Maquiagem Ferramenta ( https://www.americanas.com.br/produto/65517261?pfm_carac=L%C3%A1bios&pfm_index=15&pfm_page=category&pfm_pos=grid&pfm_type=vit_product_grid&sellerId )  cont: 112
(22:23:15) Produto nao existe
(22:23:15) Codigo Produto:1039046
(22:23:15) Preço Produto: Venda: 0,00 ( 0 x 0,00 ) Id PrecoProduto: 0
(22:23:15) Não existe preço
(22:23:15) Produto: Bálsamo De Bordo Durável Hidratando Liso Da Forma Animal Natural Bonito De Bálsamo ( https://www.americanas.com.br/produto/65835332?pfm_carac=L%C3%A1bios&pfm_index=16&pfm_page=category&pfm_pos=grid&pfm_type=vit_product_grid&sellerId )  cont: 113
(22:23:16) Produto nao existe
(22:23:16) Codigo Produto:1039047
(22:23:16) Preço Produto: Venda: 0,00 ( 0 x 0,00 ) Id PrecoProduto: 0
(22:23:16) Não existe preço
(22:23:16) Produto: Batom Macio Duradouro Matte Cosmético Novo Do Bordo Do Bordo Da Composição ( https://www.americanas.com.br/produto/65620868?pfm_carac=L%C3%A1bios&pfm_index=17&pfm_page=category&pfm_pos=grid&pfm_type=vit_product_grid&sellerId )  cont: 114
(22:23:17) Produto nao existe
(22:23:17) Codigo Produto:1039048
(22:23:17) Preço Produto: Venda: 0,00 ( 0 x 0,00 ) Id PrecoProduto: 0
(22:23:17) Não existe preço
(22:23:17) Produto: Novo 1 Pc De Longa Duração À Prova D  água Matte Shinning Batom Lip Gloss Cosméticos ( https://www.americanas.com.br/produto/65538273?pfm_carac=L%C3%A1bios&pfm_index=18&pfm_page=category&pfm_pos=grid&pfm_type=vit_product_grid&sellerId )  cont: 115
(22:23:18) Produto nao existe
(22:23:18) Codigo Produto:1039049
(22:23:18) Preço Produto: Venda: 0,00 ( 0 x 0,00 ) Id PrecoProduto: 0
(22:23:18) Não existe preço
(22:23:18) Produto: Longa Duração Impermeável Gradiente Ramp Spin Batom Lip Gloss Maquiagem Ferramenta ( https://www.americanas.com.br/produto/65526105?pfm_carac=L%C3%A1bios&pfm_index=19&pfm_page=category&pfm_pos=grid&pfm_type=vit_product_grid&sellerId )  cont: 116
(22:23:18) Produto nao existe
(22:23:18) Codigo Produto:1039050
(22:23:18) Preço Produto: Venda: 0,00 ( 0 x 0,00 ) Id PrecoProduto: 0
(22:23:18) Não existe preço
(22:23:18) Produto: Moda Lip Glaze Long Lasting Hidratante Lip Gloss Lip Maquiagem Cosméticos ( https://www.americanas.com.br/produto/65630660?pfm_carac=L%C3%A1bios&pfm_index=20&pfm_page=category&pfm_pos=grid&pfm_type=vit_product_grid&sellerId )  cont: 117
(22:23:19) Produto nao existe
(22:23:19) Codigo Produto:1039051
(22:23:19) Preço Produto: Venda: 0,00 ( 0 x 0,00 ) Id PrecoProduto: 0
(22:23:19) Não existe preço
(22:23:19) Produto: Batom Colorido De Umidade É Laranja Fosco ( https://www.americanas.com.br/produto/65728349?pfm_carac=L%C3%A1bios&pfm_index=21&pfm_page=category&pfm_pos=grid&pfm_type=vit_product_grid&sellerId )  cont: 118
(22:23:20) Produto nao existe
(22:23:20) Codigo Produto:1039052
(22:23:20) Preço Produto: Venda: 0,00 ( 0 x 0,00 ) Id PrecoProduto: 0
(22:23:20) Não existe preço
(22:23:20) Produto: 1 Pc Lady Matte Batom Longa Duração Maquiagem Cosméticos Batom Beleza Ferramenta ( https://www.americanas.com.br/produto/65697652?pfm_carac=L%C3%A1bios&pfm_index=22&pfm_page=category&pfm_pos=grid&pfm_type=vit_product_grid&sellerId )  cont: 119
(22:23:21) Produto nao existe
(22:23:21) Codigo Produto:1039053
(22:23:21) Preço Produto: Venda: 0,00 ( 0 x 0,00 ) Id PrecoProduto: 0
(22:23:21) Não existe preço
(22:23:21) Produto: 12 Cores Maquiagem De Longa Duração Não-vara Moisturizante Matte Líquido Lip Gloss ( https://www.americanas.com.br/produto/65823633?pfm_carac=L%C3%A1bios&pfm_index=23&pfm_page=category&pfm_pos=grid&pfm_type=vit_product_grid&sellerId )  cont: 120
(22:23:22) Produto nao existe
(22:23:22) Codigo Produto:1039054
(22:23:22) Preço Produto: Venda: 0,00 ( 0 x 0,00 ) Id PrecoProduto: 0
(22:23:22) Não existe preço
(22:23:23) Produto: 24 Cores De Maquiagem Profissional Impermeável Antiaderente Matte Lip Gloss Líquido ( https://www.americanas.com.br/produto/65650818?pfm_carac=L%C3%A1bios&pfm_index=0&pfm_page=category&pfm_pos=grid&pfm_type=vit_product_grid&sellerId )  cont: 121
(22:23:24) Produto nao existe
(22:23:24) Codigo Produto:1039055
(22:23:24) Preço Produto: Venda: 0,00 ( 0 x 0,00 ) Id PrecoProduto: 0
(22:23:24) Não existe preço
(22:23:24) Produto: 12 Cores De Longa Duração Impermeável Matte Batom Lip Gloss Hidratantes Maquiagem ( https://www.americanas.com.br/produto/65779462?pfm_carac=L%C3%A1bios&pfm_index=1&pfm_page=category&pfm_pos=grid&pfm_type=vit_product_grid&sellerId )  cont: 122
(22:23:25) Produto nao existe
(22:23:25) Codigo Produto:1039056
(22:23:25) Preço Produto: Venda: 0,00 ( 0 x 0,00 ) Id PrecoProduto: 0
(22:23:25) Não existe preço
(22:23:25) Produto: 8 Cores Cogumelo Cabeça Batom De Longa Duração Matte Batom Lip Makeup Cosméticos ( https://www.americanas.com.br/produto/65743744?pfm_carac=L%C3%A1bios&pfm_index=2&pfm_page=category&pfm_pos=grid&pfm_type=vit_product_grid&sellerId )  cont: 123
(22:23:25) Produto nao existe
(22:23:25) Codigo Produto:1039057
(22:23:25) Preço Produto: Venda: 0,00 ( 0 x 0,00 ) Id PrecoProduto: 0
(22:23:25) Não existe preço
(22:23:25) Produto: Mulheres Sexy Lip Gloss Longa Duração À Prova D  água Matte Veludo Batons Cosméticos ( https://www.americanas.com.br/produto/65688800?pfm_carac=L%C3%A1bios&pfm_index=3&pfm_page=category&pfm_pos=grid&pfm_type=vit_product_grid&sellerId )  cont: 124
(22:23:26) Produto nao existe
(22:23:26) Codigo Produto:1039058
(22:23:26) Preço Produto: Venda: 0,00 ( 0 x 0,00 ) Id PrecoProduto: 0
(22:23:26) Não existe preço
(22:23:26) Produto: Batom Matte Cosmético Impermeável Duradouro Do Bordo Do Batom Líquido Impermeável ( https://www.americanas.com.br/produto/65656415?pfm_carac=L%C3%A1bios&pfm_index=4&pfm_page=category&pfm_pos=grid&pfm_type=vit_product_grid&sellerId )  cont: 125
(22:23:27) Produto nao existe
(22:23:27) Codigo Produto:1039059
(22:23:27) Preço Produto: Venda: 0,00 ( 0 x 0,00 ) Id PrecoProduto: 0
(22:23:27) Não existe preço
(22:23:27) Produto: Novo 21 Cores À Prova D  água Matte Não Vara Copo Não Desbotar Lip Gloss Fosco Batom ( https://www.americanas.com.br/produto/65627130?pfm_carac=L%C3%A1bios&pfm_index=5&pfm_page=category&pfm_pos=grid&pfm_type=vit_product_grid&sellerId )  cont: 126
(22:23:28) Produto nao existe
(22:23:28) Codigo Produto:1039060
(22:23:28) Preço Produto: Venda: 0,00 ( 0 x 0,00 ) Id PrecoProduto: 0
(22:23:28) Não existe preço
(22:23:28) Produto: Batom Matte Hidratante Durável À Prova D  água Lip Gloss Beleza Maquiagem Cosméticos ( https://www.americanas.com.br/produto/65528167?pfm_carac=L%C3%A1bios&pfm_index=6&pfm_page=category&pfm_pos=grid&pfm_type=vit_product_grid&sellerId )  cont: 127
(22:23:28) Produto nao existe
(22:23:28) Codigo Produto:1039061
(22:23:28) Preço Produto: Venda: 0,00 ( 0 x 0,00 ) Id PrecoProduto: 0
(22:23:28) Não existe preço
(22:23:28) Produto: Nova Maquiagem Cosméticos Matte Longa Duração À Prova D  água De Veludo Macio Líquido Lip Gloss ( https://www.americanas.com.br/produto/65822349?pfm_carac=L%C3%A1bios&pfm_index=7&pfm_page=category&pfm_pos=grid&pfm_type=vit_product_grid&sellerId )  cont: 128
(22:23:29) Produto nao existe
(22:23:29) Codigo Produto:1039062
(22:23:29) Preço Produto: Venda: 0,00 ( 0 x 0,00 ) Id PrecoProduto: 0
(22:23:29) Não existe preço
(22:23:29) Produto: 12 Cores À Prova D  água De Longa Duração Lip Gloss Fosco Líquido Batom Lápis Maquiagem ( https://www.americanas.com.br/produto/65533299?pfm_carac=L%C3%A1bios&pfm_index=8&pfm_page=category&pfm_pos=grid&pfm_type=vit_product_grid&sellerId )  cont: 129
(22:23:30) Produto nao existe
(22:23:30) Codigo Produto:1039063
(22:23:30) Preço Produto: Venda: 0,00 ( 0 x 0,00 ) Id PrecoProduto: 0
(22:23:30) Não existe preço
(22:23:30) Produto: 24 Cores Maquiagem À Prova D  água De Longa Duração Não-vara Fosco Líquido Lip Gloss ( https://www.americanas.com.br/produto/65554576?pfm_carac=L%C3%A1bios&pfm_index=9&pfm_page=category&pfm_pos=grid&pfm_type=vit_product_grid&sellerId )  cont: 130
(22:23:31) Produto nao existe
(22:23:31) Codigo Produto:1039064
(22:23:31) Preço Produto: Venda: 0,00 ( 0 x 0,00 ) Id PrecoProduto: 0
(22:23:31) Não existe preço
(22:23:31) Produto: Batom Liquido Longa Duração Lip Matte Latika Nude Nº 38 ( https://www.americanas.com.br/produto/64929987?pfm_carac=L%C3%A1bios&pfm_index=10&pfm_page=category&pfm_pos=grid&pfm_type=vit_product_grid&sellerId )  cont: 131
(22:23:31) Produto nao existe
(22:23:31) Codigo Produto:1039065
(22:23:31) Preço Produto: Venda: 0,00 ( 0 x 0,00 ) Id PrecoProduto: 0
(22:23:31) Não existe preço
(22:23:31) Produto: Lápis De Lipliner Colorido Impermeável De Longa Duração Vara Ferramentas De Maquiagem Suave Lábio ( https://www.americanas.com.br/produto/65480147?pfm_carac=L%C3%A1bios&pfm_index=11&pfm_page=category&pfm_pos=grid&pfm_type=vit_product_grid&sellerId )  cont: 132
(22:23:32) Produto nao existe
(22:23:32) Codigo Produto:1039066
(22:23:32) Preço Produto: Venda: 0,00 ( 0 x 0,00 ) Id PrecoProduto: 0
(22:23:32) Não existe preço
(22:23:32) Produto: Cosmético Líquido Duradouro Impermeável Do Batom Do Matiz Da Cor Do Bordo Do Brilho Matte Do Brilho Do Bordo ( https://www.americanas.com.br/produto/65682863?pfm_carac=L%C3%A1bios&pfm_index=12&pfm_page=category&pfm_pos=grid&pfm_type=vit_product_grid&sellerId )  cont: 133
(22:23:33) Produto nao existe
(22:23:33) Codigo Produto:1039067
(22:23:33) Preço Produto: Venda: 0,00 ( 0 x 0,00 ) Id PrecoProduto: 0
(22:23:33) Não existe preço
(22:23:33) Produto: Impermeável Macio Duradouro Batom Mulheres Partido Casual Maquiagem Kit Cosmético ( https://www.americanas.com.br/produto/65735815?pfm_carac=L%C3%A1bios&pfm_index=13&pfm_page=category&pfm_pos=grid&pfm_type=vit_product_grid&sellerId )  cont: 134
(22:23:33) Produto nao existe
(22:23:33) Codigo Produto:1039068
(22:23:33) Preço Produto: Venda: 0,00 ( 0 x 0,00 ) Id PrecoProduto: 0
(22:23:33) Não existe preço
(22:23:33) Produto: Cosméticos Ferramenta De Longa Duração À Prova D água Hidratar Matte Batom Stick Lip Gloss ( https://www.americanas.com.br/produto/65799918?pfm_carac=L%C3%A1bios&pfm_index=14&pfm_page=category&pfm_pos=grid&pfm_type=vit_product_grid&sellerId )  cont: 135
(22:23:34) Produto nao existe
(22:23:34) Codigo Produto:1039069
(22:23:34) Preço Produto: Venda: 0,00 ( 0 x 0,00 ) Id PrecoProduto: 0
(22:23:34) Não existe preço
(22:23:34) Produto: Batom Duradouro Matte Cosmético Novo Do Creme Do Bordo Da Composição ( https://www.americanas.com.br/produto/65585425?pfm_carac=L%C3%A1bios&pfm_index=15&pfm_page=category&pfm_pos=grid&pfm_type=vit_product_grid&sellerId )  cont: 136
(22:23:35) Produto nao existe
(22:23:35) Codigo Produto:1039070
(22:23:35) Preço Produto: Venda: 0,00 ( 0 x 0,00 ) Id PrecoProduto: 0
(22:23:35) Não existe preço
(22:23:35) Produto: Ferramenta De Maquiagem Clipe De Removedor De Cílios Postiços Removedor De Aço Inoxidável ( https://www.americanas.com.br/produto/65903744?pfm_carac=L%C3%A1bios&pfm_index=16&pfm_page=category&pfm_pos=grid&pfm_type=vit_product_grid&sellerId )  cont: 137
(22:23:36) Produto nao existe
(22:23:36) Codigo Produto:1039071
(22:23:36) Preço Produto: Venda: 0,00 ( 0 x 0,00 ) Id PrecoProduto: 0
(22:23:36) Não existe preço
(22:23:36) Produto: 12 Cores Macio Batom Líquido De Longa Duração Matte Lip Gloss Lip Maquiagem Cosméticos ( https://www.americanas.com.br/produto/65787083?pfm_carac=L%C3%A1bios&pfm_index=17&pfm_page=category&pfm_pos=grid&pfm_type=vit_product_grid&sellerId )  cont: 138
(22:23:37) Produto nao existe
(22:23:37) Codigo Produto:1039072
(22:23:37) Preço Produto: Venda: 0,00 ( 0 x 0,00 ) Id PrecoProduto: 0
(22:23:37) Não existe preço
(22:23:37) Produto: Batom Cosmético Matte Impermeável Duradouro Do Brilho Do Bordo Do Batom Do Encanto Das Mulheres ( https://www.americanas.com.br/produto/65682095?pfm_carac=L%C3%A1bios&pfm_index=18&pfm_page=category&pfm_pos=grid&pfm_type=vit_product_grid&sellerId )  cont: 139
(22:23:37) Produto nao existe
(22:23:37) Codigo Produto:1039073
(22:23:37) Preço Produto: Venda: 0,00 ( 0 x 0,00 ) Id PrecoProduto: 0
(22:23:37) Não existe preço
(22:23:37) Produto: Cosméticos Matiz Impermeáveis Duradouros Do Brilho Do Bordo Do Batom Do Veludo Líquido Duradouro ( https://www.americanas.com.br/produto/65866715?pfm_carac=L%C3%A1bios&pfm_index=19&pfm_page=category&pfm_pos=grid&pfm_type=vit_product_grid&sellerId )  cont: 140
(22:23:38) Produto nao existe
(22:23:38) Codigo Produto:1039074
(22:23:38) Preço Produto: Venda: 0,00 ( 0 x 0,00 ) Id PrecoProduto: 0
(22:23:38) Não existe preço
(22:23:38) Produto: Não Fure O Copo Metallic Color Sexy Lip Gloss ( https://www.americanas.com.br/produto/65797182?pfm_carac=L%C3%A1bios&pfm_index=20&pfm_page=category&pfm_pos=grid&pfm_type=vit_product_grid&sellerId )  cont: 141
(22:23:39) Produto nao existe
(22:23:39) Codigo Produto:1039075
(22:23:39) Preço Produto: Venda: 0,00 ( 0 x 0,00 ) Id PrecoProduto: 0
(22:23:39) Não existe preço
(22:23:39) Produto: Lip Tinted Océane - Batom Líquido Matte Mônaco ( https://www.americanas.com.br/produto/11542485?pfm_carac=L%C3%A1bios&pfm_index=21&pfm_page=category&pfm_pos=grid&pfm_type=vit_product_grid&sellerId )  cont: 142
(22:23:40) Produto nao existe
(22:23:40) Codigo Produto:1039076
(22:23:40) Preço Produto: Venda: 0,00 ( 0 x 0,00 ) Id PrecoProduto: 0
(22:23:40) Não existe preço
(22:23:40) Produto: Moda Fosco Longo-duradouro Hidratante Batom Maquiagem ( https://www.americanas.com.br/produto/65642293?pfm_carac=L%C3%A1bios&pfm_index=22&pfm_page=category&pfm_pos=grid&pfm_type=vit_product_grid&sellerId )  cont: 143
(22:23:40) Produto nao existe
(22:23:40) Codigo Produto:1039077
(22:23:40) Preço Produto: Venda: 0,00 ( 0 x 0,00 ) Id PrecoProduto: 0
(22:23:40) Não existe preço
(22:23:40) Produto: 14 Cores Matte Lip Gloss Maquiagem Cosméticos Longo-duradouro Batom Líquido ( https://www.americanas.com.br/produto/65788567?pfm_carac=L%C3%A1bios&pfm_index=23&pfm_page=category&pfm_pos=grid&pfm_type=vit_product_grid&sellerId )  cont: 144
(22:23:41) Produto nao existe
(22:23:41) Codigo Produto:1039078
(22:23:41) Preço Produto: Venda: 0,00 ( 0 x 0,00 ) Id PrecoProduto: 0
(22:23:41) Não existe preço
(22:23:42) Produto: Batom Matte Aveludado Lisbela Shine Colours Abelha Rainha 4g ( https://www.americanas.com.br/produto/41990672?pfm_carac=L%C3%A1bios&pfm_index=0&pfm_page=category&pfm_pos=grid&pfm_type=vit_product_grid&sellerId )  cont: 145
(22:23:43) Produto nao existe
(22:23:43) Codigo Produto:1039079
(22:23:43) Preço Produto: Venda: 0,00 ( 0 x 0,00 ) Id PrecoProduto: 0
(22:23:43) Não existe preço
(22:23:43) Produto: Vult Batom Make Up Cor 02, 100% Original!! ( https://www.americanas.com.br/produto/48659977?pfm_carac=L%C3%A1bios&pfm_index=1&pfm_page=category&pfm_pos=grid&pfm_type=vit_product_grid&sellerId )  cont: 146
(22:23:44) Produto nao existe
(22:23:44) Codigo Produto:1039080
(22:23:44) Preço Produto: Venda: 0,00 ( 0 x 0,00 ) Id PrecoProduto: 0
(22:23:44) Não existe preço
(22:23:44) Produto: Batom Ego Creamy Rouge Cor 9 - 3,8G ( https://www.americanas.com.br/produto/27017342?pfm_carac=L%C3%A1bios&pfm_index=2&pfm_page=category&pfm_pos=grid&pfm_type=vit_product_grid&sellerId )  cont: 147
(22:23:45) Produto nao existe
(22:23:45) Codigo Produto:1039081
(22:23:45) Preço Produto: Venda: 0,00 ( 0 x 0,00 ) Id PrecoProduto: 0
(22:23:45) Não existe preço
(22:23:45) Produto: Batom Liquido SuperGloss ( https://www.americanas.com.br/produto/36716244?pfm_carac=L%C3%A1bios&pfm_index=3&pfm_page=category&pfm_pos=grid&pfm_type=vit_product_grid&sellerId )  cont: 148
(22:23:45) Produto nao existe
(22:23:45) Codigo Produto:1039082
(22:23:45) Preço Produto: Venda: 0,00 ( 0 x 0,00 ) Id PrecoProduto: 0
(22:23:45) Não existe preço
(22:23:45) Produto: Batom Matte Creamlicious Berry In Love Rk By Kiss ( https://www.americanas.com.br/produto/25858140?pfm_carac=L%C3%A1bios&pfm_index=4&pfm_page=category&pfm_pos=grid&pfm_type=vit_product_grid&sellerId )  cont: 149
(22:23:46) Produto nao existe
(22:23:46) Codigo Produto:1039083
(22:23:46) Preço Produto: Venda: 0,00 ( 0 x 0,00 ) Id PrecoProduto: 0
(22:23:46) Não existe preço
(22:23:46) Produto: Inoar 80 s - Batom Matte 3,5g ( https://www.americanas.com.br/produto/51781767?pfm_carac=L%C3%A1bios&pfm_index=5&pfm_page=category&pfm_pos=grid&pfm_type=vit_product_grid&sellerId )  cont: 150
(22:23:47) Produto nao existe
(22:23:47) Codigo Produto:1039084
(22:23:47) Preço Produto: Venda: 0,00 ( 0 x 0,00 ) Id PrecoProduto: 0
(22:23:47) Não existe preço
(22:23:47) Produto: Lápis Para Lábios Dailus Coisas De Quem Ama Pink Lemonade 06 ( https://www.americanas.com.br/produto/51129893?pfm_carac=L%C3%A1bios&pfm_index=6&pfm_page=category&pfm_pos=grid&pfm_type=vit_product_grid&sellerId )  cont: 151
(22:23:48) Produto nao existe
(22:23:48) Codigo Produto:1039085
(22:23:48) Preço Produto: Venda: 0,00 ( 0 x 0,00 ) Id PrecoProduto: 0
(22:23:48) Não existe preço
(22:23:48) Produto: Latika Lip Matte N°37 Batom Liquido 4ml ( https://www.americanas.com.br/produto/33482502?pfm_carac=L%C3%A1bios&pfm_index=7&pfm_page=category&pfm_pos=grid&pfm_type=vit_product_grid&sellerId )  cont: 152
(22:23:48) Produto nao existe
(22:23:48) Codigo Produto:1039086
(22:23:48) Preço Produto: Venda: 0,00 ( 0 x 0,00 ) Id PrecoProduto: 0
(22:23:48) Não existe preço
(22:23:48) Produto: Batom Liquido Supergloss ( https://www.americanas.com.br/produto/20119692?pfm_carac=L%C3%A1bios&pfm_index=8&pfm_page=category&pfm_pos=grid&pfm_type=vit_product_grid&sellerId )  cont: 153
(22:23:49) Produto nao existe
(22:23:49) Codigo Produto:1039087
(22:23:49) Preço Produto: Venda: 0,00 ( 0 x 0,00 ) Id PrecoProduto: 0
(22:23:49) Não existe preço
(22:23:49) Produto: Batom Rouge Edition 3,5g Bourjois 07 Fuchsia Graff ( https://www.americanas.com.br/produto/8212339?pfm_carac=L%C3%A1bios&pfm_index=9&pfm_page=category&pfm_pos=grid&pfm_type=vit_product_grid&sellerId )  cont: 154
(22:23:50) Produto nao existe
(22:23:50) Codigo Produto:1039088
(22:23:50) Preço Produto: Venda: 0,00 ( 0 x 0,00 ) Id PrecoProduto: 0
(22:23:50) Não existe preço
(22:23:50) Produto: Gosh Velvet Touch 060 Lambada - Batom Cremoso 4g ( https://www.americanas.com.br/produto/29860180?pfm_carac=L%C3%A1bios&pfm_index=10&pfm_page=category&pfm_pos=grid&pfm_type=vit_product_grid&sellerId )  cont: 155
(22:23:51) Produto nao existe
(22:23:51) Codigo Produto:1039089
(22:23:51) Preço Produto: Venda: 0,00 ( 0 x 0,00 ) Id PrecoProduto: 0
(22:23:51) Não existe preço
(22:23:51) Produto: Batom Hidratante M Make Up Glam Lilac 4 G ( https://www.americanas.com.br/produto/19223987?pfm_carac=L%C3%A1bios&pfm_index=11&pfm_page=category&pfm_pos=grid&pfm_type=vit_product_grid&sellerId )  cont: 156
(22:23:52) Produto nao existe
(22:23:52) Codigo Produto:1039090
(22:23:52) Preço Produto: Venda: 0,00 ( 0 x 0,00 ) Id PrecoProduto: 0
(22:23:52) Não existe preço
(22:23:52) Produto: Batom Líquido Bruna Tavares Wonder Woman Wonder 4mL ( https://www.americanas.com.br/produto/36373849?pfm_carac=L%C3%A1bios&pfm_index=12&pfm_page=category&pfm_pos=grid&pfm_type=vit_product_grid&sellerId )  cont: 157
(22:23:52) Produto nao existe
(22:23:52) Codigo Produto:1039091
(22:23:52) Preço Produto: Venda: 0,00 ( 0 x 0,00 ) Id PrecoProduto: 0
(22:23:52) Não existe preço
(22:23:52) Produto: Batom Líquido Matte Dália 03 Alice Salazar ( https://www.americanas.com.br/produto/20692524?pfm_carac=L%C3%A1bios&pfm_index=13&pfm_page=category&pfm_pos=grid&pfm_type=vit_product_grid&sellerId )  cont: 158
(22:23:53) Produto nao existe
(22:23:53) Codigo Produto:1039092
(22:23:53) Preço Produto: Venda: 0,00 ( 0 x 0,00 ) Id PrecoProduto: 0
(22:23:53) Não existe preço
(22:23:53) Produto: Batom da Copa Matte Kyrav Cores do Brasil - Box c/ 12 unid ( https://www.americanas.com.br/produto/44632531?pfm_carac=L%C3%A1bios&pfm_index=14&pfm_page=category&pfm_pos=grid&pfm_type=vit_product_grid&sellerId )  cont: 159
(22:23:54) Produto nao existe
(22:23:54) Codigo Produto:1039093
(22:23:54) Preço Produto: Venda: 0,00 ( 0 x 0,00 ) Id PrecoProduto: 0
(22:23:54) Não existe preço
(22:23:54) Produto: Batom Líquido Zanphy Ultra Fixação Leblon ( https://www.americanas.com.br/produto/44836553?pfm_carac=L%C3%A1bios&pfm_index=15&pfm_page=category&pfm_pos=grid&pfm_type=vit_product_grid&sellerId )  cont: 160
(22:23:55) Produto nao existe
(22:23:55) Codigo Produto:1039094
(22:23:55) Preço Produto: Venda: 0,00 ( 0 x 0,00 ) Id PrecoProduto: 0
(22:23:55) Não existe preço
(22:23:55) Produto: Kit Gloss Lipvolume Hialurônico - Blant - 2 Unidades Incolor ( https://www.americanas.com.br/produto/52655927?pfm_carac=L%C3%A1bios&pfm_index=16&pfm_page=category&pfm_pos=grid&pfm_type=vit_product_grid&sellerId )  cont: 161
(22:23:56) Produto nao existe
(22:23:56) Codigo Produto:1039095
(22:23:56) Preço Produto: Venda: 0,00 ( 0 x 0,00 ) Id PrecoProduto: 0
(22:23:56) Não existe preço
(22:23:56) Produto: Bruna Tavares Batom Liquido T Blogs Prince ( https://www.americanas.com.br/produto/36489721?pfm_carac=L%C3%A1bios&pfm_index=17&pfm_page=category&pfm_pos=grid&pfm_type=vit_product_grid&sellerId )  cont: 162
(22:23:56) Produto nao existe
(22:23:56) Codigo Produto:1039096
(22:23:56) Preço Produto: Venda: 0,00 ( 0 x 0,00 ) Id PrecoProduto: 0
(22:23:56) Não existe preço
(22:23:56) Produto: Batom Líquido Vinilfix Diva ( https://www.americanas.com.br/produto/54335256?pfm_carac=L%C3%A1bios&pfm_index=18&pfm_page=category&pfm_pos=grid&pfm_type=vit_product_grid&sellerId )  cont: 163
(22:23:57) Produto nao existe
(22:23:57) Codigo Produto:1039097
(22:23:57) Preço Produto: Venda: 0,00 ( 0 x 0,00 ) Id PrecoProduto: 0
(22:23:57) Não existe preço
(22:23:57) Produto: Batom Líquido Shiseido Lacquer Rouge VI324 6ml ( https://www.americanas.com.br/produto/35637298?pfm_carac=L%C3%A1bios&pfm_index=19&pfm_page=category&pfm_pos=grid&pfm_type=vit_product_grid&sellerId )  cont: 164
(22:23:58) Produto nao existe
(22:23:58) Codigo Produto:1039098
(22:23:58) Preço Produto: Venda: 0,00 ( 0 x 0,00 ) Id PrecoProduto: 0
(22:23:58) Não existe preço
(22:23:58) Produto: Gloss Labial Elétrico Vibra Kiss Intt - 6g ( https://www.americanas.com.br/produto/33383065?pfm_carac=L%C3%A1bios&pfm_index=20&pfm_page=category&pfm_pos=grid&pfm_type=vit_product_grid&sellerId )  cont: 165
(22:23:59) Produto nao existe
(22:23:59) Codigo Produto:1039099
(22:23:59) Preço Produto: Venda: 0,00 ( 0 x 0,00 ) Id PrecoProduto: 0
(22:23:59) Não existe preço
(22:23:59) Produto: Lip Matte Latika - Batom Líquido Nº 06 ( https://www.americanas.com.br/produto/52647853?pfm_carac=L%C3%A1bios&pfm_index=21&pfm_page=category&pfm_pos=grid&pfm_type=vit_product_grid&sellerId )  cont: 166
(22:23:59) Produto nao existe
(22:23:59) Codigo Produto:1039100
(22:23:59) Preço Produto: Venda: 0,00 ( 0 x 0,00 ) Id PrecoProduto: 0
(22:23:59) Não existe preço
(22:23:59) Produto: Batom Mate Koloss Ballet 28 ( https://www.americanas.com.br/produto/31426757?pfm_carac=L%C3%A1bios&pfm_index=22&pfm_page=category&pfm_pos=grid&pfm_type=vit_product_grid&sellerId )  cont: 167
(22:24:00) Produto nao existe
(22:24:00) Codigo Produto:1039101
(22:24:00) Preço Produto: Venda: 0,00 ( 0 x 0,00 ) Id PrecoProduto: 0
(22:24:00) Não existe preço
(22:24:00) Produto: Gloss Bronze 03 Brilho Magico Zanphy Hologloss Para Lábios ( https://www.americanas.com.br/produto/44843215?pfm_carac=L%C3%A1bios&pfm_index=23&pfm_page=category&pfm_pos=grid&pfm_type=vit_product_grid&sellerId )  cont: 168
(22:24:01) Produto nao existe
(22:24:01) Codigo Produto:1039102
(22:24:01) Preço Produto: Venda: 0,00 ( 0 x 0,00 ) Id PrecoProduto: 0
(22:24:01) Não existe preço
(22:24:02) Produto: Batom Matte 3,5g Ivete Sangalo Coisa Chique ( https://www.americanas.com.br/produto/50444026?pfm_carac=L%C3%A1bios&pfm_index=0&pfm_page=category&pfm_pos=grid&pfm_type=vit_product_grid&sellerId )  cont: 169
(22:24:03) Produto nao existe
(22:24:03) Codigo Produto:1039103
(22:24:03) Preço Produto: Venda: 0,00 ( 0 x 0,00 ) Id PrecoProduto: 0
(22:24:03) Não existe preço
(22:24:03) Produto: Shiseido Visionairy 222 Ginza Red - Batom Cremoso 1,6g ( https://www.americanas.com.br/produto/54915314?pfm_carac=L%C3%A1bios&pfm_index=1&pfm_page=category&pfm_pos=grid&pfm_type=vit_product_grid&sellerId )  cont: 170
(22:24:04) Produto nao existe
(22:24:04) Codigo Produto:1039104
(22:24:04) Preço Produto: Venda: 0,00 ( 0 x 0,00 ) Id PrecoProduto: 0
(22:24:04) Não existe preço
(22:24:04) Produto: Kit Batom E Lápis Kylie Jenner Matte Mary Jo Set - Mary Jo K - 22 - Ginger ( https://www.americanas.com.br/produto/46218608?pfm_carac=L%C3%A1bios&pfm_index=2&pfm_page=category&pfm_pos=grid&pfm_type=vit_product_grid&sellerId )  cont: 171
(22:24:04) Produto nao existe
(22:24:04) Codigo Produto:1039105
(22:24:04) Preço Produto: Venda: 0,00 ( 0 x 0,00 ) Id PrecoProduto: 0
(22:24:04) Não existe preço
(22:24:04) Produto: Alerta ( https://www.americanas.com.br/produto/18925279?pfm_carac=L%C3%A1bios&pfm_index=3&pfm_page=category&pfm_pos=grid&pfm_type=vit_product_grid&sellerId )  cont: 172
(22:24:05) Produto nao existe
(22:24:05) Codigo Produto:1039106
(22:24:05) Preço Produto: Venda: 0,00 ( 0 x 0,00 ) Id PrecoProduto: 0
(22:24:05) Não existe preço
(22:24:05) Produto: Essenze Di Pozzi Batom Beige Suede 63 ( https://www.americanas.com.br/produto/37028265?pfm_carac=L%C3%A1bios&pfm_index=4&pfm_page=category&pfm_pos=grid&pfm_type=vit_product_grid&sellerId )  cont: 173
(22:24:06) Produto nao existe
(22:24:06) Codigo Produto:1039107
(22:24:06) Preço Produto: Venda: 0,00 ( 0 x 0,00 ) Id PrecoProduto: 0
(22:24:06) Não existe preço
(22:24:06) Produto: Anita Batom Liquido Matte 2041 Trendsetter ( https://www.americanas.com.br/produto/33482464?pfm_carac=L%C3%A1bios&pfm_index=5&pfm_page=category&pfm_pos=grid&pfm_type=vit_product_grid&sellerId )  cont: 174
