(20:08:11) CategoriaLoja(detalhe):CategoriaLoja {IdCategoriaLoja:999;Nome:Teste;Url:https://www.americanas.com.br/categoria/beleza-e-perfumaria/maquiagem/labios?ordenacao=topSelling;DataInclusao:2019-07-19;IdCategoriaLojaF:0;IdNaturezaProdutoRa:0;IdLojaVirtualPa:0;}
(20:08:11) URL: https://www.americanas.com.br/categoria/beleza-e-perfumaria/maquiagem/labios?ordenacao=topSelling
(20:08:15) Produto: Batom Tinta Dna Italy Love Lip Color 10ml Cor Love Red 1und ( https://www.americanas.com.br/produto/49934433?pfm_carac=L%C3%A1bios&pfm_index=0&pfm_page=category&pfm_pos=grid&pfm_type=vit_product_grid&sellerId )  cont: 1
(20:08:19) Produto existe (id:1038809)
(20:08:19) Preço Produto: Venda: 0,00 ( 0 x 0,00 ) Id PrecoProduto: 0
(20:08:19) Não existe preço
(20:08:20) Produto: Festa De Moda De Nova Rainha Velvet Matte Lip Glaze Lip Gloss Longa Duração Mordida Lip Controle Nenhum Líquido Pressão Lipstick ( https://www.americanas.com.br/produto/104800390?pfm_carac=L%C3%A1bios&pfm_index=1&pfm_page=category&pfm_pos=grid&pfm_type=vit_product_grid&sellerId )  cont: 2
(20:08:20) Produto existe (id:1038810)
(20:08:20) Preço Produto: Venda: 0,00 ( 0 x 0,00 ) Id PrecoProduto: 0
(20:08:20) Não existe preço
(20:08:20) Produto: Huamianli Portable Size Mulheres Brilhante Cor Do Batom Maquiagem Natural Batom ( https://www.americanas.com.br/produto/104737795?pfm_carac=L%C3%A1bios&pfm_index=2&pfm_page=category&pfm_pos=grid&pfm_type=vit_product_grid&sellerId )  cont: 3
(20:08:20) Produto existe (id:1038811)
(20:08:20) Preço Produto: Venda: 0,00 ( 0 x 0,00 ) Id PrecoProduto: 0
(20:08:20) Não existe preço
(20:08:20) Produto: Composição Da Forma Da Sereia Caso Cosmetic Sombra Definir Blush Em Pó Lip Gloss Sombra Mascara ( https://www.americanas.com.br/produto/104747675?pfm_carac=L%C3%A1bios&pfm_index=3&pfm_page=category&pfm_pos=grid&pfm_type=vit_product_grid&sellerId )  cont: 4
(20:08:20) Produto existe (id:1038812)
(20:08:20) Preço Produto: Venda: 0,00 ( 0 x 0,00 ) Id PrecoProduto: 0
(20:08:20) Não existe preço
(20:08:20) Produto: 1 Pc Encanto Do Beijo De Batom Lasting Moist Batom Hidratante Lip Mel Não É Fácil Para Esfregar Fora Maquiagem Lip Color ( https://www.americanas.com.br/produto/104751557?pfm_carac=L%C3%A1bios&pfm_index=4&pfm_page=category&pfm_pos=grid&pfm_type=vit_product_grid&sellerId )  cont: 5
(20:08:21) Produto existe (id:1038813)
(20:08:21) Preço Produto: Venda: 0,00 ( 0 x 0,00 ) Id PrecoProduto: 0
(20:08:21) Não existe preço
(20:08:21) Produto: Kiss Lips Bear Lip Balm Moist Hidratante Hidratação Profunda Cuidados Batom ( https://www.americanas.com.br/produto/104760219?pfm_carac=L%C3%A1bios&pfm_index=5&pfm_page=category&pfm_pos=grid&pfm_type=vit_product_grid&sellerId )  cont: 6
(20:08:21) Produto existe (id:1038814)
(20:08:21) Preço Produto: Venda: 0,00 ( 0 x 0,00 ) Id PrecoProduto: 0
(20:08:21) Não existe preço
(20:08:21) Produto: Cor Ensolarado Matte Lip Gloss Batom Velvet Lip Gloss Waterproof Longa Duração Lip Tint Para Mulheres Meninas ( https://www.americanas.com.br/produto/104752847?pfm_carac=L%C3%A1bios&pfm_index=6&pfm_page=category&pfm_pos=grid&pfm_type=vit_product_grid&sellerId )  cont: 7
(20:08:21) Produto existe (id:1038815)
(20:08:21) Preço Produto: Venda: 0,00 ( 0 x 0,00 ) Id PrecoProduto: 0
(20:08:21) Não existe preço
(20:08:21) Produto: 1 Pc 5 Color Lip Gloss Longa Duração Matte Líquido Mulher Batom ( https://www.americanas.com.br/produto/104722950?pfm_carac=L%C3%A1bios&pfm_index=7&pfm_page=category&pfm_pos=grid&pfm_type=vit_product_grid&sellerId )  cont: 8
(20:08:22) Produto existe (id:1038816)
(20:08:22) Preço Produto: Venda: 0,00 ( 0 x 0,00 ) Id PrecoProduto: 0
(20:08:22) Não existe preço
(20:08:22) Produto: New Waterproof Longa Duração Lip Balm Cor Dobro Batom Moisture Lip Gloss Hidratante Mordida Lábios Make-up ( https://www.americanas.com.br/produto/104743925?pfm_carac=L%C3%A1bios&pfm_index=8&pfm_page=category&pfm_pos=grid&pfm_type=vit_product_grid&sellerId )  cont: 9
(20:08:22) Produto existe (id:1038817)
(20:08:22) Preço Produto: Venda: 0,00 ( 0 x 0,00 ) Id PrecoProduto: 0
(20:08:22) Não existe preço
(20:08:22) Produto: Batom Hidratante Lip Suave Vara Longa Duração Charming Lip Batom ( https://www.americanas.com.br/produto/104734171?pfm_carac=L%C3%A1bios&pfm_index=9&pfm_page=category&pfm_pos=grid&pfm_type=vit_product_grid&sellerId )  cont: 10
(20:08:22) Produto existe (id:1038818)
(20:08:22) Preço Produto: Venda: 0,00 ( 0 x 0,00 ) Id PrecoProduto: 0
(20:08:22) Não existe preço
(20:08:22) Produto: 2017 New Arrival Branco Tailandês On The 12g Padrão Pomada Bones Entorse Shujin Ativo Pomada Itch Tonturas ( https://www.americanas.com.br/produto/104718868?pfm_carac=L%C3%A1bios&pfm_index=10&pfm_page=category&pfm_pos=grid&pfm_type=vit_product_grid&sellerId )  cont: 11
(20:08:22) Produto existe (id:1038819)
(20:08:22) Preço Produto: Venda: 0,00 ( 0 x 0,00 ) Id PrecoProduto: 0
(20:08:22) Não existe preço
(20:08:22) Produto: 2017 De Moda De Nova Clarinete Tia Uva Vermelha Violeta Batom Preto Batom 16 Cores ( https://www.americanas.com.br/produto/104728455?pfm_carac=L%C3%A1bios&pfm_index=11&pfm_page=category&pfm_pos=grid&pfm_type=vit_product_grid&sellerId )  cont: 12
(20:08:23) Produto existe (id:1038820)
(20:08:23) Preço Produto: Venda: 0,00 ( 0 x 0,00 ) Id PrecoProduto: 0
(20:08:23) Não existe preço
(20:08:23) Produto: 2016 Hot Sale Multifuntion Col Beautiful Girl Cabeça De Impressão Sobrancelha Maquiagem Tool Clipe Beleza ( https://www.americanas.com.br/produto/104707151?pfm_carac=L%C3%A1bios&pfm_index=12&pfm_page=category&pfm_pos=grid&pfm_type=vit_product_grid&sellerId )  cont: 13
(20:08:23) Produto existe (id:1038821)
(20:08:23) Preço Produto: Venda: 0,00 ( 0 x 0,00 ) Id PrecoProduto: 0
(20:08:23) Não existe preço
(20:08:23) Produto: Cílios Clipe Pestana Cartão Helper Cílio Falso Desenhe Eyeliner Helper Mini Cílios Clipe Set Pestana Onda ( https://www.americanas.com.br/produto/104736513?pfm_carac=L%C3%A1bios&pfm_index=13&pfm_page=category&pfm_pos=grid&pfm_type=vit_product_grid&sellerId )  cont: 14
(20:08:23) Produto existe (id:1038822)
(20:08:23) Preço Produto: Venda: 0,00 ( 0 x 0,00 ) Id PrecoProduto: 0
(20:08:23) Não existe preço
(20:08:23) Produto: 2017 Melhor Maquiagem Base De 3 Cores Capa Primer Concealer Profissionais Make Up Foundation Contour Concealer ( https://www.americanas.com.br/produto/104654005?pfm_carac=L%C3%A1bios&pfm_index=14&pfm_page=category&pfm_pos=grid&pfm_type=vit_product_grid&sellerId )  cont: 15
(20:08:24) Produto existe (id:1038823)
(20:08:24) Preço Produto: Venda: 0,00 ( 0 x 0,00 ) Id PrecoProduto: 0
(20:08:24) Não existe preço
(20:08:24) Produto: Lady Seda Umidade Batom Nutrir Longa Duração Batom Beleza Para O Presente ( https://www.americanas.com.br/produto/104733869?pfm_carac=L%C3%A1bios&pfm_index=15&pfm_page=category&pfm_pos=grid&pfm_type=vit_product_grid&sellerId )  cont: 16
(20:08:24) Produto existe (id:1038824)
(20:08:24) Preço Produto: Venda: 0,00 ( 0 x 0,00 ) Id PrecoProduto: 0
(20:08:24) Não existe preço
(20:08:24) Produto: Símbolo Do Coração Latex Puff Pó Foundation Puff Espelho De Maquiagem E Puff Set Melhores Presentes Vender ( https://www.americanas.com.br/produto/104709574?pfm_carac=L%C3%A1bios&pfm_index=16&pfm_page=category&pfm_pos=grid&pfm_type=vit_product_grid&sellerId )  cont: 17
(20:08:24) Produto existe (id:1038825)
(20:08:24) Preço Produto: Venda: 0,00 ( 0 x 0,00 ) Id PrecoProduto: 0
(20:08:24) Não existe preço
(20:08:24) Produto: Batom 6 Cores De Veludo De Alta Qualidade À Prova D água De Longa Duração Umidade Beleza Batons Cosmetic Lips Matte Maquiagem ( https://www.americanas.com.br/produto/104717263?pfm_carac=L%C3%A1bios&pfm_index=17&pfm_page=category&pfm_pos=grid&pfm_type=vit_product_grid&sellerId )  cont: 18
(20:08:24) Produto existe (id:1038826)
(20:08:24) Preço Produto: Venda: 0,00 ( 0 x 0,00 ) Id PrecoProduto: 0
(20:08:24) Não existe preço
(20:08:24) Produto: Maquiagem Blush Longa Duração Shimmer 6 Cor Do Pigmento Minerals Face Contour Baked Bronzer Blush Makeup Palette ( https://www.americanas.com.br/produto/104642472?pfm_carac=L%C3%A1bios&pfm_index=18&pfm_page=category&pfm_pos=grid&pfm_type=vit_product_grid&sellerId )  cont: 19
(20:08:25) Produto existe (id:1038827)
(20:08:25) Preço Produto: Venda: 0,00 ( 0 x 0,00 ) Id PrecoProduto: 0
(20:08:25) Não existe preço
(20:08:25) Produto: Injeção Miss Rose Brilhante Preto Top Concealer Pen Repair Capacidade Bar 4 Cores ( https://www.americanas.com.br/produto/104677802?pfm_carac=L%C3%A1bios&pfm_index=19&pfm_page=category&pfm_pos=grid&pfm_type=vit_product_grid&sellerId )  cont: 20
(20:08:25) Produto existe (id:1038828)
(20:08:25) Preço Produto: Venda: 0,00 ( 0 x 0,00 ) Id PrecoProduto: 0
(20:08:25) Não existe preço
(20:08:25) Produto: 1 Pcs Moda Lippie Stix Pop Matte Lipstick Lápis Da Cor Matte Longa Duração Batom Lip Pencil Maquiagem Brink Cor Aleatória ( https://www.americanas.com.br/produto/104810988?pfm_carac=L%C3%A1bios&pfm_index=20&pfm_page=category&pfm_pos=grid&pfm_type=vit_product_grid&sellerId )  cont: 21
(20:08:25) Produto existe (id:1038829)
(20:08:25) Preço Produto: Venda: 0,00 ( 0 x 0,00 ) Id PrecoProduto: 0
(20:08:25) Não existe preço
(20:08:25) Produto: Cc Creme Foundation Líquido Maquiagem Nude Concealer Whitening Hidratante Maquiagem Cor Creme Bb Isolamento Brightening Cc Geada Whitening Creme Bb Maquiagem ( https://www.americanas.com.br/produto/104784182?pfm_carac=L%C3%A1bios&pfm_index=21&pfm_page=category&pfm_pos=grid&pfm_type=vit_product_grid&sellerId )  cont: 22
(20:08:26) Produto existe (id:1038830)
(20:08:26) Preço Produto: Venda: 0,00 ( 0 x 0,00 ) Id PrecoProduto: 0
(20:08:26) Não existe preço
(20:08:26) Produto: Grátis Por Atacado Hot Rouge Batom Líquido Veludo Matte Lip Gloss Shimmer Metal À Prova D  água De Longo-desgaste Alto Pigmento Nu Rose Red Lip Matiz ( https://www.americanas.com.br/produto/104796064?pfm_carac=L%C3%A1bios&pfm_index=22&pfm_page=category&pfm_pos=grid&pfm_type=vit_product_grid&sellerId )  cont: 23
(20:08:26) Produto existe (id:1038831)
(20:08:26) Preço Produto: Venda: 0,00 ( 0 x 0,00 ) Id PrecoProduto: 0
(20:08:26) Não existe preço
(20:08:26) Produto: Livremente Escolhido Pop Ultra Matte Aveludado Líquido Batom Matte Líquido Lipgloss   / Waterproof Lip Gloss Crpm ( https://www.americanas.com.br/produto/104786478?pfm_carac=L%C3%A1bios&pfm_index=23&pfm_page=category&pfm_pos=grid&pfm_type=vit_product_grid&sellerId )  cont: 24
(20:08:26) Produto existe (id:1038832)
(20:08:26) Preço Produto: Venda: 0,00 ( 0 x 0,00 ) Id PrecoProduto: 0
(20:08:26) Não existe preço
(20:11:17) CategoriaLoja(detalhe):CategoriaLoja {IdCategoriaLoja:999;Nome:Teste;Url:https://www.americanas.com.br/categoria/beleza-e-perfumaria/maquiagem/labios?ordenacao=topSelling;DataInclusao:2019-07-19;IdCategoriaLojaF:0;IdNaturezaProdutoRa:0;IdLojaVirtualPa:0;}
(20:11:18) URL: https://www.americanas.com.br/categoria/beleza-e-perfumaria/maquiagem/labios?ordenacao=topSelling
(20:11:18) Produto: Batom Tinta Dna Italy Love Lip Color 10ml Cor Love Red 1und ( https://www.americanas.com.br/produto/49934433?pfm_carac=L%C3%A1bios&pfm_index=0&pfm_page=category&pfm_pos=grid&pfm_type=vit_product_grid&sellerId )  cont: 1
(20:11:19) Produto existe (id:1038809)
(20:11:19) Preço Produto: Venda: 0,00 ( 0 x 0,00 ) Id PrecoProduto: 0
(20:11:19) Não existe preço
(20:11:19) Produto: Festa De Moda De Nova Rainha Velvet Matte Lip Glaze Lip Gloss Longa Duração Mordida Lip Controle Nenhum Líquido Pressão Lipstick ( https://www.americanas.com.br/produto/104800390?pfm_carac=L%C3%A1bios&pfm_index=1&pfm_page=category&pfm_pos=grid&pfm_type=vit_product_grid&sellerId )  cont: 2
(20:11:19) Produto existe (id:1038810)
(20:11:19) Preço Produto: Venda: 0,00 ( 0 x 0,00 ) Id PrecoProduto: 0
(20:11:19) Não existe preço
(20:11:19) Produto: Huamianli Portable Size Mulheres Brilhante Cor Do Batom Maquiagem Natural Batom ( https://www.americanas.com.br/produto/104737795?pfm_carac=L%C3%A1bios&pfm_index=2&pfm_page=category&pfm_pos=grid&pfm_type=vit_product_grid&sellerId )  cont: 3
(20:11:19) Produto existe (id:1038811)
(20:11:19) Preço Produto: Venda: 0,00 ( 0 x 0,00 ) Id PrecoProduto: 0
(20:11:19) Não existe preço
(20:11:19) Produto: Composição Da Forma Da Sereia Caso Cosmetic Sombra Definir Blush Em Pó Lip Gloss Sombra Mascara ( https://www.americanas.com.br/produto/104747675?pfm_carac=L%C3%A1bios&pfm_index=3&pfm_page=category&pfm_pos=grid&pfm_type=vit_product_grid&sellerId )  cont: 4
(20:11:20) Produto existe (id:1038812)
(20:11:20) Preço Produto: Venda: 0,00 ( 0 x 0,00 ) Id PrecoProduto: 0
(20:11:20) Não existe preço
(20:11:20) Produto: 1 Pc Encanto Do Beijo De Batom Lasting Moist Batom Hidratante Lip Mel Não É Fácil Para Esfregar Fora Maquiagem Lip Color ( https://www.americanas.com.br/produto/104751557?pfm_carac=L%C3%A1bios&pfm_index=4&pfm_page=category&pfm_pos=grid&pfm_type=vit_product_grid&sellerId )  cont: 5
(20:11:20) Produto existe (id:1038813)
(20:11:20) Preço Produto: Venda: 0,00 ( 0 x 0,00 ) Id PrecoProduto: 0
(20:11:20) Não existe preço
(20:11:20) Produto: Kiss Lips Bear Lip Balm Moist Hidratante Hidratação Profunda Cuidados Batom ( https://www.americanas.com.br/produto/104760219?pfm_carac=L%C3%A1bios&pfm_index=5&pfm_page=category&pfm_pos=grid&pfm_type=vit_product_grid&sellerId )  cont: 6
(20:11:20) Produto existe (id:1038814)
(20:11:20) Preço Produto: Venda: 0,00 ( 0 x 0,00 ) Id PrecoProduto: 0
(20:11:20) Não existe preço
(20:11:20) Produto: Cor Ensolarado Matte Lip Gloss Batom Velvet Lip Gloss Waterproof Longa Duração Lip Tint Para Mulheres Meninas ( https://www.americanas.com.br/produto/104752847?pfm_carac=L%C3%A1bios&pfm_index=6&pfm_page=category&pfm_pos=grid&pfm_type=vit_product_grid&sellerId )  cont: 7
(20:11:21) Produto existe (id:1038815)
(20:11:21) Preço Produto: Venda: 0,00 ( 0 x 0,00 ) Id PrecoProduto: 0
(20:11:21) Não existe preço
(20:11:21) Produto: 1 Pc 5 Color Lip Gloss Longa Duração Matte Líquido Mulher Batom ( https://www.americanas.com.br/produto/104722950?pfm_carac=L%C3%A1bios&pfm_index=7&pfm_page=category&pfm_pos=grid&pfm_type=vit_product_grid&sellerId )  cont: 8
(20:11:21) Produto existe (id:1038816)
(20:11:21) Preço Produto: Venda: 0,00 ( 0 x 0,00 ) Id PrecoProduto: 0
(20:11:21) Não existe preço
(20:11:21) Produto: New Waterproof Longa Duração Lip Balm Cor Dobro Batom Moisture Lip Gloss Hidratante Mordida Lábios Make-up ( https://www.americanas.com.br/produto/104743925?pfm_carac=L%C3%A1bios&pfm_index=8&pfm_page=category&pfm_pos=grid&pfm_type=vit_product_grid&sellerId )  cont: 9
(20:11:21) Produto existe (id:1038817)
(20:11:21) Preço Produto: Venda: 0,00 ( 0 x 0,00 ) Id PrecoProduto: 0
(20:11:21) Não existe preço
(20:11:21) Produto: Batom Hidratante Lip Suave Vara Longa Duração Charming Lip Batom ( https://www.americanas.com.br/produto/104734171?pfm_carac=L%C3%A1bios&pfm_index=9&pfm_page=category&pfm_pos=grid&pfm_type=vit_product_grid&sellerId )  cont: 10
(20:11:21) Produto existe (id:1038818)
(20:11:21) Preço Produto: Venda: 0,00 ( 0 x 0,00 ) Id PrecoProduto: 0
(20:11:21) Não existe preço
(20:11:21) Produto: 2017 New Arrival Branco Tailandês On The 12g Padrão Pomada Bones Entorse Shujin Ativo Pomada Itch Tonturas ( https://www.americanas.com.br/produto/104718868?pfm_carac=L%C3%A1bios&pfm_index=10&pfm_page=category&pfm_pos=grid&pfm_type=vit_product_grid&sellerId )  cont: 11
(20:11:22) Produto existe (id:1038819)
(20:11:22) Preço Produto: Venda: 0,00 ( 0 x 0,00 ) Id PrecoProduto: 0
(20:11:22) Não existe preço
(20:11:22) Produto: 2017 De Moda De Nova Clarinete Tia Uva Vermelha Violeta Batom Preto Batom 16 Cores ( https://www.americanas.com.br/produto/104728455?pfm_carac=L%C3%A1bios&pfm_index=11&pfm_page=category&pfm_pos=grid&pfm_type=vit_product_grid&sellerId )  cont: 12
(20:11:22) Produto existe (id:1038820)
(20:11:22) Preço Produto: Venda: 0,00 ( 0 x 0,00 ) Id PrecoProduto: 0
(20:11:22) Não existe preço
(20:11:22) Produto: 2016 Hot Sale Multifuntion Col Beautiful Girl Cabeça De Impressão Sobrancelha Maquiagem Tool Clipe Beleza ( https://www.americanas.com.br/produto/104707151?pfm_carac=L%C3%A1bios&pfm_index=12&pfm_page=category&pfm_pos=grid&pfm_type=vit_product_grid&sellerId )  cont: 13
(20:11:22) Produto existe (id:1038821)
(20:11:22) Preço Produto: Venda: 0,00 ( 0 x 0,00 ) Id PrecoProduto: 0
(20:11:22) Não existe preço
(20:11:22) Produto: Cílios Clipe Pestana Cartão Helper Cílio Falso Desenhe Eyeliner Helper Mini Cílios Clipe Set Pestana Onda ( https://www.americanas.com.br/produto/104736513?pfm_carac=L%C3%A1bios&pfm_index=13&pfm_page=category&pfm_pos=grid&pfm_type=vit_product_grid&sellerId )  cont: 14
(20:11:23) Produto existe (id:1038822)
(20:11:23) Preço Produto: Venda: 0,00 ( 0 x 0,00 ) Id PrecoProduto: 0
(20:11:23) Não existe preço
(20:11:23) Produto: 2017 Melhor Maquiagem Base De 3 Cores Capa Primer Concealer Profissionais Make Up Foundation Contour Concealer ( https://www.americanas.com.br/produto/104654005?pfm_carac=L%C3%A1bios&pfm_index=14&pfm_page=category&pfm_pos=grid&pfm_type=vit_product_grid&sellerId )  cont: 15
(20:11:23) Produto existe (id:1038823)
(20:11:23) Preço Produto: Venda: 0,00 ( 0 x 0,00 ) Id PrecoProduto: 0
(20:11:23) Não existe preço
(20:11:23) Produto: Lady Seda Umidade Batom Nutrir Longa Duração Batom Beleza Para O Presente ( https://www.americanas.com.br/produto/104733869?pfm_carac=L%C3%A1bios&pfm_index=15&pfm_page=category&pfm_pos=grid&pfm_type=vit_product_grid&sellerId )  cont: 16
(20:11:23) Produto existe (id:1038824)
(20:11:23) Preço Produto: Venda: 0,00 ( 0 x 0,00 ) Id PrecoProduto: 0
(20:11:23) Não existe preço
(20:11:23) Produto: Símbolo Do Coração Latex Puff Pó Foundation Puff Espelho De Maquiagem E Puff Set Melhores Presentes Vender ( https://www.americanas.com.br/produto/104709574?pfm_carac=L%C3%A1bios&pfm_index=16&pfm_page=category&pfm_pos=grid&pfm_type=vit_product_grid&sellerId )  cont: 17
(20:11:24) Produto existe (id:1038825)
(20:11:24) Preço Produto: Venda: 0,00 ( 0 x 0,00 ) Id PrecoProduto: 0
(20:11:24) Não existe preço
(20:11:24) Produto: Batom 6 Cores De Veludo De Alta Qualidade À Prova D água De Longa Duração Umidade Beleza Batons Cosmetic Lips Matte Maquiagem ( https://www.americanas.com.br/produto/104717263?pfm_carac=L%C3%A1bios&pfm_index=17&pfm_page=category&pfm_pos=grid&pfm_type=vit_product_grid&sellerId )  cont: 18
(20:11:24) Produto existe (id:1038826)
(20:11:24) Preço Produto: Venda: 0,00 ( 0 x 0,00 ) Id PrecoProduto: 0
(20:11:24) Não existe preço
(20:11:24) Produto: Maquiagem Blush Longa Duração Shimmer 6 Cor Do Pigmento Minerals Face Contour Baked Bronzer Blush Makeup Palette ( https://www.americanas.com.br/produto/104642472?pfm_carac=L%C3%A1bios&pfm_index=18&pfm_page=category&pfm_pos=grid&pfm_type=vit_product_grid&sellerId )  cont: 19
(20:11:24) Produto existe (id:1038827)
(20:11:24) Preço Produto: Venda: 0,00 ( 0 x 0,00 ) Id PrecoProduto: 0
(20:11:24) Não existe preço
(20:11:24) Produto: Injeção Miss Rose Brilhante Preto Top Concealer Pen Repair Capacidade Bar 4 Cores ( https://www.americanas.com.br/produto/104677802?pfm_carac=L%C3%A1bios&pfm_index=19&pfm_page=category&pfm_pos=grid&pfm_type=vit_product_grid&sellerId )  cont: 20
(20:11:24) Produto existe (id:1038828)
(20:11:24) Preço Produto: Venda: 0,00 ( 0 x 0,00 ) Id PrecoProduto: 0
(20:11:24) Não existe preço
(20:11:24) Produto: 1 Pcs Moda Lippie Stix Pop Matte Lipstick Lápis Da Cor Matte Longa Duração Batom Lip Pencil Maquiagem Brink Cor Aleatória ( https://www.americanas.com.br/produto/104810988?pfm_carac=L%C3%A1bios&pfm_index=20&pfm_page=category&pfm_pos=grid&pfm_type=vit_product_grid&sellerId )  cont: 21
(20:11:25) Produto existe (id:1038829)
(20:11:25) Preço Produto: Venda: 0,00 ( 0 x 0,00 ) Id PrecoProduto: 0
(20:11:25) Não existe preço
(20:11:25) Produto: Cc Creme Foundation Líquido Maquiagem Nude Concealer Whitening Hidratante Maquiagem Cor Creme Bb Isolamento Brightening Cc Geada Whitening Creme Bb Maquiagem ( https://www.americanas.com.br/produto/104784182?pfm_carac=L%C3%A1bios&pfm_index=21&pfm_page=category&pfm_pos=grid&pfm_type=vit_product_grid&sellerId )  cont: 22
(20:11:25) Produto existe (id:1038830)
(20:11:25) Preço Produto: Venda: 0,00 ( 0 x 0,00 ) Id PrecoProduto: 0
(20:11:25) Não existe preço
(20:11:25) Produto: Grátis Por Atacado Hot Rouge Batom Líquido Veludo Matte Lip Gloss Shimmer Metal À Prova D  água De Longo-desgaste Alto Pigmento Nu Rose Red Lip Matiz ( https://www.americanas.com.br/produto/104796064?pfm_carac=L%C3%A1bios&pfm_index=22&pfm_page=category&pfm_pos=grid&pfm_type=vit_product_grid&sellerId )  cont: 23
(20:11:25) Produto existe (id:1038831)
(20:11:25) Preço Produto: Venda: 0,00 ( 0 x 0,00 ) Id PrecoProduto: 0
(20:11:25) Não existe preço
(20:11:25) Produto: Livremente Escolhido Pop Ultra Matte Aveludado Líquido Batom Matte Líquido Lipgloss   / Waterproof Lip Gloss Crpm ( https://www.americanas.com.br/produto/104786478?pfm_carac=L%C3%A1bios&pfm_index=23&pfm_page=category&pfm_pos=grid&pfm_type=vit_product_grid&sellerId )  cont: 24
(20:11:26) Produto existe (id:1038832)
(20:11:26) Preço Produto: Venda: 0,00 ( 0 x 0,00 ) Id PrecoProduto: 0
(20:11:26) Não existe preço
(20:11:27) Produto: Fruit Lip Balm Bola Portátil Vaseline Lip Balm Liso Hidratante Anti-rugas Envelhecimento Atualizar Nutrir Lipstick ( https://www.americanas.com.br/produto/104765321?pfm_carac=L%C3%A1bios&pfm_index=0&pfm_page=category&pfm_pos=grid&pfm_type=vit_product_grid&sellerId )  cont: 25
(20:11:27) Produto existe (id:1038959)
(20:11:27) Preço Produto: Venda: 0,00 ( 0 x 0,00 ) Id PrecoProduto: 0
(20:11:27) Não existe preço
(20:11:27) Produto: 3 Cores Face Contour Palette Focallure Shimmer Marcador Cheek Blush Em Pó Pigmento Sombra Contorno Cosmestic ( https://www.americanas.com.br/produto/104782724?pfm_carac=L%C3%A1bios&pfm_index=1&pfm_page=category&pfm_pos=grid&pfm_type=vit_product_grid&sellerId )  cont: 26
(20:11:27) Produto existe (id:1038960)
(20:11:28) Preço Produto: Venda: 0,00 ( 0 x 0,00 ) Id PrecoProduto: 0
(20:11:28) Não existe preço
(20:11:28) Produto: 8 Almofada Pcs Special Air Bb Creme Soprador Foundation Sponge Beleza Maquiagem Ferramentas De Maquiagem Seco E Molhado Puff ( https://www.americanas.com.br/produto/104736929?pfm_carac=L%C3%A1bios&pfm_index=2&pfm_page=category&pfm_pos=grid&pfm_type=vit_product_grid&sellerId )  cont: 27
(20:11:28) Produto existe (id:1038961)
(20:11:28) Preço Produto: Venda: 0,00 ( 0 x 0,00 ) Id PrecoProduto: 0
(20:11:28) Não existe preço
(20:11:28) Produto: 1 Pcs 5 Cores Reabastecer Sticks Beleza Moda Maquiagem Esponja Puff Mulheres ( https://www.americanas.com.br/produto/104779189?pfm_carac=L%C3%A1bios&pfm_index=3&pfm_page=category&pfm_pos=grid&pfm_type=vit_product_grid&sellerId )  cont: 28
(20:11:28) Produto existe (id:1038962)
(20:11:28) Preço Produto: Venda: 0,00 ( 0 x 0,00 ) Id PrecoProduto: 0
(20:11:28) Não existe preço
(20:11:28) Produto: 1 Pc Moda 5 Cor Cosméticos Longa Duração Impermeável De Lip Pencil Líquido Matte Lipstick Lipgloss Da Composição ( https://www.americanas.com.br/produto/104763508?pfm_carac=L%C3%A1bios&pfm_index=4&pfm_page=category&pfm_pos=grid&pfm_type=vit_product_grid&sellerId )  cont: 29
(20:11:29) Produto existe (id:1038963)
(20:11:29) Preço Produto: Venda: 0,00 ( 0 x 0,00 ) Id PrecoProduto: 0
(20:11:29) Não existe preço
(20:11:29) Produto: Tomato Pie Lip Reparação Máscara Hidratante Lábios Cuidados Nutrir Lip Para Uso Diário ( https://www.americanas.com.br/produto/104753818?pfm_carac=L%C3%A1bios&pfm_index=5&pfm_page=category&pfm_pos=grid&pfm_type=vit_product_grid&sellerId )  cont: 30
(20:11:29) Produto existe (id:1038964)
(20:11:29) Preço Produto: Venda: 0,00 ( 0 x 0,00 ) Id PrecoProduto: 0
(20:11:29) Não existe preço
(20:11:29) Produto: Mulheres Moda Maquiagem Ubub Matte Pressione O Botão Batom Lip Mordida Duradoura Big Red Not Fade Lipstick ( https://www.americanas.com.br/produto/104781115?pfm_carac=L%C3%A1bios&pfm_index=6&pfm_page=category&pfm_pos=grid&pfm_type=vit_product_grid&sellerId )  cont: 31
(20:11:29) Produto existe (id:1038965)
(20:11:29) Preço Produto: Venda: 0,00 ( 0 x 0,00 ) Id PrecoProduto: 0
(20:11:29) Não existe preço
(20:11:29) Produto: New 15 Cores Contour Creme Makeup Concealer Palette ( https://www.americanas.com.br/produto/104757205?pfm_carac=L%C3%A1bios&pfm_index=7&pfm_page=category&pfm_pos=grid&pfm_type=vit_product_grid&sellerId )  cont: 32
(20:11:30) Produto existe (id:1038966)
(20:11:30) Preço Produto: Venda: 0,00 ( 0 x 0,00 ) Id PrecoProduto: 0
(20:11:30) Não existe preço
(20:11:30) Produto: 5 Em 1 Beleza Bochecha Face Maquiagem Das Mulheres Macio Natural Blush Blush Em Pó Cosmetic Com Esponja ( https://www.americanas.com.br/produto/104737628?pfm_carac=L%C3%A1bios&pfm_index=8&pfm_page=category&pfm_pos=grid&pfm_type=vit_product_grid&sellerId )  cont: 33
(20:11:30) Produto existe (id:1038967)
(20:11:30) Preço Produto: Venda: 0,00 ( 0 x 0,00 ) Id PrecoProduto: 0
(20:11:30) Não existe preço
(20:11:30) Produto: Mudando A Cor Jelly Batom Sem Descoloração Não Manchado Copa Batom Lasting Moisturizing Mordida Waterproof Lip Makeup ( https://www.americanas.com.br/produto/104705510?pfm_carac=L%C3%A1bios&pfm_index=9&pfm_page=category&pfm_pos=grid&pfm_type=vit_product_grid&sellerId )  cont: 34
(20:11:31) Produto existe (id:1038968)
(20:11:31) Preço Produto: Venda: 0,00 ( 0 x 0,00 ) Id PrecoProduto: 0
(20:11:31) Não existe preço
(20:11:31) Produto: Huamianli Portable Size Mulheres Lip Makeup Matt Líquido Cosmetic Beauty Lip Gloss ( https://www.americanas.com.br/produto/104712181?pfm_carac=L%C3%A1bios&pfm_index=10&pfm_page=category&pfm_pos=grid&pfm_type=vit_product_grid&sellerId )  cont: 35
(20:11:31) Produto existe (id:1038969)
(20:11:31) Preço Produto: Venda: 0,00 ( 0 x 0,00 ) Id PrecoProduto: 0
(20:11:31) Não existe preço
(20:11:31) Produto: 2017 Nova Matte Hot Velvet Líquido Lip Glaze Do Not Pegajosas Sticks Pegajosas Lasting Incolor Batom Não É Fácil A Desaparecer Lip Gloss ( https://www.americanas.com.br/produto/104717936?pfm_carac=L%C3%A1bios&pfm_index=11&pfm_page=category&pfm_pos=grid&pfm_type=vit_product_grid&sellerId )  cont: 36
(20:11:31) Produto existe (id:1038970)
(20:11:31) Preço Produto: Venda: 0,00 ( 0 x 0,00 ) Id PrecoProduto: 0
(20:11:31) Não existe preço
(20:11:31) Produto: 10 Cores Brilhantes Piscando Eye Liner Rápida Para Secar Waterproof Glitter Eyeshadow Líquido Eyeliner Maquiagem ( https://www.americanas.com.br/produto/104719589?pfm_carac=L%C3%A1bios&pfm_index=12&pfm_page=category&pfm_pos=grid&pfm_type=vit_product_grid&sellerId )  cont: 37
(20:11:32) Produto existe (id:1038971)
(20:11:32) Preço Produto: Venda: 0,00 ( 0 x 0,00 ) Id PrecoProduto: 0
(20:11:32) Não existe preço
(20:11:32) Produto: Ryukyu E Ouro Batom Hidratante Longa Duração Hidratante Batom Morder O Lábio Gilt Fluxo De Ouro Variety ( https://www.americanas.com.br/produto/104682660?pfm_carac=L%C3%A1bios&pfm_index=13&pfm_page=category&pfm_pos=grid&pfm_type=vit_product_grid&sellerId )  cont: 38
(20:11:32) Produto existe (id:1038972)
(20:11:32) Preço Produto: Venda: 0,00 ( 0 x 0,00 ) Id PrecoProduto: 0
(20:11:32) Não existe preço
(20:11:32) Produto: Aloe Vera Batom Temperatura Alterar Cores Hidratante Lasting Lip Balm ( https://www.americanas.com.br/produto/104715215?pfm_carac=L%C3%A1bios&pfm_index=14&pfm_page=category&pfm_pos=grid&pfm_type=vit_product_grid&sellerId )  cont: 39
(20:11:33) Produto existe (id:1038973)
(20:11:33) Preço Produto: Venda: 0,00 ( 0 x 0,00 ) Id PrecoProduto: 0
(20:11:33) Não existe preço
(20:11:33) Produto: 33 Combinação De Cor Da Paleta Da Sombra Carteira Forma Blush Batom Pó Sobrancelha Pó ( https://www.americanas.com.br/produto/104742465?pfm_carac=L%C3%A1bios&pfm_index=15&pfm_page=category&pfm_pos=grid&pfm_type=vit_product_grid&sellerId )  cont: 40
(20:11:33) Produto existe (id:1038974)
(20:11:33) Preço Produto: Venda: 0,00 ( 0 x 0,00 ) Id PrecoProduto: 0
(20:11:33) Não existe preço
(20:11:33) Produto: 2017 New Arrival Final Óleo Sobre Aloe Vera Gel Extrato Menow Batom Gel Removedor Rápida E Fácil Use Removedor De Maquiagem ( https://www.americanas.com.br/produto/104740731?pfm_carac=L%C3%A1bios&pfm_index=16&pfm_page=category&pfm_pos=grid&pfm_type=vit_product_grid&sellerId )  cont: 41
(20:11:33) Produto existe (id:1038975)
(20:11:33) Preço Produto: Venda: 0,00 ( 0 x 0,00 ) Id PrecoProduto: 0
(20:11:33) Não existe preço
(20:11:33) Produto: Mulheres Bonitas Cores Do Batom Lábios Maquiagem Longa Duração Cosméticos Ferramenta De Beleza ( https://www.americanas.com.br/produto/104717380?pfm_carac=L%C3%A1bios&pfm_index=17&pfm_page=category&pfm_pos=grid&pfm_type=vit_product_grid&sellerId )  cont: 42
(20:11:34) Produto existe (id:1038976)
(20:11:34) Preço Produto: Venda: 0,00 ( 0 x 0,00 ) Id PrecoProduto: 0
(20:11:34) Não existe preço
(20:11:34) Produto: Imagic Maquiagem Cheek Blush Em Pó 8 Cor Blush Diferente Pó Cor Pressionado Blush Foundation Maquiagem Rosto ( https://www.americanas.com.br/produto/104701847?pfm_carac=L%C3%A1bios&pfm_index=18&pfm_page=category&pfm_pos=grid&pfm_type=vit_product_grid&sellerId )  cont: 43
(20:11:34) Produto existe (id:1038977)
(20:11:34) Preço Produto: Venda: 0,00 ( 0 x 0,00 ) Id PrecoProduto: 0
(20:11:34) Não existe preço
(20:11:34) Produto: 4pcs   / 8 Pcs Maquiagem Blush Ferramentas Eyeshadow Blending Set Concealer Cosmetic Pincel Delineador Lip Brushes (cor: Preto, Rosa, Verga) ( https://www.americanas.com.br/produto/104700761?pfm_carac=L%C3%A1bios&pfm_index=19&pfm_page=category&pfm_pos=grid&pfm_type=vit_product_grid&sellerId )  cont: 44
(20:11:34) Produto existe (id:1038978)
(20:11:34) Preço Produto: Venda: 0,00 ( 0 x 0,00 ) Id PrecoProduto: 0
(20:11:34) Não existe preço
(20:11:34) Produto: Hidratante Professional Cabelo Danificado Manutenção Queratina Repair Máscara De Cabelo Tratamento ( https://www.americanas.com.br/produto/104715457?pfm_carac=L%C3%A1bios&pfm_index=20&pfm_page=category&pfm_pos=grid&pfm_type=vit_product_grid&sellerId )  cont: 45
(20:11:34) Produto existe (id:1038979)
(20:11:35) Preço Produto: Venda: 0,00 ( 0 x 0,00 ) Id PrecoProduto: 0
(20:11:35) Não existe preço
(20:11:35) Produto: Popfeel Lip Esfoliante Para A Seco Chapped Reparador Labial Lip Care Pele Limpa Morto ( https://www.americanas.com.br/produto/104750938?pfm_carac=L%C3%A1bios&pfm_index=21&pfm_page=category&pfm_pos=grid&pfm_type=vit_product_grid&sellerId )  cont: 46
(20:11:35) Produto existe (id:1038980)
(20:11:35) Preço Produto: Venda: 0,00 ( 0 x 0,00 ) Id PrecoProduto: 0
(20:11:35) Não existe preço
(20:11:35) Produto: 12 Cor Matte Impermeável Hidratante Longa Duração Lip Gloss ( https://www.americanas.com.br/produto/104762136?pfm_carac=L%C3%A1bios&pfm_index=22&pfm_page=category&pfm_pos=grid&pfm_type=vit_product_grid&sellerId )  cont: 47
(20:11:35) Produto existe (id:1038981)
(20:11:35) Preço Produto: Venda: 0,00 ( 0 x 0,00 ) Id PrecoProduto: 0
(20:11:35) Não existe preço
(20:11:35) Produto: Hot Venda Multifuncional Lip Liner Pen Red Dye Blush Maquiagem Waterproof Cosmetic Líquido Lip Gloss ( https://www.americanas.com.br/produto/104773939?pfm_carac=L%C3%A1bios&pfm_index=23&pfm_page=category&pfm_pos=grid&pfm_type=vit_product_grid&sellerId )  cont: 48
(20:11:36) Produto existe (id:1038982)
(20:11:36) Preço Produto: Venda: 0,00 ( 0 x 0,00 ) Id PrecoProduto: 0
(20:11:36) Não existe preço
(20:11:37) Produto: Batom Luisa - Bruna Tavares ( https://www.americanas.com.br/produto/44865838?pfm_carac=L%C3%A1bios&pfm_index=0&pfm_page=category&pfm_pos=grid&pfm_type=vit_product_grid&sellerId )  cont: 49
(20:11:37) Produto nao existe
(20:11:37) Codigo Produto:1039674
(20:11:37) Preço Produto: Venda: 0,00 ( 0 x 0,00 ) Id PrecoProduto: 0
(20:11:37) Não existe preço
(20:11:37) Produto: Batom Matte Vult 06 - 3,5g ( https://www.americanas.com.br/produto/47907041?pfm_carac=L%C3%A1bios&pfm_index=1&pfm_page=category&pfm_pos=grid&pfm_type=vit_product_grid&sellerId )  cont: 50
(20:11:38) Produto nao existe
(20:11:38) Codigo Produto:1039675
(20:11:38) Preço Produto: Venda: 0,00 ( 0 x 0,00 ) Id PrecoProduto: 0
(20:11:38) Não existe preço
(20:11:38) Produto: Batom Roxo Lilás HD Ultra Cobertura Zanphy Iman P Negra ( https://www.americanas.com.br/produto/44843250?pfm_carac=L%C3%A1bios&pfm_index=2&pfm_page=category&pfm_pos=grid&pfm_type=vit_product_grid&sellerId )  cont: 51
(20:11:38) Produto nao existe
(20:11:38) Codigo Produto:1039676
(20:11:38) Preço Produto: Venda: 0,00 ( 0 x 0,00 ) Id PrecoProduto: 0
(20:11:38) Não existe preço
(20:11:38) Produto: Batom Hb 8518 Grupo 06 Cor 271 ( https://www.americanas.com.br/produto/60661811?pfm_carac=L%C3%A1bios&pfm_index=3&pfm_page=category&pfm_pos=grid&pfm_type=vit_product_grid&sellerId )  cont: 52
(20:11:38) Produto nao existe
(20:11:38) Codigo Produto:1039677
(20:11:38) Preço Produto: Venda: 0,00 ( 0 x 0,00 ) Id PrecoProduto: 0
(20:11:38) Não existe preço
(20:11:38) Produto: Batom Poa Poa - Display Com 32 Unidades ( https://www.americanas.com.br/produto/29132254?pfm_carac=L%C3%A1bios&pfm_index=4&pfm_page=category&pfm_pos=grid&pfm_type=vit_product_grid&sellerId )  cont: 53
(20:11:39) Produto nao existe
(20:11:39) Codigo Produto:1039678
(20:11:39) Preço Produto: Venda: 0,00 ( 0 x 0,00 ) Id PrecoProduto: 0
(20:11:39) Não existe preço
(20:11:39) Produto: Gloss Labial Vult Incolor Brilho Maquiagem Boca 4g ( https://www.americanas.com.br/produto/44381884?pfm_carac=L%C3%A1bios&pfm_index=5&pfm_page=category&pfm_pos=grid&pfm_type=vit_product_grid&sellerId )  cont: 54
(20:11:39) Produto nao existe
(20:11:39) Codigo Produto:1039679
(20:11:39) Preço Produto: Venda: 0,00 ( 0 x 0,00 ) Id PrecoProduto: 0
(20:11:39) Não existe preço
(20:11:39) Produto: Batom Hidratante M Make Up Glam Peach 4 G ( https://www.americanas.com.br/produto/19227528?pfm_carac=L%C3%A1bios&pfm_index=6&pfm_page=category&pfm_pos=grid&pfm_type=vit_product_grid&sellerId )  cont: 55
(20:11:39) Produto nao existe
(20:11:39) Codigo Produto:1039680
(20:11:39) Preço Produto: Venda: 0,00 ( 0 x 0,00 ) Id PrecoProduto: 0
(20:11:39) Não existe preço
(20:11:39) Produto: Batom Cremoso Maybelline Color Sensational 105 Divando - 4,2g ( https://www.americanas.com.br/produto/47907139?pfm_carac=L%C3%A1bios&pfm_index=7&pfm_page=category&pfm_pos=grid&pfm_type=vit_product_grid&sellerId )  cont: 56
(20:11:39) Produto nao existe
(20:11:39) Codigo Produto:1039681
(20:11:39) Preço Produto: Venda: 0,00 ( 0 x 0,00 ) Id PrecoProduto: 0
(20:11:39) Não existe preço
(20:11:39) Produto: Batom Líquido Payot Mariana Saad Efeito Mate - Delicadeza ( https://www.americanas.com.br/produto/47775052?pfm_carac=L%C3%A1bios&pfm_index=8&pfm_page=category&pfm_pos=grid&pfm_type=vit_product_grid&sellerId )  cont: 57
(20:11:40) Produto nao existe
(20:11:40) Codigo Produto:1039682
(20:11:40) Preço Produto: Venda: 0,00 ( 0 x 0,00 ) Id PrecoProduto: 0
(20:11:40) Não existe preço
(20:11:40) Produto: Batom 24 Horas Unidade - Bella Femme ( https://www.americanas.com.br/produto/50753662?pfm_carac=L%C3%A1bios&pfm_index=9&pfm_page=category&pfm_pos=grid&pfm_type=vit_product_grid&sellerId )  cont: 58
(20:11:40) Produto nao existe
(20:11:40) Codigo Produto:1039683
(20:11:40) Preço Produto: Venda: 0,00 ( 0 x 0,00 ) Id PrecoProduto: 0
(20:11:40) Não existe preço
(20:11:40) Produto: Batom Liquido Matte Fabi Justus T-blogs Cor Chic ( https://www.americanas.com.br/produto/49078316?pfm_carac=L%C3%A1bios&pfm_index=10&pfm_page=category&pfm_pos=grid&pfm_type=vit_product_grid&sellerId )  cont: 59
(20:11:40) Produto nao existe
(20:11:40) Codigo Produto:1039684
(20:11:40) Preço Produto: Venda: 0,00 ( 0 x 0,00 ) Id PrecoProduto: 0
(20:11:40) Não existe preço
(20:11:40) Produto: Kiss Batom Classico Em Chamas Vermelho ( https://www.americanas.com.br/produto/37033172?pfm_carac=L%C3%A1bios&pfm_index=11&pfm_page=category&pfm_pos=grid&pfm_type=vit_product_grid&sellerId )  cont: 60
(20:11:41) Produto nao existe
(20:11:41) Codigo Produto:1039685
(20:11:41) Preço Produto: Venda: 0,00 ( 0 x 0,00 ) Id PrecoProduto: 0
(20:11:41) Não existe preço
(20:11:41) Produto: Batom Rk 3,5gr Kiss New York Brisa Boa Batom ( https://www.americanas.com.br/produto/11712126?pfm_carac=L%C3%A1bios&pfm_index=12&pfm_page=category&pfm_pos=grid&pfm_type=vit_product_grid&sellerId )  cont: 61
(20:11:41) Produto nao existe
(20:11:41) Codigo Produto:1039686
(20:11:41) Preço Produto: Venda: 0,00 ( 0 x 0,00 ) Id PrecoProduto: 0
(20:11:41) Não existe preço
(20:11:41) Produto: Lip Matte Latika - Batom Líquido Nº 51 ( https://www.americanas.com.br/produto/52647923?pfm_carac=L%C3%A1bios&pfm_index=13&pfm_page=category&pfm_pos=grid&pfm_type=vit_product_grid&sellerId )  cont: 62
(20:11:41) Produto nao existe
(20:11:41) Codigo Produto:1039687
(20:11:41) Preço Produto: Venda: 0,00 ( 0 x 0,00 ) Id PrecoProduto: 0
(20:11:41) Não existe preço
(20:11:41) Produto: Batom Líquido Matte Tracta Cor 49 Luxúria 4,2ml ( https://www.americanas.com.br/produto/46141745?pfm_carac=L%C3%A1bios&pfm_index=14&pfm_page=category&pfm_pos=grid&pfm_type=vit_product_grid&sellerId )  cont: 63
(20:11:42) Produto nao existe
(20:11:42) Codigo Produto:1039688
(20:11:42) Preço Produto: Venda: 0,00 ( 0 x 0,00 ) Id PrecoProduto: 0
(20:11:42) Não existe preço
(20:11:42) Produto: Batom Dailus Color Matte 24 Cherry ( https://www.americanas.com.br/produto/8588386?pfm_carac=L%C3%A1bios&pfm_index=15&pfm_page=category&pfm_pos=grid&pfm_type=vit_product_grid&sellerId )  cont: 64
(20:11:42) Produto nao existe
(20:11:42) Codigo Produto:1039689
(20:11:42) Preço Produto: Venda: 0,00 ( 0 x 0,00 ) Id PrecoProduto: 0
(20:11:42) Não existe preço
(20:11:42) Produto: Batom Líquido Matte Wonder Woman Prince ( https://www.americanas.com.br/produto/47776736?pfm_carac=L%C3%A1bios&pfm_index=16&pfm_page=category&pfm_pos=grid&pfm_type=vit_product_grid&sellerId )  cont: 65
(20:11:42) Produto nao existe
(20:11:42) Codigo Produto:1039690
(20:11:42) Preço Produto: Venda: 0,00 ( 0 x 0,00 ) Id PrecoProduto: 0
(20:11:42) Não existe preço
(20:11:42) Produto: Batom Zanphy Perola Negra Mousse Vinil Shany ( https://www.americanas.com.br/produto/44829281?pfm_carac=L%C3%A1bios&pfm_index=17&pfm_page=category&pfm_pos=grid&pfm_type=vit_product_grid&sellerId )  cont: 66
(20:11:43) Produto nao existe
(20:11:43) Codigo Produto:1039691
(20:11:43) Preço Produto: Venda: 0,00 ( 0 x 0,00 ) Id PrecoProduto: 0
(20:11:43) Não existe preço
(20:11:43) Produto: Zanphy Perola Negra Batom Mousse Vinil Faraa ( https://www.americanas.com.br/produto/37028234?pfm_carac=L%C3%A1bios&pfm_index=18&pfm_page=category&pfm_pos=grid&pfm_type=vit_product_grid&sellerId )  cont: 67
(20:11:43) Produto nao existe
(20:11:43) Codigo Produto:1039692
(20:11:43) Preço Produto: Venda: 0,00 ( 0 x 0,00 ) Id PrecoProduto: 0
(20:11:43) Não existe preço
(20:11:43) Produto: NYX LIP PRIMER Pré Batom Maker ( https://www.americanas.com.br/produto/33707035?pfm_carac=L%C3%A1bios&pfm_index=19&pfm_page=category&pfm_pos=grid&pfm_type=vit_product_grid&sellerId )  cont: 68
(20:11:44) Produto nao existe
(20:11:44) Codigo Produto:1039693
(20:11:44) Preço Produto: Venda: 0,00 ( 0 x 0,00 ) Id PrecoProduto: 0
(20:11:44) Não existe preço
(20:11:44) Produto: Top Beauty Batom Liquido Matte 02 ( https://www.americanas.com.br/produto/37028547?pfm_carac=L%C3%A1bios&pfm_index=20&pfm_page=category&pfm_pos=grid&pfm_type=vit_product_grid&sellerId )  cont: 69
(20:11:44) Produto nao existe
(20:11:44) Codigo Produto:1039694
(20:11:44) Preço Produto: Venda: 0,00 ( 0 x 0,00 ) Id PrecoProduto: 0
(20:11:44) Não existe preço
(20:11:44) Produto: Batom Líquido Maple ( https://www.americanas.com.br/produto/46370545?pfm_carac=L%C3%A1bios&pfm_index=21&pfm_page=category&pfm_pos=grid&pfm_type=vit_product_grid&sellerId )  cont: 70
(20:11:44) Produto nao existe
(20:11:44) Codigo Produto:1039695
(20:11:44) Preço Produto: Venda: 0,00 ( 0 x 0,00 ) Id PrecoProduto: 0
(20:11:44) Não existe preço
(20:11:44) Produto: Kit Batom E Lápis Kylie Jenner Lipsticks Matte Boujee ( https://www.americanas.com.br/produto/46216680?pfm_carac=L%C3%A1bios&pfm_index=22&pfm_page=category&pfm_pos=grid&pfm_type=vit_product_grid&sellerId )  cont: 71
(20:11:45) Produto nao existe
(20:11:45) Codigo Produto:1039696
(20:11:45) Preço Produto: Venda: 0,00 ( 0 x 0,00 ) Id PrecoProduto: 0
(20:11:45) Não existe preço
(20:11:45) Produto: Bruna Tavares Batom Liquido Blogs Themyscira ( https://www.americanas.com.br/produto/45972312?pfm_carac=L%C3%A1bios&pfm_index=23&pfm_page=category&pfm_pos=grid&pfm_type=vit_product_grid&sellerId )  cont: 72
(20:11:45) Produto nao existe
(20:11:45) Codigo Produto:1039697
(20:11:45) Preço Produto: Venda: 0,00 ( 0 x 0,00 ) Id PrecoProduto: 0
(20:11:45) Não existe preço
(20:11:46) Produto: Batom Matte Rosy Pink 3,5g Ruby Kisses ( https://www.americanas.com.br/produto/34071434?pfm_carac=L%C3%A1bios&pfm_index=0&pfm_page=category&pfm_pos=grid&pfm_type=vit_product_grid&sellerId )  cont: 73
(20:11:46) Produto nao existe
(20:11:46) Codigo Produto:1039698
(20:11:46) Preço Produto: Venda: 0,00 ( 0 x 0,00 ) Id PrecoProduto: 0
(20:11:46) Não existe preço
(20:11:46) Produto: Batom Maybelline Color Sensational Cremoso 404 Vale Tudo ( https://www.americanas.com.br/produto/9928197?pfm_carac=L%C3%A1bios&pfm_index=1&pfm_page=category&pfm_pos=grid&pfm_type=vit_product_grid&sellerId )  cont: 74
(20:11:47) Produto nao existe
(20:11:47) Codigo Produto:1039699
(20:11:47) Preço Produto: Venda: 0,00 ( 0 x 0,00 ) Id PrecoProduto: 0
(20:11:47) Não existe preço
(20:11:47) Produto: Bruna Tavares Color Tint Paixão Larissa Manoela ( https://www.americanas.com.br/produto/48177135?pfm_carac=L%C3%A1bios&pfm_index=2&pfm_page=category&pfm_pos=grid&pfm_type=vit_product_grid&sellerId )  cont: 75
(20:11:47) Produto nao existe
(20:11:47) Codigo Produto:1039700
(20:11:47) Preço Produto: Venda: 0,00 ( 0 x 0,00 ) Id PrecoProduto: 0
(20:11:47) Não existe preço
(20:11:47) Produto: Batom Bel Nathalia Capelo ( https://www.americanas.com.br/produto/63877807?pfm_carac=L%C3%A1bios&pfm_index=3&pfm_page=category&pfm_pos=grid&pfm_type=vit_product_grid&sellerId )  cont: 76
(20:11:47) Produto nao existe
(20:11:47) Codigo Produto:1039701
(20:11:47) Preço Produto: Venda: 0,00 ( 0 x 0,00 ) Id PrecoProduto: 0
(20:11:47) Não existe preço
(20:11:47) Produto: Batom Matte Aveludado Poderosa Shine Colours Abelha Rainha 4g ( https://www.americanas.com.br/produto/41960668?pfm_carac=L%C3%A1bios&pfm_index=4&pfm_page=category&pfm_pos=grid&pfm_type=vit_product_grid&sellerId )  cont: 77
(20:11:47) Produto nao existe
(20:11:47) Codigo Produto:1039702
(20:11:47) Preço Produto: Venda: 0,00 ( 0 x 0,00 ) Id PrecoProduto: 0
(20:11:47) Não existe preço
(20:11:47) Produto: Batom Thiciane Nathalia Capelo ( https://www.americanas.com.br/produto/63879203?pfm_carac=L%C3%A1bios&pfm_index=5&pfm_page=category&pfm_pos=grid&pfm_type=vit_product_grid&sellerId )  cont: 78
(20:11:48) Produto nao existe
(20:11:48) Codigo Produto:1039703
(20:11:48) Preço Produto: Venda: 0,00 ( 0 x 0,00 ) Id PrecoProduto: 0
(20:11:48) Não existe preço
(20:11:48) Produto: Batom Hidratante Infantil Marrom Bombom Doce Infância Abelha Rainha 3,7g ( https://www.americanas.com.br/produto/37305008?pfm_carac=L%C3%A1bios&pfm_index=6&pfm_page=category&pfm_pos=grid&pfm_type=vit_product_grid&sellerId )  cont: 79
(20:11:48) Produto nao existe
(20:11:48) Codigo Produto:1039704
(20:11:48) Preço Produto: Venda: 0,00 ( 0 x 0,00 ) Id PrecoProduto: 0
(20:11:48) Não existe preço
(20:11:48) Produto: Batom Cetim Liquido Marsala Diva Matte Com Efeito Acetinado Abelha Rainha ( https://www.americanas.com.br/produto/50007413?pfm_carac=L%C3%A1bios&pfm_index=7&pfm_page=category&pfm_pos=grid&pfm_type=vit_product_grid&sellerId )  cont: 80
(20:11:48) Produto nao existe
(20:11:48) Codigo Produto:1039705
(20:11:48) Preço Produto: Venda: 0,00 ( 0 x 0,00 ) Id PrecoProduto: 0
(20:11:48) Não existe preço
(20:11:48) Produto: Batom Miss Rose Matte 37 Angelique Marrom ( https://www.americanas.com.br/produto/54163433?pfm_carac=L%C3%A1bios&pfm_index=8&pfm_page=category&pfm_pos=grid&pfm_type=vit_product_grid&sellerId )  cont: 81
(20:11:49) Produto nao existe
(20:11:49) Codigo Produto:1039706
(20:11:49) Preço Produto: Venda: 0,00 ( 0 x 0,00 ) Id PrecoProduto: 0
(20:11:49) Não existe preço
(20:11:49) Produto: Batom Líquido Be Aurora 12 Horas Explosão Da Natureza Roxo Aurora 06 ( https://www.americanas.com.br/produto/46282069?pfm_carac=L%C3%A1bios&pfm_index=9&pfm_page=category&pfm_pos=grid&pfm_type=vit_product_grid&sellerId )  cont: 82
(20:11:49) Produto nao existe
(20:11:49) Codigo Produto:1039707
(20:11:49) Preço Produto: Venda: 0,00 ( 0 x 0,00 ) Id PrecoProduto: 0
(20:11:49) Não existe preço
(20:11:49) Produto: Batom Evelyn - Bruna Tavares ( https://www.americanas.com.br/produto/44865911?pfm_carac=L%C3%A1bios&pfm_index=10&pfm_page=category&pfm_pos=grid&pfm_type=vit_product_grid&sellerId )  cont: 83
(20:11:49) Produto nao existe
(20:11:49) Codigo Produto:1039708
(20:11:49) Preço Produto: Venda: 0,00 ( 0 x 0,00 ) Id PrecoProduto: 0
(20:11:49) Não existe preço
(20:11:49) Produto: Gosh Liquid Matte Lips 008 Arabian Nights - Batom Líquido Matte 4ml ( https://www.americanas.com.br/produto/29860151?pfm_carac=L%C3%A1bios&pfm_index=11&pfm_page=category&pfm_pos=grid&pfm_type=vit_product_grid&sellerId )  cont: 84
(20:11:50) Produto nao existe
(20:11:50) Codigo Produto:1039709
(20:11:50) Preço Produto: Venda: 0,00 ( 0 x 0,00 ) Id PrecoProduto: 0
(20:11:50) Não existe preço
(20:11:50) Produto: Batom Líquido Koloss Sonhadora 01 ( https://www.americanas.com.br/produto/31891688?pfm_carac=L%C3%A1bios&pfm_index=12&pfm_page=category&pfm_pos=grid&pfm_type=vit_product_grid&sellerId )  cont: 85
(20:11:50) Produto nao existe
(20:11:50) Codigo Produto:1039710
(20:11:50) Preço Produto: Venda: 0,00 ( 0 x 0,00 ) Id PrecoProduto: 0
(20:11:50) Não existe preço
(20:11:50) Produto: Batom Cremoso 3,5g - Ivete Sangalo - So Sexy! ( https://www.americanas.com.br/produto/50447635?pfm_carac=L%C3%A1bios&pfm_index=13&pfm_page=category&pfm_pos=grid&pfm_type=vit_product_grid&sellerId )  cont: 86
(20:11:50) Produto nao existe
(20:11:50) Codigo Produto:1039711
(20:11:50) Preço Produto: Venda: 0,00 ( 0 x 0,00 ) Id PrecoProduto: 0
(20:11:50) Não existe preço
(20:11:50) Produto: Koloss Gloss Estrelar N 15 ( https://www.americanas.com.br/produto/36491918?pfm_carac=L%C3%A1bios&pfm_index=14&pfm_page=category&pfm_pos=grid&pfm_type=vit_product_grid&sellerId )  cont: 87
(20:11:50) Produto nao existe
(20:11:50) Codigo Produto:1039712
(20:11:50) Preço Produto: Venda: 0,00 ( 0 x 0,00 ) Id PrecoProduto: 0
(20:11:50) Não existe preço
(20:11:50) Produto: Batom Matte Ramona - Pink Sky ( https://www.americanas.com.br/produto/27028632?pfm_carac=L%C3%A1bios&pfm_index=15&pfm_page=category&pfm_pos=grid&pfm_type=vit_product_grid&sellerId )  cont: 88
(20:11:51) Produto nao existe
(20:11:51) Codigo Produto:1039713
(20:11:51) Preço Produto: Venda: 0,00 ( 0 x 0,00 ) Id PrecoProduto: 0
(20:11:51) Não existe preço
(20:11:51) Produto: Tracta Batom Liquido Matte 31 Chocolate ( https://www.americanas.com.br/produto/34527412?pfm_carac=L%C3%A1bios&pfm_index=16&pfm_page=category&pfm_pos=grid&pfm_type=vit_product_grid&sellerId )  cont: 89
(20:11:51) Produto nao existe
(20:11:51) Codigo Produto:1039714
(20:11:51) Preço Produto: Venda: 0,00 ( 0 x 0,00 ) Id PrecoProduto: 0
(20:11:51) Não existe preço
(20:11:51) Produto: Batom Líquido Matefix Metálico Aurien ( https://www.americanas.com.br/produto/52525007?pfm_carac=L%C3%A1bios&pfm_index=17&pfm_page=category&pfm_pos=grid&pfm_type=vit_product_grid&sellerId )  cont: 90
(20:11:51) Produto nao existe
(20:11:51) Codigo Produto:1039715
(20:11:51) Preço Produto: Venda: 0,00 ( 0 x 0,00 ) Id PrecoProduto: 0
(20:11:51) Não existe preço
(20:11:51) Produto: Payot Boca Rosa Goxtosas - Batom Líquido Matte 4ml ( https://www.americanas.com.br/produto/60385454?pfm_carac=L%C3%A1bios&pfm_index=18&pfm_page=category&pfm_pos=grid&pfm_type=vit_product_grid&sellerId )  cont: 91
(20:11:52) Produto nao existe
(20:11:52) Codigo Produto:1039716
(20:11:52) Preço Produto: Venda: 0,00 ( 0 x 0,00 ) Id PrecoProduto: 0
(20:11:52) Não existe preço
(20:11:52) Produto: Encanto da Sereia Ruby Rose Sérum Facial 30ml - HB-311 ( https://www.americanas.com.br/produto/44973406?pfm_carac=L%C3%A1bios&pfm_index=19&pfm_page=category&pfm_pos=grid&pfm_type=vit_product_grid&sellerId )  cont: 92
(20:11:52) Produto nao existe
(20:11:52) Codigo Produto:1039717
(20:11:52) Preço Produto: Venda: 0,00 ( 0 x 0,00 ) Id PrecoProduto: 0
(20:11:52) Não existe preço
(20:11:52) Produto: Ruby Rose Batom Matte HB-8516 - Cor 272 ( https://www.americanas.com.br/produto/28305468?pfm_carac=L%C3%A1bios&pfm_index=20&pfm_page=category&pfm_pos=grid&pfm_type=vit_product_grid&sellerId )  cont: 93
(20:11:52) Produto nao existe
(20:11:52) Codigo Produto:1039718
(20:11:52) Preço Produto: Venda: 0,00 ( 0 x 0,00 ) Id PrecoProduto: 0
(20:11:52) Não existe preço
(20:11:52) Produto: Batom 2 em 1 Ruby Rose - Efeito Matte - Cor 182 ( https://www.americanas.com.br/produto/33550712?pfm_carac=L%C3%A1bios&pfm_index=21&pfm_page=category&pfm_pos=grid&pfm_type=vit_product_grid&sellerId )  cont: 94
(20:11:52) Produto nao existe
(20:11:52) Codigo Produto:1039719
(20:11:52) Preço Produto: Venda: 0,00 ( 0 x 0,00 ) Id PrecoProduto: 0
(20:11:52) Não existe preço
(20:11:52) Produto: Batom Maybelline Color Sensational Cremoso 204 Nem te Conto ( https://www.americanas.com.br/produto/9928175?pfm_carac=L%C3%A1bios&pfm_index=22&pfm_page=category&pfm_pos=grid&pfm_type=vit_product_grid&sellerId )  cont: 95
(20:11:53) Produto nao existe
(20:11:53) Codigo Produto:1039720
(20:11:53) Preço Produto: Venda: 0,00 ( 0 x 0,00 ) Id PrecoProduto: 0
(20:11:53) Não existe preço
(20:11:53) Produto: Batom Líquido Matte Metálico Ricosti - Boneca ( https://www.americanas.com.br/produto/18794141?pfm_carac=L%C3%A1bios&pfm_index=23&pfm_page=category&pfm_pos=grid&pfm_type=vit_product_grid&sellerId )  cont: 96
(20:11:53) Produto nao existe
(20:11:53) Codigo Produto:1039721
(20:11:53) Preço Produto: Venda: 0,00 ( 0 x 0,00 ) Id PrecoProduto: 0
(20:11:53) Não existe preço
(20:11:54) Produto: Catharine Hill Oil Free - Base Líquida - Translúcida - 30ml - Cód. 1019/1 ( https://www.americanas.com.br/produto/21116748?pfm_carac=L%C3%A1bios&pfm_index=0&pfm_page=category&pfm_pos=grid&pfm_type=vit_product_grid&sellerId )  cont: 97
(20:11:54) Produto nao existe
(20:11:54) Codigo Produto:1039722
(20:11:54) Preço Produto: Venda: 0,00 ( 0 x 0,00 ) Id PrecoProduto: 0
(20:11:54) Não existe preço
(20:11:54) Produto: Femmini Make Batom Líquido Efeito Matte 02 Orquídea ( https://www.americanas.com.br/produto/21321819?pfm_carac=L%C3%A1bios&pfm_index=1&pfm_page=category&pfm_pos=grid&pfm_type=vit_product_grid&sellerId )  cont: 98
(20:11:54) Produto nao existe
(20:11:54) Codigo Produto:1039723
(20:11:54) Preço Produto: Venda: 0,00 ( 0 x 0,00 ) Id PrecoProduto: 0
(20:11:54) Não existe preço
(20:11:54) Produto: Shiseido Colorgel 104 Hibiscus - Bálsamo Labial 2g ( https://www.americanas.com.br/produto/54915660?pfm_carac=L%C3%A1bios&pfm_index=2&pfm_page=category&pfm_pos=grid&pfm_type=vit_product_grid&sellerId )  cont: 99
(20:11:55) Produto nao existe
(20:11:55) Codigo Produto:1039724
(20:11:55) Preço Produto: Venda: 0,00 ( 0 x 0,00 ) Id PrecoProduto: 0
(20:11:55) Não existe preço
(20:11:55) Produto: Shiseido Modernmatte Powder 503 Nude Streak - Batom 4g ( https://www.americanas.com.br/produto/54919677?pfm_carac=L%C3%A1bios&pfm_index=3&pfm_page=category&pfm_pos=grid&pfm_type=vit_product_grid&sellerId )  cont: 100
(20:11:55) Produto nao existe
(20:11:55) Codigo Produto:1039725
(20:11:55) Preço Produto: Venda: 0,00 ( 0 x 0,00 ) Id PrecoProduto: 0
(20:11:55) Não existe preço
(20:11:55) Produto: Batom Líquido Impermeável Matte / Glitter Lip Gloss Gloss Maquiagem Cosméticos ( https://www.americanas.com.br/produto/65950753?pfm_carac=L%C3%A1bios&pfm_index=4&pfm_page=category&pfm_pos=grid&pfm_type=vit_product_grid&sellerId )  cont: 101
(20:11:55) Produto nao existe
(20:11:55) Codigo Produto:1039726
(20:11:55) Preço Produto: Venda: 0,00 ( 0 x 0,00 ) Id PrecoProduto: 0
(20:11:55) Não existe preço
(20:11:55) Produto: Uso Diário Durável Impermeável Profissional De Comestics Da Beleza Da Pena Do Batom ( https://www.americanas.com.br/produto/65813635?pfm_carac=L%C3%A1bios&pfm_index=5&pfm_page=category&pfm_pos=grid&pfm_type=vit_product_grid&sellerId )  cont: 102
(20:11:56) Produto nao existe
(20:11:56) Codigo Produto:1039727
(20:11:56) Preço Produto: Venda: 0,00 ( 0 x 0,00 ) Id PrecoProduto: 0
(20:11:56) Não existe preço
(20:11:56) Produto: Moda Feminina Batom Maquiagem À Prova D água De Longa Duração Líquido Lipgloss Fosco ( https://www.americanas.com.br/produto/65813948?pfm_carac=L%C3%A1bios&pfm_index=6&pfm_page=category&pfm_pos=grid&pfm_type=vit_product_grid&sellerId )  cont: 103
(20:11:56) Produto nao existe
(20:11:56) Codigo Produto:1039728
(20:11:56) Preço Produto: Venda: 0,00 ( 0 x 0,00 ) Id PrecoProduto: 0
(20:11:56) Não existe preço
(20:11:56) Produto: Reparação Das Mulheres Lip Mask Lip Labial Lip Care Lip Cuidados Com A Pele ( https://www.americanas.com.br/produto/65943791?pfm_carac=L%C3%A1bios&pfm_index=7&pfm_page=category&pfm_pos=grid&pfm_type=vit_product_grid&sellerId )  cont: 104
(20:11:56) Produto nao existe
(20:11:56) Codigo Produto:1039729
(20:11:56) Preço Produto: Venda: 0,00 ( 0 x 0,00 ) Id PrecoProduto: 0
(20:11:56) Não existe preço
(20:11:56) Produto: Shiseido Modernmatte Powder 504 Thigh High - Batom 4g ( https://www.americanas.com.br/produto/54916034?pfm_carac=L%C3%A1bios&pfm_index=8&pfm_page=category&pfm_pos=grid&pfm_type=vit_product_grid&sellerId )  cont: 105
(20:11:56) Produto nao existe
(20:11:56) Codigo Produto:1039730
(20:11:56) Preço Produto: Venda: 0,00 ( 0 x 0,00 ) Id PrecoProduto: 0
(20:11:56) Não existe preço
(20:11:56) Produto: Clinique Pop Lip Colour + Primer Raspberry - Batom Cremoso 3,9g ( https://www.americanas.com.br/produto/46820994?pfm_carac=L%C3%A1bios&pfm_index=9&pfm_page=category&pfm_pos=grid&pfm_type=vit_product_grid&sellerId )  cont: 106
(20:11:57) Produto nao existe
(20:11:57) Codigo Produto:1039731
(20:11:57) Preço Produto: Venda: 0,00 ( 0 x 0,00 ) Id PrecoProduto: 0
(20:11:57) Não existe preço
(20:11:57) Produto: Clinique Chubby Stick Heaping Hazelnut - Batom Cremoso 3g ( https://www.americanas.com.br/produto/46821055?pfm_carac=L%C3%A1bios&pfm_index=10&pfm_page=category&pfm_pos=grid&pfm_type=vit_product_grid&sellerId )  cont: 107
(20:11:57) Produto nao existe
(20:11:57) Codigo Produto:1039732
(20:11:57) Preço Produto: Venda: 0,00 ( 0 x 0,00 ) Id PrecoProduto: 0
(20:11:57) Não existe preço
(20:11:57) Produto: Batom Macio Duradouro Do Creme Do Bordo Do Tom De Veludo Matte ( https://www.americanas.com.br/produto/65919204?pfm_carac=L%C3%A1bios&pfm_index=11&pfm_page=category&pfm_pos=grid&pfm_type=vit_product_grid&sellerId )  cont: 108
(20:11:57) Produto nao existe
(20:11:57) Codigo Produto:1039733
(20:11:57) Preço Produto: Venda: 0,00 ( 0 x 0,00 ) Id PrecoProduto: 0
(20:11:57) Não existe preço
(20:11:57) Produto: Batom Macio Duradouro Natural Impermeável Matte Cosmético Novo Do Bordo Da Linha Da Composição Batom Cremoso ( https://www.americanas.com.br/produto/65806913?pfm_carac=L%C3%A1bios&pfm_index=12&pfm_page=category&pfm_pos=grid&pfm_type=vit_product_grid&sellerId )  cont: 109
(20:11:58) Produto nao existe
(20:11:58) Codigo Produto:1039734
(20:11:58) Preço Produto: Venda: 0,00 ( 0 x 0,00 ) Id PrecoProduto: 0
(20:11:58) Não existe preço
(20:11:58) Produto: Batom Matando Impermeável Da Composição Dos Cosméticos Da Pena Matte Do Batom De 12 Cores ( https://www.americanas.com.br/produto/65569476?pfm_carac=L%C3%A1bios&pfm_index=13&pfm_page=category&pfm_pos=grid&pfm_type=vit_product_grid&sellerId )  cont: 110
(20:11:58) Produto nao existe
(20:11:58) Codigo Produto:1039735
(20:11:58) Preço Produto: Venda: 0,00 ( 0 x 0,00 ) Id PrecoProduto: 0
(20:11:58) Não existe preço
(20:11:58) Produto: Líquido De Batom De Longa Duração Impermeável De Tubo Quadrado Portátil ( https://www.americanas.com.br/produto/65931972?pfm_carac=L%C3%A1bios&pfm_index=14&pfm_page=category&pfm_pos=grid&pfm_type=vit_product_grid&sellerId )  cont: 111
(20:11:58) Produto nao existe
(20:11:58) Codigo Produto:1039736
(20:11:58) Preço Produto: Venda: 0,00 ( 0 x 0,00 ) Id PrecoProduto: 0
(20:11:58) Não existe preço
(20:11:58) Produto: Moda Feminina Beleza Lipliner Lip Lápis Longa Duração Senhora Maquiagem Ferramenta Cosmética ( https://www.americanas.com.br/produto/65798455?pfm_carac=L%C3%A1bios&pfm_index=15&pfm_page=category&pfm_pos=grid&pfm_type=vit_product_grid&sellerId )  cont: 112
(20:11:58) Produto nao existe
(20:11:58) Codigo Produto:1039737
(20:11:58) Preço Produto: Venda: 0,00 ( 0 x 0,00 ) Id PrecoProduto: 0
(20:11:58) Não existe preço
(20:11:58) Produto: Mudança Duradouro Da Cor Da Temperatura Dos Batons Da Geléia Da Flor Do Creme Hidratante ( https://www.americanas.com.br/produto/65913656?pfm_carac=L%C3%A1bios&pfm_index=16&pfm_page=category&pfm_pos=grid&pfm_type=vit_product_grid&sellerId )  cont: 113
(20:11:59) Produto nao existe
(20:11:59) Codigo Produto:1039738
(20:11:59) Preço Produto: Venda: 0,00 ( 0 x 0,00 ) Id PrecoProduto: 0
(20:11:59) Não existe preço
(20:11:59) Produto: Maquiagem Sexy Long Lasting Lipstick Impermeável Matte Liquid Lip Gloss ( https://www.americanas.com.br/produto/65763100?pfm_carac=L%C3%A1bios&pfm_index=17&pfm_page=category&pfm_pos=grid&pfm_type=vit_product_grid&sellerId )  cont: 114
(20:11:59) Produto nao existe
(20:11:59) Codigo Produto:1039739
(20:11:59) Preço Produto: Venda: 0,00 ( 0 x 0,00 ) Id PrecoProduto: 0
(20:11:59) Não existe preço
(20:11:59) Produto: New Long Lasting Waterproof Moisten Hidratante Glitter Batom Vara Maquiagem ( https://www.americanas.com.br/produto/65747446?pfm_carac=L%C3%A1bios&pfm_index=18&pfm_page=category&pfm_pos=grid&pfm_type=vit_product_grid&sellerId )  cont: 115
(20:11:59) Produto nao existe
(20:11:59) Codigo Produto:1039740
(20:11:59) Preço Produto: Venda: 0,00 ( 0 x 0,00 ) Id PrecoProduto: 0
(20:11:59) Não existe preço
(20:11:59) Produto: Novo Doce Cor Batom Lápis Lip Gloss Batons 12 Cores Opcionais ( https://www.americanas.com.br/produto/65757690?pfm_carac=L%C3%A1bios&pfm_index=19&pfm_page=category&pfm_pos=grid&pfm_type=vit_product_grid&sellerId )  cont: 116
(20:12:00) Produto nao existe
(20:12:00) Codigo Produto:1039741
(20:12:00) Preço Produto: Venda: 0,00 ( 0 x 0,00 ) Id PrecoProduto: 0
(20:12:00) Não existe preço
(20:12:00) Produto: Nova Maquiagem Cosméticos Fosco Longa Duração Estilo Vintage Lábio Macio Batom Líquido Lip Gloss ( https://www.americanas.com.br/produto/65956763?pfm_carac=L%C3%A1bios&pfm_index=20&pfm_page=category&pfm_pos=grid&pfm_type=vit_product_grid&sellerId )  cont: 117
(20:12:00) Produto nao existe
(20:12:00) Codigo Produto:1039742
(20:12:00) Preço Produto: Venda: 0,00 ( 0 x 0,00 ) Id PrecoProduto: 0
(20:12:00) Não existe preço
(20:12:00) Produto: 24 Cores De Maquiagem Profissional Impermeável Antiaderente Matte Lip Gloss Líquido ( https://www.americanas.com.br/produto/65650818?pfm_carac=L%C3%A1bios&pfm_index=21&pfm_page=category&pfm_pos=grid&pfm_type=vit_product_grid&sellerId )  cont: 118
(20:12:00) Produto nao existe
(20:12:00) Codigo Produto:1039743
(20:12:00) Preço Produto: Venda: 0,00 ( 0 x 0,00 ) Id PrecoProduto: 0
(20:12:00) Não existe preço
(20:12:00) Produto: 12 Cores De Longa Duração Impermeável Matte Batom Lip Gloss Hidratantes Maquiagem ( https://www.americanas.com.br/produto/65779462?pfm_carac=L%C3%A1bios&pfm_index=22&pfm_page=category&pfm_pos=grid&pfm_type=vit_product_grid&sellerId )  cont: 119
(20:12:00) Produto nao existe
(20:12:00) Codigo Produto:1039744
(20:12:00) Preço Produto: Venda: 0,00 ( 0 x 0,00 ) Id PrecoProduto: 0
(20:12:00) Não existe preço
(20:12:00) Produto: 8 Cores Cogumelo Cabeça Batom De Longa Duração Matte Batom Lip Makeup Cosméticos ( https://www.americanas.com.br/produto/65743744?pfm_carac=L%C3%A1bios&pfm_index=23&pfm_page=category&pfm_pos=grid&pfm_type=vit_product_grid&sellerId )  cont: 120
(20:12:01) Produto nao existe
(20:12:01) Codigo Produto:1039745
(20:12:01) Preço Produto: Venda: 0,00 ( 0 x 0,00 ) Id PrecoProduto: 0
(20:12:01) Não existe preço
(20:12:02) Produto: Batom Bruna Tavares By Tracta Plastic Glossy Sunshine 4ml ( https://www.americanas.com.br/produto/71986219?pfm_carac=L%C3%A1bios&pfm_index=0&pfm_page=category&pfm_pos=grid&pfm_type=vit_product_grid&sellerId )  cont: 121
(20:12:03) Produto nao existe
(20:12:03) Codigo Produto:1039746
(20:12:03) Preço Produto: Venda: 0,00 ( 0 x 0,00 ) Id PrecoProduto: 0
(20:12:03) Não existe preço
(20:12:03) Produto: Estojo Glam Batom Líquido Matefix ( https://www.americanas.com.br/produto/63596519?pfm_carac=L%C3%A1bios&pfm_index=1&pfm_page=category&pfm_pos=grid&pfm_type=vit_product_grid&sellerId )  cont: 122
(20:12:03) Produto nao existe
(20:12:03) Codigo Produto:1039747
(20:12:03) Preço Produto: Venda: 0,00 ( 0 x 0,00 ) Id PrecoProduto: 0
(20:12:03) Não existe preço
(20:12:03) Produto: Batom Líquido Matte Duradouro Cosmético Novo Dos Doces K Da Composição ( https://www.americanas.com.br/produto/65520182?pfm_carac=L%C3%A1bios&pfm_index=2&pfm_page=category&pfm_pos=grid&pfm_type=vit_product_grid&sellerId )  cont: 123
(20:12:03) Produto nao existe
(20:12:03) Codigo Produto:1039748
(20:12:03) Preço Produto: Venda: 0,00 ( 0 x 0,00 ) Id PrecoProduto: 0
(20:12:03) Não existe preço
(20:12:03) Produto: Batom Duradouro Matte Cosmético Do Líquido Da Cor Da Mudança Da Composição Nova ( https://www.americanas.com.br/produto/65736659?pfm_carac=L%C3%A1bios&pfm_index=3&pfm_page=category&pfm_pos=grid&pfm_type=vit_product_grid&sellerId )  cont: 124
(20:12:03) Produto nao existe
(20:12:03) Codigo Produto:1039749
(20:12:03) Preço Produto: Venda: 0,00 ( 0 x 0,00 ) Id PrecoProduto: 0
(20:12:03) Não existe preço
(20:12:03) Produto: Moda Hidratante Brilhante Long-lasting Lip Gloss Batom Líquido ( https://www.americanas.com.br/produto/65593422?pfm_carac=L%C3%A1bios&pfm_index=4&pfm_page=category&pfm_pos=grid&pfm_type=vit_product_grid&sellerId )  cont: 125
(20:12:04) Produto nao existe
(20:12:04) Codigo Produto:1039750
(20:12:04) Preço Produto: Venda: 0,00 ( 0 x 0,00 ) Id PrecoProduto: 0
(20:12:04) Não existe preço
(20:12:04) Produto: O Hidratante Profundo Do Fechamento Da Hidratação Incolor De Chapstick Das Mulheres Revitaliza O Bálsamo De Bordo ( https://www.americanas.com.br/produto/65527731?pfm_carac=L%C3%A1bios&pfm_index=5&pfm_page=category&pfm_pos=grid&pfm_type=vit_product_grid&sellerId )  cont: 126
(20:12:04) Produto nao existe
(20:12:04) Codigo Produto:1039751
(20:12:04) Preço Produto: Venda: 0,00 ( 0 x 0,00 ) Id PrecoProduto: 0
(20:12:04) Não existe preço
(20:12:04) Produto: Lip Shape Sheer Batom Bálsamo Longa Duração Hidratante Batom Maquiagem Cosméticos ( https://www.americanas.com.br/produto/65545839?pfm_carac=L%C3%A1bios&pfm_index=6&pfm_page=category&pfm_pos=grid&pfm_type=vit_product_grid&sellerId )  cont: 127
