(19:08:41) Loja:Revenda de Cosméticos
(19:09:35) Categoria:Boca
(19:13:20) CategoriaLoja(detalhe):CategoriaLoja {IdCategoriaLoja:1570;Nome:Boca;Url:https://www.revendadecosmeticos.com.br/boca.html?dir=asc&limit=48&order=popular;DataInclusao:24-07-2019;IdCategoriaLojaF:0;IdNaturezaProdutoRa:26;IdLojaVirtualPa:26;}
(19:13:22) URL: https://www.revendadecosmeticos.com.br/boca.html?dir=asc&limit=48&order=popular
(19:17:45) Produto: Diluidor de Maquiagem Makeup Restore Face Beautiful ( https://www.revendadecosmeticos.com.br/boca/diluidor-de-maquiagem-makeup-restore-face-beautiful.html )  cont: 1
(19:18:02) Produto existe (id:1033828)
(20:11:06) Preço Produto: Venda: 13,25 ( 0 x 0,00 ) Id PrecoProduto: 0
(20:11:08) Preçco mais recente: Venda: 13,25 ( 0 x 0,00 ) Id PrecoProduto: 6036621
(20:11:08) Mesmo preço
(20:22:50) Loja:Revenda de Cosméticos
(20:23:26) Categoria:Boca
(20:23:53) CategoriaLoja(detalhe):CategoriaLoja {IdCategoriaLoja:1570;Nome:Boca;Url:https://www.revendadecosmeticos.com.br/boca.html?dir=asc&limit=48&order=popular;DataInclusao:24-07-2019;IdCategoriaLojaF:0;IdNaturezaProdutoRa:26;IdLojaVirtualPa:26;}
(20:23:55) URL: https://www.revendadecosmeticos.com.br/boca.html?dir=asc&limit=48&order=popular
(20:25:16) Produto: Diluidor de Maquiagem Makeup Restore Face Beautiful ( https://www.revendadecosmeticos.com.br/boca/diluidor-de-maquiagem-makeup-restore-face-beautiful.html )  cont: 1
(20:25:16) Produto existe (id:1033828)
(20:25:43) Produto: Batom Liquido Ruby Rose HB-8213 - Kit com 6 unidades Cores Sortidas ( https://www.revendadecosmeticos.com.br/boca/batom-liquido-ruby-rose-hb-8213-kit-com-6-unidades-cores-sortidas.html )  cont: 2
(20:25:44) Produto existe (id:1033829)
(20:26:19) Loja:Revenda de Cosméticos
(20:26:51) Categoria:Boca
(20:27:05) CategoriaLoja(detalhe):CategoriaLoja {IdCategoriaLoja:1570;Nome:Boca;Url:https://www.revendadecosmeticos.com.br/boca.html?dir=asc&limit=48&order=popular;DataInclusao:24-07-2019;IdCategoriaLojaF:0;IdNaturezaProdutoRa:26;IdLojaVirtualPa:26;}
(20:27:07) URL: https://www.revendadecosmeticos.com.br/boca.html?dir=asc&limit=48&order=popular
(20:27:27) Produto: Diluidor de Maquiagem Makeup Restore Face Beautiful ( https://www.revendadecosmeticos.com.br/boca/diluidor-de-maquiagem-makeup-restore-face-beautiful.html )  cont: 1
(20:27:28) Produto existe (id:1033828)
(20:29:54) Loja:Revenda de Cosméticos
(20:30:27) Loja:Revenda de Cosméticos
(20:30:55) Loja:Revenda de Cosméticos
(20:31:35) Categoria:Boca
(20:32:11) CategoriaLoja(detalhe):CategoriaLoja {IdCategoriaLoja:1570;Nome:Boca;Url:https://www.revendadecosmeticos.com.br/boca.html?dir=asc&limit=48&order=popular;DataInclusao:24-07-2019;IdCategoriaLojaF:0;IdNaturezaProdutoRa:26;IdLojaVirtualPa:26;}
(20:32:13) URL: https://www.revendadecosmeticos.com.br/boca.html?dir=asc&limit=48&order=popular
(20:32:26) Produto: Diluidor de Maquiagem Makeup Restore Face Beautiful ( https://www.revendadecosmeticos.com.br/boca/diluidor-de-maquiagem-makeup-restore-face-beautiful.html )  cont: 1
(20:32:26) Produto existe (id:1033828)
(20:32:46) Preço Produto: Venda: 13,25 ( 0 x 0,00 ) Id PrecoProduto: 0
(20:51:24) Loja:Revenda de Cosméticos
(20:52:00) Categoria:Boca
(20:52:00) CategoriaLoja(detalhe):CategoriaLoja {IdCategoriaLoja:1570;Nome:Boca;Url:https://www.revendadecosmeticos.com.br/boca.html?dir=asc&limit=48&order=popular;DataInclusao:24-07-2019;IdCategoriaLojaF:0;IdNaturezaProdutoRa:26;IdLojaVirtualPa:26;}
(20:52:02) URL: https://www.revendadecosmeticos.com.br/boca.html?dir=asc&limit=48&order=popular
(20:52:45) Produto: Diluidor de Maquiagem Makeup Restore Face Beautiful ( https://www.revendadecosmeticos.com.br/boca/diluidor-de-maquiagem-makeup-restore-face-beautiful.html )  cont: 1
(20:52:46) Produto existe (id:1033828)
(20:52:52) Preço Produto: Venda: 13,25 ( 0 x 0,00 ) Id PrecoProduto: 0
(20:52:57) Preçco mais recente: Venda: 13,25 ( 0 x 0,00 ) Id PrecoProduto: 6036621
(20:53:00) Mesmo preço
