(00:12:57) Categoria:Unhas(https://www.revendadecosmeticos.com.br/unhas.html?dir=asc&limit=48&order=popular)
(00:21:36) Tratando: Natureza: Cosméticos Loja: Atacado de Maquiagem
(00:22:17) Categoria:Labios(https://www.atacadodemaquiagem.com.br/pagina/5c3a4/labios)
(00:25:50) Categoria:Maquiagem(https://www.atacadodemaquiagem.com.br/pagina/5c364/maquiagem)
(20:59:39) Tratando: Natureza: Cosméticos Loja: Revenda de Cosméticos
(21:00:02) Categoria:Boca(https://www.revendadecosmeticos.com.br/boca.html?dir=asc&limit=48&order=popular)
(21:09:49) Categoria:Face(https://www.revendadecosmeticos.com.br/face.html?dir=asc&limit=48&order=popular)
(21:32:42) Categoria:Olhos(https://www.revendadecosmeticos.com.br/olhos.html?dir=asc&limit=48&order=popular)
(21:55:21) Categoria:Unhas(https://www.revendadecosmeticos.com.br/unhas.html?dir=asc&limit=48&order=popular)
(22:02:52) Tratando: Natureza: Cosméticos Loja: Atacado de Maquiagem
(22:03:28) Categoria:Labios(https://www.atacadodemaquiagem.com.br/pagina/5c3a4/labios)
(22:06:47) Categoria:Maquiagem(https://www.atacadodemaquiagem.com.br/pagina/5c364/maquiagem)
(22:17:02) Categoria:Olhos(https://www.atacadodemaquiagem.com.br/pagina/5c36a/olhos)
(22:20:54) Tratando: Natureza: Cosméticos Loja: CarmosBR
(22:21:25) Categoria:Face(https://www.carmosbr.com.br/categoria-produto/face/?orderby=popularity)
(22:25:12) Categoria:Labios(https://www.carmosbr.com.br/categoria-produto/labios/?orderby=popularity)
(22:26:31) Categoria:Olhos(https://www.carmosbr.com.br/categoria-produto/olhos/?orderby=popularity)
(22:29:54) Tratando: Natureza: Cosméticos Loja: Cristal Cosmetic
(22:30:24) Categoria:Atacado(https://www.cristalcosmetic.com.br/atacado?dir=asc&limit=36&order=position)
(22:31:09) Categoria:Maquiagem(https://www.cristalcosmetic.com.br/maquiagem?dir=asc&limit=36&order=position)
(22:33:30) Categoria:Unhas(https://www.cristalcosmetic.com.br/unhas?dir=asc&limit=36&order=position)
(22:35:26) Tratando: Natureza: Cosméticos Loja: Americanas
(22:36:00) Categoria:Labios(https://www.americanas.com.br/categoria/beleza-e-perfumaria/maquiagem/labios?ordenacao=topSelling)
