(19:43:23) Tratando: Natureza: Cosméticos Loja: Revenda de Cosméticos
(19:45:24) Tratando: Natureza: Cosméticos Loja: Revenda de Cosméticos
(19:45:47) Categoria:Boca(https://www.revendadecosmeticos.com.br/boca.html?dir=asc&limit=48&order=popular)
(19:54:14) Categoria:Face(https://www.revendadecosmeticos.com.br/face.html?dir=asc&limit=48&order=popular)
(20:11:13) Categoria:Olhos(https://www.revendadecosmeticos.com.br/olhos.html?dir=asc&limit=48&order=popular)
(20:28:44) Categoria:Unhas(https://www.revendadecosmeticos.com.br/unhas.html?dir=asc&limit=48&order=popular)
(20:35:49) Tratando: Natureza: Cosméticos Loja: Atacado de Maquiagem
(20:36:29) Categoria:Labios(https://www.atacadodemaquiagem.com.br/pagina/5c3a4/labios)
(20:40:07) Categoria:Maquiagem(https://www.atacadodemaquiagem.com.br/pagina/5c364/maquiagem)
(20:50:09) Categoria:Olhos(https://www.atacadodemaquiagem.com.br/pagina/5c36a/olhos)
(20:54:00) Tratando: Natureza: Cosméticos Loja: CarmosBR
(20:54:36) Categoria:Face(https://www.carmosbr.com.br/categoria-produto/face/?orderby=popularity)
(20:59:15) Categoria:Labios(https://www.carmosbr.com.br/categoria-produto/labios/?orderby=popularity)
(21:00:48) Categoria:Olhos(https://www.carmosbr.com.br/categoria-produto/olhos/?orderby=popularity)
(21:04:17) Tratando: Natureza: Cosméticos Loja: Cristal Cosmetic
(21:04:58) Categoria:Atacado(https://www.cristalcosmetic.com.br/atacado?dir=asc&limit=36&order=position)
(21:05:53) Categoria:Maquiagem(https://www.cristalcosmetic.com.br/maquiagem?dir=asc&limit=36&order=position)
(21:09:03) Categoria:Unhas(https://www.cristalcosmetic.com.br/unhas?dir=asc&limit=36&order=position)
(21:11:25) Tratando: Natureza: Cosméticos Loja: Americanas
(21:12:11) Categoria:Labios(https://www.americanas.com.br/categoria/beleza-e-perfumaria/maquiagem/labios?ordenacao=topSelling)
