(20:09:36) Tratando: Natureza: Cosméticos Loja: Revenda de Cosméticos
(20:09:52) Categoria:Boca(https://www.revendadecosmeticos.com.br/boca.html?dir=asc&limit=48&order=popular)
(20:13:53) Tratando: Natureza: Cosméticos Loja: Revenda de Cosméticos
(20:14:05) Categoria:Boca(https://www.revendadecosmeticos.com.br/boca.html?dir=asc&limit=48&order=popular)
(20:18:57) Categoria:Face(https://www.revendadecosmeticos.com.br/face.html?dir=asc&limit=48&order=popular)
(20:32:20) Categoria:Olhos(https://www.revendadecosmeticos.com.br/olhos.html?dir=asc&limit=48&order=popular)
(20:41:49) Categoria:Unhas(https://www.revendadecosmeticos.com.br/unhas.html?dir=asc&limit=48&order=popular)
(20:44:19) Tratando: Natureza: Cosméticos Loja: Atacado de Maquiagem
(20:44:32) Categoria:Labios(https://www.atacadodemaquiagem.com.br/pagina/5c3a4/labios)
(20:45:49) Categoria:Maquiagem(https://www.atacadodemaquiagem.com.br/pagina/5c364/maquiagem)
(20:50:05) Categoria:Olhos(https://www.atacadodemaquiagem.com.br/pagina/5c36a/olhos)
(20:51:37) Tratando: Natureza: Cosméticos Loja: CarmosBR
(20:51:49) Categoria:Face(https://www.carmosbr.com.br/categoria-produto/face/?orderby=popularity)
(20:54:04) Categoria:Labios(https://www.carmosbr.com.br/categoria-produto/labios/?orderby=popularity)
(20:55:01) Categoria:Olhos(https://www.carmosbr.com.br/categoria-produto/olhos/?orderby=popularity)
(20:56:59) Tratando: Natureza: Cosméticos Loja: Cristal Cosmetic
(20:57:11) Categoria:Atacado(https://www.cristalcosmetic.com.br/atacado?dir=asc&limit=36&order=position)
(20:57:28) Categoria:Maquiagem(https://www.cristalcosmetic.com.br/maquiagem?dir=asc&limit=36&order=position)
(20:58:35) Categoria:Unhas(https://www.cristalcosmetic.com.br/unhas?dir=asc&limit=36&order=position)
(20:59:23) Tratando: Natureza: Cosméticos Loja: Americanas
(20:59:30) Categoria:Labios(https://www.americanas.com.br/categoria/beleza-e-perfumaria/maquiagem/labios?ordenacao=topSelling)
