(20:45:00) Tratando: Natureza: Cosméticos Loja: Revenda de Cosméticos
(20:45:34) Categoria:Boca(https://www.revendadecosmeticos.com.br/boca.html?dir=asc&limit=48&order=popular)
(20:56:39) Categoria:Face(https://www.revendadecosmeticos.com.br/face.html?dir=asc&limit=48&order=popular)
(21:03:08) Tratando: Natureza: Cosméticos Loja: Revenda de Cosméticos
(21:04:32) Tratando: Natureza: Cosméticos Loja: Revenda de Cosméticos
(21:05:05) Categoria:Boca(https://www.revendadecosmeticos.com.br/boca.html?dir=asc&limit=48&order=popular)
(21:15:23) Categoria:Face(https://www.revendadecosmeticos.com.br/face.html?dir=asc&limit=48&order=popular)
(21:36:50) Categoria:Olhos(https://www.revendadecosmeticos.com.br/olhos.html?dir=asc&limit=48&order=popular)
(21:57:09) Categoria:Unhas(https://www.revendadecosmeticos.com.br/unhas.html?dir=asc&limit=48&order=popular)
(22:02:53) Tratando: Natureza: Cosméticos Loja: Atacado de Maquiagem
(22:03:28) Categoria:Labios(https://www.atacadodemaquiagem.com.br/pagina/5c3a4/labios)
(22:06:29) Categoria:Maquiagem(https://www.atacadodemaquiagem.com.br/pagina/5c364/maquiagem)
(22:15:16) Categoria:Olhos(https://www.atacadodemaquiagem.com.br/pagina/5c36a/olhos)
(22:18:33) Tratando: Natureza: Cosméticos Loja: CarmosBR
(22:19:05) Categoria:Face(https://www.carmosbr.com.br/categoria-produto/face/?orderby=popularity)
(22:22:13) Categoria:Labios(https://www.carmosbr.com.br/categoria-produto/labios/?orderby=popularity)
(22:23:37) Categoria:Olhos(https://www.carmosbr.com.br/categoria-produto/olhos/?orderby=popularity)
(22:26:12) Tratando: Natureza: Cosméticos Loja: Cristal Cosmetic
(22:26:42) Categoria:Atacado(https://www.cristalcosmetic.com.br/atacado?dir=asc&limit=36&order=position)
(22:27:25) Categoria:Maquiagem(https://www.cristalcosmetic.com.br/maquiagem?dir=asc&limit=36&order=position)
(22:29:51) Categoria:Unhas(https://www.cristalcosmetic.com.br/unhas?dir=asc&limit=36&order=position)
(22:31:37) Tratando: Natureza: Cosméticos Loja: Americanas
(22:32:08) Categoria:Labios(https://www.americanas.com.br/categoria/beleza-e-perfumaria/maquiagem/labios?ordenacao=topSelling)
