(00:05:03) Categoria:Olhos(https://www.atacadodemaquiagem.com.br/pagina/5c36a/olhos)
(00:08:28) Tratando: Natureza: Cosméticos Loja: CarmosBR
(00:09:01) Categoria:Face(https://www.carmosbr.com.br/categoria-produto/face/?orderby=popularity)
(00:12:11) Categoria:Labios(https://www.carmosbr.com.br/categoria-produto/labios/?orderby=popularity)
(00:13:35) Categoria:Olhos(https://www.carmosbr.com.br/categoria-produto/olhos/?orderby=popularity)
(00:16:11) Tratando: Natureza: Cosméticos Loja: Cristal Cosmetic
(00:16:44) Categoria:Atacado(https://www.cristalcosmetic.com.br/atacado?dir=asc&limit=36&order=position)
(00:17:27) Categoria:Maquiagem(https://www.cristalcosmetic.com.br/maquiagem?dir=asc&limit=36&order=position)
(00:20:11) Categoria:Unhas(https://www.cristalcosmetic.com.br/unhas?dir=asc&limit=36&order=position)
(00:22:08) Tratando: Natureza: Cosméticos Loja: Americanas
(00:22:41) Categoria:Labios(https://www.americanas.com.br/categoria/beleza-e-perfumaria/maquiagem/labios?ordenacao=topSelling)
(17:14:38) Tratando: Natureza: Cosméticos Loja: Revenda de Cosméticos
(17:14:55) Categoria:Boca(https://www.revendadecosmeticos.com.br/boca.html?dir=asc&limit=48&order=popular)
(17:16:59) Tratando: Natureza: Cosméticos Loja: Revenda de Cosméticos
(17:17:17) Categoria:Boca(https://www.revendadecosmeticos.com.br/boca.html?dir=asc&limit=48&order=popular)
(17:23:34) Categoria:Face(https://www.revendadecosmeticos.com.br/face.html?dir=asc&limit=48&order=popular)
(17:34:32) Tratando: Natureza: Cosméticos Loja: Revenda de Cosméticos
(17:34:49) Categoria:Boca(https://www.revendadecosmeticos.com.br/boca.html?dir=asc&limit=48&order=popular)
(17:41:08) Categoria:Face(https://www.revendadecosmeticos.com.br/face.html?dir=asc&limit=48&order=popular)
(17:54:46) Categoria:Olhos(https://www.revendadecosmeticos.com.br/olhos.html?dir=asc&limit=48&order=popular)
(18:07:31) Categoria:Unhas(https://www.revendadecosmeticos.com.br/unhas.html?dir=asc&limit=48&order=popular)
(18:11:02) Tratando: Natureza: Cosméticos Loja: Atacado de Maquiagem
(18:11:21) Categoria:Labios(https://www.atacadodemaquiagem.com.br/pagina/5c3a4/labios)
(18:13:13) Categoria:Maquiagem(https://www.atacadodemaquiagem.com.br/pagina/5c364/maquiagem)
(18:18:46) Categoria:Olhos(https://www.atacadodemaquiagem.com.br/pagina/5c36a/olhos)
(18:20:52) Tratando: Natureza: Cosméticos Loja: CarmosBR
(18:21:11) Categoria:Face(https://www.carmosbr.com.br/categoria-produto/face/?orderby=popularity)
(18:23:23) Categoria:Labios(https://www.carmosbr.com.br/categoria-produto/labios/?orderby=popularity)
(18:24:18) Categoria:Olhos(https://www.carmosbr.com.br/categoria-produto/olhos/?orderby=popularity)
(18:26:15) Tratando: Natureza: Cosméticos Loja: Cristal Cosmetic
(18:26:35) Categoria:Atacado(https://www.cristalcosmetic.com.br/atacado?dir=asc&limit=36&order=position)
(18:27:00) Categoria:Maquiagem(https://www.cristalcosmetic.com.br/maquiagem?dir=asc&limit=36&order=position)
(18:28:35) Categoria:Unhas(https://www.cristalcosmetic.com.br/unhas?dir=asc&limit=36&order=position)
(18:29:46) Tratando: Natureza: Cosméticos Loja: Americanas
(18:30:06) Categoria:Labios(https://www.americanas.com.br/categoria/beleza-e-perfumaria/maquiagem/labios?ordenacao=topSelling)
