(00:02:38) Tratando: Natureza: Cosméticos Loja: Atacado de Maquiagem
(00:03:11) Categoria:Labios(https://www.atacadodemaquiagem.com.br/pagina/5c3a4/labios)
(00:06:21) Categoria:Maquiagem(https://www.atacadodemaquiagem.com.br/pagina/5c364/maquiagem)
(00:16:31) Categoria:Olhos(https://www.atacadodemaquiagem.com.br/pagina/5c36a/olhos)
(00:20:52) Tratando: Natureza: Cosméticos Loja: CarmosBR
(00:21:36) Categoria:Face(https://www.carmosbr.com.br/categoria-produto/face/?orderby=popularity)
(00:26:42) Categoria:Labios(https://www.carmosbr.com.br/categoria-produto/labios/?orderby=popularity)
(00:28:31) Categoria:Olhos(https://www.carmosbr.com.br/categoria-produto/olhos/?orderby=popularity)
(00:32:00) Tratando: Natureza: Cosméticos Loja: Cristal Cosmetic
(00:32:44) Categoria:Atacado(https://www.cristalcosmetic.com.br/atacado?dir=asc&limit=36&order=position)
(00:33:45) Categoria:Maquiagem(https://www.cristalcosmetic.com.br/maquiagem?dir=asc&limit=36&order=position)
(00:37:08) Categoria:Unhas(https://www.cristalcosmetic.com.br/unhas?dir=asc&limit=36&order=position)
(00:39:42) Tratando: Natureza: Cosméticos Loja: Americanas
(00:40:33) Categoria:Labios(https://www.americanas.com.br/categoria/beleza-e-perfumaria/maquiagem/labios?ordenacao=topSelling)
(22:28:20) Tratando: Natureza: Cosméticos Loja: Revenda de Cosméticos
(22:28:44) Categoria:Boca(https://www.revendadecosmeticos.com.br/boca.html?dir=asc&limit=48&order=popular)
(22:37:10) Categoria:Face(https://www.revendadecosmeticos.com.br/face.html?dir=asc&limit=48&order=popular)
(22:58:49) Categoria:Olhos(https://www.revendadecosmeticos.com.br/olhos.html?dir=asc&limit=48&order=popular)
(23:20:03) Categoria:Unhas(https://www.revendadecosmeticos.com.br/unhas.html?dir=asc&limit=48&order=popular)
(23:25:54) Tratando: Natureza: Cosméticos Loja: Atacado de Maquiagem
(23:26:27) Categoria:Labios(https://www.atacadodemaquiagem.com.br/pagina/5c3a4/labios)
(23:29:29) Categoria:Maquiagem(https://www.atacadodemaquiagem.com.br/pagina/5c364/maquiagem)
(23:38:31) Categoria:Olhos(https://www.atacadodemaquiagem.com.br/pagina/5c36a/olhos)
(23:41:59) Tratando: Natureza: Cosméticos Loja: CarmosBR
(23:42:31) Categoria:Face(https://www.carmosbr.com.br/categoria-produto/face/?orderby=popularity)
(23:46:56) Categoria:Labios(https://www.carmosbr.com.br/categoria-produto/labios/?orderby=popularity)
(23:48:21) Categoria:Olhos(https://www.carmosbr.com.br/categoria-produto/olhos/?orderby=popularity)
(23:51:07) Tratando: Natureza: Cosméticos Loja: Cristal Cosmetic
(23:51:38) Categoria:Atacado(https://www.cristalcosmetic.com.br/atacado?dir=asc&limit=36&order=position)
(23:52:24) Categoria:Maquiagem(https://www.cristalcosmetic.com.br/maquiagem?dir=asc&limit=36&order=position)
(23:55:10) Categoria:Unhas(https://www.cristalcosmetic.com.br/unhas?dir=asc&limit=36&order=position)
(23:57:33) Tratando: Natureza: Cosméticos Loja: Americanas
(23:58:18) Categoria:Labios(https://www.americanas.com.br/categoria/beleza-e-perfumaria/maquiagem/labios?ordenacao=topSelling)
