(00:09:47) Categoria:Olhos(https://www.atacadodemaquiagem.com.br/pagina/5c36a/olhos)
(00:13:58) Tratando: Natureza: Cosméticos Loja: CarmosBR
(00:14:39) Categoria:Face(https://www.carmosbr.com.br/categoria-produto/face/?orderby=popularity)
(21:16:54) Tratando: Natureza: Cosméticos Loja: Revenda de Cosméticos
(21:17:25) Categoria:Boca(https://www.revendadecosmeticos.com.br/boca.html?dir=asc&limit=48&order=popular)
(21:25:20) Categoria:Face(https://www.revendadecosmeticos.com.br/face.html?dir=asc&limit=48&order=popular)
(21:40:24) Categoria:Olhos(https://www.revendadecosmeticos.com.br/olhos.html?dir=asc&limit=48&order=popular)
(21:54:59) Categoria:Unhas(https://www.revendadecosmeticos.com.br/unhas.html?dir=asc&limit=48&order=popular)
(21:59:26) Tratando: Natureza: Cosméticos Loja: Atacado de Maquiagem
(21:59:48) Categoria:Labios(https://www.atacadodemaquiagem.com.br/pagina/5c3a4/labios)
(22:01:52) Categoria:Maquiagem(https://www.atacadodemaquiagem.com.br/pagina/5c364/maquiagem)
(22:07:57) Categoria:Olhos(https://www.atacadodemaquiagem.com.br/pagina/5c36a/olhos)
(22:10:16) Tratando: Natureza: Cosméticos Loja: CarmosBR
(22:10:38) Categoria:Face(https://www.carmosbr.com.br/categoria-produto/face/?orderby=popularity)
(22:13:35) Categoria:Labios(https://www.carmosbr.com.br/categoria-produto/labios/?orderby=popularity)
(22:14:33) Categoria:Olhos(https://www.carmosbr.com.br/categoria-produto/olhos/?orderby=popularity)
(22:17:01) Tratando: Natureza: Cosméticos Loja: Cristal Cosmetic
(22:17:23) Categoria:Atacado(https://www.cristalcosmetic.com.br/atacado?dir=asc&limit=36&order=position)
(22:17:55) Categoria:Maquiagem(https://www.cristalcosmetic.com.br/maquiagem?dir=asc&limit=36&order=position)
(22:19:42) Categoria:Unhas(https://www.cristalcosmetic.com.br/unhas?dir=asc&limit=36&order=position)
(22:21:07) Tratando: Natureza: Cosméticos Loja: Americanas
(22:21:31) Categoria:Labios(https://www.americanas.com.br/categoria/beleza-e-perfumaria/maquiagem/labios?ordenacao=topSelling)
