(00:13:47) Categoria:Olhos(https://www.revendadecosmeticos.com.br/olhos.html?dir=asc&limit=48&order=popular)
(12:22:12) Tratando: Natureza: Cosméticos Loja: Revenda de Cosméticos
(12:23:14) Categoria:Boca(https://www.revendadecosmeticos.com.br/boca.html?dir=asc&limit=48&order=popular)
(12:29:21) Categoria:Face(https://www.revendadecosmeticos.com.br/face.html?dir=asc&limit=48&order=popular)
(12:40:45) Categoria:Olhos(https://www.revendadecosmeticos.com.br/olhos.html?dir=asc&limit=48&order=popular)
(12:51:41) Categoria:Unhas(https://www.revendadecosmeticos.com.br/unhas.html?dir=asc&limit=48&order=popular)
(12:54:39) Tratando: Natureza: Cosméticos Loja: Atacado de Maquiagem
(12:54:54) Categoria:Labios(https://www.atacadodemaquiagem.com.br/pagina/5c3a4/labios)
(12:56:22) Categoria:Maquiagem(https://www.atacadodemaquiagem.com.br/pagina/5c364/maquiagem)
(13:00:41) Categoria:Olhos(https://www.atacadodemaquiagem.com.br/pagina/5c36a/olhos)
(13:02:28) Tratando: Natureza: Cosméticos Loja: CarmosBR
(13:02:43) Categoria:Face(https://www.carmosbr.com.br/categoria-produto/face/?orderby=popularity)
(13:04:42) Categoria:Labios(https://www.carmosbr.com.br/categoria-produto/labios/?orderby=popularity)
(13:05:26) Categoria:Olhos(https://www.carmosbr.com.br/categoria-produto/olhos/?orderby=popularity)
(13:06:49) Tratando: Natureza: Cosméticos Loja: Cristal Cosmetic
(13:07:04) Categoria:Atacado(https://www.cristalcosmetic.com.br/atacado?dir=asc&limit=36&order=position)
(13:07:19) Categoria:Maquiagem(https://www.cristalcosmetic.com.br/maquiagem?dir=asc&limit=36&order=position)
(13:07:34) Categoria:Unhas(https://www.cristalcosmetic.com.br/unhas?dir=asc&limit=36&order=position)
(13:07:35) Tratando: Natureza: Cosméticos Loja: Americanas
(13:07:52) Categoria:Labios(https://www.americanas.com.br/categoria/beleza-e-perfumaria/maquiagem/labios?ordenacao=topSelling)
