(19:53:42) Tratando: Natureza: Cosméticos Loja: Revenda de Cosméticos
(19:54:01) Categoria:Boca(https://www.revendadecosmeticos.com.br/boca.html?dir=asc&limit=48&order=popular)
(20:00:04) Categoria:Face(https://www.revendadecosmeticos.com.br/face.html?dir=asc&limit=48&order=popular)
(20:00:58) Tratando: Natureza: Cosméticos Loja: Revenda de Cosméticos
(20:01:12) Categoria:Boca(https://www.revendadecosmeticos.com.br/boca.html?dir=asc&limit=48&order=popular)
(20:06:56) Categoria:Face(https://www.revendadecosmeticos.com.br/face.html?dir=asc&limit=48&order=popular)
(20:31:30) Categoria:Olhos(https://www.revendadecosmeticos.com.br/olhos.html?dir=asc&limit=48&order=popular)
(20:57:13) Categoria:Unhas(https://www.revendadecosmeticos.com.br/unhas.html?dir=asc&limit=48&order=popular)
(21:05:12) Tratando: Natureza: Cosméticos Loja: Atacado de Maquiagem
(21:05:55) Categoria:Labios(https://www.atacadodemaquiagem.com.br/pagina/5c3a4/labios)
(21:09:45) Categoria:Maquiagem(https://www.atacadodemaquiagem.com.br/pagina/5c364/maquiagem)
(21:21:05) Categoria:Olhos(https://www.atacadodemaquiagem.com.br/pagina/5c36a/olhos)
(21:25:28) Tratando: Natureza: Cosméticos Loja: CarmosBR
(21:26:12) Categoria:Face(https://www.carmosbr.com.br/categoria-produto/face/?orderby=popularity)
(21:31:04) Categoria:Labios(https://www.carmosbr.com.br/categoria-produto/labios/?orderby=popularity)
(21:32:44) Categoria:Olhos(https://www.carmosbr.com.br/categoria-produto/olhos/?orderby=popularity)
(21:36:22) Tratando: Natureza: Cosméticos Loja: Cristal Cosmetic
(21:37:06) Categoria:Atacado(https://www.cristalcosmetic.com.br/atacado?dir=asc&limit=36&order=position)
(21:38:05) Categoria:Maquiagem(https://www.cristalcosmetic.com.br/maquiagem?dir=asc&limit=36&order=position)
(21:41:21) Categoria:Unhas(https://www.cristalcosmetic.com.br/unhas?dir=asc&limit=36&order=position)
(21:43:50) Tratando: Natureza: Cosméticos Loja: Americanas
(21:44:40) Categoria:Labios(https://www.americanas.com.br/categoria/beleza-e-perfumaria/maquiagem/labios?ordenacao=topSelling)
