(18:40:15) Tratando: Natureza: Cosméticos Loja: Revenda de Cosméticos
(18:41:43) Tratando: Natureza: Cosméticos Loja: Revenda de Cosméticos
(18:42:12) Tratando: Natureza: Cosméticos Loja: Revenda de Cosméticos
(18:43:09) Categoria:Boca(https://www.revendadecosmeticos.com.br/boca.html?dir=asc&limit=48&order=popular)
(18:56:05) Categoria:Face(https://www.revendadecosmeticos.com.br/face.html?dir=asc&limit=48&order=popular)
(19:21:32) Categoria:Olhos(https://www.revendadecosmeticos.com.br/olhos.html?dir=asc&limit=48&order=popular)
(19:48:12) Categoria:Unhas(https://www.revendadecosmeticos.com.br/unhas.html?dir=asc&limit=48&order=popular)
(19:56:22) Tratando: Natureza: Cosméticos Loja: Atacado de Maquiagem
(19:57:07) Categoria:Labios(https://www.atacadodemaquiagem.com.br/pagina/5c3a4/labios)
(20:01:03) Categoria:Maquiagem(https://www.atacadodemaquiagem.com.br/pagina/5c364/maquiagem)
(20:12:41) Categoria:Olhos(https://www.atacadodemaquiagem.com.br/pagina/5c36a/olhos)
(20:17:11) Tratando: Natureza: Cosméticos Loja: CarmosBR
(20:17:56) Categoria:Face(https://www.carmosbr.com.br/categoria-produto/face/?orderby=popularity)
(20:22:58) Categoria:Labios(https://www.carmosbr.com.br/categoria-produto/labios/?orderby=popularity)
(20:24:34) Categoria:Olhos(https://www.carmosbr.com.br/categoria-produto/olhos/?orderby=popularity)
(20:28:13) Tratando: Natureza: Cosméticos Loja: Cristal Cosmetic
(20:28:58) Categoria:Atacado(https://www.cristalcosmetic.com.br/atacado?dir=asc&limit=36&order=position)
(20:30:00) Categoria:Maquiagem(https://www.cristalcosmetic.com.br/maquiagem?dir=asc&limit=36&order=position)
(20:33:18) Categoria:Unhas(https://www.cristalcosmetic.com.br/unhas?dir=asc&limit=36&order=position)
(20:35:52) Tratando: Natureza: Cosméticos Loja: Americanas
(20:36:43) Categoria:Labios(https://www.americanas.com.br/categoria/beleza-e-perfumaria/maquiagem/labios?ordenacao=topSelling)
