(10:35:52) Tratando: Natureza: Cosméticos Loja: Revenda de Cosméticos
(10:36:12) Categoria:Boca(https://www.revendadecosmeticos.com.br/boca.html?dir=asc&limit=48&order=popular)
(10:44:04) Tratando: Natureza: Cosméticos Loja: Revenda de Cosméticos
(10:44:18) Categoria:Boca(https://www.revendadecosmeticos.com.br/boca.html?dir=asc&limit=48&order=popular)
(10:49:22) Categoria:Face(https://www.revendadecosmeticos.com.br/face.html?dir=asc&limit=48&order=popular)
(10:59:04) Categoria:Olhos(https://www.revendadecosmeticos.com.br/olhos.html?dir=asc&limit=48&order=popular)
(11:14:19) Categoria:Unhas(https://www.revendadecosmeticos.com.br/unhas.html?dir=asc&limit=48&order=popular)
(11:18:18) Tratando: Natureza: Cosméticos Loja: Atacado de Maquiagem
(11:18:47) Categoria:Labios(https://www.atacadodemaquiagem.com.br/pagina/5c3a4/labios)
(11:20:30) Categoria:Maquiagem(https://www.atacadodemaquiagem.com.br/pagina/5c364/maquiagem)
(11:25:53) Categoria:Olhos(https://www.atacadodemaquiagem.com.br/pagina/5c36a/olhos)
(11:27:21) Tratando: Natureza: Cosméticos Loja: CarmosBR
(11:27:34) Categoria:Face(https://www.carmosbr.com.br/categoria-produto/face/?orderby=popularity)
(11:29:14) Categoria:Labios(https://www.carmosbr.com.br/categoria-produto/labios/?orderby=popularity)
(11:29:55) Categoria:Olhos(https://www.carmosbr.com.br/categoria-produto/olhos/?orderby=popularity)
(11:31:20) Tratando: Natureza: Cosméticos Loja: Cristal Cosmetic
(11:31:33) Categoria:Atacado(https://www.cristalcosmetic.com.br/atacado?dir=asc&limit=36&order=position)
(11:31:50) Categoria:Maquiagem(https://www.cristalcosmetic.com.br/maquiagem?dir=asc&limit=36&order=position)
(11:32:56) Categoria:Unhas(https://www.cristalcosmetic.com.br/unhas?dir=asc&limit=36&order=position)
(11:33:49) Tratando: Natureza: Cosméticos Loja: Americanas
(11:34:02) Categoria:Labios(https://www.americanas.com.br/categoria/beleza-e-perfumaria/maquiagem/labios?ordenacao=topSelling)
