(00:00:00) Produto existe (id:1037449)
(00:00:00) Preço Produto: Venda: 2,29 ( 0 x 0,00 ) Id PrecoProduto: 0
(00:00:00) Preçco mais recente: Venda: 2,29 ( 0 x 0,00 ) Id PrecoProduto: 6040242
(00:00:00) Mesmo preço
(00:00:00) Produto: Esmalte Top Beauty Sensitive Cremoso Imagine ( https://www.revendadecosmeticos.com.br/unhas/esmalte-top-beauty-sensitive-cremoso-imagine.html )  cont: 212
(00:00:00) Produto existe (id:1037451)
(00:00:00) Preço Produto: Venda: 2,29 ( 0 x 0,00 ) Id PrecoProduto: 0
(00:00:00) Preçco mais recente: Venda: 2,29 ( 0 x 0,00 ) Id PrecoProduto: 6040244
(00:00:00) Mesmo preço
(00:00:00) Produto: Esmalte Cremoso Dailus Linha Califórnia Ice Cream - Purple Springs ( https://www.revendadecosmeticos.com.br/unhas/esmalte-cremoso-dailus-linha-california-ice-cream-purple-springs.html )  cont: 213
(00:00:01) Produto existe (id:1037450)
(00:00:01) Preço Produto: Venda: 5,59 ( 0 x 0,00 ) Id PrecoProduto: 0
(00:00:01) Preçco mais recente: Venda: 5,59 ( 0 x 0,00 ) Id PrecoProduto: 6040243
(00:00:01) Mesmo preço
(00:00:01) Produto: Esmalte Cremoso Dailus - Bala Azeda ( https://www.revendadecosmeticos.com.br/unhas/esmalte-cremoso-dailus-bala-azeda.html )  cont: 214
(00:00:02) Produto existe (id:1037452)
(00:00:02) Preço Produto: Venda: 5,59 ( 0 x 0,00 ) Id PrecoProduto: 0
(00:00:02) Preçco mais recente: Venda: 5,59 ( 0 x 0,00 ) Id PrecoProduto: 6040245
(00:00:02) Mesmo preço
(00:00:02) Produto: Esmalte Top Beauty Cremoso Blood ( https://www.revendadecosmeticos.com.br/unhas/esmalte-top-beauty-cremoso-blood.html )  cont: 215
(00:00:03) Produto existe (id:1037454)
(00:00:03) Preço Produto: Venda: 2,29 ( 0 x 0,00 ) Id PrecoProduto: 0
(00:00:03) Preçco mais recente: Venda: 2,29 ( 0 x 0,00 ) Id PrecoProduto: 6040247
(00:00:03) Mesmo preço
(00:00:03) Produto: Esmalte Cremoso Dailus - Baile de Máscaras ( https://www.revendadecosmeticos.com.br/unhas/esmalte-cremoso-dailus-baile-de-mascaras.html )  cont: 216
(00:00:04) Produto existe (id:1037453)
(00:00:04) Preço Produto: Venda: 5,59 ( 0 x 0,00 ) Id PrecoProduto: 0
(00:00:04) Preçco mais recente: Venda: 5,59 ( 0 x 0,00 ) Id PrecoProduto: 6040246
(00:00:04) Mesmo preço
(00:00:04) Produto: Esmalte Cremoso Dailus - Martini ( https://www.revendadecosmeticos.com.br/unhas/esmalte-cremoso-dailus-martini.html )  cont: 217
(00:00:05) Produto existe (id:1037460)
(00:00:05) Preço Produto: Venda: 5,59 ( 0 x 0,00 ) Id PrecoProduto: 0
(00:00:05) Preçco mais recente: Venda: 5,59 ( 0 x 0,00 ) Id PrecoProduto: 6040253
(00:00:05) Mesmo preço
(00:00:05) Produto: Esmalte Top Beauty Nature Trati Óleo de Cravo ( https://www.revendadecosmeticos.com.br/unhas/esmalte-top-beauty-nature-trati-oleo-de-cravo.html )  cont: 218
(00:00:05) Produto existe (id:1037455)
(00:00:05) Preço Produto: Venda: 7,65 ( 0 x 0,00 ) Id PrecoProduto: 0
(00:00:05) Preçco mais recente: Venda: 7,65 ( 0 x 0,00 ) Id PrecoProduto: 6040248
(00:00:05) Mesmo preço
(00:00:05) Produto: Esmalte Top Beauty Sensitive Transparente Fashion ( https://www.revendadecosmeticos.com.br/unhas/esmalte-top-beauty-sensitive-transparente-fashion.html )  cont: 219
(00:00:06) Produto existe (id:1037456)
(00:00:06) Preço Produto: Venda: 2,29 ( 0 x 0,00 ) Id PrecoProduto: 0
(00:00:06) Preçco mais recente: Venda: 2,29 ( 0 x 0,00 ) Id PrecoProduto: 6040249
(00:00:06) Mesmo preço
(00:00:06) Produto: Esmalte Top Beauty Cremoso Simplesmente Azul ( https://www.revendadecosmeticos.com.br/unhas/esmalte-top-beauty-cremoso-simplesmente-azul.html )  cont: 220
(00:00:07) Produto existe (id:1037457)
(00:00:07) Preço Produto: Venda: 2,29 ( 0 x 0,00 ) Id PrecoProduto: 0
(00:00:07) Preçco mais recente: Venda: 2,29 ( 0 x 0,00 ) Id PrecoProduto: 6040250
(00:00:07) Mesmo preço
(00:00:07) Produto: Esmalte Top Beauty Sensitive Transparente Personalité ( https://www.revendadecosmeticos.com.br/unhas/esmalte-top-beauty-sensitive-transparente-personalite.html )  cont: 221
(00:00:08) Produto existe (id:1037459)
(00:00:08) Preço Produto: Venda: 2,29 ( 0 x 0,00 ) Id PrecoProduto: 0
(00:00:08) Preçco mais recente: Venda: 2,29 ( 0 x 0,00 ) Id PrecoProduto: 6040252
(00:00:08) Mesmo preço
(00:00:08) Produto: Esmalte Top Beauty Cremoso Beijo Na Boca ( https://www.revendadecosmeticos.com.br/unhas/esmalte-top-beauty-cremoso-beijo-na-boca.html )  cont: 222
(00:00:08) Produto existe (id:1037458)
(00:00:08) Preço Produto: Venda: 2,29 ( 0 x 0,00 ) Id PrecoProduto: 0
(00:00:08) Preçco mais recente: Venda: 2,29 ( 0 x 0,00 ) Id PrecoProduto: 6040251
(00:00:08) Mesmo preço
(00:00:08) Produto: Esmalte Top Beauty Cremoso Amarula ( https://www.revendadecosmeticos.com.br/unhas/esmalte-top-beauty-cremoso-amarula.html )  cont: 223
(00:00:09) Produto existe (id:1037461)
(00:00:09) Preço Produto: Venda: 2,29 ( 0 x 0,00 ) Id PrecoProduto: 0
(00:00:09) Preçco mais recente: Venda: 2,29 ( 0 x 0,00 ) Id PrecoProduto: 6040254
(00:00:09) Mesmo preço
(00:00:09) Produto: Esmalte Cremoso Dailus - Blueberry Pie ( https://www.revendadecosmeticos.com.br/unhas/esmalte-cremoso-dailus-blueberry-pie.html )  cont: 224
(00:00:10) Produto existe (id:1037464)
(00:00:10) Preço Produto: Venda: 5,59 ( 0 x 0,00 ) Id PrecoProduto: 0
(00:00:10) Preçco mais recente: Venda: 5,59 ( 0 x 0,00 ) Id PrecoProduto: 6040257
(00:00:10) Mesmo preço
(00:00:10) Produto: Esmalte Top Beauty Sensitive Cremoso Vitalité ( https://www.revendadecosmeticos.com.br/unhas/esmalte-top-beauty-sensitive-cremoso-vitalite.html )  cont: 225
(00:00:11) Produto existe (id:1037462)
(00:00:11) Preço Produto: Venda: 2,29 ( 0 x 0,00 ) Id PrecoProduto: 0
(00:00:11) Preçco mais recente: Venda: 2,29 ( 0 x 0,00 ) Id PrecoProduto: 6040255
(00:00:11) Mesmo preço
(00:00:11) Produto: Esmalte Top Beauty Ultimate Play Apostando em Vegas ( https://www.revendadecosmeticos.com.br/unhas/esmalte-top-beauty-ultimate-play-apostando-em-vegas.html )  cont: 226
(00:00:12) Produto existe (id:1037466)
(00:00:12) Preço Produto: Venda: 2,70 ( 0 x 0,00 ) Id PrecoProduto: 0
(00:00:12) Preçco mais recente: Venda: 2,70 ( 0 x 0,00 ) Id PrecoProduto: 6040259
(00:00:12) Mesmo preço
(00:00:12) Produto: Esmalte Top Beauty Cremoso Pé na Estrada Siga Em Frente ( https://www.revendadecosmeticos.com.br/unhas/esmalte-top-beauty-cremoso-pe-na-estrada-siga-em-frente.html )  cont: 227
(00:00:13) Produto existe (id:1037463)
(00:00:13) Preço Produto: Venda: 2,29 ( 0 x 0,00 ) Id PrecoProduto: 0
(00:00:13) Preçco mais recente: Venda: 2,29 ( 0 x 0,00 ) Id PrecoProduto: 6040256
(00:00:13) Mesmo preço
(00:00:13) Produto: Esmalte Top Beauty Base Profissional Incolor 60ml ( https://www.revendadecosmeticos.com.br/unhas/esmalte-top-beauty-base-profissional-incolor-60ml.html )  cont: 228
(00:00:14) Produto existe (id:1037465)
(00:00:14) Preço Produto: Venda: 7,70 ( 0 x 0,00 ) Id PrecoProduto: 0
(00:00:14) Preçco mais recente: Venda: 7,70 ( 0 x 0,00 ) Id PrecoProduto: 6040258
(00:00:14) Mesmo preço
(00:00:14) Produto: Esmalte Top Beauty Cremoso Lutar ( https://www.revendadecosmeticos.com.br/unhas/esmalte-top-beauty-cremoso-lutar.html )  cont: 229
(00:00:14) Produto existe (id:1037468)
(00:00:14) Preço Produto: Venda: 2,29 ( 0 x 0,00 ) Id PrecoProduto: 0
(00:00:14) Preçco mais recente: Venda: 2,29 ( 0 x 0,00 ) Id PrecoProduto: 6040261
(00:00:14) Mesmo preço
(00:00:14) Produto: Necessaire Organizador para Esmalte Pequeno Jacki Design AHL15062 ( https://www.revendadecosmeticos.com.br/unhas/necessaire-organizador-para-esmalte-pequeno-jacki-design-ahl15062.html )  cont: 230
(00:00:15) Produto existe (id:1037467)
(00:00:15) Preço Produto: Venda: 23,40 ( 0 x 0,00 ) Id PrecoProduto: 0
(00:00:15) Preçco mais recente: Venda: 23,40 ( 0 x 0,00 ) Id PrecoProduto: 6040260
(00:00:15) Mesmo preço
(00:00:15) Produto: Esmalte Top Beauty Cremoso Shopping ( https://www.revendadecosmeticos.com.br/unhas/esmalte-top-beauty-cremoso-shopping.html )  cont: 231
(00:00:16) Produto existe (id:1037469)
(00:00:16) Preço Produto: Venda: 2,29 ( 0 x 0,00 ) Id PrecoProduto: 0
(00:00:16) Preçco mais recente: Venda: 2,29 ( 0 x 0,00 ) Id PrecoProduto: 6040262
(00:00:16) Mesmo preço
(00:00:16) Produto: Esmalte Top Beauty Cremoso Flor De Jacarandá ( https://www.revendadecosmeticos.com.br/unhas/esmalte-top-beauty-cremoso-flor-de-jacaranda.html )  cont: 232
(00:00:17) Produto existe (id:1037470)
(00:00:17) Preço Produto: Venda: 2,29 ( 0 x 0,00 ) Id PrecoProduto: 0
(00:00:17) Preçco mais recente: Venda: 2,29 ( 0 x 0,00 ) Id PrecoProduto: 6040263
(00:00:17) Mesmo preço
(00:00:17) Produto: Esmalte Top Beauty Ultimate Glitter Constellation ( https://www.revendadecosmeticos.com.br/unhas/esmalte-top-beauty-ultimate-glitter-constellation.html )  cont: 233
(00:00:18) Produto existe (id:1037474)
(00:00:18) Preço Produto: Venda: 2,58 ( 0 x 0,00 ) Id PrecoProduto: 0
(00:00:18) Preçco mais recente: Venda: 2,58 ( 0 x 0,00 ) Id PrecoProduto: 6040267
(00:00:18) Mesmo preço
(00:00:18) Produto: Esmalte Top Beauty Sensitive Tratamento Seda ( https://www.revendadecosmeticos.com.br/unhas/esmalte-top-beauty-sensitive-tratamento-seda.html )  cont: 234
(00:00:19) Produto existe (id:1037472)
(00:00:19) Preço Produto: Venda: 2,29 ( 0 x 0,00 ) Id PrecoProduto: 0
(00:00:19) Preçco mais recente: Venda: 2,29 ( 0 x 0,00 ) Id PrecoProduto: 6040265
(00:00:19) Mesmo preço
(00:00:19) Produto: Esmalte Top Beauty Cintilante Badalar ( https://www.revendadecosmeticos.com.br/unhas/esmalte-top-beauty-cintilante-badalar.html )  cont: 235
(00:00:19) Produto existe (id:1037471)
(00:00:19) Preço Produto: Venda: 2,29 ( 0 x 0,00 ) Id PrecoProduto: 0
(00:00:19) Preçco mais recente: Venda: 2,29 ( 0 x 0,00 ) Id PrecoProduto: 6040264
(00:00:19) Mesmo preço
(00:00:19) Produto: Esmalte Cremoso Dailus - Bala de Goma ( https://www.revendadecosmeticos.com.br/unhas/esmalte-cremoso-dailus-bala-de-goma.html )  cont: 236
(00:00:20) Produto existe (id:1037475)
(00:00:20) Preço Produto: Venda: 5,59 ( 0 x 0,00 ) Id PrecoProduto: 0
(00:00:20) Preçco mais recente: Venda: 5,59 ( 0 x 0,00 ) Id PrecoProduto: 6040268
(00:00:20) Mesmo preço
(00:00:20) Produto: Esmalte Top Beauty Sensitive Snow ( https://www.revendadecosmeticos.com.br/unhas/esmalte-top-beauty-sensitive-snow.html )  cont: 237
(00:00:21) Produto existe (id:1037473)
(00:00:21) Preço Produto: Venda: 2,29 ( 0 x 0,00 ) Id PrecoProduto: 0
(00:00:21) Preçco mais recente: Venda: 2,29 ( 0 x 0,00 ) Id PrecoProduto: 6040266
(00:00:21) Mesmo preço
(00:00:21) Produto: Esmalte Top Beauty Cintilante Conquistar ( https://www.revendadecosmeticos.com.br/unhas/esmalte-top-beauty-cintilante-conquistar.html )  cont: 238
(00:00:22) Produto existe (id:1037478)
(00:00:22) Preço Produto: Venda: 2,29 ( 0 x 0,00 ) Id PrecoProduto: 0
(00:00:22) Preçco mais recente: Venda: 2,29 ( 0 x 0,00 ) Id PrecoProduto: 6040271
(00:00:22) Mesmo preço
(00:00:22) Produto: Esmalte Top Beauty Cremoso Lápis Lazuli ( https://www.revendadecosmeticos.com.br/unhas/esmalte-top-beauty-cremoso-lapis-lazuli.html )  cont: 239
(00:00:23) Produto existe (id:1037476)
(00:00:23) Preço Produto: Venda: 2,29 ( 0 x 0,00 ) Id PrecoProduto: 0
(00:00:23) Preçco mais recente: Venda: 2,29 ( 0 x 0,00 ) Id PrecoProduto: 6040269
(00:00:23) Mesmo preço
(00:00:23) Produto: Esmalte Cremoso Dailus Linha Faça sua Sorte - Luz do Sol ( https://www.revendadecosmeticos.com.br/unhas/esmalte-cremoso-dailus-linha-faca-sua-sorte-luz-do-sol.html )  cont: 240
(00:00:24) Produto existe (id:1037704)
(00:00:24) Preço Produto: Venda: 5,59 ( 0 x 0,00 ) Id PrecoProduto: 0
(00:00:24) Preçco mais recente: Venda: 5,59 ( 0 x 0,00 ) Id PrecoProduto: 6040528
(00:00:24) Mesmo preço
(00:00:24) CategoriaLoja(detalhe):CategoriaLoja {IdCategoriaLoja:1573;Nome:Unhas;Url:https://www.revendadecosmeticos.com.br/unhas.html?dir=asc&limit=48&order=popular;DataInclusao:25-07-2019;IdCategoriaLojaF:0;IdNaturezaProdutoRa:26;IdLojaVirtualPa:26;}
(00:00:28) Produto: Esmalte Cremoso Dailus Linha Atrás do Arco-Íris - Sorte de Duende ( https://www.revendadecosmeticos.com.br/unhas/esmalte-cremoso-dailus-linha-atras-do-arco-iris-sorte-de-duende.html )  cont: 241
(00:00:29) Produto existe (id:1037477)
(00:00:29) Preço Produto: Venda: 5,59 ( 0 x 0,00 ) Id PrecoProduto: 0
(00:00:29) Preçco mais recente: Venda: 5,59 ( 0 x 0,00 ) Id PrecoProduto: 6040270
(00:00:29) Mesmo preço
(00:00:29) Produto: Esmalte Top Beauty Cremoso Quaresmeira ( https://www.revendadecosmeticos.com.br/unhas/esmalte-top-beauty-cremoso-quaresmeira.html )  cont: 242
(00:00:29) Produto existe (id:1037479)
(00:00:29) Preço Produto: Venda: 2,29 ( 0 x 0,00 ) Id PrecoProduto: 0
(00:00:29) Preçco mais recente: Venda: 2,29 ( 0 x 0,00 ) Id PrecoProduto: 6040272
(00:00:29) Mesmo preço
(00:00:29) Produto: Esmalte Top Beauty Cintilante Criar ( https://www.revendadecosmeticos.com.br/unhas/esmalte-top-beauty-cintilante-criar.html )  cont: 243
(00:00:30) Produto existe (id:1037480)
(00:00:30) Preço Produto: Venda: 2,29 ( 0 x 0,00 ) Id PrecoProduto: 0
(00:00:30) Preçco mais recente: Venda: 2,29 ( 0 x 0,00 ) Id PrecoProduto: 6040273
(00:00:30) Mesmo preço
(00:00:30) Produto: Esmalte Top Beauty Criative Leblon ( https://www.revendadecosmeticos.com.br/unhas/esmalte-top-beauty-criative-leblon.html )  cont: 244
(00:00:31) Produto existe (id:1037481)
(00:00:31) Preço Produto: Venda: 2,29 ( 0 x 0,00 ) Id PrecoProduto: 0
(00:00:31) Preçco mais recente: Venda: 2,29 ( 0 x 0,00 ) Id PrecoProduto: 6040274
(00:00:31) Mesmo preço
(00:00:31) Produto: Esmalte Top Beauty Sensitive Old Bronze ( https://www.revendadecosmeticos.com.br/unhas/esmalte-top-beauty-sensitive-old-bronze.html )  cont: 245
(00:00:32) Produto existe (id:1037483)
(00:00:32) Preço Produto: Venda: 2,29 ( 0 x 0,00 ) Id PrecoProduto: 0
(00:00:32) Preçco mais recente: Venda: 2,29 ( 0 x 0,00 ) Id PrecoProduto: 6040276
(00:00:32) Mesmo preço
(00:00:32) Produto: Esmalte Top Beauty Cintilante Presente Surpresa ( https://www.revendadecosmeticos.com.br/unhas/esmalte-top-beauty-cintilante-presente-surpresa.html )  cont: 246
(00:00:33) Produto existe (id:1037484)
(00:00:33) Preço Produto: Venda: 2,29 ( 0 x 0,00 ) Id PrecoProduto: 0
(00:00:33) Preçco mais recente: Venda: 2,29 ( 0 x 0,00 ) Id PrecoProduto: 6040277
(00:00:33) Mesmo preço
(00:00:33) Produto: Esmalte Top Beauty Cintilante Liberte-se dos Rótulos ( https://www.revendadecosmeticos.com.br/unhas/esmalte-top-beauty-cintilante-liberte-se-dos-rotulos.html )  cont: 247
(00:00:33) Produto existe (id:1037482)
(00:00:33) Preço Produto: Venda: 2,29 ( 0 x 0,00 ) Id PrecoProduto: 0
(00:00:33) Preçco mais recente: Venda: 2,29 ( 0 x 0,00 ) Id PrecoProduto: 6040275
(00:00:33) Mesmo preço
(00:00:33) Produto: Esmalte Top Beauty Ultimate Glitter Halloween ( https://www.revendadecosmeticos.com.br/unhas/esmalte-top-beauty-ultimate-glitter-halloween.html )  cont: 248
(00:00:34) Produto existe (id:1037486)
(00:00:34) Preço Produto: Venda: 2,58 ( 0 x 0,00 ) Id PrecoProduto: 0
(00:00:34) Preçco mais recente: Venda: 2,58 ( 0 x 0,00 ) Id PrecoProduto: 6040279
(00:00:34) Mesmo preço
(00:00:34) Produto: Esmalte Top Beauty Cremoso Inocente ( https://www.revendadecosmeticos.com.br/unhas/esmalte-top-beauty-cremoso-inocente.html )  cont: 249
(00:00:35) Produto existe (id:1037485)
(00:00:35) Preço Produto: Venda: 2,29 ( 0 x 0,00 ) Id PrecoProduto: 0
(00:00:35) Preçco mais recente: Venda: 2,29 ( 0 x 0,00 ) Id PrecoProduto: 6040278
(00:00:35) Mesmo preço
(00:00:35) Produto: Esmalte Top Beauty Sensitive Tratamento Briller ( https://www.revendadecosmeticos.com.br/unhas/esmalte-top-beauty-sensitive-tratamento-briller.html )  cont: 250
(00:00:36) Produto existe (id:1037487)
(00:00:36) Preço Produto: Venda: 2,29 ( 0 x 0,00 ) Id PrecoProduto: 0
(00:00:36) Preçco mais recente: Venda: 2,29 ( 0 x 0,00 ) Id PrecoProduto: 6040280
(00:00:36) Mesmo preço
(00:00:36) Produto: Esmalte Top Beauty Cremoso Pé na Estrada Aventura ( https://www.revendadecosmeticos.com.br/unhas/esmalte-top-beauty-cremoso-pe-na-estrada-aventura.html )  cont: 251
(00:00:36) Produto existe (id:1037488)
(00:00:36) Preço Produto: Venda: 2,29 ( 0 x 0,00 ) Id PrecoProduto: 0
(00:00:36) Preçco mais recente: Venda: 2,29 ( 0 x 0,00 ) Id PrecoProduto: 6040281
(00:00:36) Mesmo preço
(00:00:36) Produto: Esmalte Top Beauty Base Profissional Branco Real 60ml ( https://www.revendadecosmeticos.com.br/unhas/esmalte-top-beauty-base-profissional-branco-real-60ml.html )  cont: 252
(00:00:37) Produto existe (id:1037492)
(00:00:37) Preço Produto: Venda: 7,70 ( 0 x 0,00 ) Id PrecoProduto: 0
(00:00:37) Preçco mais recente: Venda: 7,70 ( 0 x 0,00 ) Id PrecoProduto: 6040285
(00:00:37) Mesmo preço
(00:00:37) Produto: Esmalte Top Beauty Ultimate Play Meditando no Taj ( https://www.revendadecosmeticos.com.br/unhas/esmalte-top-beauty-ultimate-play-meditando-no-taj.html )  cont: 253
(00:00:38) Produto existe (id:1037496)
(00:00:38) Preço Produto: Venda: 2,70 ( 0 x 0,00 ) Id PrecoProduto: 0
(00:00:38) Preçco mais recente: Venda: 2,70 ( 0 x 0,00 ) Id PrecoProduto: 6040289
(00:00:38) Mesmo preço
(00:00:38) Produto: Esmalte Top Beauty Cremoso Playing With Leticia ( https://www.revendadecosmeticos.com.br/unhas/esmalte-top-beauty-cremoso-playing-with-leticia.html )  cont: 254
(00:00:39) Produto existe (id:1037490)
(00:00:39) Preço Produto: Venda: 2,29 ( 0 x 0,00 ) Id PrecoProduto: 0
(00:00:39) Preçco mais recente: Venda: 2,29 ( 0 x 0,00 ) Id PrecoProduto: 6040283
(00:00:39) Mesmo preço
(00:00:39) Produto: Esmalte Cremoso Dailus - Bala de Anis ( https://www.revendadecosmeticos.com.br/unhas/esmalte-cremoso-dailus-bala-de-anis.html )  cont: 255
(00:00:40) Produto existe (id:1037491)
(00:00:40) Preço Produto: Venda: 5,59 ( 0 x 0,00 ) Id PrecoProduto: 0
(00:00:40) Preçco mais recente: Venda: 5,59 ( 0 x 0,00 ) Id PrecoProduto: 6040284
(00:00:40) Mesmo preço
(00:00:40) Produto: Esmalte Top Beauty Ultimate Glitter Mar Del Plata ( https://www.revendadecosmeticos.com.br/unhas/esmalte-top-beauty-ultimate-glitter-mar-del-plata.html )  cont: 256
(00:00:41) Produto existe (id:1037489)
(00:00:41) Preço Produto: Venda: 2,58 ( 0 x 0,00 ) Id PrecoProduto: 0
(00:00:41) Preçco mais recente: Venda: 2,58 ( 0 x 0,00 ) Id PrecoProduto: 6040282
(00:00:41) Mesmo preço
(00:00:41) Produto: Esmalte Top Beauty Ultimate Glitter Crazy Diamond ( https://www.revendadecosmeticos.com.br/unhas/esmalte-top-beauty-ultimate-glitter-crazy-diamond.html )  cont: 257
(00:00:41) Produto existe (id:1037493)
(00:00:42) Preço Produto: Venda: 2,58 ( 0 x 0,00 ) Id PrecoProduto: 0
(00:00:42) Preçco mais recente: Venda: 2,58 ( 0 x 0,00 ) Id PrecoProduto: 6040286
(00:00:42) Mesmo preço
(00:00:42) Produto: Esmalte Tratamento Dailus - Ultra Sec ( https://www.revendadecosmeticos.com.br/unhas/esmalte-tratamento-dailus-ultra-sec.html )  cont: 258
(00:00:42) Produto existe (id:1037494)
(00:00:42) Preço Produto: Venda: 5,59 ( 0 x 0,00 ) Id PrecoProduto: 0
(00:00:42) Preçco mais recente: Venda: 5,59 ( 0 x 0,00 ) Id PrecoProduto: 6040287
(00:00:42) Mesmo preço
(00:00:42) Produto: Esmalte Top Beauty Sensitive Cremoso Innocence ( https://www.revendadecosmeticos.com.br/unhas/esmalte-top-beauty-sensitive-cremoso-innocence.html )  cont: 259
(00:00:43) Produto existe (id:1037495)
(00:00:43) Preço Produto: Venda: 2,29 ( 0 x 0,00 ) Id PrecoProduto: 0
(00:00:43) Preçco mais recente: Venda: 2,29 ( 0 x 0,00 ) Id PrecoProduto: 6040288
(00:00:43) Mesmo preço
(00:00:43) Produto: Esmalte Top Beauty Base Profissional Secante 60ml ( https://www.revendadecosmeticos.com.br/unhas/esmalte-top-beauty-base-profissional-secante-60ml.html )  cont: 260
(00:00:44) Produto existe (id:1037497)
(00:00:44) Preço Produto: Venda: 7,70 ( 0 x 0,00 ) Id PrecoProduto: 0
(00:00:44) Preçco mais recente: Venda: 7,70 ( 0 x 0,00 ) Id PrecoProduto: 6040290
(00:00:44) Mesmo preço
(00:00:44) Produto: Esmalte Top Beauty Cremoso Frescurite ( https://www.revendadecosmeticos.com.br/unhas/esmalte-top-beauty-cremoso-frescurite.html )  cont: 261
(00:00:45) Produto existe (id:1037498)
(00:00:45) Preço Produto: Venda: 2,29 ( 0 x 0,00 ) Id PrecoProduto: 0
(00:00:45) Preçco mais recente: Venda: 2,29 ( 0 x 0,00 ) Id PrecoProduto: 6040291
(00:00:45) Mesmo preço
(00:00:45) Produto: Esmalte Top Beauty Cintilante Pé na Estrada Lembrança ( https://www.revendadecosmeticos.com.br/unhas/esmalte-top-beauty-cintilante-pe-na-estrada-lembranca.html )  cont: 262
(00:00:46) Produto existe (id:1037499)
(00:00:46) Preço Produto: Venda: 2,29 ( 0 x 0,00 ) Id PrecoProduto: 0
(00:00:46) Preçco mais recente: Venda: 2,29 ( 0 x 0,00 ) Id PrecoProduto: 6040292
(00:00:46) Mesmo preço
(00:00:46) Produto: Esmalte Tratamento Dailus - Base Acetinada ( https://www.revendadecosmeticos.com.br/unhas/esmalte-tratamento-dailus-base-acetinada.html )  cont: 263
(00:00:46) Produto existe (id:1037500)
(00:00:46) Preço Produto: Venda: 5,59 ( 0 x 0,00 ) Id PrecoProduto: 0
(00:00:46) Preçco mais recente: Venda: 5,59 ( 0 x 0,00 ) Id PrecoProduto: 6040293
(00:00:46) Mesmo preço
(00:00:46) Produto: Esmalte Top Beauty Sensitive Blue Berry ( https://www.revendadecosmeticos.com.br/unhas/esmalte-top-beauty-sensitive-blue-berry.html )  cont: 264
(00:00:47) Produto existe (id:1037501)
(00:00:47) Preço Produto: Venda: 2,29 ( 0 x 0,00 ) Id PrecoProduto: 0
(00:00:47) Preçco mais recente: Venda: 2,29 ( 0 x 0,00 ) Id PrecoProduto: 6040294
(00:00:47) Mesmo preço
(00:00:47) Produto: Esmalte Top Beauty Cremoso Chique ( https://www.revendadecosmeticos.com.br/unhas/esmalte-top-beauty-cremoso-chique.html )  cont: 265
(00:00:48) Produto existe (id:1037502)
(00:00:48) Preço Produto: Venda: 2,29 ( 0 x 0,00 ) Id PrecoProduto: 0
(00:00:48) Preçco mais recente: Venda: 2,29 ( 0 x 0,00 ) Id PrecoProduto: 6040295
(00:00:48) Mesmo preço
(00:00:48) Produto: Esmalte Top Beauty Cremoso Diversão ( https://www.revendadecosmeticos.com.br/unhas/esmalte-top-beauty-cremoso-divers-o.html )  cont: 266
(00:00:49) Produto existe (id:1037504)
(00:00:49) Preço Produto: Venda: 2,29 ( 0 x 0,00 ) Id PrecoProduto: 0
(00:00:49) Preçco mais recente: Venda: 2,29 ( 0 x 0,00 ) Id PrecoProduto: 6040297
(00:00:49) Mesmo preço
(00:00:49) Produto: Esmalte Top Beauty Ultimate Play Viagem em Amsterdã ( https://www.revendadecosmeticos.com.br/unhas/esmalte-top-beauty-ultimate-play-viagem-em-amsterd.html )  cont: 267
(00:00:50) Produto existe (id:1037503)
(00:00:50) Preço Produto: Venda: 2,70 ( 0 x 0,00 ) Id PrecoProduto: 0
(00:00:50) Preçco mais recente: Venda: 2,70 ( 0 x 0,00 ) Id PrecoProduto: 6040296
(00:00:50) Mesmo preço
(00:00:50) Produto: Esmalte Top Beauty Let´s Play Charlie Chaplin ( https://www.revendadecosmeticos.com.br/unhas/esmalte-top-beauty-lets-play-charlie-chaplin.html )  cont: 268
(00:00:51) Produto existe (id:1037505)
(00:00:51) Preço Produto: Venda: 2,95 ( 0 x 0,00 ) Id PrecoProduto: 0
(00:00:51) Preçco mais recente: Venda: 2,95 ( 0 x 0,00 ) Id PrecoProduto: 6040298
(00:00:51) Mesmo preço
(00:00:51) Produto: Esmalte Tratamento Dailus - Óleo Secante ( https://www.revendadecosmeticos.com.br/unhas/esmalte-tratamento-dailus-oleo-secante.html )  cont: 269
(00:00:52) Produto existe (id:1037509)
(00:00:52) Preço Produto: Venda: 5,59 ( 0 x 0,00 ) Id PrecoProduto: 0
(00:00:52) Preçco mais recente: Venda: 5,59 ( 0 x 0,00 ) Id PrecoProduto: 6040302
(00:00:52) Mesmo preço
(00:00:52) Produto: Esmalte Cremoso Dailus Linha Lhamastê - Não Tô Disposta ( https://www.revendadecosmeticos.com.br/unhas/esmalte-cremoso-dailus-linha-lhamaste-n-o-to-disposta.html )  cont: 270
(00:00:52) Produto existe (id:1037508)
(00:00:52) Preço Produto: Venda: 5,59 ( 0 x 0,00 ) Id PrecoProduto: 0
(00:00:52) Preçco mais recente: Venda: 5,59 ( 0 x 0,00 ) Id PrecoProduto: 6040301
(00:00:52) Mesmo preço
(00:00:52) Produto: Esmalte Top Beauty Sensitive Cintilante Cold ( https://www.revendadecosmeticos.com.br/unhas/esmalte-top-beauty-sensitive-cintilante-cold.html )  cont: 271
(00:00:53) Produto existe (id:1037507)
(00:00:53) Preço Produto: Venda: 2,29 ( 0 x 0,00 ) Id PrecoProduto: 0
(00:00:53) Preçco mais recente: Venda: 2,29 ( 0 x 0,00 ) Id PrecoProduto: 6040300
(00:00:53) Mesmo preço
(00:00:53) Produto: Esmalte Top Beauty Cremoso Cartão De Crédito ( https://www.revendadecosmeticos.com.br/unhas/esmalte-top-beauty-cremoso-cart-o-de-credito.html )  cont: 272
(00:00:54) Produto existe (id:1037506)
(00:00:54) Preço Produto: Venda: 2,29 ( 0 x 0,00 ) Id PrecoProduto: 0
(00:00:54) Preçco mais recente: Venda: 2,29 ( 0 x 0,00 ) Id PrecoProduto: 6040299
(00:00:54) Mesmo preço
(00:00:54) Produto: Esmalte Top Beauty Cremoso Spa ( https://www.revendadecosmeticos.com.br/unhas/esmalte-top-beauty-cremoso-spa.html )  cont: 273
(00:00:55) Produto existe (id:1037510)
(00:00:55) Preço Produto: Venda: 2,29 ( 0 x 0,00 ) Id PrecoProduto: 0
(00:00:55) Preçco mais recente: Venda: 2,29 ( 0 x 0,00 ) Id PrecoProduto: 6040303
(00:00:55) Mesmo preço
(00:00:55) Produto: Esmalte Top Beauty Cremoso Pula Fogueira ( https://www.revendadecosmeticos.com.br/unhas/esmalte-top-beauty-cremoso-pula-fogueira.html )  cont: 274
(00:00:56) Produto existe (id:1037511)
(00:00:56) Preço Produto: Venda: 2,29 ( 0 x 0,00 ) Id PrecoProduto: 0
(00:00:56) Preçco mais recente: Venda: 2,29 ( 0 x 0,00 ) Id PrecoProduto: 6040304
(00:00:56) Mesmo preço
(00:00:56) Produto: Esmalte Top Beauty Ultimate Play Trilha em Machu Picchu ( https://www.revendadecosmeticos.com.br/unhas/esmalte-top-beauty-ultimate-play-trilha-em-machu-picchu.html )  cont: 275
(00:00:57) Produto existe (id:1037512)
(00:00:57) Preço Produto: Venda: 2,70 ( 0 x 0,00 ) Id PrecoProduto: 0
(00:00:57) Preçco mais recente: Venda: 2,70 ( 0 x 0,00 ) Id PrecoProduto: 6040305
(00:00:57) Mesmo preço
(00:00:57) Produto: Esmalte Top Beauty Cremoso Liberte-se dos Padrões ( https://www.revendadecosmeticos.com.br/unhas/esmalte-top-beauty-cremoso-liberte-se-dos-padroes.html )  cont: 276
(00:00:58) Produto existe (id:1037513)
(00:00:58) Preço Produto: Venda: 2,29 ( 0 x 0,00 ) Id PrecoProduto: 0
(00:00:58) Preçco mais recente: Venda: 2,29 ( 0 x 0,00 ) Id PrecoProduto: 6040306
(00:00:58) Mesmo preço
(00:00:58) Produto: Esmalte Top Beauty Let´s Play Amarelinha ( https://www.revendadecosmeticos.com.br/unhas/esmalte-top-beauty-lets-play-amarelinha.html )  cont: 277
(00:00:59) Produto existe (id:1037514)
(00:00:59) Preço Produto: Venda: 2,95 ( 0 x 0,00 ) Id PrecoProduto: 0
(00:00:59) Preçco mais recente: Venda: 2,95 ( 0 x 0,00 ) Id PrecoProduto: 6040307
(00:00:59) Mesmo preço
(00:00:59) Produto: Esmalte Cremoso Dailus - Vestido de Gala ( https://www.revendadecosmeticos.com.br/unhas/esmalte-cremoso-dailus-vestido-de-gala.html )  cont: 278
(00:00:59) Produto existe (id:1037515)
(00:00:59) Preço Produto: Venda: 5,59 ( 0 x 0,00 ) Id PrecoProduto: 0
(00:00:59) Preçco mais recente: Venda: 5,59 ( 0 x 0,00 ) Id PrecoProduto: 6040308
(00:00:59) Mesmo preço
(00:00:59) Produto: Esmalte Top Beauty Sensitive Cremoso Foxy Lady ( https://www.revendadecosmeticos.com.br/unhas/esmalte-top-beauty-sensitive-cremoso-foxy-lady.html )  cont: 279
(00:01:00) Produto existe (id:1037517)
(00:01:00) Preço Produto: Venda: 2,29 ( 0 x 0,00 ) Id PrecoProduto: 0
(00:01:00) Preçco mais recente: Venda: 2,29 ( 0 x 0,00 ) Id PrecoProduto: 6040310
(00:01:00) Mesmo preço
(00:01:00) Produto: Esmalte Top Beauty Ultimate Glitter Caleidoscópio ( https://www.revendadecosmeticos.com.br/unhas/esmalte-top-beauty-ultimate-glitter-caleidoscopio.html )  cont: 280
(00:01:01) Produto existe (id:1037519)
(00:01:01) Preço Produto: Venda: 2,58 ( 0 x 0,00 ) Id PrecoProduto: 0
(00:01:01) Preçco mais recente: Venda: 2,58 ( 0 x 0,00 ) Id PrecoProduto: 6040312
(00:01:01) Mesmo preço
(00:01:01) Produto: Esmalte Top Beauty Ultimate Glitter Lança Perfume ( https://www.revendadecosmeticos.com.br/unhas/esmalte-top-beauty-ultimate-glitter-lanca-perfume.html )  cont: 281
(00:01:02) Produto existe (id:1037516)
(00:01:02) Preço Produto: Venda: 2,58 ( 0 x 0,00 ) Id PrecoProduto: 0
(00:01:02) Preçco mais recente: Venda: 2,58 ( 0 x 0,00 ) Id PrecoProduto: 6040309
(00:01:02) Mesmo preço
(00:01:02) Produto: Esmalte Top Beauty Cremoso Striptease ( https://www.revendadecosmeticos.com.br/unhas/esmalte-top-beauty-cremoso-striptease.html )  cont: 282
(00:01:03) Produto existe (id:1037520)
(00:01:03) Preço Produto: Venda: 2,29 ( 0 x 0,00 ) Id PrecoProduto: 0
(00:01:03) Preçco mais recente: Venda: 2,29 ( 0 x 0,00 ) Id PrecoProduto: 6040313
(00:01:03) Mesmo preço
(00:01:03) Produto: Esmalte Top Beauty Cremoso Sonhadora ( https://www.revendadecosmeticos.com.br/unhas/esmalte-top-beauty-cremoso-sonhadora.html )  cont: 283
(00:01:04) Produto existe (id:1037521)
(00:01:04) Preço Produto: Venda: 2,29 ( 0 x 0,00 ) Id PrecoProduto: 0
(00:01:04) Preçco mais recente: Venda: 2,29 ( 0 x 0,00 ) Id PrecoProduto: 6040314
(00:01:04) Mesmo preço
(00:01:04) Produto: Esmalte Top Beauty Cintilante Prata ( https://www.revendadecosmeticos.com.br/unhas/esmalte-top-beauty-cintilante-prata.html )  cont: 284
(00:01:05) Produto existe (id:1037523)
(00:01:05) Preço Produto: Venda: 2,29 ( 0 x 0,00 ) Id PrecoProduto: 0
(00:01:05) Preçco mais recente: Venda: 2,29 ( 0 x 0,00 ) Id PrecoProduto: 6040316
(00:01:05) Mesmo preço
(00:01:05) Produto: Esmalte Transparente Dailus - Sangria ( https://www.revendadecosmeticos.com.br/unhas/esmalte-transparente-dailus-sangria.html )  cont: 285
(00:01:05) Produto existe (id:1037518)
(00:01:05) Preço Produto: Venda: 5,59 ( 0 x 0,00 ) Id PrecoProduto: 0
(00:01:05) Preçco mais recente: Venda: 5,59 ( 0 x 0,00 ) Id PrecoProduto: 6040311
(00:01:05) Mesmo preço
(00:01:05) Produto: Esmalte Top Beauty Cremoso Kiss Summer ( https://www.revendadecosmeticos.com.br/unhas/esmalte-top-beauty-cremoso-kiss-summer.html )  cont: 286
(00:01:06) Produto existe (id:1037522)
(00:01:06) Preço Produto: Venda: 2,29 ( 0 x 0,00 ) Id PrecoProduto: 0
(00:01:06) Preçco mais recente: Venda: 2,29 ( 0 x 0,00 ) Id PrecoProduto: 6040315
(00:01:06) Mesmo preço
(00:01:06) Produto: Esmalte Top Beauty Glitter Amizade ( https://www.revendadecosmeticos.com.br/unhas/esmalte-top-beauty-glitter-amizade.html )  cont: 287
(00:01:07) Produto existe (id:1037524)
(00:01:07) Preço Produto: Venda: 2,29 ( 0 x 0,00 ) Id PrecoProduto: 0
(00:01:07) Preçco mais recente: Venda: 2,29 ( 0 x 0,00 ) Id PrecoProduto: 6040317
(00:01:07) Mesmo preço
(00:01:07) CategoriaLoja(detalhe):CategoriaLoja {IdCategoriaLoja:1573;Nome:Unhas;Url:https://www.revendadecosmeticos.com.br/unhas.html?dir=asc&limit=48&order=popular;DataInclusao:25-07-2019;IdCategoriaLojaF:0;IdNaturezaProdutoRa:26;IdLojaVirtualPa:26;}
(00:01:12) Produto: Esmalte Top Beauty Ultimate Glitter Vip ( https://www.revendadecosmeticos.com.br/unhas/esmalte-top-beauty-ultimate-glitter-vip.html )  cont: 288
(00:01:13) Produto existe (id:1037705)
(00:01:13) Preço Produto: Venda: 2,58 ( 0 x 0,00 ) Id PrecoProduto: 0
(00:01:13) Preçco mais recente: Venda: 2,58 ( 0 x 0,00 ) Id PrecoProduto: 6040529
(00:01:13) Mesmo preço
(00:01:13) Produto: Secante de Esmalte Spray Fenzza FZ52001 ( https://www.revendadecosmeticos.com.br/unhas/secante-de-esmalte-spray-fenzza-fz52001.html )  cont: 289
(00:01:13) Produto existe (id:1037527)
(00:01:13) Preço Produto: Venda: 13,49 ( 0 x 0,00 ) Id PrecoProduto: 0
(00:01:13) Preçco mais recente: Venda: 13,49 ( 0 x 0,00 ) Id PrecoProduto: 6040320
(00:01:13) Mesmo preço
(00:01:13) Produto: Esmalte Top Beauty Cremoso Namorite ( https://www.revendadecosmeticos.com.br/unhas/esmalte-top-beauty-cremoso-namorite.html )  cont: 290
(00:01:14) Produto existe (id:1037531)
(00:01:14) Preço Produto: Venda: 2,29 ( 0 x 0,00 ) Id PrecoProduto: 0
(00:01:14) Preçco mais recente: Venda: 2,29 ( 0 x 0,00 ) Id PrecoProduto: 6040324
(00:01:14) Mesmo preço
(00:01:14) Produto: Esmalte Top Beauty Cintilante Liberte-se do Desânimo ( https://www.revendadecosmeticos.com.br/unhas/esmalte-top-beauty-cintilante-liberte-se-do-desanimo.html )  cont: 291
(00:01:15) Produto existe (id:1037525)
(00:01:15) Preço Produto: Venda: 2,29 ( 0 x 0,00 ) Id PrecoProduto: 0
(00:01:15) Preçco mais recente: Venda: 2,29 ( 0 x 0,00 ) Id PrecoProduto: 6040318
(00:01:15) Mesmo preço
(00:01:15) Produto: Esmalte Cremoso Dailus Linha Lhamastê - Puro Deboche ( https://www.revendadecosmeticos.com.br/unhas/esmalte-cremoso-dailus-linha-lhamaste-puro-deboche.html )  cont: 292
(00:01:16) Produto existe (id:1037529)
(00:01:16) Preço Produto: Venda: 5,59 ( 0 x 0,00 ) Id PrecoProduto: 0
(00:01:16) Preçco mais recente: Venda: 5,59 ( 0 x 0,00 ) Id PrecoProduto: 6040322
(00:01:16) Mesmo preço
(00:01:16) Produto: Esmalte Cremoso Dailus - Absinto Blue ( https://www.revendadecosmeticos.com.br/unhas/esmalte-cremoso-dailus-absinto-blue.html )  cont: 293
(00:01:17) Produto existe (id:1037526)
(00:01:17) Preço Produto: Venda: 5,59 ( 0 x 0,00 ) Id PrecoProduto: 0
(00:01:17) Preçco mais recente: Venda: 5,59 ( 0 x 0,00 ) Id PrecoProduto: 6040319
(00:01:17) Mesmo preço
(00:01:17) Produto: Creme Hidratante para Mãos e Unhas Spa 60g Sofisticatto ( https://www.revendadecosmeticos.com.br/unhas/creme-hidratante-para-m-os-e-unhas-spa-60g-sofisticatto.html )  cont: 294
(00:01:18) Produto existe (id:1037532)
(00:01:18) Preço Produto: Venda: 11,04 ( 0 x 0,00 ) Id PrecoProduto: 0
(00:01:18) Preçco mais recente: Venda: 11,04 ( 0 x 0,00 ) Id PrecoProduto: 6040325
(00:01:18) Mesmo preço
(00:01:18) Produto: Esmalte Top Beauty Cremoso Mudar ( https://www.revendadecosmeticos.com.br/unhas/esmalte-top-beauty-cremoso-mudar.html )  cont: 295
(00:01:18) Produto existe (id:1037528)
(00:01:18) Preço Produto: Venda: 2,29 ( 0 x 0,00 ) Id PrecoProduto: 0
(00:01:18) Preçco mais recente: Venda: 2,29 ( 0 x 0,00 ) Id PrecoProduto: 6040321
(00:01:18) Mesmo preço
(00:01:18) Produto: Removedor de Cutícula Fenzza FZ53001 ( https://www.revendadecosmeticos.com.br/unhas/removedor-de-cuticula-fenzza-fz53001.html )  cont: 296
(00:01:19) Produto existe (id:1037530)
(00:01:19) Preço Produto: Venda: 9,49 ( 0 x 0,00 ) Id PrecoProduto: 0
(00:01:19) Preçco mais recente: Venda: 9,49 ( 0 x 0,00 ) Id PrecoProduto: 6040323
(00:01:19) Mesmo preço
(00:01:19) Produto: Esmalte Top Beauty Ultimate Glitter Dancing Days ( https://www.revendadecosmeticos.com.br/unhas/esmalte-top-beauty-ultimate-glitter-dancing-days.html )  cont: 297
(00:01:20) Produto existe (id:1037533)
(00:01:20) Preço Produto: Venda: 2,58 ( 0 x 0,00 ) Id PrecoProduto: 0
(00:01:20) Preçco mais recente: Venda: 2,58 ( 0 x 0,00 ) Id PrecoProduto: 6040326
(00:01:20) Mesmo preço
(00:01:20) Produto: Esmalte Top Beauty Sensitive Red Wine ( https://www.revendadecosmeticos.com.br/unhas/esmalte-top-beauty-sensitive-red-wine.html )  cont: 298
(00:01:21) Produto existe (id:1037534)
(00:01:21) Preço Produto: Venda: 2,29 ( 0 x 0,00 ) Id PrecoProduto: 0
(00:01:21) Preçco mais recente: Venda: 2,29 ( 0 x 0,00 ) Id PrecoProduto: 6040327
(00:01:21) Mesmo preço
(00:01:21) Produto: Esmalte Top Beauty Sensitive Cintilante Vintage ( https://www.revendadecosmeticos.com.br/unhas/esmalte-top-beauty-sensitive-cintilante-vintage.html )  cont: 299
(00:01:22) Produto existe (id:1037535)
(00:01:22) Preço Produto: Venda: 2,29 ( 0 x 0,00 ) Id PrecoProduto: 0
(00:01:22) Preçco mais recente: Venda: 2,29 ( 0 x 0,00 ) Id PrecoProduto: 6040328
(00:01:22) Mesmo preço
(00:01:22) Produto: Esmalte Top Beauty Cremoso Café Madame ( https://www.revendadecosmeticos.com.br/unhas/esmalte-top-beauty-cremoso-cafe-madame.html )  cont: 300
(00:01:23) Produto existe (id:1037536)
(00:01:23) Preço Produto: Venda: 2,29 ( 0 x 0,00 ) Id PrecoProduto: 0
(00:01:23) Preçco mais recente: Venda: 2,29 ( 0 x 0,00 ) Id PrecoProduto: 6040329
(00:01:23) Mesmo preço
(00:01:23) Produto: Esmalte Top Beauty Sensitive Cintilante Fiction ( https://www.revendadecosmeticos.com.br/unhas/esmalte-top-beauty-sensitive-cintilante-fiction.html )  cont: 301
(00:01:24) Produto existe (id:1037537)
(00:01:24) Preço Produto: Venda: 2,29 ( 0 x 0,00 ) Id PrecoProduto: 0
(00:01:24) Preçco mais recente: Venda: 2,29 ( 0 x 0,00 ) Id PrecoProduto: 6040330
(00:01:24) Mesmo preço
(00:01:24) Produto: Esmalte Metálico Dailus - Save The Date ( https://www.revendadecosmeticos.com.br/unhas/esmalte-metalico-dailus-save-the-date.html )  cont: 302
(00:01:25) Produto existe (id:1037540)
(00:01:25) Preço Produto: Venda: 5,59 ( 0 x 0,00 ) Id PrecoProduto: 0
(00:01:25) Preçco mais recente: Venda: 5,59 ( 0 x 0,00 ) Id PrecoProduto: 6040333
(00:01:25) Mesmo preço
(00:01:25) Produto: Esmalte Cremoso Dailus - Festa do Pijama ( https://www.revendadecosmeticos.com.br/unhas/esmalte-cremoso-dailus-festa-do-pijama.html )  cont: 303
(00:01:25) Produto existe (id:1037539)
(00:01:25) Preço Produto: Venda: 5,59 ( 0 x 0,00 ) Id PrecoProduto: 0
(00:01:25) Preçco mais recente: Venda: 5,59 ( 0 x 0,00 ) Id PrecoProduto: 6040332
(00:01:25) Mesmo preço
(00:01:25) Produto: Esmalte Top Beauty Criative Field of Violet ( https://www.revendadecosmeticos.com.br/unhas/esmalte-top-beauty-criative-field-of-violet.html )  cont: 304
(00:01:26) Produto existe (id:1037538)
(00:01:26) Preço Produto: Venda: 2,29 ( 0 x 0,00 ) Id PrecoProduto: 0
(00:01:26) Preçco mais recente: Venda: 2,29 ( 0 x 0,00 ) Id PrecoProduto: 6040331
(00:01:26) Mesmo preço
(00:01:26) Produto: Esmalte Top Beauty Let´s Play Diving ( https://www.revendadecosmeticos.com.br/unhas/esmalte-top-beauty-lets-play-diving.html )  cont: 305
(00:01:27) Produto existe (id:1037542)
(00:01:27) Preço Produto: Venda: 2,95 ( 0 x 0,00 ) Id PrecoProduto: 0
(00:01:27) Preçco mais recente: Venda: 2,95 ( 0 x 0,00 ) Id PrecoProduto: 6040335
(00:01:27) Mesmo preço
(00:01:27) Produto: Esmalte Top Beauty Cintilante Happy Hour ( https://www.revendadecosmeticos.com.br/unhas/esmalte-top-beauty-cintilante-happy-hour.html )  cont: 306
(00:01:28) Produto existe (id:1037541)
(00:01:28) Preço Produto: Venda: 2,29 ( 0 x 0,00 ) Id PrecoProduto: 0
(00:01:28) Preçco mais recente: Venda: 2,29 ( 0 x 0,00 ) Id PrecoProduto: 6040334
(00:01:28) Mesmo preço
(00:01:28) Produto: Esmalte Top Beauty Cremoso Pé na Estrada Paisagem ( https://www.revendadecosmeticos.com.br/unhas/esmalte-top-beauty-cremoso-pe-na-estrada-paisagem.html )  cont: 307
(00:01:29) Produto existe (id:1037543)
(00:01:29) Preço Produto: Venda: 2,29 ( 0 x 0,00 ) Id PrecoProduto: 0
(00:01:29) Preçco mais recente: Venda: 2,29 ( 0 x 0,00 ) Id PrecoProduto: 6040336
(00:01:29) Mesmo preço
(00:01:29) Produto: Esmalte Top Beauty Cremoso Inovar ( https://www.revendadecosmeticos.com.br/unhas/esmalte-top-beauty-cremoso-inovar.html )  cont: 308
(00:01:30) Produto existe (id:1037545)
(00:01:30) Preço Produto: Venda: 2,29 ( 0 x 0,00 ) Id PrecoProduto: 0
(00:01:30) Preçco mais recente: Venda: 2,29 ( 0 x 0,00 ) Id PrecoProduto: 6040338
(00:01:30) Mesmo preço
(00:01:30) Produto: Esmalte Top Beauty Criative Ipanema ( https://www.revendadecosmeticos.com.br/unhas/esmalte-top-beauty-criative-ipanema.html )  cont: 309
(00:01:31) Produto existe (id:1037546)
(00:01:31) Preço Produto: Venda: 2,29 ( 0 x 0,00 ) Id PrecoProduto: 0
(00:01:31) Preçco mais recente: Venda: 2,29 ( 0 x 0,00 ) Id PrecoProduto: 6040339
(00:01:31) Mesmo preço
(00:01:31) Produto: Esmalte Top Beauty Ultimate Glitter Fiesta de Gala ( https://www.revendadecosmeticos.com.br/unhas/esmalte-top-beauty-ultimate-glitter-fiesta-de-gala.html )  cont: 310
(00:01:31) Produto existe (id:1037544)
(00:01:31) Preço Produto: Venda: 2,58 ( 0 x 0,00 ) Id PrecoProduto: 0
(00:01:31) Preçco mais recente: Venda: 2,58 ( 0 x 0,00 ) Id PrecoProduto: 6040337
(00:01:31) Mesmo preço
(00:01:31) Produto: Esmalte Top Beauty Cremoso Flor Azul Do Cerrado ( https://www.revendadecosmeticos.com.br/unhas/esmalte-top-beauty-cremoso-flor-azul-do-cerrado.html )  cont: 311
(00:01:32) Produto existe (id:1037547)
(00:01:32) Preço Produto: Venda: 2,29 ( 0 x 0,00 ) Id PrecoProduto: 0
(00:01:32) Preçco mais recente: Venda: 2,29 ( 0 x 0,00 ) Id PrecoProduto: 6040340
(00:01:32) Mesmo preço
(00:01:32) Produto: Esmalte Top Beauty Let´s Play Snowboard ( https://www.revendadecosmeticos.com.br/unhas/esmalte-top-beauty-lets-play-snowboard.html )  cont: 312
(00:01:33) Produto existe (id:1037549)
(00:01:33) Preço Produto: Venda: 2,95 ( 0 x 0,00 ) Id PrecoProduto: 0
(00:01:33) Preçco mais recente: Venda: 2,95 ( 0 x 0,00 ) Id PrecoProduto: 6040342
(00:01:33) Mesmo preço
(00:01:33) Produto: Esmalte Top Beauty Cintilante Liberte-se dos Seus Medos ( https://www.revendadecosmeticos.com.br/unhas/esmalte-top-beauty-cintilante-liberte-se-dos-seus-medos.html )  cont: 313
(00:01:34) Produto existe (id:1037548)
(00:01:34) Preço Produto: Venda: 2,29 ( 0 x 0,00 ) Id PrecoProduto: 0
(00:01:34) Preçco mais recente: Venda: 2,29 ( 0 x 0,00 ) Id PrecoProduto: 6040341
(00:01:34) Mesmo preço
(00:01:34) Produto: Esmalte Top Beauty Cremoso Marshmallow ( https://www.revendadecosmeticos.com.br/unhas/esmalte-top-beauty-cremoso-marshmallow.html )  cont: 314
(00:01:35) Produto existe (id:1037551)
(00:01:35) Preço Produto: Venda: 2,29 ( 0 x 0,00 ) Id PrecoProduto: 0
(00:01:35) Preçco mais recente: Venda: 2,29 ( 0 x 0,00 ) Id PrecoProduto: 6040344
(00:01:35) Mesmo preço
(00:01:35) Produto: Esmalte Top Beauty Cremoso Alegrite ( https://www.revendadecosmeticos.com.br/unhas/esmalte-top-beauty-cremoso-alegrite.html )  cont: 315
(00:01:36) Produto existe (id:1037550)
(00:01:36) Preço Produto: Venda: 2,29 ( 0 x 0,00 ) Id PrecoProduto: 0
(00:01:36) Preçco mais recente: Venda: 2,29 ( 0 x 0,00 ) Id PrecoProduto: 6040343
(00:01:36) Mesmo preço
(00:01:36) Produto: Esmalte Top Beauty Cremoso Liberte-se da Rotina ( https://www.revendadecosmeticos.com.br/unhas/esmalte-top-beauty-cremoso-liberte-se-da-rotina.html )  cont: 316
(00:01:36) Produto existe (id:1037552)
(00:01:36) Preço Produto: Venda: 2,29 ( 0 x 0,00 ) Id PrecoProduto: 0
(00:01:36) Preçco mais recente: Venda: 2,29 ( 0 x 0,00 ) Id PrecoProduto: 6040345
(00:01:36) Mesmo preço
(00:01:36) Produto: Esmalte Top Beauty Cremoso Maça Do Amor ( https://www.revendadecosmeticos.com.br/unhas/esmalte-top-beauty-cremoso-maca-do-amor.html )  cont: 317
(00:01:37) Produto existe (id:1037554)
(00:01:37) Preço Produto: Venda: 2,29 ( 0 x 0,00 ) Id PrecoProduto: 0
(00:01:37) Preçco mais recente: Venda: 2,29 ( 0 x 0,00 ) Id PrecoProduto: 6040347
(00:01:37) Mesmo preço
(00:01:37) Produto: Esmalte Top Beauty Ultimate Glitter Awards ( https://www.revendadecosmeticos.com.br/unhas/esmalte-top-beauty-ultimate-glitter-awards.html )  cont: 318
(00:01:38) Produto existe (id:1037553)
(00:01:38) Preço Produto: Venda: 2,58 ( 0 x 0,00 ) Id PrecoProduto: 0
(00:01:38) Preçco mais recente: Venda: 2,58 ( 0 x 0,00 ) Id PrecoProduto: 6040346
(00:01:38) Mesmo preço
(00:01:38) Produto: Esmalte Top Beauty Cremoso Burnt Sun ( https://www.revendadecosmeticos.com.br/unhas/esmalte-top-beauty-cremoso-burnt-sun.html )  cont: 319
(00:01:39) Produto existe (id:1037556)
(00:01:39) Preço Produto: Venda: 2,29 ( 0 x 0,00 ) Id PrecoProduto: 0
(00:01:39) Preçco mais recente: Venda: 2,29 ( 0 x 0,00 ) Id PrecoProduto: 6040349
(00:01:39) Mesmo preço
(00:01:39) Produto: Esmalte Top Beauty Ultimate Play Gastando em Miami ( https://www.revendadecosmeticos.com.br/unhas/esmalte-top-beauty-ultimate-play-gastando-em-miami.html )  cont: 320
(00:01:40) Produto existe (id:1037561)
(00:01:40) Preço Produto: Venda: 2,70 ( 0 x 0,00 ) Id PrecoProduto: 0
(00:01:40) Preçco mais recente: Venda: 2,70 ( 0 x 0,00 ) Id PrecoProduto: 6040354
(00:01:40) Mesmo preço
(00:01:40) Produto: Esmalte Top Beauty Cremoso Paixonite ( https://www.revendadecosmeticos.com.br/unhas/esmalte-top-beauty-cremoso-paixonite.html )  cont: 321
(00:01:41) Produto existe (id:1037557)
(00:01:41) Preço Produto: Venda: 2,29 ( 0 x 0,00 ) Id PrecoProduto: 0
(00:01:41) Preçco mais recente: Venda: 2,29 ( 0 x 0,00 ) Id PrecoProduto: 6040350
(00:01:41) Mesmo preço
(00:01:41) Produto: Esmalte Top Beauty Cremoso Justiceira ( https://www.revendadecosmeticos.com.br/unhas/esmalte-top-beauty-cremoso-justiceira.html )  cont: 322
(00:01:41) Produto existe (id:1037555)
(00:01:41) Preço Produto: Venda: 2,29 ( 0 x 0,00 ) Id PrecoProduto: 0
(00:01:41) Preçco mais recente: Venda: 2,29 ( 0 x 0,00 ) Id PrecoProduto: 6040348
(00:01:41) Mesmo preço
(00:01:41) Produto: Esmalte Top Beauty Sensitive Noir ( https://www.revendadecosmeticos.com.br/unhas/esmalte-top-beauty-sensitive-noir.html )  cont: 323
(00:01:42) Produto existe (id:1037558)
(00:01:42) Preço Produto: Venda: 2,29 ( 0 x 0,00 ) Id PrecoProduto: 0
(00:01:42) Preçco mais recente: Venda: 2,29 ( 0 x 0,00 ) Id PrecoProduto: 6040351
(00:01:42) Mesmo preço
(00:01:42) Produto: Esmalte Top Beauty Criative Buzios ( https://www.revendadecosmeticos.com.br/unhas/esmalte-top-beauty-criative-buzios.html )  cont: 324
(00:01:43) Produto existe (id:1037559)
(00:01:43) Preço Produto: Venda: 2,29 ( 0 x 0,00 ) Id PrecoProduto: 0
(00:01:43) Preçco mais recente: Venda: 2,29 ( 0 x 0,00 ) Id PrecoProduto: 6040352
(00:01:43) Mesmo preço
(00:01:43) Produto: Esmalte Top Beauty Cremoso Chilli Pepper ( https://www.revendadecosmeticos.com.br/unhas/esmalte-top-beauty-cremoso-chilli-pepper.html )  cont: 325
(00:01:44) Produto existe (id:1037560)
(00:01:44) Preço Produto: Venda: 2,29 ( 0 x 0,00 ) Id PrecoProduto: 0
(00:01:44) Preçco mais recente: Venda: 2,29 ( 0 x 0,00 ) Id PrecoProduto: 6040353
(00:01:44) Mesmo preço
(00:01:44) Produto: Esmalte Top Beauty Cintilante Baladite ( https://www.revendadecosmeticos.com.br/unhas/esmalte-top-beauty-cintilante-baladite.html )  cont: 326
(00:01:45) Produto existe (id:1037562)
(00:01:45) Preço Produto: Venda: 2,29 ( 0 x 0,00 ) Id PrecoProduto: 0
(00:01:45) Preçco mais recente: Venda: 2,29 ( 0 x 0,00 ) Id PrecoProduto: 6040355
(00:01:45) Mesmo preço
(00:01:45) Produto: Esmalte Top Beauty Base Profissional incolor com Silicone 60ml ( https://www.revendadecosmeticos.com.br/unhas/esmalte-top-beauty-base-profissional-incolor-com-silicone-60ml.html )  cont: 327
(00:01:46) Produto existe (id:1037563)
(00:01:46) Preço Produto: Venda: 7,70 ( 0 x 0,00 ) Id PrecoProduto: 0
(00:01:46) Preçco mais recente: Venda: 7,70 ( 0 x 0,00 ) Id PrecoProduto: 6040356
(00:01:46) Mesmo preço
(00:01:46) Produto: Esmalte Top Beauty Sensitive Cintilante Chrome ( https://www.revendadecosmeticos.com.br/unhas/esmalte-top-beauty-sensitive-cintilante-chrome.html )  cont: 328
(00:01:46) Produto existe (id:1037564)
(00:01:46) Preço Produto: Venda: 2,29 ( 0 x 0,00 ) Id PrecoProduto: 0
(00:01:46) Preçco mais recente: Venda: 2,29 ( 0 x 0,00 ) Id PrecoProduto: 6040357
(00:01:46) Mesmo preço
(00:01:46) Produto: Esmalte Top Beauty Cremoso Liberte-se da Timidez ( https://www.revendadecosmeticos.com.br/unhas/esmalte-top-beauty-cremoso-liberte-se-da-timidez.html )  cont: 329
(00:01:47) Produto existe (id:1037565)
(00:01:47) Preço Produto: Venda: 2,29 ( 0 x 0,00 ) Id PrecoProduto: 0
(00:01:47) Preçco mais recente: Venda: 2,29 ( 0 x 0,00 ) Id PrecoProduto: 6040358
(00:01:47) Mesmo preço
(00:01:47) Produto: Esmalte Top Beauty Let´s Play Poker ( https://www.revendadecosmeticos.com.br/unhas/esmalte-top-beauty-lets-play-poker.html )  cont: 330
(00:01:48) Produto existe (id:1037570)
(00:01:48) Preço Produto: Venda: 2,95 ( 0 x 0,00 ) Id PrecoProduto: 0
(00:01:48) Preçco mais recente: Venda: 2,95 ( 0 x 0,00 ) Id PrecoProduto: 6040363
(00:01:48) Mesmo preço
(00:01:48) Produto: Esmalte Top Beauty Sensitive Blood Mary ( https://www.revendadecosmeticos.com.br/unhas/esmalte-top-beauty-sensitive-blood-mary.html )  cont: 331
(00:01:49) Produto existe (id:1037567)
(00:01:49) Preço Produto: Venda: 2,29 ( 0 x 0,00 ) Id PrecoProduto: 0
(00:01:49) Preçco mais recente: Venda: 2,29 ( 0 x 0,00 ) Id PrecoProduto: 6040360
(00:01:49) Mesmo preço
(00:01:49) Produto: Esmalte Top Beauty Sensitive Metallic Purple ( https://www.revendadecosmeticos.com.br/unhas/esmalte-top-beauty-sensitive-metallic-purple.html )  cont: 332
(00:01:50) Produto existe (id:1037568)
(00:01:50) Preço Produto: Venda: 2,29 ( 0 x 0,00 ) Id PrecoProduto: 0
(00:01:50) Preçco mais recente: Venda: 2,29 ( 0 x 0,00 ) Id PrecoProduto: 6040361
(00:01:50) Mesmo preço
(00:01:50) Produto: Esmalte Top Beauty Cremoso Liberte-se dos Preconceitos ( https://www.revendadecosmeticos.com.br/unhas/esmalte-top-beauty-cremoso-liberte-se-dos-preconceitos.html )  cont: 333
(00:01:50) Produto existe (id:1037569)
(00:01:50) Preço Produto: Venda: 2,29 ( 0 x 0,00 ) Id PrecoProduto: 0
(00:01:50) Preçco mais recente: Venda: 2,29 ( 0 x 0,00 ) Id PrecoProduto: 6040362
(00:01:50) Mesmo preço
(00:01:50) Produto: Esmalte Top Beauty Let´s Play A Culpa é das Estrelas ( https://www.revendadecosmeticos.com.br/unhas/esmalte-top-beauty-lets-play-a-culpa-e-das-estrelas.html )  cont: 334
(00:01:51) Produto existe (id:1037566)
(00:01:51) Preço Produto: Venda: 2,95 ( 0 x 0,00 ) Id PrecoProduto: 0
(00:01:51) Preçco mais recente: Venda: 2,95 ( 0 x 0,00 ) Id PrecoProduto: 6040359
(00:01:51) Mesmo preço
(00:01:51) Produto: Esmalte Cremoso Dailus Linha Segue o Baile - Miss Quece ( https://www.revendadecosmeticos.com.br/unhas/esmalte-cremoso-dailus-linha-segue-o-baile-miss-quece.html )  cont: 335
(00:01:52) Produto existe (id:1037571)
(00:01:52) Preço Produto: Venda: 5,59 ( 0 x 0,00 ) Id PrecoProduto: 0
(00:01:52) Preçco mais recente: Venda: 5,59 ( 0 x 0,00 ) Id PrecoProduto: 6040364
(00:01:52) Mesmo preço
(00:01:52) CategoriaLoja(detalhe):CategoriaLoja {IdCategoriaLoja:1573;Nome:Unhas;Url:https://www.revendadecosmeticos.com.br/unhas.html?dir=asc&limit=48&order=popular;DataInclusao:25-07-2019;IdCategoriaLojaF:0;IdNaturezaProdutoRa:26;IdLojaVirtualPa:26;}
(00:01:56) Produto: Esmalte Top Beauty Sensitive Lumini Pink ( https://www.revendadecosmeticos.com.br/unhas/esmalte-top-beauty-sensitive-lumini-pink.html )  cont: 336
(00:01:57) Produto existe (id:1037573)
(00:01:57) Preço Produto: Venda: 2,29 ( 0 x 0,00 ) Id PrecoProduto: 0
(00:01:57) Preçco mais recente: Venda: 2,29 ( 0 x 0,00 ) Id PrecoProduto: 6040366
(00:01:57) Mesmo preço
(00:01:57) Produto: Esmalte Cremoso Dailus - Doce de Abóbora ( https://www.revendadecosmeticos.com.br/unhas/esmalte-cremoso-dailus-doce-de-abobora.html )  cont: 337
(00:01:58) Produto existe (id:1037572)
(00:01:58) Preço Produto: Venda: 5,59 ( 0 x 0,00 ) Id PrecoProduto: 0
(00:01:58) Preçco mais recente: Venda: 5,59 ( 0 x 0,00 ) Id PrecoProduto: 6040365
(00:01:58) Mesmo preço
(00:01:58) Produto: Esmalte Top Beauty Ultimate Play Cruzeiro nas Ilhas Gregas ( https://www.revendadecosmeticos.com.br/unhas/esmalte-top-beauty-ultimate-play-cruzeiro-nas-ilhas-gregas.html )  cont: 338
(00:01:59) Produto existe (id:1037574)
(00:01:59) Preço Produto: Venda: 2,70 ( 0 x 0,00 ) Id PrecoProduto: 0
(00:01:59) Preçco mais recente: Venda: 2,70 ( 0 x 0,00 ) Id PrecoProduto: 6040367
(00:01:59) Mesmo preço
(00:01:59) Produto: Esmalte Top Beauty Ultimate Glitter New Year ( https://www.revendadecosmeticos.com.br/unhas/esmalte-top-beauty-ultimate-glitter-new-year.html )  cont: 339
(00:02:00) Produto existe (id:1037575)
(00:02:00) Preço Produto: Venda: 2,58 ( 0 x 0,00 ) Id PrecoProduto: 0
(00:02:00) Preçco mais recente: Venda: 2,58 ( 0 x 0,00 ) Id PrecoProduto: 6040368
(00:02:00) Mesmo preço
(00:02:00) Produto: Esmalte Top Beauty Cremoso Risadite ( https://www.revendadecosmeticos.com.br/unhas/esmalte-top-beauty-cremoso-risadite.html )  cont: 340
(00:02:01) Produto existe (id:1037576)
(00:02:01) Preço Produto: Venda: 2,29 ( 0 x 0,00 ) Id PrecoProduto: 0
(00:02:01) Preçco mais recente: Venda: 2,29 ( 0 x 0,00 ) Id PrecoProduto: 6040369
(00:02:01) Mesmo preço
(00:02:01) Produto: Esmalte Top Beauty Criative Pumpkin ( https://www.revendadecosmeticos.com.br/unhas/esmalte-top-beauty-criative-pumpkin.html )  cont: 341
(00:02:02) Produto existe (id:1037577)
(00:02:02) Preço Produto: Venda: 2,29 ( 0 x 0,00 ) Id PrecoProduto: 0
(00:02:02) Preçco mais recente: Venda: 2,29 ( 0 x 0,00 ) Id PrecoProduto: 6040370
(00:02:02) Mesmo preço
(00:02:02) Produto: Esmalte Top Beauty Nature Trati Base Branca ( https://www.revendadecosmeticos.com.br/unhas/esmalte-top-beauty-nature-trati-base-branca.html )  cont: 342
(00:02:02) Produto existe (id:1037578)
(00:02:02) Preço Produto: Venda: 2,79 ( 0 x 0,00 ) Id PrecoProduto: 0
(00:02:02) Preçco mais recente: Venda: 2,79 ( 0 x 0,00 ) Id PrecoProduto: 6040371
(00:02:02) Mesmo preço
(00:02:02) Produto: Esmalte Top Beauty Criative Jaune ( https://www.revendadecosmeticos.com.br/unhas/esmalte-top-beauty-criative-jaune.html )  cont: 343
(00:02:03) Produto existe (id:1037581)
(00:02:03) Preço Produto: Venda: 2,29 ( 0 x 0,00 ) Id PrecoProduto: 0
(00:02:03) Preçco mais recente: Venda: 2,29 ( 0 x 0,00 ) Id PrecoProduto: 6040374
(00:02:03) Mesmo preço
(00:02:03) Produto: Esmalte Top Beauty Let´s Play Rock and Roll ( https://www.revendadecosmeticos.com.br/unhas/esmalte-top-beauty-lets-play-rock-and-roll.html )  cont: 344
(00:02:04) Produto existe (id:1037579)
(00:02:04) Preço Produto: Venda: 2,95 ( 0 x 0,00 ) Id PrecoProduto: 0
(00:02:04) Preçco mais recente: Venda: 2,95 ( 0 x 0,00 ) Id PrecoProduto: 6040372
(00:02:04) Mesmo preço
(00:02:04) Produto: Esmalte Top Beauty Cintilante Watch The Sunset ( https://www.revendadecosmeticos.com.br/unhas/esmalte-top-beauty-cintilante-watch-the-sunset.html )  cont: 345
(00:02:05) Produto existe (id:1037580)
(00:02:05) Preço Produto: Venda: 2,29 ( 0 x 0,00 ) Id PrecoProduto: 0
(00:02:05) Preçco mais recente: Venda: 2,29 ( 0 x 0,00 ) Id PrecoProduto: 6040373
(00:02:05) Mesmo preço
(00:02:05) Produto: Esmalte Top Beauty Glitter Felicidade ( https://www.revendadecosmeticos.com.br/unhas/esmalte-top-beauty-glitter-felicidade.html )  cont: 346
(00:02:06) Produto existe (id:1037582)
(00:02:06) Preço Produto: Venda: 2,29 ( 0 x 0,00 ) Id PrecoProduto: 0
(00:02:06) Preçco mais recente: Venda: 2,29 ( 0 x 0,00 ) Id PrecoProduto: 6040375
(00:02:06) Mesmo preço
(00:02:06) Produto: Esmalte Top Beauty Ultimate Glitter Purple Rain ( https://www.revendadecosmeticos.com.br/unhas/esmalte-top-beauty-ultimate-glitter-purple-rain.html )  cont: 347
(00:02:07) Produto existe (id:1037584)
(00:02:07) Preço Produto: Venda: 2,58 ( 0 x 0,00 ) Id PrecoProduto: 0
(00:02:07) Preçco mais recente: Venda: 2,58 ( 0 x 0,00 ) Id PrecoProduto: 6040377
(00:02:07) Mesmo preço
(00:02:07) Produto: Esmalte Top Beauty Let´s Play Slingshot ( https://www.revendadecosmeticos.com.br/unhas/esmalte-top-beauty-lets-play-slingshot.html )  cont: 348
(00:02:08) Produto existe (id:1037583)
(00:02:08) Preço Produto: Venda: 2,95 ( 0 x 0,00 ) Id PrecoProduto: 0
(00:02:08) Preçco mais recente: Venda: 2,95 ( 0 x 0,00 ) Id PrecoProduto: 6040376
(00:02:08) Mesmo preço
(00:02:08) Produto: Kit Gloss e Esmalte Infantil Disco Teen HB94738 ( https://www.revendadecosmeticos.com.br/unhas/kit-gloss-e-esmalte-infantil-disco-teen-hb94738.html )  cont: 349
(00:02:08) Produto existe (id:1037587)
(00:02:08) Preço Produto: Venda: 18,90 ( 0 x 0,00 ) Id PrecoProduto: 0
(00:02:08) Preçco mais recente: Venda: 18,90 ( 0 x 0,00 ) Id PrecoProduto: 6040380
(00:02:08) Mesmo preço
(00:02:08) Produto: Esmalte Cremoso Dailus Linha Segue o Baile - Vrau ( https://www.revendadecosmeticos.com.br/unhas/esmalte-cremoso-dailus-linha-segue-o-baile-vrau.html )  cont: 350
(00:02:09) Produto existe (id:1037585)
(00:02:09) Preço Produto: Venda: 5,59 ( 0 x 0,00 ) Id PrecoProduto: 0
(00:02:09) Preçco mais recente: Venda: 5,59 ( 0 x 0,00 ) Id PrecoProduto: 6040378
(00:02:09) Mesmo preço
(00:02:09) Produto: Esmalte Top Beauty Ultimate Glitter Mardi Gras ( https://www.revendadecosmeticos.com.br/unhas/esmalte-top-beauty-ultimate-glitter-mardi-gras.html )  cont: 351
(00:02:10) Produto existe (id:1037588)
(00:02:10) Preço Produto: Venda: 2,58 ( 0 x 0,00 ) Id PrecoProduto: 0
(00:02:10) Preçco mais recente: Venda: 2,58 ( 0 x 0,00 ) Id PrecoProduto: 6040381
(00:02:10) Mesmo preço
(00:02:10) Produto: Esmalte Top Beauty Base Profissional Fosca 60ml ( https://www.revendadecosmeticos.com.br/unhas/esmalte-top-beauty-base-profissional-fosca-60ml.html )  cont: 352
(00:02:11) Produto existe (id:1037589)
(00:02:11) Preço Produto: Venda: 7,70 ( 0 x 0,00 ) Id PrecoProduto: 0
(00:02:11) Preçco mais recente: Venda: 7,70 ( 0 x 0,00 ) Id PrecoProduto: 6040382
(00:02:11) Mesmo preço
(00:02:11) Produto: Esmalte Cremoso Dailus Linha Lhamastê - Sentimental Sou Dessas ( https://www.revendadecosmeticos.com.br/unhas/esmalte-cremoso-dailus-linha-lhamaste-sentimental-sou-dessas.html )  cont: 353
(00:02:12) Produto existe (id:1037590)
(00:02:12) Preço Produto: Venda: 5,59 ( 0 x 0,00 ) Id PrecoProduto: 0
(00:02:12) Preçco mais recente: Venda: 5,59 ( 0 x 0,00 ) Id PrecoProduto: 6040383
(00:02:12) Mesmo preço
(00:02:12) Produto: Esmalte Cremoso Dailus Linha Segue o Baile - Cê Jura? ( https://www.revendadecosmeticos.com.br/unhas/esmalte-cremoso-dailus-linha-segue-o-baile-ce-jura.html )  cont: 354
(00:02:13) Produto existe (id:1037591)
(00:02:13) Preço Produto: Venda: 5,59 ( 0 x 0,00 ) Id PrecoProduto: 0
(00:02:13) Preçco mais recente: Venda: 5,59 ( 0 x 0,00 ) Id PrecoProduto: 6040384
(00:02:13) Mesmo preço
(00:02:13) Produto: Esmalte Top Beauty Ultimate Play Escalando o Everest ( https://www.revendadecosmeticos.com.br/unhas/esmalte-top-beauty-ultimate-play-escalando-o-everest.html )  cont: 355
(00:02:14) Produto existe (id:1037592)
(00:02:14) Preço Produto: Venda: 2,70 ( 0 x 0,00 ) Id PrecoProduto: 0
(00:02:14) Preçco mais recente: Venda: 2,70 ( 0 x 0,00 ) Id PrecoProduto: 6040385
(00:02:14) Mesmo preço
(00:02:14) Produto: Esmalte Cremoso Dailus Linha Lhamastê - Só Vim Pela Comida ( https://www.revendadecosmeticos.com.br/unhas/esmalte-cremoso-dailus-linha-lhamaste-so-vim-pela-comida.html )  cont: 356
(00:02:15) Produto existe (id:1037593)
(00:02:15) Preço Produto: Venda: 5,59 ( 0 x 0,00 ) Id PrecoProduto: 0
(00:02:15) Preçco mais recente: Venda: 5,59 ( 0 x 0,00 ) Id PrecoProduto: 6040386
(00:02:15) Mesmo preço
(00:02:15) Produto: Esmalte Top Beauty Ultimate Play Surfando no Hawaii ( https://www.revendadecosmeticos.com.br/unhas/esmalte-top-beauty-ultimate-play-surfando-no-hawaii.html )  cont: 357
(00:02:15) Produto existe (id:1037595)
(00:02:15) Preço Produto: Venda: 2,70 ( 0 x 0,00 ) Id PrecoProduto: 0
(00:02:15) Preçco mais recente: Venda: 2,70 ( 0 x 0,00 ) Id PrecoProduto: 6040388
(00:02:15) Mesmo preço
(00:02:15) Produto: Esmalte Top Beauty Let´s Play Vídeo Game ( https://www.revendadecosmeticos.com.br/unhas/esmalte-top-beauty-lets-play-video-game.html )  cont: 358
(00:02:16) Produto existe (id:1037594)
(00:02:16) Preço Produto: Venda: 2,95 ( 0 x 0,00 ) Id PrecoProduto: 0
(00:02:16) Preçco mais recente: Venda: 2,95 ( 0 x 0,00 ) Id PrecoProduto: 6040387
(00:02:16) Mesmo preço
(00:02:16) Produto: Esmalte Top Beauty Let´s Play Bungee Jump ( https://www.revendadecosmeticos.com.br/unhas/esmalte-top-beauty-lets-play-bungee-jump.html )  cont: 359
(00:02:17) Produto existe (id:1037596)
(00:02:17) Preço Produto: Venda: 2,95 ( 0 x 0,00 ) Id PrecoProduto: 0
(00:02:17) Preçco mais recente: Venda: 2,95 ( 0 x 0,00 ) Id PrecoProduto: 6040389
(00:02:17) Mesmo preço
(00:02:17) Produto: Esmalte Top Beauty Let´s Play Bossa Nova ( https://www.revendadecosmeticos.com.br/unhas/esmalte-top-beauty-lets-play-bossa-nova.html )  cont: 360
(00:02:18) Produto existe (id:1037597)
(00:02:18) Preço Produto: Venda: 2,95 ( 0 x 0,00 ) Id PrecoProduto: 0
(00:02:18) Preçco mais recente: Venda: 2,95 ( 0 x 0,00 ) Id PrecoProduto: 6040390
(00:02:18) Mesmo preço
(00:02:18) Produto: Esmalte Cremoso Dailus Linha Lhamastê - Haja Paciência ( https://www.revendadecosmeticos.com.br/unhas/esmalte-cremoso-dailus-linha-lhamaste-haja-paciencia.html )  cont: 361
(00:02:19) Produto existe (id:1037598)
(00:02:19) Preço Produto: Venda: 5,59 ( 0 x 0,00 ) Id PrecoProduto: 0
(00:02:19) Preçco mais recente: Venda: 5,59 ( 0 x 0,00 ) Id PrecoProduto: 6040391
(00:02:19) Mesmo preço
(00:02:19) Produto: Esmalte Top Beauty Cremoso Cai Cai Balão ( https://www.revendadecosmeticos.com.br/unhas/esmalte-top-beauty-cremoso-cai-cai-bal-o.html )  cont: 362
(00:02:20) Produto existe (id:1037600)
(00:02:20) Preço Produto: Venda: 2,29 ( 0 x 0,00 ) Id PrecoProduto: 0
(00:02:20) Preçco mais recente: Venda: 2,29 ( 0 x 0,00 ) Id PrecoProduto: 6040393
(00:02:20) Mesmo preço
(00:02:20) Produto: Esmalte Top Beauty Sensitive Cremoso Blue Eyes ( https://www.revendadecosmeticos.com.br/unhas/esmalte-top-beauty-sensitive-cremoso-blue-eyes.html )  cont: 363
(00:02:21) Produto existe (id:1037599)
(00:02:21) Preço Produto: Venda: 2,29 ( 0 x 0,00 ) Id PrecoProduto: 0
(00:02:21) Preçco mais recente: Venda: 2,29 ( 0 x 0,00 ) Id PrecoProduto: 6040392
(00:02:21) Mesmo preço
(00:02:21) Produto: Esmalte Top Beauty Let´s Play Cassino ( https://www.revendadecosmeticos.com.br/unhas/esmalte-top-beauty-lets-play-cassino.html )  cont: 364
(00:02:21) Produto existe (id:1037601)
(00:02:21) Preço Produto: Venda: 2,95 ( 0 x 0,00 ) Id PrecoProduto: 0
(00:02:21) Preçco mais recente: Venda: 2,95 ( 0 x 0,00 ) Id PrecoProduto: 6040394
(00:02:21) Mesmo preço
(00:02:22) Produto: Esmalte Top Beauty Let´s Play Pac Man ( https://www.revendadecosmeticos.com.br/unhas/esmalte-top-beauty-lets-play-pac-man.html )  cont: 365
(00:02:22) Produto existe (id:1037602)
(00:02:22) Preço Produto: Venda: 2,95 ( 0 x 0,00 ) Id PrecoProduto: 0
(00:02:22) Preçco mais recente: Venda: 2,95 ( 0 x 0,00 ) Id PrecoProduto: 6040395
(00:02:22) Mesmo preço
(00:02:22) Produto: Esmalte Top Beauty Cintilante Paz de Espírito ( https://www.revendadecosmeticos.com.br/unhas/esmalte-top-beauty-cintilante-paz-de-espirito.html )  cont: 366
(00:02:23) Produto existe (id:1037603)
(00:02:23) Preço Produto: Venda: 2,29 ( 0 x 0,00 ) Id PrecoProduto: 0
(00:02:23) Preçco mais recente: Venda: 2,29 ( 0 x 0,00 ) Id PrecoProduto: 6040396
(00:02:23) Mesmo preço
(00:02:23) Produto: Esmalte Top Beauty Cremoso Marquinha de Bikíni - Coleção Na Onda do Verão ( https://www.revendadecosmeticos.com.br/unhas/esmalte-top-beauty-cremoso-marquinha-de-bikini-colec-o-na-onda-do-ver-o.html )  cont: 367
(00:02:24) Produto existe (id:1037604)
(00:02:24) Preço Produto: Venda: 2,29 ( 0 x 0,00 ) Id PrecoProduto: 0
(00:02:24) Preçco mais recente: Venda: 2,29 ( 0 x 0,00 ) Id PrecoProduto: 6040397
(00:02:24) Mesmo preço
(00:02:24) Produto: Esmalte Top Beauty Cremoso Coleção Momentos que Marcam - Meus 18 ( https://www.revendadecosmeticos.com.br/unhas/esmalte-top-beauty-cremoso-colec-o-momentos-que-marcam-meus-18.html )  cont: 368
(00:02:25) Produto existe (id:1037605)
(00:02:25) Preço Produto: Venda: 2,29 ( 0 x 0,00 ) Id PrecoProduto: 0
(00:02:25) Preçco mais recente: Venda: 2,29 ( 0 x 0,00 ) Id PrecoProduto: 6040398
(00:02:25) Mesmo preço
(00:02:25) Produto: Esmalte Top Beauty Cintilante Picolé de Pitaya - Coleção Na Onda do Verão ( https://www.revendadecosmeticos.com.br/unhas/esmalte-top-beauty-cintilante-picole-de-pitaya-colec-o-na-onda-do-ver-o.html )  cont: 369
(00:02:26) Produto existe (id:1037606)
(00:02:26) Preço Produto: Venda: 2,29 ( 0 x 0,00 ) Id PrecoProduto: 0
(00:02:26) Preçco mais recente: Venda: 2,29 ( 0 x 0,00 ) Id PrecoProduto: 6040399
(00:02:26) Mesmo preço
(00:02:26) Produto: Esmalte Top Beauty Cintilante Coleção Momentos que Marcam - Meu Bebê ( https://www.revendadecosmeticos.com.br/unhas/esmalte-top-beauty-cintilante-colec-o-momentos-que-marcam-meu-bebe.html )  cont: 370
(00:02:27) Produto existe (id:1037607)
(00:02:27) Preço Produto: Venda: 2,29 ( 0 x 0,00 ) Id PrecoProduto: 0
(00:02:27) Preçco mais recente: Venda: 2,29 ( 0 x 0,00 ) Id PrecoProduto: 6040400
(00:02:27) Mesmo preço
(00:02:27) Produto: Esmalte Top Beauty Cremoso Amor Todo Dia ( https://www.revendadecosmeticos.com.br/unhas/esmalte-top-beauty-cremoso-amor-todo-dia.html )  cont: 371
(00:02:28) Produto existe (id:1037610)
(00:02:28) Preço Produto: Venda: 2,29 ( 0 x 0,00 ) Id PrecoProduto: 0
(00:02:28) Preçco mais recente: Venda: 2,29 ( 0 x 0,00 ) Id PrecoProduto: 6040403
(00:02:28) Mesmo preço
(00:02:28) Produto: Esmalte Top Beauty Cintilante Menina ( https://www.revendadecosmeticos.com.br/unhas/esmalte-top-beauty-cintilante-menina.html )  cont: 372
(00:02:28) Produto existe (id:1037608)
(00:02:28) Preço Produto: Venda: 2,29 ( 0 x 0,00 ) Id PrecoProduto: 0
(00:02:28) Preçco mais recente: Venda: 2,29 ( 0 x 0,00 ) Id PrecoProduto: 6040401
(00:02:28) Mesmo preço
(00:02:28) Produto: Esmalte Top Beauty Cintilante Pôr do Sol - Coleção Na Onda do Verão ( https://www.revendadecosmeticos.com.br/unhas/esmalte-top-beauty-cintilante-por-do-sol-colec-o-na-onda-do-ver-o.html )  cont: 373
(00:02:29) Produto existe (id:1037609)
(00:02:29) Preço Produto: Venda: 2,29 ( 0 x 0,00 ) Id PrecoProduto: 0
(00:02:29) Preçco mais recente: Venda: 2,29 ( 0 x 0,00 ) Id PrecoProduto: 6040402
(00:02:29) Mesmo preço
(00:02:29) Produto: Esmalte Metálico Dailus - Wedding ( https://www.revendadecosmeticos.com.br/unhas/esmalte-metalico-dailus-wedding.html )  cont: 374
(00:02:30) Produto existe (id:1037611)
(00:02:30) Preço Produto: Venda: 5,59 ( 0 x 0,00 ) Id PrecoProduto: 0
(00:02:30) Preçco mais recente: Venda: 5,59 ( 0 x 0,00 ) Id PrecoProduto: 6040404
(00:02:30) Mesmo preço
(00:02:30) Produto: Esmalte Top Beauty Cintilante Dinheiro no Bolso - Coleção O Melhor dos Mundos ( https://www.revendadecosmeticos.com.br/unhas/esmalte-top-beauty-cintilante-dinheiro-no-bolso-colec-o-o-melhor-dos-mundos.html )  cont: 375
(00:02:31) Produto existe (id:1037613)
(00:02:31) Preço Produto: Venda: 2,29 ( 0 x 0,00 ) Id PrecoProduto: 0
(00:02:31) Preçco mais recente: Venda: 2,29 ( 0 x 0,00 ) Id PrecoProduto: 6040406
(00:02:31) Mesmo preço
(00:02:31) Produto: Esmalte Top Beauty Cintilante Bronze Bacana - Coleção Na Onda do Verão ( https://www.revendadecosmeticos.com.br/unhas/esmalte-top-beauty-cintilante-bronze-bacana-colec-o-na-onda-do-ver-o.html )  cont: 376
(00:02:32) Produto existe (id:1037612)
(00:02:32) Preço Produto: Venda: 2,29 ( 0 x 0,00 ) Id PrecoProduto: 0
(00:02:32) Preçco mais recente: Venda: 2,29 ( 0 x 0,00 ) Id PrecoProduto: 6040405
(00:02:32) Mesmo preço
(00:02:32) Produto: Esmalte Top Beauty Cremoso Comer Sem Culpa - Coleção O Melhor dos Mundos ( https://www.revendadecosmeticos.com.br/unhas/esmalte-top-beauty-cremoso-comer-sem-culpa-colec-o-o-melhor-dos-mundos.html )  cont: 377
(00:02:33) Produto existe (id:1037614)
(00:02:33) Preço Produto: Venda: 2,29 ( 0 x 0,00 ) Id PrecoProduto: 0
(00:02:33) Preçco mais recente: Venda: 2,29 ( 0 x 0,00 ) Id PrecoProduto: 6040407
(00:02:33) Mesmo preço
(00:02:33) Produto: Esmalte Top Beauty Cremoso Coleção Momentos que Marcam - Com Quem Será ( https://www.revendadecosmeticos.com.br/unhas/esmalte-top-beauty-cremoso-colec-o-momentos-que-marcam-com-quem-sera.html )  cont: 378
(00:02:34) Produto existe (id:1037615)
(00:02:34) Preço Produto: Venda: 2,29 ( 0 x 0,00 ) Id PrecoProduto: 0
(00:02:34) Preçco mais recente: Venda: 2,29 ( 0 x 0,00 ) Id PrecoProduto: 6040408
(00:02:34) Mesmo preço
(00:02:34) Produto: Esmalte Top Beauty Cremoso Coleção Momentos que Marcam - Viagem ( https://www.revendadecosmeticos.com.br/unhas/esmalte-top-beauty-cremoso-colec-o-momentos-que-marcam-viagem.html )  cont: 379
(00:02:34) Produto existe (id:1037616)
(00:02:34) Preço Produto: Venda: 2,29 ( 0 x 0,00 ) Id PrecoProduto: 0
(00:02:34) Preçco mais recente: Venda: 2,29 ( 0 x 0,00 ) Id PrecoProduto: 6040409
(00:02:34) Mesmo preço
(00:02:34) Produto: Esmalte Top Beauty Cremoso Azul Caribe - Coleção Na Onda do Verão ( https://www.revendadecosmeticos.com.br/unhas/esmalte-top-beauty-cremoso-azul-caribe-colec-o-na-onda-do-ver-o.html )  cont: 380
(00:02:35) Produto existe (id:1037617)
(00:02:35) Preço Produto: Venda: 2,29 ( 0 x 0,00 ) Id PrecoProduto: 0
(00:02:35) Preçco mais recente: Venda: 2,29 ( 0 x 0,00 ) Id PrecoProduto: 6040410
(00:02:35) Mesmo preço
(00:02:35) Produto: Esmalte Top Beauty Cremoso Coleção Momentos que Marcam - Festas ( https://www.revendadecosmeticos.com.br/unhas/esmalte-top-beauty-cremoso-colec-o-momentos-que-marcam-festas.html )  cont: 381
(00:02:36) Produto existe (id:1037618)
(00:02:36) Preço Produto: Venda: 2,29 ( 0 x 0,00 ) Id PrecoProduto: 0
(00:02:36) Preçco mais recente: Venda: 2,29 ( 0 x 0,00 ) Id PrecoProduto: 6040411
(00:02:36) Mesmo preço
(00:02:36) CategoriaLoja(detalhe):CategoriaLoja {IdCategoriaLoja:1573;Nome:Unhas;Url:https://www.revendadecosmeticos.com.br/unhas.html?dir=asc&limit=48&order=popular;DataInclusao:25-07-2019;IdCategoriaLojaF:0;IdNaturezaProdutoRa:26;IdLojaVirtualPa:26;}
(00:02:40) Produto: Esmalte Top Beauty Let´s Play MPB ( https://www.revendadecosmeticos.com.br/unhas/esmalte-top-beauty-lets-play-mpb.html )  cont: 382
(00:02:41) Produto existe (id:1037619)
(00:02:41) Preço Produto: Venda: 2,95 ( 0 x 0,00 ) Id PrecoProduto: 0
(00:02:41) Preçco mais recente: Venda: 2,95 ( 0 x 0,00 ) Id PrecoProduto: 6040412
(00:02:41) Mesmo preço
(00:02:41) Produto: Esmalte Top Beauty Cremoso Sombra e Água Fresca - Coleção O Melhor dos Mundos ( https://www.revendadecosmeticos.com.br/unhas/esmalte-top-beauty-cremoso-sombra-e-agua-fresca-colec-o-o-melhor-dos-mundos.html )  cont: 383
(00:02:42) Produto existe (id:1037620)
(00:02:42) Preço Produto: Venda: 2,29 ( 0 x 0,00 ) Id PrecoProduto: 0
(00:02:42) Preçco mais recente: Venda: 2,29 ( 0 x 0,00 ) Id PrecoProduto: 6040413
(00:02:42) Mesmo preço
(00:02:42) Produto: Esmalte Top Beauty Cintilante Coleção Momentos que Marcam - Primeiro Amor ( https://www.revendadecosmeticos.com.br/unhas/esmalte-top-beauty-cintilante-colec-o-momentos-que-marcam-primeiro-amor.html )  cont: 384
(00:02:43) Produto existe (id:1037621)
(00:02:43) Preço Produto: Venda: 2,29 ( 0 x 0,00 ) Id PrecoProduto: 0
(00:02:43) Preçco mais recente: Venda: 2,29 ( 0 x 0,00 ) Id PrecoProduto: 6040414
(00:02:43) Mesmo preço
(00:02:43) Produto: Esmalte Cremoso Dailus - Rocambole ( https://www.revendadecosmeticos.com.br/unhas/esmalte-cremoso-dailus-rocambole.html )  cont: 385
(00:02:44) Produto existe (id:1037622)
(00:02:44) Preço Produto: Venda: 5,59 ( 0 x 0,00 ) Id PrecoProduto: 0
(00:02:44) Preçco mais recente: Venda: 5,59 ( 0 x 0,00 ) Id PrecoProduto: 6040415
(00:02:44) Mesmo preço
(00:02:44) Produto: Removedor de Cutícula Fenzza FZ53001 - Display com 6 unidades ( https://www.revendadecosmeticos.com.br/unhas/removedor-de-cuticula-fenzza-fz53001-display-com-6-unidades.html )  cont: 386
(00:02:44) Produto existe (id:1037623)
(00:02:44) Preço Produto: Venda: 51,24 ( 0 x 0,00 ) Id PrecoProduto: 0
(00:02:44) Preçco mais recente: Venda: 51,24 ( 0 x 0,00 ) Id PrecoProduto: 6040416
(00:02:44) Mesmo preço
