(00:18:27) CategoriaLoja(detalhe):CategoriaLoja {IdCategoriaLoja:999;Nome:Teste;Url:https://www.atacadodemaquiagem.com.br/pagina/5c3a4/labios;DataInclusao:2019-07-19;IdCategoriaLojaF:0;IdNaturezaProdutoRa:0;IdLojaVirtualPa:0;}
(00:19:11) URL: https://www.atacadodemaquiagem.com.br/pagina/5c3a4/labios
(00:23:51) CategoriaLoja(detalhe):CategoriaLoja {IdCategoriaLoja:999;Nome:Teste;Url:https://www.atacadodemaquiagem.com.br/pagina/5c3a4/labios;DataInclusao:2019-07-19;IdCategoriaLojaF:0;IdNaturezaProdutoRa:0;IdLojaVirtualPa:0;}
(00:24:16) URL: https://www.atacadodemaquiagem.com.br/pagina/5c3a4/labios
(00:25:24) CategoriaLoja(detalhe):CategoriaLoja {IdCategoriaLoja:999;Nome:Teste;Url:https://www.atacadodemaquiagem.com.br/pagina/5c3a4/labios;DataInclusao:2019-07-19;IdCategoriaLojaF:0;IdNaturezaProdutoRa:0;IdLojaVirtualPa:0;}
(00:25:26) URL: https://www.atacadodemaquiagem.com.br/pagina/5c3a4/labios
(00:34:39) CategoriaLoja(detalhe):CategoriaLoja {IdCategoriaLoja:999;Nome:Teste;Url:https://www.atacadodemaquiagem.com.br/pagina/5c3a4/labios;DataInclusao:2019-07-19;IdCategoriaLojaF:0;IdNaturezaProdutoRa:0;IdLojaVirtualPa:0;}
(00:34:41) URL: https://www.atacadodemaquiagem.com.br/pagina/5c3a4/labios
(00:35:06) CategoriaLoja(detalhe):CategoriaLoja {IdCategoriaLoja:999;Nome:Teste;Url:https://www.atacadodemaquiagem.com.br/pagina/5c3a4/labios;DataInclusao:2019-07-19;IdCategoriaLojaF:0;IdNaturezaProdutoRa:0;IdLojaVirtualPa:0;}
(00:35:08) URL: https://www.atacadodemaquiagem.com.br/pagina/5c3a4/labios
(00:36:04) CategoriaLoja(detalhe):CategoriaLoja {IdCategoriaLoja:999;Nome:Teste;Url:https://www.atacadodemaquiagem.com.br/pagina/5c3a4/labios;DataInclusao:2019-07-19;IdCategoriaLojaF:0;IdNaturezaProdutoRa:0;IdLojaVirtualPa:0;}
(00:36:06) URL: https://www.atacadodemaquiagem.com.br/pagina/5c3a4/labios
(00:42:21) CategoriaLoja(detalhe):CategoriaLoja {IdCategoriaLoja:999;Nome:Teste;Url:https://www.atacadodemaquiagem.com.br/pagina/5c3a4/labios;DataInclusao:2019-07-19;IdCategoriaLojaF:0;IdNaturezaProdutoRa:0;IdLojaVirtualPa:0;}
(00:42:22) URL: https://www.atacadodemaquiagem.com.br/pagina/5c3a4/labios
(00:43:27) CategoriaLoja(detalhe):CategoriaLoja {IdCategoriaLoja:999;Nome:Teste;Url:https://www.atacadodemaquiagem.com.br/pagina/5c3a4/labios;DataInclusao:2019-07-19;IdCategoriaLojaF:0;IdNaturezaProdutoRa:0;IdLojaVirtualPa:0;}
(00:43:29) URL: https://www.atacadodemaquiagem.com.br/pagina/5c3a4/labios
(00:45:03) CategoriaLoja(detalhe):CategoriaLoja {IdCategoriaLoja:999;Nome:Teste;Url:https://www.atacadodemaquiagem.com.br/pagina/5c3a4/labios;DataInclusao:2019-07-19;IdCategoriaLojaF:0;IdNaturezaProdutoRa:0;IdLojaVirtualPa:0;}
(00:45:05) URL: https://www.atacadodemaquiagem.com.br/pagina/5c3a4/labios
(00:45:53) Produto: Kit Make 04 B ( https://www.atacadodemaquiagem.com.br/1e498f/kit-make-04-b )  cont: 1
(00:45:58) Produto nao existe
(00:45:58) Codigo Produto:1037972
(00:45:58) Preço Produto: Venda: 69,99 ( 0 x 0,00 ) Id PrecoProduto: 0
(00:45:58) Não existe preço
(00:45:58) Produto: Kit Make 03 B ( https://www.atacadodemaquiagem.com.br/1e498d/kit-make-03-b )  cont: 2
(00:45:59) Produto nao existe
(00:45:59) Codigo Produto:1037973
(00:45:59) Preço Produto: Venda: 49,99 ( 0 x 0,00 ) Id PrecoProduto: 0
(00:45:59) Não existe preço
(00:45:59) Produto: Kit Make 02 B ( https://www.atacadodemaquiagem.com.br/1e4984/kit-make-02-b )  cont: 3
(00:46:00) Produto nao existe
(00:46:00) Codigo Produto:1037974
(00:46:00) Preço Produto: Venda: 39,99 ( 0 x 0,00 ) Id PrecoProduto: 0
(00:46:00) Não existe preço
(00:46:00) Produto: Kit Make 01 B ( https://www.atacadodemaquiagem.com.br/1e497e/kit-make-01-b )  cont: 4
(00:46:01) Produto nao existe
(00:46:01) Codigo Produto:1037975
(00:46:01) Preço Produto: Venda: 29,99 ( 0 x 0,00 ) Id PrecoProduto: 0
(00:46:01) Não existe preço
(00:46:01) Produto: Buquê de Maquiagem 03 B ( https://www.atacadodemaquiagem.com.br/1e4938/buque-de-maquiagem-03-b )  cont: 5
(00:46:01) Produto nao existe
(00:46:01) Codigo Produto:1037976
(00:46:01) Preço Produto: Venda: 59,99 ( 0 x 0,00 ) Id PrecoProduto: 0
(00:46:01) Não existe preço
(00:46:01) Produto: Buquê de Maquiagem 02 B ( https://www.atacadodemaquiagem.com.br/1e4937/buque-de-maquiagem-02-b )  cont: 6
(00:46:02) Produto nao existe
(00:46:02) Codigo Produto:1037977
(00:46:02) Preço Produto: Venda: 49,99 ( 0 x 0,00 ) Id PrecoProduto: 0
(00:46:02) Não existe preço
(00:46:02) Produto: Buquê de Maquiagem 01 B ( https://www.atacadodemaquiagem.com.br/1e4935/buque-de-maquiagem-01-b )  cont: 7
(00:46:03) Produto nao existe
(00:46:03) Codigo Produto:1037978
(00:46:03) Preço Produto: Venda: 39,99 ( 0 x 0,00 ) Id PrecoProduto: 0
(00:46:03) Não existe preço
(00:46:03) Produto: Buquê de Maquiagem 04 B ( https://www.atacadodemaquiagem.com.br/1e4934/buque-de-maquiagem-04-b )  cont: 8
(00:46:04) Produto nao existe
(00:46:04) Codigo Produto:1037979
(00:46:04) Preço Produto: Venda: 79,99 ( 0 x 0,00 ) Id PrecoProduto: 0
(00:46:04) Não existe preço
(00:46:04) Produto: Gloss Labial Ricosti  ( https://www.atacadodemaquiagem.com.br/1d0229/gloss-labial-ricosti )  cont: 9
(00:46:05) Produto nao existe
(00:46:05) Codigo Produto:1037980
(00:46:05) Preço Produto: Venda: 8,99 ( 0 x 0,00 ) Id PrecoProduto: 0
(00:46:05) Não existe preço
(00:46:05) Produto: Pincel Labial Retrátil Macrilan MAX A34 ( https://www.atacadodemaquiagem.com.br/1cf4da/pincel-labial-retratil-macrilan-max-a34 )  cont: 10
(00:46:06) Produto nao existe
(00:46:06) Codigo Produto:1037981
(00:46:06) Preço Produto: Venda: 7,99 ( 0 x 0,00 ) Id PrecoProduto: 0
(00:46:06) Não existe preço
(00:46:06) Produto: Batom Líquido Lip Matte Latika Cor Rosa nº 02 ( https://www.atacadodemaquiagem.com.br/1c7ee9/batom-liquido-lip-matte-latika-cor-rosa-n-02 )  cont: 11
(00:46:07) Produto nao existe
(00:46:07) Codigo Produto:1037982
(00:46:07) Preço Produto: Venda: 15,99 ( 0 x 0,00 ) Id PrecoProduto: 0
(00:46:07) Não existe preço
(00:46:07) Produto: Batom Líquido Lip Matte Latika Cor Rosa nº 04 ( https://www.atacadodemaquiagem.com.br/1c7eee/batom-liquido-lip-matte-latika-cor-rosa-n-04 )  cont: 12
(00:46:07) Produto nao existe
(00:46:07) Codigo Produto:1037983
(00:46:07) Preço Produto: Venda: 15,99 ( 0 x 0,00 ) Id PrecoProduto: 0
(00:46:07) Não existe preço
(00:46:07) Produto: Batom Líquido Lip Matte Latika Cor Rosa nº 06 ( https://www.atacadodemaquiagem.com.br/1d118d/batom-liquido-lip-matte-latika-cor-rosa-n-06 )  cont: 13
(00:46:08) Produto nao existe
(00:46:08) Codigo Produto:1037984
(00:46:08) Preço Produto: Venda: 15,99 ( 0 x 0,00 ) Id PrecoProduto: 0
(00:46:08) Não existe preço
(00:46:08) Produto: Batom Líquido Lip Matte Latika Cor Rosa nº 07 ( https://www.atacadodemaquiagem.com.br/1d118f/batom-liquido-lip-matte-latika-cor-rosa-n-07 )  cont: 14
(00:46:09) Produto nao existe
(00:46:09) Codigo Produto:1037985
(00:46:09) Preço Produto: Venda: 15,99 ( 0 x 0,00 ) Id PrecoProduto: 0
(00:46:09) Não existe preço
(00:46:09) Produto: Batom Líquido Lip Matte Latika Cor Rosa nº 08 ( https://www.atacadodemaquiagem.com.br/1d1190/batom-liquido-lip-matte-latika-cor-rosa-n-08 )  cont: 15
(00:46:10) Produto nao existe
(00:46:10) Codigo Produto:1037986
(00:46:10) Preço Produto: Venda: 15,99 ( 0 x 0,00 ) Id PrecoProduto: 0
(00:46:10) Não existe preço
(00:46:10) Produto: Batom Líquido Lip Matte Latika Cor Coral nº 10 ( https://www.atacadodemaquiagem.com.br/1c7ef3/batom-liquido-lip-matte-latika-cor-coral-n-10 )  cont: 16
(00:46:11) Produto nao existe
(00:46:11) Codigo Produto:1037987
(00:46:11) Preço Produto: Venda: 15,99 ( 0 x 0,00 ) Id PrecoProduto: 0
(00:46:11) Não existe preço
(00:46:11) Produto: Batom Líquido Lip Matte Latika Cor Coral nº 12 ( https://www.atacadodemaquiagem.com.br/1d1191/batom-liquido-lip-matte-latika-cor-coral-n-12 )  cont: 17
(00:46:12) Produto nao existe
(00:46:12) Codigo Produto:1037988
(00:46:12) Preço Produto: Venda: 15,99 ( 0 x 0,00 ) Id PrecoProduto: 0
(00:46:12) Não existe preço
(00:46:12) Produto: Batom Líquido Lip Matte Latika Cor Coral nº 13 ( https://www.atacadodemaquiagem.com.br/1d1193/batom-liquido-lip-matte-latika-cor-coral-n-13 )  cont: 18
(00:46:13) Produto nao existe
(00:46:13) Codigo Produto:1037989
(00:46:13) Preço Produto: Venda: 15,99 ( 0 x 0,00 ) Id PrecoProduto: 0
(00:46:13) Não existe preço
(00:46:13) Produto: Batom Líquido Lip Matte Latika Cor Vermelho nº 20 ( https://www.atacadodemaquiagem.com.br/1c7ef7/batom-liquido-lip-matte-latika-cor-vermelho-n-20 )  cont: 19
