(19:49:37) Loja:Revenda de Cosméticos
(19:50:47) Categoria:Boca
(19:50:47) CategoriaLoja(detalhe):CategoriaLoja {IdCategoriaLoja:1570;Nome:Boca;Url:https://www.revendadecosmeticos.com.br/boca.html?dir=asc&limit=48&order=popular;DataInclusao:24-07-2019;IdCategoriaLojaF:0;IdNaturezaProdutoRa:26;IdLojaVirtualPa:26;}
(19:50:48) URL: https://www.revendadecosmeticos.com.br/boca.html?dir=asc&limit=48&order=popular
(19:50:52) Produto: Diluidor de Maquiagem Makeup Restore Face Beautiful ( https://www.revendadecosmeticos.com.br/boca/diluidor-de-maquiagem-makeup-restore-face-beautiful.html )  cont: 1
(19:50:53) Produto existe (id:1033828)
(19:50:53) Preço Produto: Venda: 13,25 ( 0 x 0,00 ) Id PrecoProduto: 0
(19:50:53) Preçco mais recente: Venda: 13,25 ( 0 x 0,00 ) Id PrecoProduto: 6047273
(19:50:53) Mesmo preço
(19:50:54) Produto: Batom Liquido Ruby Rose HB-8213 - Kit com 6 unidades Cores Sortidas ( https://www.revendadecosmeticos.com.br/boca/batom-liquido-ruby-rose-hb-8213-kit-com-6-unidades-cores-sortidas.html )  cont: 2
(19:50:55) Produto existe (id:1033829)
(19:50:56) Preço Produto: Venda: 42,42 ( 0 x 0,00 ) Id PrecoProduto: 0
(19:50:56) Preçco mais recente: Venda: 42,42 ( 0 x 0,00 ) Id PrecoProduto: 6079052
(19:50:56) Mesmo preço
(19:50:56) Produto: Batom Líquido Matte Adversa Coleção Manda Nudes - Kit com 6 unidades Cores Sortidas ( https://www.revendadecosmeticos.com.br/boca/batom-liquido-matte-adversa-colec-o-manda-nudes-kit-com-6-unidades-cores-sortidas.html )  cont: 3
(19:50:57) Produto existe (id:1033830)
(19:50:57) Preço Produto: Venda: 44,94 ( 0 x 0,00 ) Id PrecoProduto: 0
(19:50:57) Preçco mais recente: Venda: 44,94 ( 0 x 0,00 ) Id PrecoProduto: 6036623
(19:50:57) Mesmo preço
(19:50:57) Produto: Diluidor de Maquiagem Miss Lary ML-103 ( https://www.revendadecosmeticos.com.br/boca/diluidor-de-maquiagem-miss-lary-ml-103.html )  cont: 4
(19:50:58) Produto existe (id:1033831)
(19:50:58) Preço Produto: Venda: 7,49 ( 0 x 0,00 ) Id PrecoProduto: 0
(19:50:58) Preçco mais recente: Venda: 7,49 ( 0 x 0,00 ) Id PrecoProduto: 6036624
(19:50:58) Mesmo preço
(19:50:59) Produto: Kit Batom e Brilho Labial Infantil Disco Teen HB93222 ( https://www.revendadecosmeticos.com.br/boca/kit-batom-e-brilho-labial-infantil-disco-teen-hb93222.html )  cont: 5
(19:50:59) Produto existe (id:1033834)
(19:51:00) Preço Produto: Venda: 4,28 ( 0 x 0,00 ) Id PrecoProduto: 0
(19:51:00) Preçco mais recente: Venda: 4,28 ( 0 x 0,00 ) Id PrecoProduto: 6159854
(19:51:00) Mesmo preço
(19:51:00) Produto: Top Coat Incolor Miss Lary ML-210 ( https://www.revendadecosmeticos.com.br/boca/top-coat-incolor-miss-lary-ml-210.html )  cont: 6
(19:51:01) Produto existe (id:1033836)
(19:51:01) Preço Produto: Venda: 8,75 ( 0 x 0,00 ) Id PrecoProduto: 0
(19:51:01) Preçco mais recente: Venda: 8,75 ( 0 x 0,00 ) Id PrecoProduto: 6036629
(19:51:01) Mesmo preço
(19:51:01) Produto: Top Coat Labial Efeito Espelhado Dalla Makeup  ( https://www.revendadecosmeticos.com.br/boca/top-coat-labial-efeito-espelhado-dalla-makeup.html )  cont: 7
(19:51:02) Produto existe (id:1033832)
(19:51:02) Preço Produto: Venda: 8,99 ( 0 x 0,00 ) Id PrecoProduto: 0
(19:51:02) Preçco mais recente: Venda: 8,99 ( 0 x 0,00 ) Id PrecoProduto: 6036625
(19:51:02) Mesmo preço
(19:51:02) Produto: Batom Lip Tint Tropic Citrus Ruby Rose HB-551 ( https://www.revendadecosmeticos.com.br/boca/batom-lip-tint-tropic-citrus-ruby-rose-hb-551.html )  cont: 8
(19:51:03) Produto existe (id:1066221)
(19:51:03) Preço Produto: Venda: 8,75 ( 0 x 0,00 ) Id PrecoProduto: 0
(19:51:03) Preçco mais recente: Venda: 8,75 ( 0 x 0,00 ) Id PrecoProduto: 6066956
(19:51:03) Mesmo preço
(19:51:03) Produto: Batom Lip Tint Tropic Tutti-frutti Ruby Rose HB-553 ( https://www.revendadecosmeticos.com.br/boca/batom-lip-tint-tropic-tutti-frutti-ruby-rose-hb-553.html )  cont: 9
(19:51:04) Produto existe (id:1066220)
(19:51:04) Preço Produto: Venda: 8,75 ( 0 x 0,00 ) Id PrecoProduto: 0
(19:51:04) Preçco mais recente: Venda: 8,75 ( 0 x 0,00 ) Id PrecoProduto: 6066955
(19:51:04) Mesmo preço
(19:51:04) Produto: Batom Lip Tint Tropic Morango Ruby Rose HB-550 ( https://www.revendadecosmeticos.com.br/boca/batom-lip-tint-tropic-morango-ruby-rose-hb-550.html )  cont: 10
(19:51:05) Produto existe (id:1066218)
(19:51:05) Preço Produto: Venda: 8,75 ( 0 x 0,00 ) Id PrecoProduto: 0
(19:51:05) Preçco mais recente: Venda: 8,75 ( 0 x 0,00 ) Id PrecoProduto: 6066953
(19:51:05) Mesmo preço
(19:51:05) Produto: Batom Lip Tint Tropic Cereja Ruby Rose HB-552 ( https://www.revendadecosmeticos.com.br/boca/batom-lip-tint-tropic-cereja-ruby-rose-hb-552.html )  cont: 11
