(2019-8-12 15:33:35) - Diluidor de Maquiagem Makeup Restore Face Beautiful ( https://www.revendadecosmeticos.com.br/boca/diluidor-de-maquiagem-makeup-restore-face-beautiful.html ) 
(2019-8-12 15:33:35) - br.com.digicom.lib.dao.DaoException: Column Index out of range ( 12 > 11). Column Index out of range ( 12 > 11).
	at br.com.digicom.lib.dao.ResultadoLista.getInt(ResultadoLista.java:51)
	at coletapreco.dao.montador.PrecoProdutoMontador.extraiRegistro(PrecoProdutoMontador.java:63)
	at coletapreco.dao.montador.PrecoProdutoMontador.extraiRegistro(PrecoProdutoMontador.java:38)
	at br.com.digicom.lib.dao.DaoBase.getObjeto(DaoBase.java:148)
	at br.com.digicom.lib.dao.DaoBase.getObjeto(DaoBase.java:134)
	at coletapreco.dao.PrecoProdutoDaoExtendida.MaisRecentePorProduto(PrecoProdutoDaoExtendida.java:29)
	at coletapreco.regracolecao.impl.PrecoProdutoRegraColecaoImpl.MaisRecentePorProduto(PrecoProdutoRegraColecaoImpl.java:106)
	at coletapreco.regracolecao.impl.PrecoProdutoRegraColecaoImpl.AtualizaPreco(PrecoProdutoRegraColecaoImpl.java:49)
	at coletapreco.parse.dados.CategoriaLojaDadosParse.processaProduto(CategoriaLojaDadosParse.java:131)
	at coletapreco.parse.dados.CategoriaLojaDadosParse.finalizacaoOkDetalhe(CategoriaLojaDadosParse.java:53)
	at coletapreco.parse.callback.basico.CategoriaLojaDetalheCallbackHtmlBase.finalizacaoOk(CategoriaLojaDetalheCallbackHtmlBase.java:72)
	at br.com.digicom.parse.ExecutadorParseApache.main(ExecutadorParseApache.java:109)
	at br.com.digicom.parse.ExecutadorParseApache.executa(ExecutadorParseApache.java:64)
	at coletapreco.parse.regracolecaoadaptador.CategoriaLojaRegraColecaoAdaptador.atualizaDetalhe(CategoriaLojaRegraColecaoAdaptador.java:100)
	at coletapreco.regracolecao.impl.LojaVirtualRegraColecaoImpl.ExecutaNaturezaLoja(LojaVirtualRegraColecaoImpl.java:133)
	at coletapreco.regracolecao.impl.LojaVirtualRegraColecaoImpl.atualizaNatureza(LojaVirtualRegraColecaoImpl.java:92)
	at coletapreco.regracolecao.impl.LojaVirtualRegraColecaoImpl.AtualizaCosmetico(LojaVirtualRegraColecaoImpl.java:276)
	at coletapreco.regracolecao.LojaVirtualRegraColecao.AtualizaCosmetico(LojaVirtualRegraColecao.java:190)
	at coletapreco.desen.ColetaCosmeticoApp.main(ColetaCosmeticoApp.java:15)
