(13:56:21) Loja:Revenda de Cosméticos
(13:56:40) Categoria:Boca
(13:56:40) CategoriaLoja(detalhe):CategoriaLoja {IdCategoriaLoja:1570;Nome:Boca;Url:https://www.revendadecosmeticos.com.br/boca.html?dir=asc&limit=48&order=popular;DataInclusao:24-07-2019;IdCategoriaLojaF:0;IdNaturezaProdutoRa:26;IdLojaVirtualPa:26;}
(13:56:41) URL: https://www.revendadecosmeticos.com.br/boca.html?dir=asc&limit=48&order=popular
(13:56:59) Produto: Diluidor de Maquiagem Makeup Restore Face Beautiful ( https://www.revendadecosmeticos.com.br/boca/diluidor-de-maquiagem-makeup-restore-face-beautiful.html )  cont: 1
(13:56:59) Produto existe (id:1033828)
(13:57:51) Preço Produto: Venda: 13,25 ( 0 x 0,00 ) Id PrecoProduto: 0
(13:57:53) Preçco mais recente: Venda: 13,25 ( 0 x 0,00 ) Id PrecoProduto: 6036621
(13:57:53) Mesmo preço
(13:59:18) Loja:Revenda de Cosméticos
(13:59:35) Categoria:Boca
(13:59:35) CategoriaLoja(detalhe):CategoriaLoja {IdCategoriaLoja:1570;Nome:Boca;Url:https://www.revendadecosmeticos.com.br/boca.html?dir=asc&limit=48&order=popular;DataInclusao:24-07-2019;IdCategoriaLojaF:0;IdNaturezaProdutoRa:26;IdLojaVirtualPa:26;}
(13:59:36) URL: https://www.revendadecosmeticos.com.br/boca.html?dir=asc&limit=48&order=popular
(13:59:45) Produto: Diluidor de Maquiagem Makeup Restore Face Beautiful ( https://www.revendadecosmeticos.com.br/boca/diluidor-de-maquiagem-makeup-restore-face-beautiful.html )  cont: 1
(13:59:46) Produto existe (id:1033828)
(13:59:49) Preço Produto: Venda: 13,25 ( 0 x 0,00 ) Id PrecoProduto: 0
(13:59:51) Preçco mais recente: Venda: 13,25 ( 0 x 0,00 ) Id PrecoProduto: 6036621
(13:59:51) Mesmo preço
(14:01:44) Loja:Revenda de Cosméticos
(14:02:01) Categoria:Boca
(14:02:01) CategoriaLoja(detalhe):CategoriaLoja {IdCategoriaLoja:1570;Nome:Boca;Url:https://www.revendadecosmeticos.com.br/boca.html?dir=asc&limit=48&order=popular;DataInclusao:24-07-2019;IdCategoriaLojaF:0;IdNaturezaProdutoRa:26;IdLojaVirtualPa:26;}
(14:02:01) URL: https://www.revendadecosmeticos.com.br/boca.html?dir=asc&limit=48&order=popular
(14:02:10) Produto: Diluidor de Maquiagem Makeup Restore Face Beautiful ( https://www.revendadecosmeticos.com.br/boca/diluidor-de-maquiagem-makeup-restore-face-beautiful.html )  cont: 1
(14:02:11) Produto existe (id:1033828)
(14:02:12) Preço Produto: Venda: 13,25 ( 0 x 0,00 ) Id PrecoProduto: 0
(14:02:16) Preçco mais recente: Venda: 13,25 ( 0 x 0,00 ) Id PrecoProduto: 6036621
(14:02:16) Mesmo preço
(15:10:15) Loja:Revenda de Cosméticos
(15:10:32) Categoria:Boca
(15:10:32) CategoriaLoja(detalhe):CategoriaLoja {IdCategoriaLoja:1570;Nome:Boca;Url:https://www.revendadecosmeticos.com.br/boca.html?dir=asc&limit=48&order=popular;DataInclusao:24-07-2019;IdCategoriaLojaF:0;IdNaturezaProdutoRa:26;IdLojaVirtualPa:26;}
(15:10:33) URL: https://www.revendadecosmeticos.com.br/boca.html?dir=asc&limit=48&order=popular
(15:10:53) Produto: Diluidor de Maquiagem Makeup Restore Face Beautiful ( https://www.revendadecosmeticos.com.br/boca/diluidor-de-maquiagem-makeup-restore-face-beautiful.html )  cont: 1
(15:10:57) Produto existe (id:1033828)
(15:11:19) Preço Produto: Venda: 13,25 ( 0 x 0,00 ) Id PrecoProduto: 0
(15:12:36) Preçco mais recente: Venda: 13,25 ( 0 x 0,00 ) Id PrecoProduto: 6036621
(15:12:36) Mesmo preço
(15:12:47) Produto: Batom Liquido Ruby Rose HB-8213 - Kit com 6 unidades Cores Sortidas ( https://www.revendadecosmeticos.com.br/boca/batom-liquido-ruby-rose-hb-8213-kit-com-6-unidades-cores-sortidas.html )  cont: 2
(15:12:48) Produto existe (id:1033829)
(15:12:55) Preço Produto: Venda: 42,15 ( 0 x 0,00 ) Id PrecoProduto: 0
(15:17:58) Preçco mais recente: Venda: 42,15 ( 0 x 0,00 ) Id PrecoProduto: 6036622
(15:17:58) Mesmo preço
(15:18:16) Produto: Batom Líquido Matte Adversa Coleção Manda Nudes - Kit com 6 unidades Cores Sortidas ( https://www.revendadecosmeticos.com.br/boca/batom-liquido-matte-adversa-colec-o-manda-nudes-kit-com-6-unidades-cores-sortidas.html )  cont: 3
(15:18:19) Produto existe (id:1033830)
(15:18:30) Preço Produto: Venda: 44,94 ( 0 x 0,00 ) Id PrecoProduto: 0
(15:20:35) Loja:Revenda de Cosméticos
(15:20:51) Categoria:Boca
(15:20:51) CategoriaLoja(detalhe):CategoriaLoja {IdCategoriaLoja:1570;Nome:Boca;Url:https://www.revendadecosmeticos.com.br/boca.html?dir=asc&limit=48&order=popular;DataInclusao:24-07-2019;IdCategoriaLojaF:0;IdNaturezaProdutoRa:26;IdLojaVirtualPa:26;}
(15:20:52) URL: https://www.revendadecosmeticos.com.br/boca.html?dir=asc&limit=48&order=popular
(15:21:04) Produto: Diluidor de Maquiagem Makeup Restore Face Beautiful ( https://www.revendadecosmeticos.com.br/boca/diluidor-de-maquiagem-makeup-restore-face-beautiful.html )  cont: 1
(15:21:04) Produto existe (id:1033828)
(15:21:11) Preço Produto: Venda: 13,25 ( 0 x 0,00 ) Id PrecoProduto: 0
(15:21:33) Loja:Revenda de Cosméticos
(15:21:52) Categoria:Boca
(15:21:52) CategoriaLoja(detalhe):CategoriaLoja {IdCategoriaLoja:1570;Nome:Boca;Url:https://www.revendadecosmeticos.com.br/boca.html?dir=asc&limit=48&order=popular;DataInclusao:24-07-2019;IdCategoriaLojaF:0;IdNaturezaProdutoRa:26;IdLojaVirtualPa:26;}
(15:21:52) URL: https://www.revendadecosmeticos.com.br/boca.html?dir=asc&limit=48&order=popular
(15:22:01) Produto: Diluidor de Maquiagem Makeup Restore Face Beautiful ( https://www.revendadecosmeticos.com.br/boca/diluidor-de-maquiagem-makeup-restore-face-beautiful.html )  cont: 1
(15:22:02) Produto existe (id:1033828)
(15:22:03) Preço Produto: Venda: 13,25 ( 0 x 0,00 ) Id PrecoProduto: 0
(15:23:03) Não existe preço
(15:23:11) Produto: Batom Liquido Ruby Rose HB-8213 - Kit com 6 unidades Cores Sortidas ( https://www.revendadecosmeticos.com.br/boca/batom-liquido-ruby-rose-hb-8213-kit-com-6-unidades-cores-sortidas.html )  cont: 2
(15:23:12) Produto existe (id:1033829)
(15:23:14) Preço Produto: Venda: 42,15 ( 0 x 0,00 ) Id PrecoProduto: 0
(15:25:02) Loja:Revenda de Cosméticos
(15:25:28) Loja:Revenda de Cosméticos
(15:25:46) Categoria:Boca
(15:25:46) CategoriaLoja(detalhe):CategoriaLoja {IdCategoriaLoja:1570;Nome:Boca;Url:https://www.revendadecosmeticos.com.br/boca.html?dir=asc&limit=48&order=popular;DataInclusao:24-07-2019;IdCategoriaLojaF:0;IdNaturezaProdutoRa:26;IdLojaVirtualPa:26;}
(15:25:47) URL: https://www.revendadecosmeticos.com.br/boca.html?dir=asc&limit=48&order=popular
(15:26:01) Produto: Diluidor de Maquiagem Makeup Restore Face Beautiful ( https://www.revendadecosmeticos.com.br/boca/diluidor-de-maquiagem-makeup-restore-face-beautiful.html )  cont: 1
(15:26:02) Produto existe (id:1033828)
(15:26:06) Preço Produto: Venda: 13,25 ( 0 x 0,00 ) Id PrecoProduto: 0
(15:26:43) Loja:Revenda de Cosméticos
(15:27:00) Categoria:Boca
(15:27:00) CategoriaLoja(detalhe):CategoriaLoja {IdCategoriaLoja:1570;Nome:Boca;Url:https://www.revendadecosmeticos.com.br/boca.html?dir=asc&limit=48&order=popular;DataInclusao:24-07-2019;IdCategoriaLojaF:0;IdNaturezaProdutoRa:26;IdLojaVirtualPa:26;}
(15:27:00) URL: https://www.revendadecosmeticos.com.br/boca.html?dir=asc&limit=48&order=popular
(15:27:03) Produto: Diluidor de Maquiagem Makeup Restore Face Beautiful ( https://www.revendadecosmeticos.com.br/boca/diluidor-de-maquiagem-makeup-restore-face-beautiful.html )  cont: 1
(15:27:03) Produto existe (id:1033828)
(15:27:03) Preço Produto: Venda: 13,25 ( 0 x 0,00 ) Id PrecoProduto: 0
(15:28:12) Loja:Revenda de Cosméticos
(15:28:31) Categoria:Boca
(15:28:31) CategoriaLoja(detalhe):CategoriaLoja {IdCategoriaLoja:1570;Nome:Boca;Url:https://www.revendadecosmeticos.com.br/boca.html?dir=asc&limit=48&order=popular;DataInclusao:24-07-2019;IdCategoriaLojaF:0;IdNaturezaProdutoRa:26;IdLojaVirtualPa:26;}
(15:28:32) URL: https://www.revendadecosmeticos.com.br/boca.html?dir=asc&limit=48&order=popular
(15:28:40) Loja:Revenda de Cosméticos
(15:28:59) Categoria:Boca
(15:28:59) CategoriaLoja(detalhe):CategoriaLoja {IdCategoriaLoja:1570;Nome:Boca;Url:https://www.revendadecosmeticos.com.br/boca.html?dir=asc&limit=48&order=popular;DataInclusao:24-07-2019;IdCategoriaLojaF:0;IdNaturezaProdutoRa:26;IdLojaVirtualPa:26;}
(15:29:00) URL: https://www.revendadecosmeticos.com.br/boca.html?dir=asc&limit=48&order=popular
(15:29:05) Produto: Diluidor de Maquiagem Makeup Restore Face Beautiful ( https://www.revendadecosmeticos.com.br/boca/diluidor-de-maquiagem-makeup-restore-face-beautiful.html )  cont: 1
(15:29:06) Produto existe (id:1033828)
(15:29:06) Preço Produto: Venda: 13,25 ( 0 x 0,00 ) Id PrecoProduto: 0
(15:30:46) Loja:Revenda de Cosméticos
(15:31:05) Categoria:Boca
(15:31:05) CategoriaLoja(detalhe):CategoriaLoja {IdCategoriaLoja:1570;Nome:Boca;Url:https://www.revendadecosmeticos.com.br/boca.html?dir=asc&limit=48&order=popular;DataInclusao:24-07-2019;IdCategoriaLojaF:0;IdNaturezaProdutoRa:26;IdLojaVirtualPa:26;}
(15:31:06) URL: https://www.revendadecosmeticos.com.br/boca.html?dir=asc&limit=48&order=popular
(15:31:11) Produto: Diluidor de Maquiagem Makeup Restore Face Beautiful ( https://www.revendadecosmeticos.com.br/boca/diluidor-de-maquiagem-makeup-restore-face-beautiful.html )  cont: 1
(15:31:11) Produto existe (id:1033828)
(15:31:11) Preço Produto: Venda: 13,25 ( 0 x 0,00 ) Id PrecoProduto: 0
(15:33:04) Loja:Revenda de Cosméticos
(15:33:22) Categoria:Boca
(15:33:22) CategoriaLoja(detalhe):CategoriaLoja {IdCategoriaLoja:1570;Nome:Boca;Url:https://www.revendadecosmeticos.com.br/boca.html?dir=asc&limit=48&order=popular;DataInclusao:24-07-2019;IdCategoriaLojaF:0;IdNaturezaProdutoRa:26;IdLojaVirtualPa:26;}
(15:33:23) URL: https://www.revendadecosmeticos.com.br/boca.html?dir=asc&limit=48&order=popular
(15:33:28) Produto: Diluidor de Maquiagem Makeup Restore Face Beautiful ( https://www.revendadecosmeticos.com.br/boca/diluidor-de-maquiagem-makeup-restore-face-beautiful.html )  cont: 1
(15:33:28) Produto existe (id:1033828)
(15:33:28) Preço Produto: Venda: 13,25 ( 0 x 0,00 ) Id PrecoProduto: 0
(15:34:20) Loja:Revenda de Cosméticos
(15:34:38) Categoria:Boca
(15:34:38) CategoriaLoja(detalhe):CategoriaLoja {IdCategoriaLoja:1570;Nome:Boca;Url:https://www.revendadecosmeticos.com.br/boca.html?dir=asc&limit=48&order=popular;DataInclusao:24-07-2019;IdCategoriaLojaF:0;IdNaturezaProdutoRa:26;IdLojaVirtualPa:26;}
(15:34:39) URL: https://www.revendadecosmeticos.com.br/boca.html?dir=asc&limit=48&order=popular
(15:34:42) Produto: Diluidor de Maquiagem Makeup Restore Face Beautiful ( https://www.revendadecosmeticos.com.br/boca/diluidor-de-maquiagem-makeup-restore-face-beautiful.html )  cont: 1
(15:34:42) Produto existe (id:1033828)
(15:34:42) Preço Produto: Venda: 13,25 ( 0 x 0,00 ) Id PrecoProduto: 0
(15:38:42) Loja:Revenda de Cosméticos
(15:38:53) Loja:Revenda de Cosméticos
(15:39:00) Categoria:Boca
(15:39:00) CategoriaLoja(detalhe):CategoriaLoja {IdCategoriaLoja:1570;Nome:Boca;Url:https://www.revendadecosmeticos.com.br/boca.html?dir=asc&limit=48&order=popular;DataInclusao:24-07-2019;IdCategoriaLojaF:0;IdNaturezaProdutoRa:26;IdLojaVirtualPa:26;}
(15:39:01) URL: https://www.revendadecosmeticos.com.br/boca.html?dir=asc&limit=48&order=popular
(15:39:07) Produto: Diluidor de Maquiagem Makeup Restore Face Beautiful ( https://www.revendadecosmeticos.com.br/boca/diluidor-de-maquiagem-makeup-restore-face-beautiful.html )  cont: 1
(15:39:16) Categoria:Boca
(15:39:16) CategoriaLoja(detalhe):CategoriaLoja {IdCategoriaLoja:1570;Nome:Boca;Url:https://www.revendadecosmeticos.com.br/boca.html?dir=asc&limit=48&order=popular;DataInclusao:24-07-2019;IdCategoriaLojaF:0;IdNaturezaProdutoRa:26;IdLojaVirtualPa:26;}
(15:39:17) Produto existe (id:1033828)
(15:39:17) Preço Produto: Venda: 13,25 ( 0 x 0,00 ) Id PrecoProduto: 0
(15:39:17) URL: https://www.revendadecosmeticos.com.br/boca.html?dir=asc&limit=48&order=popular
(15:39:20) Produto: Diluidor de Maquiagem Makeup Restore Face Beautiful ( https://www.revendadecosmeticos.com.br/boca/diluidor-de-maquiagem-makeup-restore-face-beautiful.html )  cont: 1
(15:39:21) Produto existe (id:1033828)
(15:39:21) Preço Produto: Venda: 13,25 ( 0 x 0,00 ) Id PrecoProduto: 0
(15:43:10) Loja:Revenda de Cosméticos
(15:43:27) Categoria:Boca
(15:43:27) CategoriaLoja(detalhe):CategoriaLoja {IdCategoriaLoja:1570;Nome:Boca;Url:https://www.revendadecosmeticos.com.br/boca.html?dir=asc&limit=48&order=popular;DataInclusao:24-07-2019;IdCategoriaLojaF:0;IdNaturezaProdutoRa:26;IdLojaVirtualPa:26;}
(15:43:28) URL: https://www.revendadecosmeticos.com.br/boca.html?dir=asc&limit=48&order=popular
(15:43:33) Produto: Diluidor de Maquiagem Makeup Restore Face Beautiful ( https://www.revendadecosmeticos.com.br/boca/diluidor-de-maquiagem-makeup-restore-face-beautiful.html )  cont: 1
(15:43:33) Produto existe (id:1033828)
(15:43:33) Preço Produto: Venda: 13,25 ( 0 x 0,00 ) Id PrecoProduto: 0
