(13:06:02) CategoriaLoja(detalhe):CategoriaLoja {IdCategoriaLoja:999;Nome:Teste;Url:https://www.americanas.com.br/categoria/beleza-e-perfumaria/maquiagem/labios?ordenacao=topSelling;DataInclusao:2019-07-19;IdCategoriaLojaF:0;IdNaturezaProdutoRa:0;IdLojaVirtualPa:0;}
(13:06:04) URL: https://www.americanas.com.br/categoria/beleza-e-perfumaria/maquiagem/labios?ordenacao=topSelling
(13:07:24) CategoriaLoja(detalhe):CategoriaLoja {IdCategoriaLoja:999;Nome:Teste;Url:https://www.americanas.com.br/categoria/beleza-e-perfumaria/maquiagem/labios?ordenacao=topSelling;DataInclusao:2019-07-19;IdCategoriaLojaF:0;IdNaturezaProdutoRa:0;IdLojaVirtualPa:0;}
(13:07:25) URL: https://www.americanas.com.br/categoria/beleza-e-perfumaria/maquiagem/labios?ordenacao=topSelling
(13:07:27) Produto: Irrigador Oral Portátil Waterpik Cordless Wf02b Azul E Branco ( https://www.americanas.com.br/produto/35182343?pfm_carac=L%C3%A1bios&pfm_index=0&pfm_page=category&pfm_pos=grid&pfm_type=vit_product_grid&sellerId )  cont: 1
(13:07:28) Produto existe (id:1048328)
(13:07:28) Preço Produto: Venda: 319,90 ( 0 x 0,00 ) Id PrecoProduto: 0
(13:07:28) Preçco mais recente: Venda: 299,99 ( 0 x 0,00 ) Id PrecoProduto: 6071865
(13:07:28) Mudança de preço
(13:07:28) Mudança de preço (Ajuste:-6.6368895)
(13:07:29) Produto: Paleta De Sombras Océane Mariana Saad 9 Shades - 769530 ( https://www.americanas.com.br/produto/48896010?pfm_carac=L%C3%A1bios&pfm_index=1&pfm_page=category&pfm_pos=grid&pfm_type=vit_product_grid&sellerId )  cont: 2
(13:07:30) Produto nao existe
(13:07:30) Codigo Produto:1077325
(13:07:30) Preço Produto: Venda: 59,90 ( 0 x 0,00 ) Id PrecoProduto: 0
(13:07:30) Não existe preço
(13:07:30) Produto: Batom Tinta Dna Italy Love Lip Color 10ml Cor Love Red 1und ( https://www.americanas.com.br/produto/49934433?pfm_carac=L%C3%A1bios&pfm_index=2&pfm_page=category&pfm_pos=grid&pfm_type=vit_product_grid&sellerId )  cont: 3
(13:07:31) Produto nao existe
(13:07:31) Codigo Produto:1077326
(13:07:31) Preço Produto: Venda: 9,00 ( 0 x 0,00 ) Id PrecoProduto: 0
(13:07:31) Não existe preço
(13:07:31) Produto: Batom Líquido Bordo Efeito Matte Forever Liss - 6g ( https://www.americanas.com.br/produto/83067709?pfm_carac=L%C3%A1bios&pfm_index=3&pfm_page=category&pfm_pos=grid&pfm_type=vit_product_grid&sellerId )  cont: 4
(13:07:31) Produto nao existe
(13:07:31) Codigo Produto:1077327
(13:07:31) Preço Produto: Venda: 24,99 ( 0 x 0,00 ) Id PrecoProduto: 0
(13:07:31) Não existe preço
(13:07:31) Produto: Máscara Haskell Cachos Sim 250g ( https://www.americanas.com.br/produto/82998273?pfm_carac=L%C3%A1bios&pfm_index=4&pfm_page=category&pfm_pos=grid&pfm_type=vit_product_grid&sellerId )  cont: 5
(13:07:32) Produto nao existe
(13:07:32) Codigo Produto:1077328
(13:07:32) Preço Produto: Venda: 36,15 ( 0 x 0,00 ) Id PrecoProduto: 0
(13:07:32) Não existe preço
(13:07:33) Produto: Máscara Haskell Mandioca Afro 250g ( https://www.americanas.com.br/produto/82998258?pfm_carac=L%C3%A1bios&pfm_index=5&pfm_page=category&pfm_pos=grid&pfm_type=vit_product_grid&sellerId )  cont: 6
(13:07:33) Produto existe (id:1050761)
(13:07:33) Preço Produto: Venda: 31,19 ( 0 x 0,00 ) Id PrecoProduto: 0
(13:07:33) Preçco mais recente: Venda: 31,19 ( 0 x 0,00 ) Id PrecoProduto: 6050484
(13:07:33) Mesmo preço
(13:07:34) Produto: Tom Ford Lip Color - # 84 Exotica 3g/0.1oz ( https://www.americanas.com.br/produto/68548574?pfm_carac=L%C3%A1bios&pfm_index=6&pfm_page=category&pfm_pos=grid&pfm_type=vit_product_grid&sellerId )  cont: 7
(13:07:34) Produto nao existe
(13:07:34) Codigo Produto:1077329
(13:07:34) Preço Produto: Venda: 290,37 ( 0 x 0,00 ) Id PrecoProduto: 0
(13:07:34) Não existe preço
(13:07:35) Produto: Gloss Labial ( https://www.americanas.com.br/produto/82861453?pfm_carac=L%C3%A1bios&pfm_index=7&pfm_page=category&pfm_pos=grid&pfm_type=vit_product_grid&sellerId )  cont: 8
(13:07:35) Produto nao existe
(13:07:35) Codigo Produto:1077330
(13:07:35) Preço Produto: Venda: 14,90 ( 0 x 0,00 ) Id PrecoProduto: 0
(13:07:35) Não existe preço
(13:07:35) Produto: Batom Quenn Cores ( https://www.americanas.com.br/produto/82866947?pfm_carac=L%C3%A1bios&pfm_index=8&pfm_page=category&pfm_pos=grid&pfm_type=vit_product_grid&sellerId )  cont: 9
(13:07:36) Produto nao existe
(13:07:36) Codigo Produto:1077331
(13:07:36) Preço Produto: Venda: 16,90 ( 0 x 0,00 ) Id PrecoProduto: 0
(13:07:36) Não existe preço
(13:07:36) Produto: Batom Marchetti Matte Collection - 221 ( https://www.americanas.com.br/produto/82530472?pfm_carac=L%C3%A1bios&pfm_index=9&pfm_page=category&pfm_pos=grid&pfm_type=vit_product_grid&sellerId )  cont: 10
(13:07:37) Produto nao existe
(13:07:37) Codigo Produto:1077332
(13:07:37) Preço Produto: Venda: 21,51 ( 0 x 0,00 ) Id PrecoProduto: 0
(13:07:37) Não existe preço
(13:07:37) Produto: Kit Lip Tint Love Red + Love Cherry Dna Color ( https://www.americanas.com.br/produto/82627273?pfm_carac=L%C3%A1bios&pfm_index=10&pfm_page=category&pfm_pos=grid&pfm_type=vit_product_grid&sellerId )  cont: 11
(13:07:38) Produto nao existe
(13:07:38) Codigo Produto:1077333
(13:07:38) Preço Produto: Venda: 34,68 ( 0 x 0,00 ) Id PrecoProduto: 0
(13:07:38) Não existe preço
(13:07:38) Produto: Batom Marchetti Fps 30 - 1004 ( https://www.americanas.com.br/produto/82524104?pfm_carac=L%C3%A1bios&pfm_index=11&pfm_page=category&pfm_pos=grid&pfm_type=vit_product_grid&sellerId )  cont: 12
(13:07:39) Produto nao existe
(13:07:39) Codigo Produto:1077334
(13:07:39) Preço Produto: Venda: 21,51 ( 0 x 0,00 ) Id PrecoProduto: 0
(13:07:39) Não existe preço
(13:07:39) Produto: Batom Marchetti Matte Collection - 211 ( https://www.americanas.com.br/produto/82530574?pfm_carac=L%C3%A1bios&pfm_index=12&pfm_page=category&pfm_pos=grid&pfm_type=vit_product_grid&sellerId )  cont: 13
(13:07:40) Produto nao existe
(13:07:40) Codigo Produto:1077335
(13:07:40) Preço Produto: Venda: 21,51 ( 0 x 0,00 ) Id PrecoProduto: 0
(13:07:40) Não existe preço
(13:07:40) Produto: Batom Marchetti Matte Collection - 219 ( https://www.americanas.com.br/produto/82530501?pfm_carac=L%C3%A1bios&pfm_index=13&pfm_page=category&pfm_pos=grid&pfm_type=vit_product_grid&sellerId )  cont: 14
(13:07:40) Produto nao existe
(13:07:40) Codigo Produto:1077336
(13:07:40) Preço Produto: Venda: 21,51 ( 0 x 0,00 ) Id PrecoProduto: 0
(13:07:40) Não existe preço
(13:07:40) Produto: Batom Marchetti Matte Collection - 215 ( https://www.americanas.com.br/produto/82530550?pfm_carac=L%C3%A1bios&pfm_index=14&pfm_page=category&pfm_pos=grid&pfm_type=vit_product_grid&sellerId )  cont: 15
(13:07:41) Produto nao existe
(13:07:41) Codigo Produto:1077337
(13:07:41) Preço Produto: Venda: 21,51 ( 0 x 0,00 ) Id PrecoProduto: 0
(13:07:41) Não existe preço
(13:07:41) Produto: Batom Marchetti Matte Collection - 208 ( https://www.americanas.com.br/produto/82530616?pfm_carac=L%C3%A1bios&pfm_index=15&pfm_page=category&pfm_pos=grid&pfm_type=vit_product_grid&sellerId )  cont: 16
(13:07:42) Produto nao existe
(13:07:42) Codigo Produto:1077338
(13:07:42) Preço Produto: Venda: 21,51 ( 0 x 0,00 ) Id PrecoProduto: 0
(13:07:42) Não existe preço
(13:07:42) Produto: Laura Mercier Creme Smooth Lip Colour - # Biscotti 4g/0.14oz ( https://www.americanas.com.br/produto/68551753?pfm_carac=L%C3%A1bios&pfm_index=16&pfm_page=category&pfm_pos=grid&pfm_type=vit_product_grid&sellerId )  cont: 17
(13:07:43) Produto nao existe
(13:07:43) Codigo Produto:1077339
(13:07:43) Preço Produto: Venda: 193,58 ( 0 x 0,00 ) Id PrecoProduto: 0
(13:07:43) Não existe preço
(13:07:43) Produto: Laura Mercier Batom Creme Smooth Lip Colour - # Brigitte 4g/0.14oz ( https://www.americanas.com.br/produto/68552129?pfm_carac=L%C3%A1bios&pfm_index=17&pfm_page=category&pfm_pos=grid&pfm_type=vit_product_grid&sellerId )  cont: 18
(13:07:44) Produto nao existe
(13:07:44) Codigo Produto:1077340
(13:07:44) Preço Produto: Venda: 193,18 ( 0 x 0,00 ) Id PrecoProduto: 0
(13:07:44) Não existe preço
(13:07:44) Produto: Yves Saint Laurent Batom Rouge Volupte Shine - # 8 Pink In Confidence/ Pink Blouson 4.5g/0.15oz ( https://www.americanas.com.br/produto/69208984?pfm_carac=L%C3%A1bios&pfm_index=18&pfm_page=category&pfm_pos=grid&pfm_type=vit_product_grid&sellerId )  cont: 19
(13:07:45) Produto nao existe
(13:07:45) Codigo Produto:1077341
(13:07:45) Preço Produto: Venda: 201,96 ( 0 x 0,00 ) Id PrecoProduto: 0
(13:07:45) Não existe preço
(13:07:45) Produto: Burberry Burberry Kisses Hydrating Lip Colour - # No. 01 Nude Beige ( https://www.americanas.com.br/produto/77883678?pfm_carac=L%C3%A1bios&pfm_index=19&pfm_page=category&pfm_pos=grid&pfm_type=vit_product_grid&sellerId )  cont: 20
(13:07:46) Produto nao existe
(13:07:46) Codigo Produto:1077342
(13:07:46) Preço Produto: Venda: 121,19 ( 0 x 0,00 ) Id PrecoProduto: 0
(13:07:46) Não existe preço
(13:07:46) Produto: Giorgio Armani Batom Rouge Ecstasy - # 301 Gio ( https://www.americanas.com.br/produto/69199538?pfm_carac=L%C3%A1bios&pfm_index=20&pfm_page=category&pfm_pos=grid&pfm_type=vit_product_grid&sellerId )  cont: 21
(13:07:47) Produto existe (id:1050528)
(13:07:47) Preço Produto: Venda: 193,40 ( 0 x 0,00 ) Id PrecoProduto: 0
(13:07:47) Preçco mais recente: Venda: 182,60 ( 0 x 0,00 ) Id PrecoProduto: 6050238
(13:07:47) Mudança de preço
(13:07:47) Mudança de preço (Ajuste:-5.9145603)
(13:07:47) Produto: Tom Ford Lip Color - # 77 Dangerous Beauty 3g/0.1oz ( https://www.americanas.com.br/produto/68545608?pfm_carac=L%C3%A1bios&pfm_index=21&pfm_page=category&pfm_pos=grid&pfm_type=vit_product_grid&sellerId )  cont: 22
(13:07:48) Produto nao existe
(13:07:48) Codigo Produto:1077343
(13:07:48) Preço Produto: Venda: 290,37 ( 0 x 0,00 ) Id PrecoProduto: 0
(13:07:48) Não existe preço
(13:07:48) Produto: Yves Saint Laurent Batom Rouge Pur Couture Vernis A Levres Glossy Stain - # 9 Rouge Laque 6ml/0.2oz ( https://www.americanas.com.br/produto/69199945?pfm_carac=L%C3%A1bios&pfm_index=22&pfm_page=category&pfm_pos=grid&pfm_type=vit_product_grid&sellerId )  cont: 23
(13:07:49) Produto nao existe
(13:07:49) Codigo Produto:1077344
(13:07:49) Preço Produto: Venda: 193,58 ( 0 x 0,00 ) Id PrecoProduto: 0
(13:07:49) Não existe preço
(13:07:49) Produto: Yves Saint Laurent Batom Rouge Volupte Shine - # 16 Orange Impertinent/ Oragne Majorelle 4.5g/0.15oz ( https://www.americanas.com.br/produto/69206155?pfm_carac=L%C3%A1bios&pfm_index=23&pfm_page=category&pfm_pos=grid&pfm_type=vit_product_grid&sellerId )  cont: 24
(13:07:50) Produto nao existe
(13:07:50) Codigo Produto:1077345
(13:07:50) Preço Produto: Venda: 202,38 ( 0 x 0,00 ) Id PrecoProduto: 0
(13:07:50) Não existe preço
(13:07:52) Produto: Senhora Rosa 12 Cores Brilho Labial Brilho Líquido Batom Fosco À Prova D água Lipgloss Metálico ( https://www.americanas.com.br/produto/87955859?pfm_carac=L%C3%A1bios&pfm_index=0&pfm_page=category&pfm_pos=grid&pfm_type=vit_product_grid&sellerId )  cont: 25
(13:07:53) Produto nao existe
(13:07:53) Codigo Produto:1077346
(13:07:53) Preço Produto: Venda: 53,10 ( 0 x 0,00 ) Id PrecoProduto: 0
(13:07:53) Não existe preço
(13:07:53) Produto: Tracta - Batom Líquido Matte Poesia 36 ( https://www.americanas.com.br/produto/87886962?pfm_carac=L%C3%A1bios&pfm_index=1&pfm_page=category&pfm_pos=grid&pfm_type=vit_product_grid&sellerId )  cont: 26
(13:07:53) Produto nao existe
(13:07:53) Codigo Produto:1077347
(13:07:53) Preço Produto: Venda: 12,99 ( 0 x 0,00 ) Id PrecoProduto: 0
(13:07:53) Não existe preço
(13:07:54) Produto: Vult Make Up - Batom Matte N° 10 ( https://www.americanas.com.br/produto/87884180?pfm_carac=L%C3%A1bios&pfm_index=2&pfm_page=category&pfm_pos=grid&pfm_type=vit_product_grid&sellerId )  cont: 27
(13:07:54) Produto nao existe
(13:07:54) Codigo Produto:1077348
(13:07:54) Preço Produto: Venda: 18,00 ( 0 x 0,00 ) Id PrecoProduto: 0
(13:07:54) Não existe preço
(13:07:54) Produto: Lip Stick Matte Toque De Natureza:01 ( https://www.americanas.com.br/produto/87863894?pfm_carac=L%C3%A1bios&pfm_index=3&pfm_page=category&pfm_pos=grid&pfm_type=vit_product_grid&sellerId )  cont: 28
(13:07:55) Produto nao existe
(13:07:55) Codigo Produto:1077349
(13:07:55) Preço Produto: Venda: 23,00 ( 0 x 0,00 ) Id PrecoProduto: 0
(13:07:55) Não existe preço
(13:07:55) Produto: Tracta - Batom Líquido Matte Fada 41 ( https://www.americanas.com.br/produto/87885942?pfm_carac=L%C3%A1bios&pfm_index=4&pfm_page=category&pfm_pos=grid&pfm_type=vit_product_grid&sellerId )  cont: 29
(13:07:56) Produto nao existe
(13:07:56) Codigo Produto:1077350
(13:07:56) Preço Produto: Venda: 12,99 ( 0 x 0,00 ) Id PrecoProduto: 0
(13:07:56) Não existe preço
(13:07:56) Produto: Tracta - Batom Líquido Matte Intenso 42 ( https://www.americanas.com.br/produto/87880736?pfm_carac=L%C3%A1bios&pfm_index=5&pfm_page=category&pfm_pos=grid&pfm_type=vit_product_grid&sellerId )  cont: 30
(13:07:57) Produto nao existe
(13:07:57) Codigo Produto:1077351
(13:07:57) Preço Produto: Venda: 12,99 ( 0 x 0,00 ) Id PrecoProduto: 0
(13:07:57) Não existe preço
(13:07:57) Produto: Lábio Cuidado Batom Beleza Macarons Sorvete Doce Lábio Bálsamo Duradoura Hidratante Nutritivo Fa ( https://www.americanas.com.br/produto/87748568?pfm_carac=L%C3%A1bios&pfm_index=6&pfm_page=category&pfm_pos=grid&pfm_type=vit_product_grid&sellerId )  cont: 31
(13:07:58) Produto nao existe
(13:07:58) Codigo Produto:1077352
(13:07:58) Preço Produto: Venda: 53,10 ( 0 x 0,00 ) Id PrecoProduto: 0
(13:07:58) Não existe preço
(13:07:58) Produto: Batom Líquido Matte Griffty - 08 ( https://www.americanas.com.br/produto/88021254?pfm_carac=L%C3%A1bios&pfm_index=7&pfm_page=category&pfm_pos=grid&pfm_type=vit_product_grid&sellerId )  cont: 32
(13:07:59) Produto existe (id:1061391)
(13:07:59) Preço Produto: Venda: 14,99 ( 0 x 0,00 ) Id PrecoProduto: 0
(13:07:59) Preçco mais recente: Venda: 14,99 ( 0 x 0,00 ) Id PrecoProduto: 6061778
(13:07:59) Mesmo preço
(13:07:59) Produto: Miss Rose 12 Cores Batom Líquido Matte Lip Gloss Nude Lábio Matiz Maquiagem À Prova D  água Bat ( https://www.americanas.com.br/produto/87938089?pfm_carac=L%C3%A1bios&pfm_index=8&pfm_page=category&pfm_pos=grid&pfm_type=vit_product_grid&sellerId )  cont: 33
(13:08:00) Produto nao existe
(13:08:00) Codigo Produto:1077353
(13:08:00) Preço Produto: Venda: 54,66 ( 0 x 0,00 ) Id PrecoProduto: 0
(13:08:00) Não existe preço
(13:08:00) Produto: 12 Pcs / Set Elegante Sexy Matte Lip Liner Nature Longa Duração Sets Hidratante Lip Gloss ( https://www.americanas.com.br/produto/88063847?pfm_carac=L%C3%A1bios&pfm_index=9&pfm_page=category&pfm_pos=grid&pfm_type=vit_product_grid&sellerId )  cont: 34
(13:08:00) Produto nao existe
(13:08:00) Codigo Produto:1077354
(13:08:00) Preço Produto: Venda: 48,57 ( 0 x 0,00 ) Id PrecoProduto: 0
(13:08:00) Não existe preço
(13:08:00) Produto: Maxdonas Maquiagem Batom Fosco À Prova D  água De Longa Duração Batons Lábio Make Up Beauty ( https://www.americanas.com.br/produto/87889017?pfm_carac=L%C3%A1bios&pfm_index=10&pfm_page=category&pfm_pos=grid&pfm_type=vit_product_grid&sellerId )  cont: 35
(13:08:01) Produto nao existe
(13:08:01) Codigo Produto:1077355
(13:08:01) Preço Produto: Venda: 52,00 ( 0 x 0,00 ) Id PrecoProduto: 0
(13:08:01) Não existe preço
(13:08:01) Produto: Senhora Rosa 12 Cores Brilho Labial Brilho Líquido Batom Fosco À Prova D água Lipgloss Metálico ( https://www.americanas.com.br/produto/87888987?pfm_carac=L%C3%A1bios&pfm_index=11&pfm_page=category&pfm_pos=grid&pfm_type=vit_product_grid&sellerId )  cont: 36
(13:08:02) Produto nao existe
(13:08:02) Codigo Produto:1077356
(13:08:02) Preço Produto: Venda: 53,10 ( 0 x 0,00 ) Id PrecoProduto: 0
(13:08:02) Não existe preço
(13:08:02) Produto: Batom De Longa Duração Portátil Double-end Impermeável Forro Do Bordo Vara ( https://www.americanas.com.br/produto/87977526?pfm_carac=L%C3%A1bios&pfm_index=12&pfm_page=category&pfm_pos=grid&pfm_type=vit_product_grid&sellerId )  cont: 37
(13:08:03) Produto nao existe
(13:08:03) Codigo Produto:1077357
(13:08:03) Preço Produto: Venda: 54,42 ( 0 x 0,00 ) Id PrecoProduto: 0
(13:08:03) Não existe preço
(13:08:03) Produto: Maange 15 Pcs Cosméticos Escovas Em Pó Fundação Olho Sombra Blush Lábios Misturando Make Up Es ( https://www.americanas.com.br/produto/87925070?pfm_carac=L%C3%A1bios&pfm_index=13&pfm_page=category&pfm_pos=grid&pfm_type=vit_product_grid&sellerId )  cont: 38
(13:08:04) Produto nao existe
(13:08:04) Codigo Produto:1077358
(13:08:04) Preço Produto: Venda: 63,35 ( 0 x 0,00 ) Id PrecoProduto: 0
(13:08:04) Não existe preço
(13:08:04) Produto: Batom Macio De Cetim De Longa Duração Batom Hidratante Fosco 3.8g ( https://www.americanas.com.br/produto/87910846?pfm_carac=L%C3%A1bios&pfm_index=14&pfm_page=category&pfm_pos=grid&pfm_type=vit_product_grid&sellerId )  cont: 39
(13:08:05) Produto nao existe
(13:08:05) Codigo Produto:1077359
(13:08:05) Preço Produto: Venda: 51,78 ( 0 x 0,00 ) Id PrecoProduto: 0
(13:08:05) Não existe preço
(13:08:05) Produto: Tracta - Batom Hd Marsala Matte 62 ( https://www.americanas.com.br/produto/87885679?pfm_carac=L%C3%A1bios&pfm_index=15&pfm_page=category&pfm_pos=grid&pfm_type=vit_product_grid&sellerId )  cont: 40
(13:08:06) Produto existe (id:1061147)
(13:08:06) Preço Produto: Venda: 15,93 ( 0 x 0,00 ) Id PrecoProduto: 0
(13:08:06) Preçco mais recente: Venda: 15,93 ( 0 x 0,00 ) Id PrecoProduto: 6061521
(13:08:06) Mesmo preço
(13:08:06) Produto: Vult Make Up - Batom Matte N° 19 ( https://www.americanas.com.br/produto/87880485?pfm_carac=L%C3%A1bios&pfm_index=16&pfm_page=category&pfm_pos=grid&pfm_type=vit_product_grid&sellerId )  cont: 41
(13:08:07) Produto nao existe
(13:08:07) Codigo Produto:1077360
(13:08:07) Preço Produto: Venda: 11,70 ( 0 x 0,00 ) Id PrecoProduto: 0
(13:08:07) Não existe preço
(13:08:07) Produto: Vult Make Up - Batom Matte N° 14 ( https://www.americanas.com.br/produto/87886478?pfm_carac=L%C3%A1bios&pfm_index=17&pfm_page=category&pfm_pos=grid&pfm_type=vit_product_grid&sellerId )  cont: 42
